

<!DOCTYPE html>
<html>
<head>
<meta charset="utf-8">
<meta name="viewport" content="width=device-width, initial-scale=1, shrink-to-fit=no">
<title>Extent</title>
<link rel="apple-touch-icon" href="https://cdn.jsdelivr.net/gh/extent-framework/extent-github-cdn@b00a2d0486596e73dd7326beacf352c639623a0e/commons/img/logo.png">
<link rel="shortcut icon" href="https://cdn.jsdelivr.net/gh/extent-framework/extent-github-cdn@b00a2d0486596e73dd7326beacf352c639623a0e/commons/img/logo.png">
<link href="https://cdn.jsdelivr.net/gh/extent-framework/extent-github-cdn@c43b89d03a7c43dae8bb8f0f078bad1997af6b3b/spark/css/spark-style.css" rel="stylesheet" />
<link href="https://stackpath.bootstrapcdn.com/font-awesome/4.7.0/css/font-awesome.min.css" rel="stylesheet">
<script src="https://cdn.rawgit.com/extent-framework/extent-github-cdn/7cc78ce/spark/js/jsontree.js"></script>
<style type="text/css"></style></head><body class="spa bdd-report dark">
  <div class="app">
    <div class="layout">
<div class="header navbar">
<div class="vheader">
<div class="nav-logo">
<a href="#">
<div class="logo" style="background-image: url('https://cdn.jsdelivr.net/gh/extent-framework/extent-github-cdn@b00a2d0486596e73dd7326beacf352c639623a0e/commons/img/logo.png')"></div>
</a>
</div>
<ul class="nav-left">
<li class="search-box">
<a class="search-toggle" href="#">
<i class="search-icon fa fa-search"></i>
<i class="search-icon-close fa fa-close"></i>
</a>
</li>
<li class="search-input"><input id="search-tests" class="form-control" type="text" placeholder="Search..."></li>
</ul>
<ul class="nav-right">
<li class="m-r-10">
<a href="#"><span class="badge badge-primary">Grasshopper Report</span></a>
</li>
<li class="m-r-10">
<a href="#"><span class="badge badge-primary">Jun 15, 2022 05:36:52 PM</span></a>
</li>
</ul>
</div>
</div><div class="side-nav">
<div class="side-nav-inner">
<ul class="side-nav-menu">
<li class="nav-item dropdown" onclick="toggleView('dashboard-view')">
<a id="nav-dashboard" class="dropdown-toggle" href="#">
<span class="ico"><i class="fa fa-bar-chart"></i></span>
</a>
</li>
<li class="nav-item dropdown" onclick="toggleView('test-view')">
<a id="nav-test" class="dropdown-toggle" href="#">
<span class="ico"><i class="fa fa-list"></i></span>
</a>
</li>
<li class="nav-item dropdown" onclick="toggleView('exception-view')">
<a id="nav-exception" class="dropdown-toggle" href="#">
<span class="ico"><i class="fa fa-bug"></i></span>
</a>
</li>
</ul>
</div>
</div>      <div class="vcontainer">
        <div class="main-content">
<div class="container-fluid p-4 view dashboard-view">
<div class="row">
<div class="col-md-3">
<div class="card"><div class="card-body">
<p class="m-b-0">Started</p>
<h3>Jun 15, 2022 05:36:52 PM</h3>
</div></div>
</div>
<div class="col-md-3">
<div class="card"><div class="card-body">
<p class="m-b-0">Ended</p>
<h3>Jun 15, 2022 05:38:26 PM</h3>
</div></div>
</div>
<div class="col-md-3">
<div class="card"><div class="card-body">
<p class="m-b-0 text-pass">Features Passed</p>
<h3>0</h3>
</div></div>
</div>
<div class="col-md-3">
<div class="card"><div class="card-body">
<p class="m-b-0 text-fail">Features Failed</p>
<h3>6</h3>
</div></div>
</div>
</div>
<div class="row">
<div class="col-md-4">
<div class="card">
<div class="card-header">
<h6 class="card-title">Features</h6>
</div>
<div class="card-body">
<div class="">
<canvas id='parent-analysis' width='115' height='90'></canvas>
</div>
</div>
<div class="card-footer">
<div><small data-tooltip='0%'>
<b>0</b> features passed
</small>
</div>
<div>
<small data-tooltip='100%'><b>6</b> features failed,
<b>0</b> skipped, <b data-tooltip='0%'>0</b> others
</small>
</div>
</div>
</div>
</div>
<div class="col-md-4">
<div class="card">
<div class="card-header">
<h6 class="card-title">Scenarios</h6>
</div>
<div class="card-body">
<div class="">
<canvas id='child-analysis' width='115' height='90'></canvas>
</div>
</div>
<div class="card-footer">
<div><small data-tooltip='0%'><b>0</b> scenarios passed</small></div>
<div>
<small data-tooltip='100%'><b>66</b> scenarios failed,
<b>0</b> skipped, <b data-tooltip='%'>0</b> others
</small>
</div>
</div>
</div>
</div>
<div class="col-md-4">
<div class="card">
<div class="card-header">
<h6 class="card-title">Steps</h6>
</div>
<div class="card-body">
<div class="">
<canvas id='grandchild-analysis' width='115' height='90'></canvas>
</div>
</div>
<div class="card-footer">
<div><small data-tooltip='38%'><b>120</b> steps passed</small></div>
<div>
<small data-tooltip='21%'><b>66</b> steps failed,
<b>123</b> skipped, <b data-tooltip='%'>0</b> others
</small>
</div>
</div>
</div>
</div>
</div>
<div class="row"><div class="col-md-12">
<div class="card"><div class="card-header"><p>Timeline</p></div>
<div class="card-body pt-0"><div>
<canvas id="timeline" height="120"></canvas>
</div></div>
</div>
</div></div>
<script>
var timeline = {
"Home page of the Application":19.191,"Links of the Home page":11.718,"Register page of the application":16.918,"Register form2 of the Application":19.635,"Sign in form1 Of the Application":11.654,"sign in form Option2":14.222
};
</script>
<div class="row">
<div class="col-md-4 sysenv-container">
<div class="card">
<div class="card-header"><p>System/Environment</p></div>
<div class="card-body pb-0 pt-0"><table class="table table-sm table-bordered">
<thead><tr class="bg-gray"><th>Name</th><th>Value</th></tr></thead>
<tbody>
<tr>
<td>AppName</td>
<td>AutomationPractice</td>
</tr>
<tr>
<td>user</td>
<td>Shwetha Mohan</td>
</tr>
<tr>
<td>build</td>
<td>1.1</td>
</tr>
<tr>
<td>os</td>
<td>Mac</td>
</tr>
</tbody>
</table></div>
</div>
</div>
</div>
</div>
<script>
var statusGroup = {
parentCount: 5,
passParent: 0,
failParent: 6,
warningParent: 0,
skipParent: 0,
childCount: 5,
passChild: 0,
failChild: 66,
warningChild: 0,
skipChild: 0,
infoChild: 0,
grandChildCount: 5,
passGrandChild: 120,
failGrandChild: 66,
warningGrandChild: 0,
skipGrandChild: 123,
infoGrandChild: 0,
eventsCount: 5,
};
</script><div class="test-wrapper row view test-view">
  <div class="test-list">
    <div class="test-list-tools">
<ul class="tools pull-left">
<li><a href="#"><span class="font-size-14">Tests</span></a></li>
</ul>
<ul class="tools text-right">
<li class="dropdown">
<a href="#" class="dropdown-toggle" data-toggle="dropdown"><i class="fa fa-exclamation-circle"></i></a>
<ul id="status-toggle" class="dropdown-menu dropdown-md p-v-0">
<a class="dropdown-item" status="fail" href="#"><span>Fail</span><span class="status danger"></span></a>
<div class="dropdown-divider"></div>
<a status="clear" class="dropdown-item" href="#"><span>Clear</span><span class="pull-right"><i class="fa fa-close"></i></span></a>
</ul>
</li>
</ul>
</div>    <div class="test-list-wrapper scrollable">
      <ul class="test-list-item">
        <li class="test-item"  status="fail" test-id="1"
          author=""
          tag=""
          device="">
          <div class="test-detail">
            <p class="name">Home page of the Application</p>
            <p class="text-sm">
              <span>17:36:53 PM</span> / <span>00:00:19:191</span>
              <span class="badge fail-bg log float-right">Fail</span>
            </p>
          </div>
          <div class="test-contents d-none">
<div class="detail-head">
<div class="p-v-10">
<div class="info">
<h5 class="test-status text-fail">Home page of the Application</h5>
<span class='badge badge-success'>06.15.2022 17:36:53</span>
<span class='badge badge-danger'>06.15.2022 17:37:12</span>
<span class='badge badge-default'>00:00:19:191</span>
&middot; <span class='uri-anchor badge badge-default'>#test-id=1</span>
</div>
<div class="m-t-10 m-l-5"></div>
</div>
</div>
<div class="accordion mt-4">
  <div class="card">
    <div class="card-header" role="tab">
      <div class="card-title">
        <div class="node" id="2"><span class="badge log fail-bg mr-2">Fail</span>Validating the title of the Home page</div>
          <div class="status-avatar float-right mr-4">
            <i class="fa fa-paperclip"></i>
          </div>
      </div>
    </div>
        <div class="">
          <div class="card-body">
              <div class="step pass-bg" title="stepdefinations.HomePageSteps.user_is_on_the_browser()">
                <span>Given User is on the browser</span>
      <div>
      </div>
              </div>
              <div class="step fail-bg" title="stepdefinations.HomePageSteps.user_open_the_dietician_website()">
                <span>When User open the Dietician Website</span>
      <div>
        <textarea disabled class="code-block">org.openqa.selenium.InvalidArgumentException: invalid argument
  (Session info: chrome=102.0.5005.115)
Build info: version: '3.141.59', revision: 'e82be7d358', time: '2018-11-14T08:17:03'
System info: host: 'Shwethas-MacBook-Pro.local', ip: '2601:647:4100:cc20:5969:f579:cca0:9fb7%en0', os.name: 'Mac OS X', os.arch: 'x86_64', os.version: '10.15.7', java.version: '12.0.2'
Driver info: org.openqa.selenium.chrome.ChromeDriver
Capabilities {acceptInsecureCerts: false, browserName: chrome, browserVersion: 102.0.5005.115, chrome: {chromedriverVersion: 102.0.5005.61 (0e59bcc00cc4..., userDataDir: /var/folders/8y/rcqlwqj12nd...}, goog:chromeOptions: {debuggerAddress: localhost:61821}, javascriptEnabled: true, networkConnectionEnabled: false, pageLoadStrategy: normal, platform: MAC, platformName: MAC, proxy: Proxy(), setWindowRect: true, strictFileInteractability: false, timeouts: {implicit: 0, pageLoad: 300000, script: 30000}, unhandledPromptBehavior: dismiss and notify, webauthn:extension:credBlob: true, webauthn:extension:largeBlob: true, webauthn:virtualAuthenticators: true}
Session ID: 8a34b2a151201b95189f5c03778d81e3
	at java.base/jdk.internal.reflect.NativeConstructorAccessorImpl.newInstance0(Native Method)
	at java.base/jdk.internal.reflect.NativeConstructorAccessorImpl.newInstance(NativeConstructorAccessorImpl.java:62)
	at java.base/jdk.internal.reflect.DelegatingConstructorAccessorImpl.newInstance(DelegatingConstructorAccessorImpl.java:45)
	at java.base/java.lang.reflect.Constructor.newInstanceWithCaller(Constructor.java:500)
	at java.base/java.lang.reflect.Constructor.newInstance(Constructor.java:481)
	at org.openqa.selenium.remote.http.W3CHttpResponseCodec.createException(W3CHttpResponseCodec.java:187)
	at org.openqa.selenium.remote.http.W3CHttpResponseCodec.decode(W3CHttpResponseCodec.java:122)
	at org.openqa.selenium.remote.http.W3CHttpResponseCodec.decode(W3CHttpResponseCodec.java:49)
	at org.openqa.selenium.remote.HttpCommandExecutor.execute(HttpCommandExecutor.java:158)
	at org.openqa.selenium.remote.service.DriverCommandExecutor.execute(DriverCommandExecutor.java:83)
	at org.openqa.selenium.remote.RemoteWebDriver.execute(RemoteWebDriver.java:552)
	at org.openqa.selenium.remote.RemoteWebDriver.get(RemoteWebDriver.java:277)
	at stepdefinations.HomePageSteps.user_open_the_dietician_website(HomePageSteps.java:29)
	at ✽.User open the Dietician Website(file:///Users/shwethamohanpulle/Documents/Projects/CucumberBDDFramework/src/test/resources/AppFeatures/HomePage.feature:5)
</textarea>
      
      </div>
              </div>
              <div class="step skip-bg" title="stepdefinations.HomePageSteps.user_should_see_the_title_of_the_home_page_as(java.lang.String)">
                <span>Then User should see the title of the home page as "Home"</span>
      <div>Step skipped
      </div>
              </div>
              <div class="step pass-bg" title="AFTER">
                <span>Hooks.ApplicationHooks.tearDown(io.cucumber.java.Scenario)</span>
      <div>Validating_the_title_of_the_Home_page
          <div class="row mb-3"><div class="col-md-3">
    <img data-featherlight='../embedded1.png' src="../embedded1.png">
    
    </div></div>
</div>
      <div>
      </div>
              </div>
          </div>
        </div>
  </div>
  <div class="card">
    <div class="card-header" role="tab">
      <div class="card-title">
        <div class="node" id="10"><span class="badge log fail-bg mr-2">Fail</span>Validating the Logo on the Home page</div>
          <div class="status-avatar float-right mr-4">
            <i class="fa fa-paperclip"></i>
          </div>
      </div>
    </div>
        <div class="">
          <div class="card-body">
              <div class="step pass-bg" title="stepdefinations.HomePageSteps.user_is_on_the_browser()">
                <span>Given User is on the browser</span>
      <div>
      </div>
              </div>
              <div class="step fail-bg" title="stepdefinations.HomePageSteps.user_open_the_dietician_website()">
                <span>When User open the Dietician Website</span>
      <div>
        <textarea disabled class="code-block">org.openqa.selenium.InvalidArgumentException: invalid argument
  (Session info: chrome=102.0.5005.115)
Build info: version: '3.141.59', revision: 'e82be7d358', time: '2018-11-14T08:17:03'
System info: host: 'Shwethas-MacBook-Pro.local', ip: '2601:647:4100:cc20:5969:f579:cca0:9fb7%en0', os.name: 'Mac OS X', os.arch: 'x86_64', os.version: '10.15.7', java.version: '12.0.2'
Driver info: org.openqa.selenium.chrome.ChromeDriver
Capabilities {acceptInsecureCerts: false, browserName: chrome, browserVersion: 102.0.5005.115, chrome: {chromedriverVersion: 102.0.5005.61 (0e59bcc00cc4..., userDataDir: /var/folders/8y/rcqlwqj12nd...}, goog:chromeOptions: {debuggerAddress: localhost:61834}, javascriptEnabled: true, networkConnectionEnabled: false, pageLoadStrategy: normal, platform: MAC, platformName: MAC, proxy: Proxy(), setWindowRect: true, strictFileInteractability: false, timeouts: {implicit: 0, pageLoad: 300000, script: 30000}, unhandledPromptBehavior: dismiss and notify, webauthn:extension:credBlob: true, webauthn:extension:largeBlob: true, webauthn:virtualAuthenticators: true}
Session ID: 36e0f1e663a0062c0f99f066031510e1
	at java.base/jdk.internal.reflect.NativeConstructorAccessorImpl.newInstance0(Native Method)
	at java.base/jdk.internal.reflect.NativeConstructorAccessorImpl.newInstance(NativeConstructorAccessorImpl.java:62)
	at java.base/jdk.internal.reflect.DelegatingConstructorAccessorImpl.newInstance(DelegatingConstructorAccessorImpl.java:45)
	at java.base/java.lang.reflect.Constructor.newInstanceWithCaller(Constructor.java:500)
	at java.base/java.lang.reflect.Constructor.newInstance(Constructor.java:481)
	at org.openqa.selenium.remote.http.W3CHttpResponseCodec.createException(W3CHttpResponseCodec.java:187)
	at org.openqa.selenium.remote.http.W3CHttpResponseCodec.decode(W3CHttpResponseCodec.java:122)
	at org.openqa.selenium.remote.http.W3CHttpResponseCodec.decode(W3CHttpResponseCodec.java:49)
	at org.openqa.selenium.remote.HttpCommandExecutor.execute(HttpCommandExecutor.java:158)
	at org.openqa.selenium.remote.service.DriverCommandExecutor.execute(DriverCommandExecutor.java:83)
	at org.openqa.selenium.remote.RemoteWebDriver.execute(RemoteWebDriver.java:552)
	at org.openqa.selenium.remote.RemoteWebDriver.get(RemoteWebDriver.java:277)
	at stepdefinations.HomePageSteps.user_open_the_dietician_website(HomePageSteps.java:29)
	at ✽.User open the Dietician Website(file:///Users/shwethamohanpulle/Documents/Projects/CucumberBDDFramework/src/test/resources/AppFeatures/HomePage.feature:5)
</textarea>
      
      </div>
              </div>
              <div class="step skip-bg" title="stepdefinations.HomePageSteps.user_should_see_the_logo_image_with_company_name()">
                <span>Then User should see the Logo image with Company Name</span>
      <div>Step skipped
      </div>
              </div>
              <div class="step pass-bg" title="AFTER">
                <span>Hooks.ApplicationHooks.tearDown(io.cucumber.java.Scenario)</span>
      <div>Validating_the_Logo_on_the_Home_page
          <div class="row mb-3"><div class="col-md-3">
    <img data-featherlight='../embedded2.png' src="../embedded2.png">
    
    </div></div>
</div>
      <div>
      </div>
              </div>
          </div>
        </div>
  </div>
  <div class="card">
    <div class="card-header" role="tab">
      <div class="card-title">
        <div class="node" id="18"><span class="badge log fail-bg mr-2">Fail</span>Validating the tab PRODUCT visibility</div>
          <div class="status-avatar float-right mr-4">
            <i class="fa fa-paperclip"></i>
          </div>
      </div>
    </div>
        <div class="">
          <div class="card-body">
              <div class="step pass-bg" title="stepdefinations.HomePageSteps.user_is_on_the_browser()">
                <span>Given User is on the browser</span>
      <div>
      </div>
              </div>
              <div class="step fail-bg" title="stepdefinations.HomePageSteps.user_open_the_dietician_website()">
                <span>When User open the Dietician Website</span>
      <div>
        <textarea disabled class="code-block">org.openqa.selenium.InvalidArgumentException: invalid argument
  (Session info: chrome=102.0.5005.115)
Build info: version: '3.141.59', revision: 'e82be7d358', time: '2018-11-14T08:17:03'
System info: host: 'Shwethas-MacBook-Pro.local', ip: '2601:647:4100:cc20:5969:f579:cca0:9fb7%en0', os.name: 'Mac OS X', os.arch: 'x86_64', os.version: '10.15.7', java.version: '12.0.2'
Driver info: org.openqa.selenium.chrome.ChromeDriver
Capabilities {acceptInsecureCerts: false, browserName: chrome, browserVersion: 102.0.5005.115, chrome: {chromedriverVersion: 102.0.5005.61 (0e59bcc00cc4..., userDataDir: /var/folders/8y/rcqlwqj12nd...}, goog:chromeOptions: {debuggerAddress: localhost:61846}, javascriptEnabled: true, networkConnectionEnabled: false, pageLoadStrategy: normal, platform: MAC, platformName: MAC, proxy: Proxy(), setWindowRect: true, strictFileInteractability: false, timeouts: {implicit: 0, pageLoad: 300000, script: 30000}, unhandledPromptBehavior: dismiss and notify, webauthn:extension:credBlob: true, webauthn:extension:largeBlob: true, webauthn:virtualAuthenticators: true}
Session ID: 58d37eacc3813f601a123e6c9df3003e
	at java.base/jdk.internal.reflect.NativeConstructorAccessorImpl.newInstance0(Native Method)
	at java.base/jdk.internal.reflect.NativeConstructorAccessorImpl.newInstance(NativeConstructorAccessorImpl.java:62)
	at java.base/jdk.internal.reflect.DelegatingConstructorAccessorImpl.newInstance(DelegatingConstructorAccessorImpl.java:45)
	at java.base/java.lang.reflect.Constructor.newInstanceWithCaller(Constructor.java:500)
	at java.base/java.lang.reflect.Constructor.newInstance(Constructor.java:481)
	at org.openqa.selenium.remote.http.W3CHttpResponseCodec.createException(W3CHttpResponseCodec.java:187)
	at org.openqa.selenium.remote.http.W3CHttpResponseCodec.decode(W3CHttpResponseCodec.java:122)
	at org.openqa.selenium.remote.http.W3CHttpResponseCodec.decode(W3CHttpResponseCodec.java:49)
	at org.openqa.selenium.remote.HttpCommandExecutor.execute(HttpCommandExecutor.java:158)
	at org.openqa.selenium.remote.service.DriverCommandExecutor.execute(DriverCommandExecutor.java:83)
	at org.openqa.selenium.remote.RemoteWebDriver.execute(RemoteWebDriver.java:552)
	at org.openqa.selenium.remote.RemoteWebDriver.get(RemoteWebDriver.java:277)
	at stepdefinations.HomePageSteps.user_open_the_dietician_website(HomePageSteps.java:29)
	at ✽.User open the Dietician Website(file:///Users/shwethamohanpulle/Documents/Projects/CucumberBDDFramework/src/test/resources/AppFeatures/HomePage.feature:5)
</textarea>
      
      </div>
              </div>
              <div class="step skip-bg" title="stepdefinations.HomePageSteps.user_should_see_a_tab_with_text(java.lang.String)">
                <span>Then User should see a tab with text "PRODUCT"</span>
      <div>Step skipped
      </div>
              </div>
              <div class="step pass-bg" title="AFTER">
                <span>Hooks.ApplicationHooks.tearDown(io.cucumber.java.Scenario)</span>
      <div>Validating_the_tab_PRODUCT_visibility
          <div class="row mb-3"><div class="col-md-3">
    <img data-featherlight='../embedded3.png' src="../embedded3.png">
    
    </div></div>
</div>
      <div>
      </div>
              </div>
          </div>
        </div>
  </div>
  <div class="card">
    <div class="card-header" role="tab">
      <div class="card-title">
        <div class="node" id="26"><span class="badge log fail-bg mr-2">Fail</span>Validating the tab CLIENTS visibility</div>
          <div class="status-avatar float-right mr-4">
            <i class="fa fa-paperclip"></i>
          </div>
      </div>
    </div>
        <div class="">
          <div class="card-body">
              <div class="step pass-bg" title="stepdefinations.HomePageSteps.user_is_on_the_browser()">
                <span>Given User is on the browser</span>
      <div>
      </div>
              </div>
              <div class="step fail-bg" title="stepdefinations.HomePageSteps.user_open_the_dietician_website()">
                <span>When User open the Dietician Website</span>
      <div>
        <textarea disabled class="code-block">org.openqa.selenium.InvalidArgumentException: invalid argument
  (Session info: chrome=102.0.5005.115)
Build info: version: '3.141.59', revision: 'e82be7d358', time: '2018-11-14T08:17:03'
System info: host: 'Shwethas-MacBook-Pro.local', ip: '2601:647:4100:cc20:5969:f579:cca0:9fb7%en0', os.name: 'Mac OS X', os.arch: 'x86_64', os.version: '10.15.7', java.version: '12.0.2'
Driver info: org.openqa.selenium.chrome.ChromeDriver
Capabilities {acceptInsecureCerts: false, browserName: chrome, browserVersion: 102.0.5005.115, chrome: {chromedriverVersion: 102.0.5005.61 (0e59bcc00cc4..., userDataDir: /var/folders/8y/rcqlwqj12nd...}, goog:chromeOptions: {debuggerAddress: localhost:61859}, javascriptEnabled: true, networkConnectionEnabled: false, pageLoadStrategy: normal, platform: MAC, platformName: MAC, proxy: Proxy(), setWindowRect: true, strictFileInteractability: false, timeouts: {implicit: 0, pageLoad: 300000, script: 30000}, unhandledPromptBehavior: dismiss and notify, webauthn:extension:credBlob: true, webauthn:extension:largeBlob: true, webauthn:virtualAuthenticators: true}
Session ID: 15378662d09598ea40b5f7eb37cb564e
	at java.base/jdk.internal.reflect.NativeConstructorAccessorImpl.newInstance0(Native Method)
	at java.base/jdk.internal.reflect.NativeConstructorAccessorImpl.newInstance(NativeConstructorAccessorImpl.java:62)
	at java.base/jdk.internal.reflect.DelegatingConstructorAccessorImpl.newInstance(DelegatingConstructorAccessorImpl.java:45)
	at java.base/java.lang.reflect.Constructor.newInstanceWithCaller(Constructor.java:500)
	at java.base/java.lang.reflect.Constructor.newInstance(Constructor.java:481)
	at org.openqa.selenium.remote.http.W3CHttpResponseCodec.createException(W3CHttpResponseCodec.java:187)
	at org.openqa.selenium.remote.http.W3CHttpResponseCodec.decode(W3CHttpResponseCodec.java:122)
	at org.openqa.selenium.remote.http.W3CHttpResponseCodec.decode(W3CHttpResponseCodec.java:49)
	at org.openqa.selenium.remote.HttpCommandExecutor.execute(HttpCommandExecutor.java:158)
	at org.openqa.selenium.remote.service.DriverCommandExecutor.execute(DriverCommandExecutor.java:83)
	at org.openqa.selenium.remote.RemoteWebDriver.execute(RemoteWebDriver.java:552)
	at org.openqa.selenium.remote.RemoteWebDriver.get(RemoteWebDriver.java:277)
	at stepdefinations.HomePageSteps.user_open_the_dietician_website(HomePageSteps.java:29)
	at ✽.User open the Dietician Website(file:///Users/shwethamohanpulle/Documents/Projects/CucumberBDDFramework/src/test/resources/AppFeatures/HomePage.feature:5)
</textarea>
      
      </div>
              </div>
              <div class="step skip-bg" title="stepdefinations.HomePageSteps.user_should_see_a_tab_with_text(java.lang.String)">
                <span>Then User should see a tab with text "CLIENTS"</span>
      <div>Step skipped
      </div>
              </div>
              <div class="step pass-bg" title="AFTER">
                <span>Hooks.ApplicationHooks.tearDown(io.cucumber.java.Scenario)</span>
      <div>Validating_the_tab_CLIENTS_visibility
          <div class="row mb-3"><div class="col-md-3">
    <img data-featherlight='../embedded4.png' src="../embedded4.png">
    
    </div></div>
</div>
      <div>
      </div>
              </div>
          </div>
        </div>
  </div>
  <div class="card">
    <div class="card-header" role="tab">
      <div class="card-title">
        <div class="node" id="34"><span class="badge log fail-bg mr-2">Fail</span>Validating the tab TEAM visibility</div>
          <div class="status-avatar float-right mr-4">
            <i class="fa fa-paperclip"></i>
          </div>
      </div>
    </div>
        <div class="">
          <div class="card-body">
              <div class="step pass-bg" title="stepdefinations.HomePageSteps.user_is_on_the_browser()">
                <span>Given User is on the browser</span>
      <div>
      </div>
              </div>
              <div class="step fail-bg" title="stepdefinations.HomePageSteps.user_open_the_dietician_website()">
                <span>When User open the Dietician Website</span>
      <div>
        <textarea disabled class="code-block">org.openqa.selenium.InvalidArgumentException: invalid argument
  (Session info: chrome=102.0.5005.115)
Build info: version: '3.141.59', revision: 'e82be7d358', time: '2018-11-14T08:17:03'
System info: host: 'Shwethas-MacBook-Pro.local', ip: '2601:647:4100:cc20:5969:f579:cca0:9fb7%en0', os.name: 'Mac OS X', os.arch: 'x86_64', os.version: '10.15.7', java.version: '12.0.2'
Driver info: org.openqa.selenium.chrome.ChromeDriver
Capabilities {acceptInsecureCerts: false, browserName: chrome, browserVersion: 102.0.5005.115, chrome: {chromedriverVersion: 102.0.5005.61 (0e59bcc00cc4..., userDataDir: /var/folders/8y/rcqlwqj12nd...}, goog:chromeOptions: {debuggerAddress: localhost:61871}, javascriptEnabled: true, networkConnectionEnabled: false, pageLoadStrategy: normal, platform: MAC, platformName: MAC, proxy: Proxy(), setWindowRect: true, strictFileInteractability: false, timeouts: {implicit: 0, pageLoad: 300000, script: 30000}, unhandledPromptBehavior: dismiss and notify, webauthn:extension:credBlob: true, webauthn:extension:largeBlob: true, webauthn:virtualAuthenticators: true}
Session ID: 4f59129cb05673b0bc603f1ed2237907
	at java.base/jdk.internal.reflect.NativeConstructorAccessorImpl.newInstance0(Native Method)
	at java.base/jdk.internal.reflect.NativeConstructorAccessorImpl.newInstance(NativeConstructorAccessorImpl.java:62)
	at java.base/jdk.internal.reflect.DelegatingConstructorAccessorImpl.newInstance(DelegatingConstructorAccessorImpl.java:45)
	at java.base/java.lang.reflect.Constructor.newInstanceWithCaller(Constructor.java:500)
	at java.base/java.lang.reflect.Constructor.newInstance(Constructor.java:481)
	at org.openqa.selenium.remote.http.W3CHttpResponseCodec.createException(W3CHttpResponseCodec.java:187)
	at org.openqa.selenium.remote.http.W3CHttpResponseCodec.decode(W3CHttpResponseCodec.java:122)
	at org.openqa.selenium.remote.http.W3CHttpResponseCodec.decode(W3CHttpResponseCodec.java:49)
	at org.openqa.selenium.remote.HttpCommandExecutor.execute(HttpCommandExecutor.java:158)
	at org.openqa.selenium.remote.service.DriverCommandExecutor.execute(DriverCommandExecutor.java:83)
	at org.openqa.selenium.remote.RemoteWebDriver.execute(RemoteWebDriver.java:552)
	at org.openqa.selenium.remote.RemoteWebDriver.get(RemoteWebDriver.java:277)
	at stepdefinations.HomePageSteps.user_open_the_dietician_website(HomePageSteps.java:29)
	at ✽.User open the Dietician Website(file:///Users/shwethamohanpulle/Documents/Projects/CucumberBDDFramework/src/test/resources/AppFeatures/HomePage.feature:5)
</textarea>
      
      </div>
              </div>
              <div class="step skip-bg" title="stepdefinations.HomePageSteps.user_should_see_a_tab_with_text(java.lang.String)">
                <span>Then User should see a tab with text "TEAM"</span>
      <div>Step skipped
      </div>
              </div>
              <div class="step pass-bg" title="AFTER">
                <span>Hooks.ApplicationHooks.tearDown(io.cucumber.java.Scenario)</span>
      <div>Validating_the_tab_TEAM_visibility
          <div class="row mb-3"><div class="col-md-3">
    <img data-featherlight='../embedded5.png' src="../embedded5.png">
    
    </div></div>
</div>
      <div>
      </div>
              </div>
          </div>
        </div>
  </div>
  <div class="card">
    <div class="card-header" role="tab">
      <div class="card-title">
        <div class="node" id="42"><span class="badge log fail-bg mr-2">Fail</span>Validating the tab REGISTER visibility</div>
          <div class="status-avatar float-right mr-4">
            <i class="fa fa-paperclip"></i>
          </div>
      </div>
    </div>
        <div class="">
          <div class="card-body">
              <div class="step pass-bg" title="stepdefinations.HomePageSteps.user_is_on_the_browser()">
                <span>Given User is on the browser</span>
      <div>
      </div>
              </div>
              <div class="step fail-bg" title="stepdefinations.HomePageSteps.user_open_the_dietician_website()">
                <span>When User open the Dietician Website</span>
      <div>
        <textarea disabled class="code-block">org.openqa.selenium.InvalidArgumentException: invalid argument
  (Session info: chrome=102.0.5005.115)
Build info: version: '3.141.59', revision: 'e82be7d358', time: '2018-11-14T08:17:03'
System info: host: 'Shwethas-MacBook-Pro.local', ip: '2601:647:4100:cc20:5969:f579:cca0:9fb7%en0', os.name: 'Mac OS X', os.arch: 'x86_64', os.version: '10.15.7', java.version: '12.0.2'
Driver info: org.openqa.selenium.chrome.ChromeDriver
Capabilities {acceptInsecureCerts: false, browserName: chrome, browserVersion: 102.0.5005.115, chrome: {chromedriverVersion: 102.0.5005.61 (0e59bcc00cc4..., userDataDir: /var/folders/8y/rcqlwqj12nd...}, goog:chromeOptions: {debuggerAddress: localhost:61883}, javascriptEnabled: true, networkConnectionEnabled: false, pageLoadStrategy: normal, platform: MAC, platformName: MAC, proxy: Proxy(), setWindowRect: true, strictFileInteractability: false, timeouts: {implicit: 0, pageLoad: 300000, script: 30000}, unhandledPromptBehavior: dismiss and notify, webauthn:extension:credBlob: true, webauthn:extension:largeBlob: true, webauthn:virtualAuthenticators: true}
Session ID: 2fc006391c266874a0c86c0eccf015f2
	at java.base/jdk.internal.reflect.NativeConstructorAccessorImpl.newInstance0(Native Method)
	at java.base/jdk.internal.reflect.NativeConstructorAccessorImpl.newInstance(NativeConstructorAccessorImpl.java:62)
	at java.base/jdk.internal.reflect.DelegatingConstructorAccessorImpl.newInstance(DelegatingConstructorAccessorImpl.java:45)
	at java.base/java.lang.reflect.Constructor.newInstanceWithCaller(Constructor.java:500)
	at java.base/java.lang.reflect.Constructor.newInstance(Constructor.java:481)
	at org.openqa.selenium.remote.http.W3CHttpResponseCodec.createException(W3CHttpResponseCodec.java:187)
	at org.openqa.selenium.remote.http.W3CHttpResponseCodec.decode(W3CHttpResponseCodec.java:122)
	at org.openqa.selenium.remote.http.W3CHttpResponseCodec.decode(W3CHttpResponseCodec.java:49)
	at org.openqa.selenium.remote.HttpCommandExecutor.execute(HttpCommandExecutor.java:158)
	at org.openqa.selenium.remote.service.DriverCommandExecutor.execute(DriverCommandExecutor.java:83)
	at org.openqa.selenium.remote.RemoteWebDriver.execute(RemoteWebDriver.java:552)
	at org.openqa.selenium.remote.RemoteWebDriver.get(RemoteWebDriver.java:277)
	at stepdefinations.HomePageSteps.user_open_the_dietician_website(HomePageSteps.java:29)
	at ✽.User open the Dietician Website(file:///Users/shwethamohanpulle/Documents/Projects/CucumberBDDFramework/src/test/resources/AppFeatures/HomePage.feature:5)
</textarea>
      
      </div>
              </div>
              <div class="step skip-bg" title="stepdefinations.HomePageSteps.user_should_see_a_tab_with_text(java.lang.String)">
                <span>Then User should see a tab with text "REGISTER"</span>
      <div>Step skipped
      </div>
              </div>
              <div class="step pass-bg" title="AFTER">
                <span>Hooks.ApplicationHooks.tearDown(io.cucumber.java.Scenario)</span>
      <div>Validating_the_tab_REGISTER_visibility
          <div class="row mb-3"><div class="col-md-3">
    <img data-featherlight='../embedded6.png' src="../embedded6.png">
    
    </div></div>
</div>
      <div>
      </div>
              </div>
          </div>
        </div>
  </div>
  <div class="card">
    <div class="card-header" role="tab">
      <div class="card-title">
        <div class="node" id="50"><span class="badge log fail-bg mr-2">Fail</span>Validating the tab About visibility</div>
          <div class="status-avatar float-right mr-4">
            <i class="fa fa-paperclip"></i>
          </div>
      </div>
    </div>
        <div class="">
          <div class="card-body">
              <div class="step pass-bg" title="stepdefinations.HomePageSteps.user_is_on_the_browser()">
                <span>Given User is on the browser</span>
      <div>
      </div>
              </div>
              <div class="step fail-bg" title="stepdefinations.HomePageSteps.user_open_the_dietician_website()">
                <span>When User open the Dietician Website</span>
      <div>
        <textarea disabled class="code-block">org.openqa.selenium.InvalidArgumentException: invalid argument
  (Session info: chrome=102.0.5005.115)
Build info: version: '3.141.59', revision: 'e82be7d358', time: '2018-11-14T08:17:03'
System info: host: 'Shwethas-MacBook-Pro.local', ip: '2601:647:4100:cc20:5969:f579:cca0:9fb7%en0', os.name: 'Mac OS X', os.arch: 'x86_64', os.version: '10.15.7', java.version: '12.0.2'
Driver info: org.openqa.selenium.chrome.ChromeDriver
Capabilities {acceptInsecureCerts: false, browserName: chrome, browserVersion: 102.0.5005.115, chrome: {chromedriverVersion: 102.0.5005.61 (0e59bcc00cc4..., userDataDir: /var/folders/8y/rcqlwqj12nd...}, goog:chromeOptions: {debuggerAddress: localhost:61896}, javascriptEnabled: true, networkConnectionEnabled: false, pageLoadStrategy: normal, platform: MAC, platformName: MAC, proxy: Proxy(), setWindowRect: true, strictFileInteractability: false, timeouts: {implicit: 0, pageLoad: 300000, script: 30000}, unhandledPromptBehavior: dismiss and notify, webauthn:extension:credBlob: true, webauthn:extension:largeBlob: true, webauthn:virtualAuthenticators: true}
Session ID: 68406feaaf1132787dd26e2c79eec696
	at java.base/jdk.internal.reflect.NativeConstructorAccessorImpl.newInstance0(Native Method)
	at java.base/jdk.internal.reflect.NativeConstructorAccessorImpl.newInstance(NativeConstructorAccessorImpl.java:62)
	at java.base/jdk.internal.reflect.DelegatingConstructorAccessorImpl.newInstance(DelegatingConstructorAccessorImpl.java:45)
	at java.base/java.lang.reflect.Constructor.newInstanceWithCaller(Constructor.java:500)
	at java.base/java.lang.reflect.Constructor.newInstance(Constructor.java:481)
	at org.openqa.selenium.remote.http.W3CHttpResponseCodec.createException(W3CHttpResponseCodec.java:187)
	at org.openqa.selenium.remote.http.W3CHttpResponseCodec.decode(W3CHttpResponseCodec.java:122)
	at org.openqa.selenium.remote.http.W3CHttpResponseCodec.decode(W3CHttpResponseCodec.java:49)
	at org.openqa.selenium.remote.HttpCommandExecutor.execute(HttpCommandExecutor.java:158)
	at org.openqa.selenium.remote.service.DriverCommandExecutor.execute(DriverCommandExecutor.java:83)
	at org.openqa.selenium.remote.RemoteWebDriver.execute(RemoteWebDriver.java:552)
	at org.openqa.selenium.remote.RemoteWebDriver.get(RemoteWebDriver.java:277)
	at stepdefinations.HomePageSteps.user_open_the_dietician_website(HomePageSteps.java:29)
	at ✽.User open the Dietician Website(file:///Users/shwethamohanpulle/Documents/Projects/CucumberBDDFramework/src/test/resources/AppFeatures/HomePage.feature:5)
</textarea>
      
      </div>
              </div>
              <div class="step skip-bg" title="stepdefinations.HomePageSteps.user_should_see_a_tab_with_text(java.lang.String)">
                <span>Then User should see a tab with text "About"</span>
      <div>Step skipped
      </div>
              </div>
              <div class="step pass-bg" title="AFTER">
                <span>Hooks.ApplicationHooks.tearDown(io.cucumber.java.Scenario)</span>
      <div>Validating_the_tab_About_visibility
          <div class="row mb-3"><div class="col-md-3">
    <img data-featherlight='../embedded7.png' src="../embedded7.png">
    
    </div></div>
</div>
      <div>
      </div>
              </div>
          </div>
        </div>
  </div>
  <div class="card">
    <div class="card-header" role="tab">
      <div class="card-title">
        <div class="node" id="58"><span class="badge log fail-bg mr-2">Fail</span>Validating the tab Featured visibility</div>
          <div class="status-avatar float-right mr-4">
            <i class="fa fa-paperclip"></i>
          </div>
      </div>
    </div>
        <div class="">
          <div class="card-body">
              <div class="step pass-bg" title="stepdefinations.HomePageSteps.user_is_on_the_browser()">
                <span>Given User is on the browser</span>
      <div>
      </div>
              </div>
              <div class="step fail-bg" title="stepdefinations.HomePageSteps.user_open_the_dietician_website()">
                <span>When User open the Dietician Website</span>
      <div>
        <textarea disabled class="code-block">org.openqa.selenium.InvalidArgumentException: invalid argument
  (Session info: chrome=102.0.5005.115)
Build info: version: '3.141.59', revision: 'e82be7d358', time: '2018-11-14T08:17:03'
System info: host: 'Shwethas-MacBook-Pro.local', ip: '2601:647:4100:cc20:5969:f579:cca0:9fb7%en0', os.name: 'Mac OS X', os.arch: 'x86_64', os.version: '10.15.7', java.version: '12.0.2'
Driver info: org.openqa.selenium.chrome.ChromeDriver
Capabilities {acceptInsecureCerts: false, browserName: chrome, browserVersion: 102.0.5005.115, chrome: {chromedriverVersion: 102.0.5005.61 (0e59bcc00cc4..., userDataDir: /var/folders/8y/rcqlwqj12nd...}, goog:chromeOptions: {debuggerAddress: localhost:61908}, javascriptEnabled: true, networkConnectionEnabled: false, pageLoadStrategy: normal, platform: MAC, platformName: MAC, proxy: Proxy(), setWindowRect: true, strictFileInteractability: false, timeouts: {implicit: 0, pageLoad: 300000, script: 30000}, unhandledPromptBehavior: dismiss and notify, webauthn:extension:credBlob: true, webauthn:extension:largeBlob: true, webauthn:virtualAuthenticators: true}
Session ID: 004195d5606f96923658d9d02b4f704d
	at java.base/jdk.internal.reflect.NativeConstructorAccessorImpl.newInstance0(Native Method)
	at java.base/jdk.internal.reflect.NativeConstructorAccessorImpl.newInstance(NativeConstructorAccessorImpl.java:62)
	at java.base/jdk.internal.reflect.DelegatingConstructorAccessorImpl.newInstance(DelegatingConstructorAccessorImpl.java:45)
	at java.base/java.lang.reflect.Constructor.newInstanceWithCaller(Constructor.java:500)
	at java.base/java.lang.reflect.Constructor.newInstance(Constructor.java:481)
	at org.openqa.selenium.remote.http.W3CHttpResponseCodec.createException(W3CHttpResponseCodec.java:187)
	at org.openqa.selenium.remote.http.W3CHttpResponseCodec.decode(W3CHttpResponseCodec.java:122)
	at org.openqa.selenium.remote.http.W3CHttpResponseCodec.decode(W3CHttpResponseCodec.java:49)
	at org.openqa.selenium.remote.HttpCommandExecutor.execute(HttpCommandExecutor.java:158)
	at org.openqa.selenium.remote.service.DriverCommandExecutor.execute(DriverCommandExecutor.java:83)
	at org.openqa.selenium.remote.RemoteWebDriver.execute(RemoteWebDriver.java:552)
	at org.openqa.selenium.remote.RemoteWebDriver.get(RemoteWebDriver.java:277)
	at stepdefinations.HomePageSteps.user_open_the_dietician_website(HomePageSteps.java:29)
	at ✽.User open the Dietician Website(file:///Users/shwethamohanpulle/Documents/Projects/CucumberBDDFramework/src/test/resources/AppFeatures/HomePage.feature:5)
</textarea>
      
      </div>
              </div>
              <div class="step skip-bg" title="stepdefinations.HomePageSteps.user_should_see_a_tab_with_text(java.lang.String)">
                <span>Then User should see a tab with text "Featured"</span>
      <div>Step skipped
      </div>
              </div>
              <div class="step pass-bg" title="AFTER">
                <span>Hooks.ApplicationHooks.tearDown(io.cucumber.java.Scenario)</span>
      <div>Validating_the_tab_Featured_visibility
          <div class="row mb-3"><div class="col-md-3">
    <img data-featherlight='../embedded8.png' src="../embedded8.png">
    
    </div></div>
</div>
      <div>
      </div>
              </div>
          </div>
        </div>
  </div>
  <div class="card">
    <div class="card-header" role="tab">
      <div class="card-title">
        <div class="node" id="66"><span class="badge log fail-bg mr-2">Fail</span>Validating the tab Blog visibility</div>
          <div class="status-avatar float-right mr-4">
            <i class="fa fa-paperclip"></i>
          </div>
      </div>
    </div>
        <div class="">
          <div class="card-body">
              <div class="step pass-bg" title="stepdefinations.HomePageSteps.user_is_on_the_browser()">
                <span>Given User is on the browser</span>
      <div>
      </div>
              </div>
              <div class="step fail-bg" title="stepdefinations.HomePageSteps.user_open_the_dietician_website()">
                <span>When User open the Dietician Website</span>
      <div>
        <textarea disabled class="code-block">org.openqa.selenium.InvalidArgumentException: invalid argument
  (Session info: chrome=102.0.5005.115)
Build info: version: '3.141.59', revision: 'e82be7d358', time: '2018-11-14T08:17:03'
System info: host: 'Shwethas-MacBook-Pro.local', ip: '2601:647:4100:cc20:5969:f579:cca0:9fb7%en0', os.name: 'Mac OS X', os.arch: 'x86_64', os.version: '10.15.7', java.version: '12.0.2'
Driver info: org.openqa.selenium.chrome.ChromeDriver
Capabilities {acceptInsecureCerts: false, browserName: chrome, browserVersion: 102.0.5005.115, chrome: {chromedriverVersion: 102.0.5005.61 (0e59bcc00cc4..., userDataDir: /var/folders/8y/rcqlwqj12nd...}, goog:chromeOptions: {debuggerAddress: localhost:61923}, javascriptEnabled: true, networkConnectionEnabled: false, pageLoadStrategy: normal, platform: MAC, platformName: MAC, proxy: Proxy(), setWindowRect: true, strictFileInteractability: false, timeouts: {implicit: 0, pageLoad: 300000, script: 30000}, unhandledPromptBehavior: dismiss and notify, webauthn:extension:credBlob: true, webauthn:extension:largeBlob: true, webauthn:virtualAuthenticators: true}
Session ID: 907d3553d59a2ad79965ded927469aa5
	at java.base/jdk.internal.reflect.NativeConstructorAccessorImpl.newInstance0(Native Method)
	at java.base/jdk.internal.reflect.NativeConstructorAccessorImpl.newInstance(NativeConstructorAccessorImpl.java:62)
	at java.base/jdk.internal.reflect.DelegatingConstructorAccessorImpl.newInstance(DelegatingConstructorAccessorImpl.java:45)
	at java.base/java.lang.reflect.Constructor.newInstanceWithCaller(Constructor.java:500)
	at java.base/java.lang.reflect.Constructor.newInstance(Constructor.java:481)
	at org.openqa.selenium.remote.http.W3CHttpResponseCodec.createException(W3CHttpResponseCodec.java:187)
	at org.openqa.selenium.remote.http.W3CHttpResponseCodec.decode(W3CHttpResponseCodec.java:122)
	at org.openqa.selenium.remote.http.W3CHttpResponseCodec.decode(W3CHttpResponseCodec.java:49)
	at org.openqa.selenium.remote.HttpCommandExecutor.execute(HttpCommandExecutor.java:158)
	at org.openqa.selenium.remote.service.DriverCommandExecutor.execute(DriverCommandExecutor.java:83)
	at org.openqa.selenium.remote.RemoteWebDriver.execute(RemoteWebDriver.java:552)
	at org.openqa.selenium.remote.RemoteWebDriver.get(RemoteWebDriver.java:277)
	at stepdefinations.HomePageSteps.user_open_the_dietician_website(HomePageSteps.java:29)
	at ✽.User open the Dietician Website(file:///Users/shwethamohanpulle/Documents/Projects/CucumberBDDFramework/src/test/resources/AppFeatures/HomePage.feature:5)
</textarea>
      
      </div>
              </div>
              <div class="step skip-bg" title="stepdefinations.HomePageSteps.user_should_see_a_tab_with_text(java.lang.String)">
                <span>Then User should see a tab with text "Blog"</span>
      <div>Step skipped
      </div>
              </div>
              <div class="step pass-bg" title="AFTER">
                <span>Hooks.ApplicationHooks.tearDown(io.cucumber.java.Scenario)</span>
      <div>Validating_the_tab_Blog_visibility
          <div class="row mb-3"><div class="col-md-3">
    <img data-featherlight='../embedded9.png' src="../embedded9.png">
    
    </div></div>
</div>
      <div>
      </div>
              </div>
          </div>
        </div>
  </div>
  <div class="card">
    <div class="card-header" role="tab">
      <div class="card-title">
        <div class="node" id="74"><span class="badge log fail-bg mr-2">Fail</span>Validating the tab Contact us visibility</div>
          <div class="status-avatar float-right mr-4">
            <i class="fa fa-paperclip"></i>
          </div>
      </div>
    </div>
        <div class="">
          <div class="card-body">
              <div class="step pass-bg" title="stepdefinations.HomePageSteps.user_is_on_the_browser()">
                <span>Given User is on the browser</span>
      <div>
      </div>
              </div>
              <div class="step fail-bg" title="stepdefinations.HomePageSteps.user_open_the_dietician_website()">
                <span>When User open the Dietician Website</span>
      <div>
        <textarea disabled class="code-block">org.openqa.selenium.InvalidArgumentException: invalid argument
  (Session info: chrome=102.0.5005.115)
Build info: version: '3.141.59', revision: 'e82be7d358', time: '2018-11-14T08:17:03'
System info: host: 'Shwethas-MacBook-Pro.local', ip: '2601:647:4100:cc20:5969:f579:cca0:9fb7%en0', os.name: 'Mac OS X', os.arch: 'x86_64', os.version: '10.15.7', java.version: '12.0.2'
Driver info: org.openqa.selenium.chrome.ChromeDriver
Capabilities {acceptInsecureCerts: false, browserName: chrome, browserVersion: 102.0.5005.115, chrome: {chromedriverVersion: 102.0.5005.61 (0e59bcc00cc4..., userDataDir: /var/folders/8y/rcqlwqj12nd...}, goog:chromeOptions: {debuggerAddress: localhost:61936}, javascriptEnabled: true, networkConnectionEnabled: false, pageLoadStrategy: normal, platform: MAC, platformName: MAC, proxy: Proxy(), setWindowRect: true, strictFileInteractability: false, timeouts: {implicit: 0, pageLoad: 300000, script: 30000}, unhandledPromptBehavior: dismiss and notify, webauthn:extension:credBlob: true, webauthn:extension:largeBlob: true, webauthn:virtualAuthenticators: true}
Session ID: a043e4977208fa1d1b9124a8078b61f3
	at java.base/jdk.internal.reflect.NativeConstructorAccessorImpl.newInstance0(Native Method)
	at java.base/jdk.internal.reflect.NativeConstructorAccessorImpl.newInstance(NativeConstructorAccessorImpl.java:62)
	at java.base/jdk.internal.reflect.DelegatingConstructorAccessorImpl.newInstance(DelegatingConstructorAccessorImpl.java:45)
	at java.base/java.lang.reflect.Constructor.newInstanceWithCaller(Constructor.java:500)
	at java.base/java.lang.reflect.Constructor.newInstance(Constructor.java:481)
	at org.openqa.selenium.remote.http.W3CHttpResponseCodec.createException(W3CHttpResponseCodec.java:187)
	at org.openqa.selenium.remote.http.W3CHttpResponseCodec.decode(W3CHttpResponseCodec.java:122)
	at org.openqa.selenium.remote.http.W3CHttpResponseCodec.decode(W3CHttpResponseCodec.java:49)
	at org.openqa.selenium.remote.HttpCommandExecutor.execute(HttpCommandExecutor.java:158)
	at org.openqa.selenium.remote.service.DriverCommandExecutor.execute(DriverCommandExecutor.java:83)
	at org.openqa.selenium.remote.RemoteWebDriver.execute(RemoteWebDriver.java:552)
	at org.openqa.selenium.remote.RemoteWebDriver.get(RemoteWebDriver.java:277)
	at stepdefinations.HomePageSteps.user_open_the_dietician_website(HomePageSteps.java:29)
	at ✽.User open the Dietician Website(file:///Users/shwethamohanpulle/Documents/Projects/CucumberBDDFramework/src/test/resources/AppFeatures/HomePage.feature:5)
</textarea>
      
      </div>
              </div>
              <div class="step skip-bg" title="stepdefinations.HomePageSteps.user_should_see_a_tab_with_text(java.lang.String)">
                <span>Then User should see a tab with text "Contact us"</span>
      <div>Step skipped
      </div>
              </div>
              <div class="step pass-bg" title="AFTER">
                <span>Hooks.ApplicationHooks.tearDown(io.cucumber.java.Scenario)</span>
      <div>Validating_the_tab_Contact_us_visibility
          <div class="row mb-3"><div class="col-md-3">
    <img data-featherlight='../embedded10.png' src="../embedded10.png">
    
    </div></div>
</div>
      <div>
      </div>
              </div>
          </div>
        </div>
  </div>
  <div class="card">
    <div class="card-header" role="tab">
      <div class="card-title">
        <div class="node" id="82"><span class="badge log fail-bg mr-2">Fail</span>Validating the visibility of Search option</div>
          <div class="status-avatar float-right mr-4">
            <i class="fa fa-paperclip"></i>
          </div>
      </div>
    </div>
        <div class="">
          <div class="card-body">
              <div class="step pass-bg" title="stepdefinations.HomePageSteps.user_is_on_the_browser()">
                <span>Given User is on the browser</span>
      <div>
      </div>
              </div>
              <div class="step fail-bg" title="stepdefinations.HomePageSteps.user_open_the_dietician_website()">
                <span>When User open the Dietician Website</span>
      <div>
        <textarea disabled class="code-block">org.openqa.selenium.InvalidArgumentException: invalid argument
  (Session info: chrome=102.0.5005.115)
Build info: version: '3.141.59', revision: 'e82be7d358', time: '2018-11-14T08:17:03'
System info: host: 'Shwethas-MacBook-Pro.local', ip: '2601:647:4100:cc20:5969:f579:cca0:9fb7%en0', os.name: 'Mac OS X', os.arch: 'x86_64', os.version: '10.15.7', java.version: '12.0.2'
Driver info: org.openqa.selenium.chrome.ChromeDriver
Capabilities {acceptInsecureCerts: false, browserName: chrome, browserVersion: 102.0.5005.115, chrome: {chromedriverVersion: 102.0.5005.61 (0e59bcc00cc4..., userDataDir: /var/folders/8y/rcqlwqj12nd...}, goog:chromeOptions: {debuggerAddress: localhost:61949}, javascriptEnabled: true, networkConnectionEnabled: false, pageLoadStrategy: normal, platform: MAC, platformName: MAC, proxy: Proxy(), setWindowRect: true, strictFileInteractability: false, timeouts: {implicit: 0, pageLoad: 300000, script: 30000}, unhandledPromptBehavior: dismiss and notify, webauthn:extension:credBlob: true, webauthn:extension:largeBlob: true, webauthn:virtualAuthenticators: true}
Session ID: 21b35fbfef2cef713dc515bba124a437
	at java.base/jdk.internal.reflect.NativeConstructorAccessorImpl.newInstance0(Native Method)
	at java.base/jdk.internal.reflect.NativeConstructorAccessorImpl.newInstance(NativeConstructorAccessorImpl.java:62)
	at java.base/jdk.internal.reflect.DelegatingConstructorAccessorImpl.newInstance(DelegatingConstructorAccessorImpl.java:45)
	at java.base/java.lang.reflect.Constructor.newInstanceWithCaller(Constructor.java:500)
	at java.base/java.lang.reflect.Constructor.newInstance(Constructor.java:481)
	at org.openqa.selenium.remote.http.W3CHttpResponseCodec.createException(W3CHttpResponseCodec.java:187)
	at org.openqa.selenium.remote.http.W3CHttpResponseCodec.decode(W3CHttpResponseCodec.java:122)
	at org.openqa.selenium.remote.http.W3CHttpResponseCodec.decode(W3CHttpResponseCodec.java:49)
	at org.openqa.selenium.remote.HttpCommandExecutor.execute(HttpCommandExecutor.java:158)
	at org.openqa.selenium.remote.service.DriverCommandExecutor.execute(DriverCommandExecutor.java:83)
	at org.openqa.selenium.remote.RemoteWebDriver.execute(RemoteWebDriver.java:552)
	at org.openqa.selenium.remote.RemoteWebDriver.get(RemoteWebDriver.java:277)
	at stepdefinations.HomePageSteps.user_open_the_dietician_website(HomePageSteps.java:29)
	at ✽.User open the Dietician Website(file:///Users/shwethamohanpulle/Documents/Projects/CucumberBDDFramework/src/test/resources/AppFeatures/HomePage.feature:5)
</textarea>
      
      </div>
              </div>
              <div class="step skip-bg" title="stepdefinations.HomePageSteps.user_should_see_a_search_option_symbol_on_the_bottom_menu_bar()">
                <span>Then User should see a search option symbol on the bottom menu bar</span>
      <div>Step skipped
      </div>
              </div>
              <div class="step pass-bg" title="AFTER">
                <span>Hooks.ApplicationHooks.tearDown(io.cucumber.java.Scenario)</span>
      <div>Validating_the_visibility_of_Search_option
          <div class="row mb-3"><div class="col-md-3">
    <img data-featherlight='../embedded11.png' src="../embedded11.png">
    
    </div></div>
</div>
      <div>
      </div>
              </div>
          </div>
        </div>
  </div>
  <div class="card">
    <div class="card-header" role="tab">
      <div class="card-title">
        <div class="node" id="90"><span class="badge log fail-bg mr-2">Fail</span>Validating the visibility of Signin option</div>
          <div class="status-avatar float-right mr-4">
            <i class="fa fa-paperclip"></i>
          </div>
      </div>
    </div>
        <div class="">
          <div class="card-body">
              <div class="step pass-bg" title="stepdefinations.HomePageSteps.user_is_on_the_browser()">
                <span>Given User is on the browser</span>
      <div>
      </div>
              </div>
              <div class="step fail-bg" title="stepdefinations.HomePageSteps.user_open_the_dietician_website()">
                <span>When User open the Dietician Website</span>
      <div>
        <textarea disabled class="code-block">org.openqa.selenium.InvalidArgumentException: invalid argument
  (Session info: chrome=102.0.5005.115)
Build info: version: '3.141.59', revision: 'e82be7d358', time: '2018-11-14T08:17:03'
System info: host: 'Shwethas-MacBook-Pro.local', ip: '2601:647:4100:cc20:5969:f579:cca0:9fb7%en0', os.name: 'Mac OS X', os.arch: 'x86_64', os.version: '10.15.7', java.version: '12.0.2'
Driver info: org.openqa.selenium.chrome.ChromeDriver
Capabilities {acceptInsecureCerts: false, browserName: chrome, browserVersion: 102.0.5005.115, chrome: {chromedriverVersion: 102.0.5005.61 (0e59bcc00cc4..., userDataDir: /var/folders/8y/rcqlwqj12nd...}, goog:chromeOptions: {debuggerAddress: localhost:61962}, javascriptEnabled: true, networkConnectionEnabled: false, pageLoadStrategy: normal, platform: MAC, platformName: MAC, proxy: Proxy(), setWindowRect: true, strictFileInteractability: false, timeouts: {implicit: 0, pageLoad: 300000, script: 30000}, unhandledPromptBehavior: dismiss and notify, webauthn:extension:credBlob: true, webauthn:extension:largeBlob: true, webauthn:virtualAuthenticators: true}
Session ID: e520e11e118bce98602e5707521de0e1
	at java.base/jdk.internal.reflect.NativeConstructorAccessorImpl.newInstance0(Native Method)
	at java.base/jdk.internal.reflect.NativeConstructorAccessorImpl.newInstance(NativeConstructorAccessorImpl.java:62)
	at java.base/jdk.internal.reflect.DelegatingConstructorAccessorImpl.newInstance(DelegatingConstructorAccessorImpl.java:45)
	at java.base/java.lang.reflect.Constructor.newInstanceWithCaller(Constructor.java:500)
	at java.base/java.lang.reflect.Constructor.newInstance(Constructor.java:481)
	at org.openqa.selenium.remote.http.W3CHttpResponseCodec.createException(W3CHttpResponseCodec.java:187)
	at org.openqa.selenium.remote.http.W3CHttpResponseCodec.decode(W3CHttpResponseCodec.java:122)
	at org.openqa.selenium.remote.http.W3CHttpResponseCodec.decode(W3CHttpResponseCodec.java:49)
	at org.openqa.selenium.remote.HttpCommandExecutor.execute(HttpCommandExecutor.java:158)
	at org.openqa.selenium.remote.service.DriverCommandExecutor.execute(DriverCommandExecutor.java:83)
	at org.openqa.selenium.remote.RemoteWebDriver.execute(RemoteWebDriver.java:552)
	at org.openqa.selenium.remote.RemoteWebDriver.get(RemoteWebDriver.java:277)
	at stepdefinations.HomePageSteps.user_open_the_dietician_website(HomePageSteps.java:29)
	at ✽.User open the Dietician Website(file:///Users/shwethamohanpulle/Documents/Projects/CucumberBDDFramework/src/test/resources/AppFeatures/HomePage.feature:5)
</textarea>
      
      </div>
              </div>
              <div class="step skip-bg" title="stepdefinations.HomePageSteps.user_should_see_a_signin_option_next_to_the_search_button()">
                <span>Then User should see a Signin option next to the search button</span>
      <div>Step skipped
      </div>
              </div>
              <div class="step pass-bg" title="AFTER">
                <span>Hooks.ApplicationHooks.tearDown(io.cucumber.java.Scenario)</span>
      <div>Validating_the_visibility_of_Signin_option
          <div class="row mb-3"><div class="col-md-3">
    <img data-featherlight='../embedded12.png' src="../embedded12.png">
    
    </div></div>
</div>
      <div>
      </div>
              </div>
          </div>
        </div>
  </div>
</div>
          </div>
        </li>
        <li class="test-item"  status="fail" test-id="98"
          author=""
          tag=""
          device="">
          <div class="test-detail">
            <p class="name">Links of the Home page</p>
            <p class="text-sm">
              <span>17:37:12 PM</span> / <span>00:00:11:718</span>
              <span class="badge fail-bg log float-right">Fail</span>
            </p>
          </div>
          <div class="test-contents d-none">
<div class="detail-head">
<div class="p-v-10">
<div class="info">
<h5 class="test-status text-fail">Links of the Home page</h5>
<span class='badge badge-success'>06.15.2022 17:37:12</span>
<span class='badge badge-danger'>06.15.2022 17:37:24</span>
<span class='badge badge-default'>00:00:11:718</span>
&middot; <span class='uri-anchor badge badge-default'>#test-id=98</span>
</div>
<div class="m-t-10 m-l-5"></div>
</div>
</div>
<div class="accordion mt-4">
  <div class="card">
    <div class="card-header" role="tab">
      <div class="card-title">
        <div class="node" id="99"><span class="badge log fail-bg mr-2">Fail</span>validating the product link on home page</div>
          <div class="status-avatar float-right mr-4">
            <i class="fa fa-paperclip"></i>
          </div>
      </div>
    </div>
        <div class="">
          <div class="card-body">
              <div class="step pass-bg" title="stepdefinations.HomePageSteps.user_is_on_the_browser()">
                <span>Given User is on the browser</span>
      <div>
      </div>
              </div>
              <div class="step fail-bg" title="stepdefinations.HomePageSteps.user_open_the_dietician_website()">
                <span>When User open the Dietician Website</span>
      <div>
        <textarea disabled class="code-block">org.openqa.selenium.InvalidArgumentException: invalid argument
  (Session info: chrome=102.0.5005.115)
Build info: version: '3.141.59', revision: 'e82be7d358', time: '2018-11-14T08:17:03'
System info: host: 'Shwethas-MacBook-Pro.local', ip: '2601:647:4100:cc20:5969:f579:cca0:9fb7%en0', os.name: 'Mac OS X', os.arch: 'x86_64', os.version: '10.15.7', java.version: '12.0.2'
Driver info: org.openqa.selenium.chrome.ChromeDriver
Capabilities {acceptInsecureCerts: false, browserName: chrome, browserVersion: 102.0.5005.115, chrome: {chromedriverVersion: 102.0.5005.61 (0e59bcc00cc4..., userDataDir: /var/folders/8y/rcqlwqj12nd...}, goog:chromeOptions: {debuggerAddress: localhost:61974}, javascriptEnabled: true, networkConnectionEnabled: false, pageLoadStrategy: normal, platform: MAC, platformName: MAC, proxy: Proxy(), setWindowRect: true, strictFileInteractability: false, timeouts: {implicit: 0, pageLoad: 300000, script: 30000}, unhandledPromptBehavior: dismiss and notify, webauthn:extension:credBlob: true, webauthn:extension:largeBlob: true, webauthn:virtualAuthenticators: true}
Session ID: 31cc763ba6a4467d48c58b28d02410f2
	at java.base/jdk.internal.reflect.NativeConstructorAccessorImpl.newInstance0(Native Method)
	at java.base/jdk.internal.reflect.NativeConstructorAccessorImpl.newInstance(NativeConstructorAccessorImpl.java:62)
	at java.base/jdk.internal.reflect.DelegatingConstructorAccessorImpl.newInstance(DelegatingConstructorAccessorImpl.java:45)
	at java.base/java.lang.reflect.Constructor.newInstanceWithCaller(Constructor.java:500)
	at java.base/java.lang.reflect.Constructor.newInstance(Constructor.java:481)
	at org.openqa.selenium.remote.http.W3CHttpResponseCodec.createException(W3CHttpResponseCodec.java:187)
	at org.openqa.selenium.remote.http.W3CHttpResponseCodec.decode(W3CHttpResponseCodec.java:122)
	at org.openqa.selenium.remote.http.W3CHttpResponseCodec.decode(W3CHttpResponseCodec.java:49)
	at org.openqa.selenium.remote.HttpCommandExecutor.execute(HttpCommandExecutor.java:158)
	at org.openqa.selenium.remote.service.DriverCommandExecutor.execute(DriverCommandExecutor.java:83)
	at org.openqa.selenium.remote.RemoteWebDriver.execute(RemoteWebDriver.java:552)
	at org.openqa.selenium.remote.RemoteWebDriver.get(RemoteWebDriver.java:277)
	at stepdefinations.HomePageSteps.user_open_the_dietician_website(HomePageSteps.java:29)
	at ✽.User open the Dietician Website(file:///Users/shwethamohanpulle/Documents/Projects/CucumberBDDFramework/src/test/resources/AppFeatures/LinksOfHomePage.feature:5)
</textarea>
      
      </div>
              </div>
              <div class="step skip-bg" title="stepdefinations.LinksOfHomePageSteps.user_is_on_the_home_page()">
                <span>Given User is on the Home page</span>
      <div>Step skipped
      </div>
              </div>
              <div class="step skip-bg" title="stepdefinations.LinksOfHomePageSteps.user_clicks_on_product_link()">
                <span>When User clicks on product  link</span>
      <div>Step skipped
      </div>
              </div>
              <div class="step skip-bg" title="stepdefinations.LinksOfHomePageSteps.user_is_re_directed_to_product_page()">
                <span>Then User is re-directed to Product page</span>
      <div>Step skipped
      </div>
              </div>
              <div class="step pass-bg" title="AFTER">
                <span>Hooks.ApplicationHooks.tearDown(io.cucumber.java.Scenario)</span>
      <div>validating_the_product_link_on_home_page
          <div class="row mb-3"><div class="col-md-3">
    <img data-featherlight='../embedded13.png' src="../embedded13.png">
    
    </div></div>
</div>
      <div>
      </div>
              </div>
          </div>
        </div>
  </div>
  <div class="card">
    <div class="card-header" role="tab">
      <div class="card-title">
        <div class="node" id="109"><span class="badge log fail-bg mr-2">Fail</span>validating the Client link on home page</div>
          <div class="status-avatar float-right mr-4">
            <i class="fa fa-paperclip"></i>
          </div>
      </div>
    </div>
        <div class="">
          <div class="card-body">
              <div class="step pass-bg" title="stepdefinations.HomePageSteps.user_is_on_the_browser()">
                <span>Given User is on the browser</span>
      <div>
      </div>
              </div>
              <div class="step fail-bg" title="stepdefinations.HomePageSteps.user_open_the_dietician_website()">
                <span>When User open the Dietician Website</span>
      <div>
        <textarea disabled class="code-block">org.openqa.selenium.InvalidArgumentException: invalid argument
  (Session info: chrome=102.0.5005.115)
Build info: version: '3.141.59', revision: 'e82be7d358', time: '2018-11-14T08:17:03'
System info: host: 'Shwethas-MacBook-Pro.local', ip: '2601:647:4100:cc20:5969:f579:cca0:9fb7%en0', os.name: 'Mac OS X', os.arch: 'x86_64', os.version: '10.15.7', java.version: '12.0.2'
Driver info: org.openqa.selenium.chrome.ChromeDriver
Capabilities {acceptInsecureCerts: false, browserName: chrome, browserVersion: 102.0.5005.115, chrome: {chromedriverVersion: 102.0.5005.61 (0e59bcc00cc4..., userDataDir: /var/folders/8y/rcqlwqj12nd...}, goog:chromeOptions: {debuggerAddress: localhost:61986}, javascriptEnabled: true, networkConnectionEnabled: false, pageLoadStrategy: normal, platform: MAC, platformName: MAC, proxy: Proxy(), setWindowRect: true, strictFileInteractability: false, timeouts: {implicit: 0, pageLoad: 300000, script: 30000}, unhandledPromptBehavior: dismiss and notify, webauthn:extension:credBlob: true, webauthn:extension:largeBlob: true, webauthn:virtualAuthenticators: true}
Session ID: 81aa4dfe3bc9887c0cb36c940cfe0b95
	at java.base/jdk.internal.reflect.NativeConstructorAccessorImpl.newInstance0(Native Method)
	at java.base/jdk.internal.reflect.NativeConstructorAccessorImpl.newInstance(NativeConstructorAccessorImpl.java:62)
	at java.base/jdk.internal.reflect.DelegatingConstructorAccessorImpl.newInstance(DelegatingConstructorAccessorImpl.java:45)
	at java.base/java.lang.reflect.Constructor.newInstanceWithCaller(Constructor.java:500)
	at java.base/java.lang.reflect.Constructor.newInstance(Constructor.java:481)
	at org.openqa.selenium.remote.http.W3CHttpResponseCodec.createException(W3CHttpResponseCodec.java:187)
	at org.openqa.selenium.remote.http.W3CHttpResponseCodec.decode(W3CHttpResponseCodec.java:122)
	at org.openqa.selenium.remote.http.W3CHttpResponseCodec.decode(W3CHttpResponseCodec.java:49)
	at org.openqa.selenium.remote.HttpCommandExecutor.execute(HttpCommandExecutor.java:158)
	at org.openqa.selenium.remote.service.DriverCommandExecutor.execute(DriverCommandExecutor.java:83)
	at org.openqa.selenium.remote.RemoteWebDriver.execute(RemoteWebDriver.java:552)
	at org.openqa.selenium.remote.RemoteWebDriver.get(RemoteWebDriver.java:277)
	at stepdefinations.HomePageSteps.user_open_the_dietician_website(HomePageSteps.java:29)
	at ✽.User open the Dietician Website(file:///Users/shwethamohanpulle/Documents/Projects/CucumberBDDFramework/src/test/resources/AppFeatures/LinksOfHomePage.feature:5)
</textarea>
      
      </div>
              </div>
              <div class="step skip-bg" title="stepdefinations.LinksOfHomePageSteps.user_is_on_the_home_page()">
                <span>Given User is on the Home page</span>
      <div>Step skipped
      </div>
              </div>
              <div class="step skip-bg" title="stepdefinations.LinksOfHomePageSteps.user_clicks_on_client_link()">
                <span>When User clicks on client link</span>
      <div>Step skipped
      </div>
              </div>
              <div class="step skip-bg" title="stepdefinations.LinksOfHomePageSteps.user_is_re_directed_to_client_testimonial_page()">
                <span>Then User is re-directed to client testimonial page</span>
      <div>Step skipped
      </div>
              </div>
              <div class="step pass-bg" title="AFTER">
                <span>Hooks.ApplicationHooks.tearDown(io.cucumber.java.Scenario)</span>
      <div>validating_the_Client_link_on_home_page
          <div class="row mb-3"><div class="col-md-3">
    <img data-featherlight='../embedded14.png' src="../embedded14.png">
    
    </div></div>
</div>
      <div>
      </div>
              </div>
          </div>
        </div>
  </div>
  <div class="card">
    <div class="card-header" role="tab">
      <div class="card-title">
        <div class="node" id="119"><span class="badge log fail-bg mr-2">Fail</span>validating the Team link on home page</div>
          <div class="status-avatar float-right mr-4">
            <i class="fa fa-paperclip"></i>
          </div>
      </div>
    </div>
        <div class="">
          <div class="card-body">
              <div class="step pass-bg" title="stepdefinations.HomePageSteps.user_is_on_the_browser()">
                <span>Given User is on the browser</span>
      <div>
      </div>
              </div>
              <div class="step fail-bg" title="stepdefinations.HomePageSteps.user_open_the_dietician_website()">
                <span>When User open the Dietician Website</span>
      <div>
        <textarea disabled class="code-block">org.openqa.selenium.InvalidArgumentException: invalid argument
  (Session info: chrome=102.0.5005.115)
Build info: version: '3.141.59', revision: 'e82be7d358', time: '2018-11-14T08:17:03'
System info: host: 'Shwethas-MacBook-Pro.local', ip: '2601:647:4100:cc20:5969:f579:cca0:9fb7%en0', os.name: 'Mac OS X', os.arch: 'x86_64', os.version: '10.15.7', java.version: '12.0.2'
Driver info: org.openqa.selenium.chrome.ChromeDriver
Capabilities {acceptInsecureCerts: false, browserName: chrome, browserVersion: 102.0.5005.115, chrome: {chromedriverVersion: 102.0.5005.61 (0e59bcc00cc4..., userDataDir: /var/folders/8y/rcqlwqj12nd...}, goog:chromeOptions: {debuggerAddress: localhost:61999}, javascriptEnabled: true, networkConnectionEnabled: false, pageLoadStrategy: normal, platform: MAC, platformName: MAC, proxy: Proxy(), setWindowRect: true, strictFileInteractability: false, timeouts: {implicit: 0, pageLoad: 300000, script: 30000}, unhandledPromptBehavior: dismiss and notify, webauthn:extension:credBlob: true, webauthn:extension:largeBlob: true, webauthn:virtualAuthenticators: true}
Session ID: 35bd6e298983fa5348dc6378474a4e6e
	at java.base/jdk.internal.reflect.NativeConstructorAccessorImpl.newInstance0(Native Method)
	at java.base/jdk.internal.reflect.NativeConstructorAccessorImpl.newInstance(NativeConstructorAccessorImpl.java:62)
	at java.base/jdk.internal.reflect.DelegatingConstructorAccessorImpl.newInstance(DelegatingConstructorAccessorImpl.java:45)
	at java.base/java.lang.reflect.Constructor.newInstanceWithCaller(Constructor.java:500)
	at java.base/java.lang.reflect.Constructor.newInstance(Constructor.java:481)
	at org.openqa.selenium.remote.http.W3CHttpResponseCodec.createException(W3CHttpResponseCodec.java:187)
	at org.openqa.selenium.remote.http.W3CHttpResponseCodec.decode(W3CHttpResponseCodec.java:122)
	at org.openqa.selenium.remote.http.W3CHttpResponseCodec.decode(W3CHttpResponseCodec.java:49)
	at org.openqa.selenium.remote.HttpCommandExecutor.execute(HttpCommandExecutor.java:158)
	at org.openqa.selenium.remote.service.DriverCommandExecutor.execute(DriverCommandExecutor.java:83)
	at org.openqa.selenium.remote.RemoteWebDriver.execute(RemoteWebDriver.java:552)
	at org.openqa.selenium.remote.RemoteWebDriver.get(RemoteWebDriver.java:277)
	at stepdefinations.HomePageSteps.user_open_the_dietician_website(HomePageSteps.java:29)
	at ✽.User open the Dietician Website(file:///Users/shwethamohanpulle/Documents/Projects/CucumberBDDFramework/src/test/resources/AppFeatures/LinksOfHomePage.feature:5)
</textarea>
      
      </div>
              </div>
              <div class="step skip-bg" title="stepdefinations.LinksOfHomePageSteps.user_is_on_the_home_page()">
                <span>Given User is on the Home page</span>
      <div>Step skipped
      </div>
              </div>
              <div class="step skip-bg" title="stepdefinations.LinksOfHomePageSteps.user_clicks_on_team_link()">
                <span>When User clicks on Team link</span>
      <div>Step skipped
      </div>
              </div>
              <div class="step skip-bg" title="stepdefinations.LinksOfHomePageSteps.user_is_directed_to_doctor_team_page()">
                <span>Then User is directed  to Doctor team page</span>
      <div>Step skipped
      </div>
              </div>
              <div class="step pass-bg" title="AFTER">
                <span>Hooks.ApplicationHooks.tearDown(io.cucumber.java.Scenario)</span>
      <div>validating_the_Team_link_on_home_page
          <div class="row mb-3"><div class="col-md-3">
    <img data-featherlight='../embedded15.png' src="../embedded15.png">
    
    </div></div>
</div>
      <div>
      </div>
              </div>
          </div>
        </div>
  </div>
  <div class="card">
    <div class="card-header" role="tab">
      <div class="card-title">
        <div class="node" id="129"><span class="badge log fail-bg mr-2">Fail</span>validating the Register link on home page</div>
          <div class="status-avatar float-right mr-4">
            <i class="fa fa-paperclip"></i>
          </div>
      </div>
    </div>
        <div class="">
          <div class="card-body">
              <div class="step pass-bg" title="stepdefinations.HomePageSteps.user_is_on_the_browser()">
                <span>Given User is on the browser</span>
      <div>
      </div>
              </div>
              <div class="step fail-bg" title="stepdefinations.HomePageSteps.user_open_the_dietician_website()">
                <span>When User open the Dietician Website</span>
      <div>
        <textarea disabled class="code-block">org.openqa.selenium.InvalidArgumentException: invalid argument
  (Session info: chrome=102.0.5005.115)
Build info: version: '3.141.59', revision: 'e82be7d358', time: '2018-11-14T08:17:03'
System info: host: 'Shwethas-MacBook-Pro.local', ip: '2601:647:4100:cc20:5969:f579:cca0:9fb7%en0', os.name: 'Mac OS X', os.arch: 'x86_64', os.version: '10.15.7', java.version: '12.0.2'
Driver info: org.openqa.selenium.chrome.ChromeDriver
Capabilities {acceptInsecureCerts: false, browserName: chrome, browserVersion: 102.0.5005.115, chrome: {chromedriverVersion: 102.0.5005.61 (0e59bcc00cc4..., userDataDir: /var/folders/8y/rcqlwqj12nd...}, goog:chromeOptions: {debuggerAddress: localhost:62011}, javascriptEnabled: true, networkConnectionEnabled: false, pageLoadStrategy: normal, platform: MAC, platformName: MAC, proxy: Proxy(), setWindowRect: true, strictFileInteractability: false, timeouts: {implicit: 0, pageLoad: 300000, script: 30000}, unhandledPromptBehavior: dismiss and notify, webauthn:extension:credBlob: true, webauthn:extension:largeBlob: true, webauthn:virtualAuthenticators: true}
Session ID: 6193d9398b8a5fb4e9f1da3ba34361c8
	at java.base/jdk.internal.reflect.NativeConstructorAccessorImpl.newInstance0(Native Method)
	at java.base/jdk.internal.reflect.NativeConstructorAccessorImpl.newInstance(NativeConstructorAccessorImpl.java:62)
	at java.base/jdk.internal.reflect.DelegatingConstructorAccessorImpl.newInstance(DelegatingConstructorAccessorImpl.java:45)
	at java.base/java.lang.reflect.Constructor.newInstanceWithCaller(Constructor.java:500)
	at java.base/java.lang.reflect.Constructor.newInstance(Constructor.java:481)
	at org.openqa.selenium.remote.http.W3CHttpResponseCodec.createException(W3CHttpResponseCodec.java:187)
	at org.openqa.selenium.remote.http.W3CHttpResponseCodec.decode(W3CHttpResponseCodec.java:122)
	at org.openqa.selenium.remote.http.W3CHttpResponseCodec.decode(W3CHttpResponseCodec.java:49)
	at org.openqa.selenium.remote.HttpCommandExecutor.execute(HttpCommandExecutor.java:158)
	at org.openqa.selenium.remote.service.DriverCommandExecutor.execute(DriverCommandExecutor.java:83)
	at org.openqa.selenium.remote.RemoteWebDriver.execute(RemoteWebDriver.java:552)
	at org.openqa.selenium.remote.RemoteWebDriver.get(RemoteWebDriver.java:277)
	at stepdefinations.HomePageSteps.user_open_the_dietician_website(HomePageSteps.java:29)
	at ✽.User open the Dietician Website(file:///Users/shwethamohanpulle/Documents/Projects/CucumberBDDFramework/src/test/resources/AppFeatures/LinksOfHomePage.feature:5)
</textarea>
      
      </div>
              </div>
              <div class="step skip-bg" title="stepdefinations.LinksOfHomePageSteps.user_is_on_the_home_page()">
                <span>Given User is on the Home page</span>
      <div>Step skipped
      </div>
              </div>
              <div class="step skip-bg" title="stepdefinations.LinksOfHomePageSteps.user_clicks_on_register_link()">
                <span>When User clicks on Register link</span>
      <div>Step skipped
      </div>
              </div>
              <div class="step skip-bg" title="stepdefinations.LinksOfHomePageSteps.user_is_directed_to_register_page()">
                <span>Then User is directed  to Register page</span>
      <div>Step skipped
      </div>
              </div>
              <div class="step pass-bg" title="AFTER">
                <span>Hooks.ApplicationHooks.tearDown(io.cucumber.java.Scenario)</span>
      <div>validating_the_Register_link_on_home_page
          <div class="row mb-3"><div class="col-md-3">
    <img data-featherlight='../embedded16.png' src="../embedded16.png">
    
    </div></div>
</div>
      <div>
      </div>
              </div>
          </div>
        </div>
  </div>
  <div class="card">
    <div class="card-header" role="tab">
      <div class="card-title">
        <div class="node" id="139"><span class="badge log fail-bg mr-2">Fail</span>validating the About link on home page</div>
          <div class="status-avatar float-right mr-4">
            <i class="fa fa-paperclip"></i>
          </div>
      </div>
    </div>
        <div class="">
          <div class="card-body">
              <div class="step pass-bg" title="stepdefinations.HomePageSteps.user_is_on_the_browser()">
                <span>Given User is on the browser</span>
      <div>
      </div>
              </div>
              <div class="step fail-bg" title="stepdefinations.HomePageSteps.user_open_the_dietician_website()">
                <span>When User open the Dietician Website</span>
      <div>
        <textarea disabled class="code-block">org.openqa.selenium.InvalidArgumentException: invalid argument
  (Session info: chrome=102.0.5005.115)
Build info: version: '3.141.59', revision: 'e82be7d358', time: '2018-11-14T08:17:03'
System info: host: 'Shwethas-MacBook-Pro.local', ip: '2601:647:4100:cc20:5969:f579:cca0:9fb7%en0', os.name: 'Mac OS X', os.arch: 'x86_64', os.version: '10.15.7', java.version: '12.0.2'
Driver info: org.openqa.selenium.chrome.ChromeDriver
Capabilities {acceptInsecureCerts: false, browserName: chrome, browserVersion: 102.0.5005.115, chrome: {chromedriverVersion: 102.0.5005.61 (0e59bcc00cc4..., userDataDir: /var/folders/8y/rcqlwqj12nd...}, goog:chromeOptions: {debuggerAddress: localhost:62023}, javascriptEnabled: true, networkConnectionEnabled: false, pageLoadStrategy: normal, platform: MAC, platformName: MAC, proxy: Proxy(), setWindowRect: true, strictFileInteractability: false, timeouts: {implicit: 0, pageLoad: 300000, script: 30000}, unhandledPromptBehavior: dismiss and notify, webauthn:extension:credBlob: true, webauthn:extension:largeBlob: true, webauthn:virtualAuthenticators: true}
Session ID: d5dc9cfb5322fc4e5d0a0b519abe5771
	at jdk.internal.reflect.GeneratedConstructorAccessor19.newInstance(Unknown Source)
	at java.base/jdk.internal.reflect.DelegatingConstructorAccessorImpl.newInstance(DelegatingConstructorAccessorImpl.java:45)
	at java.base/java.lang.reflect.Constructor.newInstanceWithCaller(Constructor.java:500)
	at java.base/java.lang.reflect.Constructor.newInstance(Constructor.java:481)
	at org.openqa.selenium.remote.http.W3CHttpResponseCodec.createException(W3CHttpResponseCodec.java:187)
	at org.openqa.selenium.remote.http.W3CHttpResponseCodec.decode(W3CHttpResponseCodec.java:122)
	at org.openqa.selenium.remote.http.W3CHttpResponseCodec.decode(W3CHttpResponseCodec.java:49)
	at org.openqa.selenium.remote.HttpCommandExecutor.execute(HttpCommandExecutor.java:158)
	at org.openqa.selenium.remote.service.DriverCommandExecutor.execute(DriverCommandExecutor.java:83)
	at org.openqa.selenium.remote.RemoteWebDriver.execute(RemoteWebDriver.java:552)
	at org.openqa.selenium.remote.RemoteWebDriver.get(RemoteWebDriver.java:277)
	at stepdefinations.HomePageSteps.user_open_the_dietician_website(HomePageSteps.java:29)
	at ✽.User open the Dietician Website(file:///Users/shwethamohanpulle/Documents/Projects/CucumberBDDFramework/src/test/resources/AppFeatures/LinksOfHomePage.feature:5)
</textarea>
      
      </div>
              </div>
              <div class="step skip-bg" title="stepdefinations.LinksOfHomePageSteps.user_is_on_the_home_page()">
                <span>Given User is on the Home page</span>
      <div>Step skipped
      </div>
              </div>
              <div class="step skip-bg" title="stepdefinations.LinksOfHomePageSteps.user_clicks_on_register_link()">
                <span>When User clicks on Register link</span>
      <div>Step skipped
      </div>
              </div>
              <div class="step skip-bg" title="stepdefinations.LinksOfHomePageSteps.user_is_directed_to_about_page()">
                <span>Then User is directed  to About page</span>
      <div>Step skipped
      </div>
              </div>
              <div class="step pass-bg" title="AFTER">
                <span>Hooks.ApplicationHooks.tearDown(io.cucumber.java.Scenario)</span>
      <div>validating_the_About_link_on_home_page
          <div class="row mb-3"><div class="col-md-3">
    <img data-featherlight='../embedded17.png' src="../embedded17.png">
    
    </div></div>
</div>
      <div>
      </div>
              </div>
          </div>
        </div>
  </div>
  <div class="card">
    <div class="card-header" role="tab">
      <div class="card-title">
        <div class="node" id="149"><span class="badge log fail-bg mr-2">Fail</span>validating the Feature link on home page</div>
          <div class="status-avatar float-right mr-4">
            <i class="fa fa-paperclip"></i>
          </div>
      </div>
    </div>
        <div class="">
          <div class="card-body">
              <div class="step pass-bg" title="stepdefinations.HomePageSteps.user_is_on_the_browser()">
                <span>Given User is on the browser</span>
      <div>
      </div>
              </div>
              <div class="step fail-bg" title="stepdefinations.HomePageSteps.user_open_the_dietician_website()">
                <span>When User open the Dietician Website</span>
      <div>
        <textarea disabled class="code-block">org.openqa.selenium.InvalidArgumentException: invalid argument
  (Session info: chrome=102.0.5005.115)
Build info: version: '3.141.59', revision: 'e82be7d358', time: '2018-11-14T08:17:03'
System info: host: 'Shwethas-MacBook-Pro.local', ip: '2601:647:4100:cc20:5969:f579:cca0:9fb7%en0', os.name: 'Mac OS X', os.arch: 'x86_64', os.version: '10.15.7', java.version: '12.0.2'
Driver info: org.openqa.selenium.chrome.ChromeDriver
Capabilities {acceptInsecureCerts: false, browserName: chrome, browserVersion: 102.0.5005.115, chrome: {chromedriverVersion: 102.0.5005.61 (0e59bcc00cc4..., userDataDir: /var/folders/8y/rcqlwqj12nd...}, goog:chromeOptions: {debuggerAddress: localhost:62036}, javascriptEnabled: true, networkConnectionEnabled: false, pageLoadStrategy: normal, platform: MAC, platformName: MAC, proxy: Proxy(), setWindowRect: true, strictFileInteractability: false, timeouts: {implicit: 0, pageLoad: 300000, script: 30000}, unhandledPromptBehavior: dismiss and notify, webauthn:extension:credBlob: true, webauthn:extension:largeBlob: true, webauthn:virtualAuthenticators: true}
Session ID: 79f40599d1464913a074719a50d96677
	at jdk.internal.reflect.GeneratedConstructorAccessor19.newInstance(Unknown Source)
	at java.base/jdk.internal.reflect.DelegatingConstructorAccessorImpl.newInstance(DelegatingConstructorAccessorImpl.java:45)
	at java.base/java.lang.reflect.Constructor.newInstanceWithCaller(Constructor.java:500)
	at java.base/java.lang.reflect.Constructor.newInstance(Constructor.java:481)
	at org.openqa.selenium.remote.http.W3CHttpResponseCodec.createException(W3CHttpResponseCodec.java:187)
	at org.openqa.selenium.remote.http.W3CHttpResponseCodec.decode(W3CHttpResponseCodec.java:122)
	at org.openqa.selenium.remote.http.W3CHttpResponseCodec.decode(W3CHttpResponseCodec.java:49)
	at org.openqa.selenium.remote.HttpCommandExecutor.execute(HttpCommandExecutor.java:158)
	at org.openqa.selenium.remote.service.DriverCommandExecutor.execute(DriverCommandExecutor.java:83)
	at org.openqa.selenium.remote.RemoteWebDriver.execute(RemoteWebDriver.java:552)
	at org.openqa.selenium.remote.RemoteWebDriver.get(RemoteWebDriver.java:277)
	at stepdefinations.HomePageSteps.user_open_the_dietician_website(HomePageSteps.java:29)
	at ✽.User open the Dietician Website(file:///Users/shwethamohanpulle/Documents/Projects/CucumberBDDFramework/src/test/resources/AppFeatures/LinksOfHomePage.feature:5)
</textarea>
      
      </div>
              </div>
              <div class="step skip-bg" title="stepdefinations.LinksOfHomePageSteps.user_is_on_the_home_page()">
                <span>Given User is on the Home page</span>
      <div>Step skipped
      </div>
              </div>
              <div class="step skip-bg" title="stepdefinations.LinksOfHomePageSteps.user_clicks_on_feature_link()">
                <span>When User clicks on Feature  link</span>
      <div>Step skipped
      </div>
              </div>
              <div class="step skip-bg" title="stepdefinations.LinksOfHomePageSteps.user_is_directed_to_featured_content_page()">
                <span>Then User is directed  to Featured content page</span>
      <div>Step skipped
      </div>
              </div>
              <div class="step pass-bg" title="AFTER">
                <span>Hooks.ApplicationHooks.tearDown(io.cucumber.java.Scenario)</span>
      <div>validating_the_Feature_link_on_home_page
          <div class="row mb-3"><div class="col-md-3">
    <img data-featherlight='../embedded18.png' src="../embedded18.png">
    
    </div></div>
</div>
      <div>
      </div>
              </div>
          </div>
        </div>
  </div>
  <div class="card">
    <div class="card-header" role="tab">
      <div class="card-title">
        <div class="node" id="159"><span class="badge log fail-bg mr-2">Fail</span>validating the Blogs link on home page</div>
          <div class="status-avatar float-right mr-4">
            <i class="fa fa-paperclip"></i>
          </div>
      </div>
    </div>
        <div class="">
          <div class="card-body">
              <div class="step pass-bg" title="stepdefinations.HomePageSteps.user_is_on_the_browser()">
                <span>Given User is on the browser</span>
      <div>
      </div>
              </div>
              <div class="step fail-bg" title="stepdefinations.HomePageSteps.user_open_the_dietician_website()">
                <span>When User open the Dietician Website</span>
      <div>
        <textarea disabled class="code-block">org.openqa.selenium.InvalidArgumentException: invalid argument
  (Session info: chrome=102.0.5005.115)
Build info: version: '3.141.59', revision: 'e82be7d358', time: '2018-11-14T08:17:03'
System info: host: 'Shwethas-MacBook-Pro.local', ip: '2601:647:4100:cc20:5969:f579:cca0:9fb7%en0', os.name: 'Mac OS X', os.arch: 'x86_64', os.version: '10.15.7', java.version: '12.0.2'
Driver info: org.openqa.selenium.chrome.ChromeDriver
Capabilities {acceptInsecureCerts: false, browserName: chrome, browserVersion: 102.0.5005.115, chrome: {chromedriverVersion: 102.0.5005.61 (0e59bcc00cc4..., userDataDir: /var/folders/8y/rcqlwqj12nd...}, goog:chromeOptions: {debuggerAddress: localhost:62048}, javascriptEnabled: true, networkConnectionEnabled: false, pageLoadStrategy: normal, platform: MAC, platformName: MAC, proxy: Proxy(), setWindowRect: true, strictFileInteractability: false, timeouts: {implicit: 0, pageLoad: 300000, script: 30000}, unhandledPromptBehavior: dismiss and notify, webauthn:extension:credBlob: true, webauthn:extension:largeBlob: true, webauthn:virtualAuthenticators: true}
Session ID: abceeb50fe0c3f2d4e7222242b4ac28c
	at jdk.internal.reflect.GeneratedConstructorAccessor19.newInstance(Unknown Source)
	at java.base/jdk.internal.reflect.DelegatingConstructorAccessorImpl.newInstance(DelegatingConstructorAccessorImpl.java:45)
	at java.base/java.lang.reflect.Constructor.newInstanceWithCaller(Constructor.java:500)
	at java.base/java.lang.reflect.Constructor.newInstance(Constructor.java:481)
	at org.openqa.selenium.remote.http.W3CHttpResponseCodec.createException(W3CHttpResponseCodec.java:187)
	at org.openqa.selenium.remote.http.W3CHttpResponseCodec.decode(W3CHttpResponseCodec.java:122)
	at org.openqa.selenium.remote.http.W3CHttpResponseCodec.decode(W3CHttpResponseCodec.java:49)
	at org.openqa.selenium.remote.HttpCommandExecutor.execute(HttpCommandExecutor.java:158)
	at org.openqa.selenium.remote.service.DriverCommandExecutor.execute(DriverCommandExecutor.java:83)
	at org.openqa.selenium.remote.RemoteWebDriver.execute(RemoteWebDriver.java:552)
	at org.openqa.selenium.remote.RemoteWebDriver.get(RemoteWebDriver.java:277)
	at stepdefinations.HomePageSteps.user_open_the_dietician_website(HomePageSteps.java:29)
	at ✽.User open the Dietician Website(file:///Users/shwethamohanpulle/Documents/Projects/CucumberBDDFramework/src/test/resources/AppFeatures/LinksOfHomePage.feature:5)
</textarea>
      
      </div>
              </div>
              <div class="step skip-bg" title="stepdefinations.LinksOfHomePageSteps.user_is_on_the_home_page()">
                <span>Given User is on the Home page</span>
      <div>Step skipped
      </div>
              </div>
              <div class="step skip-bg" title="stepdefinations.LinksOfHomePageSteps.user_clicks_on_blogs_link()">
                <span>When User clicks on Blogs link</span>
      <div>Step skipped
      </div>
              </div>
              <div class="step skip-bg" title="stepdefinations.LinksOfHomePageSteps.user_is_directed_to_blogs_page()">
                <span>Then User is directed  to Blogs page</span>
      <div>Step skipped
      </div>
              </div>
              <div class="step pass-bg" title="AFTER">
                <span>Hooks.ApplicationHooks.tearDown(io.cucumber.java.Scenario)</span>
      <div>validating_the_Blogs_link_on_home_page
          <div class="row mb-3"><div class="col-md-3">
    <img data-featherlight='../embedded19.png' src="../embedded19.png">
    
    </div></div>
</div>
      <div>
      </div>
              </div>
          </div>
        </div>
  </div>
  <div class="card">
    <div class="card-header" role="tab">
      <div class="card-title">
        <div class="node" id="169"><span class="badge log fail-bg mr-2">Fail</span>validating the Contact uslink on home page</div>
          <div class="status-avatar float-right mr-4">
            <i class="fa fa-paperclip"></i>
          </div>
      </div>
    </div>
        <div class="">
          <div class="card-body">
              <div class="step pass-bg" title="stepdefinations.HomePageSteps.user_is_on_the_browser()">
                <span>Given User is on the browser</span>
      <div>
      </div>
              </div>
              <div class="step fail-bg" title="stepdefinations.HomePageSteps.user_open_the_dietician_website()">
                <span>When User open the Dietician Website</span>
      <div>
        <textarea disabled class="code-block">org.openqa.selenium.InvalidArgumentException: invalid argument
  (Session info: chrome=102.0.5005.115)
Build info: version: '3.141.59', revision: 'e82be7d358', time: '2018-11-14T08:17:03'
System info: host: 'Shwethas-MacBook-Pro.local', ip: '2601:647:4100:cc20:5969:f579:cca0:9fb7%en0', os.name: 'Mac OS X', os.arch: 'x86_64', os.version: '10.15.7', java.version: '12.0.2'
Driver info: org.openqa.selenium.chrome.ChromeDriver
Capabilities {acceptInsecureCerts: false, browserName: chrome, browserVersion: 102.0.5005.115, chrome: {chromedriverVersion: 102.0.5005.61 (0e59bcc00cc4..., userDataDir: /var/folders/8y/rcqlwqj12nd...}, goog:chromeOptions: {debuggerAddress: localhost:62060}, javascriptEnabled: true, networkConnectionEnabled: false, pageLoadStrategy: normal, platform: MAC, platformName: MAC, proxy: Proxy(), setWindowRect: true, strictFileInteractability: false, timeouts: {implicit: 0, pageLoad: 300000, script: 30000}, unhandledPromptBehavior: dismiss and notify, webauthn:extension:credBlob: true, webauthn:extension:largeBlob: true, webauthn:virtualAuthenticators: true}
Session ID: 9e5a6b64019e14bfb955e408513a8c04
	at jdk.internal.reflect.GeneratedConstructorAccessor19.newInstance(Unknown Source)
	at java.base/jdk.internal.reflect.DelegatingConstructorAccessorImpl.newInstance(DelegatingConstructorAccessorImpl.java:45)
	at java.base/java.lang.reflect.Constructor.newInstanceWithCaller(Constructor.java:500)
	at java.base/java.lang.reflect.Constructor.newInstance(Constructor.java:481)
	at org.openqa.selenium.remote.http.W3CHttpResponseCodec.createException(W3CHttpResponseCodec.java:187)
	at org.openqa.selenium.remote.http.W3CHttpResponseCodec.decode(W3CHttpResponseCodec.java:122)
	at org.openqa.selenium.remote.http.W3CHttpResponseCodec.decode(W3CHttpResponseCodec.java:49)
	at org.openqa.selenium.remote.HttpCommandExecutor.execute(HttpCommandExecutor.java:158)
	at org.openqa.selenium.remote.service.DriverCommandExecutor.execute(DriverCommandExecutor.java:83)
	at org.openqa.selenium.remote.RemoteWebDriver.execute(RemoteWebDriver.java:552)
	at org.openqa.selenium.remote.RemoteWebDriver.get(RemoteWebDriver.java:277)
	at stepdefinations.HomePageSteps.user_open_the_dietician_website(HomePageSteps.java:29)
	at ✽.User open the Dietician Website(file:///Users/shwethamohanpulle/Documents/Projects/CucumberBDDFramework/src/test/resources/AppFeatures/LinksOfHomePage.feature:5)
</textarea>
      
      </div>
              </div>
              <div class="step skip-bg" title="stepdefinations.LinksOfHomePageSteps.user_is_on_the_home_page()">
                <span>Given User is on the Home page</span>
      <div>Step skipped
      </div>
              </div>
              <div class="step skip-bg" title="stepdefinations.LinksOfHomePageSteps.user_clicks_on_contact_us_link()">
                <span>When User clicks on Contact us link</span>
      <div>Step skipped
      </div>
              </div>
              <div class="step skip-bg" title="stepdefinations.LinksOfHomePageSteps.user_is_directed_to_contact_us_page()">
                <span>Then User is directed  to Contact us page</span>
      <div>Step skipped
      </div>
              </div>
              <div class="step pass-bg" title="AFTER">
                <span>Hooks.ApplicationHooks.tearDown(io.cucumber.java.Scenario)</span>
      <div>validating_the_Contact_uslink_on_home_page
          <div class="row mb-3"><div class="col-md-3">
    <img data-featherlight='../embedded20.png' src="../embedded20.png">
    
    </div></div>
</div>
      <div>
      </div>
              </div>
          </div>
        </div>
  </div>
</div>
          </div>
        </li>
        <li class="test-item"  status="fail" test-id="179"
          author=""
          tag=""
          device="">
          <div class="test-detail">
            <p class="name">Register page of the application</p>
            <p class="text-sm">
              <span>17:37:24 PM</span> / <span>00:00:16:918</span>
              <span class="badge fail-bg log float-right">Fail</span>
            </p>
          </div>
          <div class="test-contents d-none">
<div class="detail-head">
<div class="p-v-10">
<div class="info">
<h5 class="test-status text-fail">Register page of the application</h5>
<span class='badge badge-success'>06.15.2022 17:37:24</span>
<span class='badge badge-danger'>06.15.2022 17:37:40</span>
<span class='badge badge-default'>00:00:16:918</span>
&middot; <span class='uri-anchor badge badge-default'>#test-id=179</span>
</div>
<div class="m-t-10 m-l-5"></div>
</div>
</div>
<div class="accordion mt-4">
  <div class="card">
    <div class="card-header" role="tab">
      <div class="card-title">
        <div class="node" id="180"><span class="badge log fail-bg mr-2">Fail</span>Validating the Title of Register page</div>
          <div class="status-avatar float-right mr-4">
            <i class="fa fa-paperclip"></i>
          </div>
      </div>
    </div>
        <div class="">
          <div class="card-body">
              <div class="step pass-bg" title="stepdefinations.HomePageSteps.user_is_on_the_browser()">
                <span>Given User is on the browser</span>
      <div>
      </div>
              </div>
              <div class="step fail-bg" title="stepdefinations.RegisterPage1Steps.user_is_on_dietician_website()">
                <span>Given User is on Dietician  website</span>
      <div>
        <textarea disabled class="code-block">org.openqa.selenium.InvalidArgumentException: invalid argument
  (Session info: chrome=102.0.5005.115)
Build info: version: '3.141.59', revision: 'e82be7d358', time: '2018-11-14T08:17:03'
System info: host: 'Shwethas-MacBook-Pro.local', ip: '2601:647:4100:cc20:5969:f579:cca0:9fb7%en0', os.name: 'Mac OS X', os.arch: 'x86_64', os.version: '10.15.7', java.version: '12.0.2'
Driver info: org.openqa.selenium.chrome.ChromeDriver
Capabilities {acceptInsecureCerts: false, browserName: chrome, browserVersion: 102.0.5005.115, chrome: {chromedriverVersion: 102.0.5005.61 (0e59bcc00cc4..., userDataDir: /var/folders/8y/rcqlwqj12nd...}, goog:chromeOptions: {debuggerAddress: localhost:62073}, javascriptEnabled: true, networkConnectionEnabled: false, pageLoadStrategy: normal, platform: MAC, platformName: MAC, proxy: Proxy(), setWindowRect: true, strictFileInteractability: false, timeouts: {implicit: 0, pageLoad: 300000, script: 30000}, unhandledPromptBehavior: dismiss and notify, webauthn:extension:credBlob: true, webauthn:extension:largeBlob: true, webauthn:virtualAuthenticators: true}
Session ID: 13e786794962a7c8548b983cbe27b15c
	at jdk.internal.reflect.GeneratedConstructorAccessor19.newInstance(Unknown Source)
	at java.base/jdk.internal.reflect.DelegatingConstructorAccessorImpl.newInstance(DelegatingConstructorAccessorImpl.java:45)
	at java.base/java.lang.reflect.Constructor.newInstanceWithCaller(Constructor.java:500)
	at java.base/java.lang.reflect.Constructor.newInstance(Constructor.java:481)
	at org.openqa.selenium.remote.http.W3CHttpResponseCodec.createException(W3CHttpResponseCodec.java:187)
	at org.openqa.selenium.remote.http.W3CHttpResponseCodec.decode(W3CHttpResponseCodec.java:122)
	at org.openqa.selenium.remote.http.W3CHttpResponseCodec.decode(W3CHttpResponseCodec.java:49)
	at org.openqa.selenium.remote.HttpCommandExecutor.execute(HttpCommandExecutor.java:158)
	at org.openqa.selenium.remote.service.DriverCommandExecutor.execute(DriverCommandExecutor.java:83)
	at org.openqa.selenium.remote.RemoteWebDriver.execute(RemoteWebDriver.java:552)
	at org.openqa.selenium.remote.RemoteWebDriver.get(RemoteWebDriver.java:277)
	at stepdefinations.RegisterPage1Steps.user_is_on_dietician_website(RegisterPage1Steps.java:22)
	at ✽.User is on Dietician  website(file:///Users/shwethamohanpulle/Documents/Projects/CucumberBDDFramework/src/test/resources/AppFeatures/RegisterPage1.feature:8)
</textarea>
      
      </div>
              </div>
              <div class="step skip-bg" title="stepdefinations.RegisterPage1Steps.user_lands_on_register_page()">
                <span>When User lands on Register page</span>
      <div>Step skipped
      </div>
              </div>
              <div class="step skip-bg" title="stepdefinations.RegisterPage1Steps.user_should_see_the_title_of_the_page_as(java.lang.String)">
                <span>Then User should see the title of the page as "Register"</span>
      <div>Step skipped
      </div>
              </div>
              <div class="step pass-bg" title="AFTER">
                <span>Hooks.ApplicationHooks.tearDown(io.cucumber.java.Scenario)</span>
      <div>Validating_the_Title_of_Register_page
          <div class="row mb-3"><div class="col-md-3">
    <img data-featherlight='../embedded21.png' src="../embedded21.png">
    
    </div></div>
</div>
      <div>
      </div>
              </div>
          </div>
        </div>
  </div>
  <div class="card">
    <div class="card-header" role="tab">
      <div class="card-title">
        <div class="node" id="189"><span class="badge log fail-bg mr-2">Fail</span>Validating the Register page mandatory fields</div>
          <div class="status-avatar float-right mr-4">
            <i class="fa fa-paperclip"></i>
          </div>
      </div>
    </div>
        <div class="">
          <div class="card-body">
              <div class="step pass-bg" title="stepdefinations.HomePageSteps.user_is_on_the_browser()">
                <span>Given User is on the browser</span>
      <div>
      </div>
              </div>
              <div class="step fail-bg" title="stepdefinations.RegisterPage1Steps.user_is_on_dietician_website()">
                <span>Given User is on Dietician  website</span>
      <div>
        <textarea disabled class="code-block">org.openqa.selenium.InvalidArgumentException: invalid argument
  (Session info: chrome=102.0.5005.115)
Build info: version: '3.141.59', revision: 'e82be7d358', time: '2018-11-14T08:17:03'
System info: host: 'Shwethas-MacBook-Pro.local', ip: '2601:647:4100:cc20:5969:f579:cca0:9fb7%en0', os.name: 'Mac OS X', os.arch: 'x86_64', os.version: '10.15.7', java.version: '12.0.2'
Driver info: org.openqa.selenium.chrome.ChromeDriver
Capabilities {acceptInsecureCerts: false, browserName: chrome, browserVersion: 102.0.5005.115, chrome: {chromedriverVersion: 102.0.5005.61 (0e59bcc00cc4..., userDataDir: /var/folders/8y/rcqlwqj12nd...}, goog:chromeOptions: {debuggerAddress: localhost:62085}, javascriptEnabled: true, networkConnectionEnabled: false, pageLoadStrategy: normal, platform: MAC, platformName: MAC, proxy: Proxy(), setWindowRect: true, strictFileInteractability: false, timeouts: {implicit: 0, pageLoad: 300000, script: 30000}, unhandledPromptBehavior: dismiss and notify, webauthn:extension:credBlob: true, webauthn:extension:largeBlob: true, webauthn:virtualAuthenticators: true}
Session ID: d5da82a2e55036c63ead5349908fb548
	at jdk.internal.reflect.GeneratedConstructorAccessor19.newInstance(Unknown Source)
	at java.base/jdk.internal.reflect.DelegatingConstructorAccessorImpl.newInstance(DelegatingConstructorAccessorImpl.java:45)
	at java.base/java.lang.reflect.Constructor.newInstanceWithCaller(Constructor.java:500)
	at java.base/java.lang.reflect.Constructor.newInstance(Constructor.java:481)
	at org.openqa.selenium.remote.http.W3CHttpResponseCodec.createException(W3CHttpResponseCodec.java:187)
	at org.openqa.selenium.remote.http.W3CHttpResponseCodec.decode(W3CHttpResponseCodec.java:122)
	at org.openqa.selenium.remote.http.W3CHttpResponseCodec.decode(W3CHttpResponseCodec.java:49)
	at org.openqa.selenium.remote.HttpCommandExecutor.execute(HttpCommandExecutor.java:158)
	at org.openqa.selenium.remote.service.DriverCommandExecutor.execute(DriverCommandExecutor.java:83)
	at org.openqa.selenium.remote.RemoteWebDriver.execute(RemoteWebDriver.java:552)
	at org.openqa.selenium.remote.RemoteWebDriver.get(RemoteWebDriver.java:277)
	at stepdefinations.RegisterPage1Steps.user_is_on_dietician_website(RegisterPage1Steps.java:22)
	at ✽.User is on Dietician  website(file:///Users/shwethamohanpulle/Documents/Projects/CucumberBDDFramework/src/test/resources/AppFeatures/RegisterPage1.feature:13)
</textarea>
      
      </div>
              </div>
              <div class="step skip-bg" title="stepdefinations.RegisterPage1Steps.user_lands_on_register_page()">
                <span>When User lands on Register page</span>
      <div>Step skipped
      </div>
              </div>
              <div class="step skip-bg" title="stepdefinations.RegisterPage1Steps.user_should_see_all_the_mandatory_fields_with_star_symbol()">
                <span>Then User should see all the mandatory fields with star symbol</span>
      <div>Step skipped
      </div>
              </div>
              <div class="step pass-bg" title="AFTER">
                <span>Hooks.ApplicationHooks.tearDown(io.cucumber.java.Scenario)</span>
      <div>Validating_the_Register_page_mandatory_fields
          <div class="row mb-3"><div class="col-md-3">
    <img data-featherlight='../embedded22.png' src="../embedded22.png">
    
    </div></div>
</div>
      <div>
      </div>
              </div>
          </div>
        </div>
  </div>
  <div class="card">
    <div class="card-header" role="tab">
      <div class="card-title">
        <div class="node" id="198"><span class="badge log fail-bg mr-2">Fail</span>validating the Sign up form Heading</div>
          <div class="status-avatar float-right mr-4">
            <i class="fa fa-paperclip"></i>
          </div>
      </div>
    </div>
        <div class="">
          <div class="card-body">
              <div class="step pass-bg" title="stepdefinations.HomePageSteps.user_is_on_the_browser()">
                <span>Given User is on the browser</span>
      <div>
      </div>
              </div>
              <div class="step fail-bg" title="stepdefinations.RegisterPage1Steps.user_is_on_dietician_website()">
                <span>Given User is on Dietician  website</span>
      <div>
        <textarea disabled class="code-block">org.openqa.selenium.InvalidArgumentException: invalid argument
  (Session info: chrome=102.0.5005.115)
Build info: version: '3.141.59', revision: 'e82be7d358', time: '2018-11-14T08:17:03'
System info: host: 'Shwethas-MacBook-Pro.local', ip: '2601:647:4100:cc20:5969:f579:cca0:9fb7%en0', os.name: 'Mac OS X', os.arch: 'x86_64', os.version: '10.15.7', java.version: '12.0.2'
Driver info: org.openqa.selenium.chrome.ChromeDriver
Capabilities {acceptInsecureCerts: false, browserName: chrome, browserVersion: 102.0.5005.115, chrome: {chromedriverVersion: 102.0.5005.61 (0e59bcc00cc4..., userDataDir: /var/folders/8y/rcqlwqj12nd...}, goog:chromeOptions: {debuggerAddress: localhost:62098}, javascriptEnabled: true, networkConnectionEnabled: false, pageLoadStrategy: normal, platform: MAC, platformName: MAC, proxy: Proxy(), setWindowRect: true, strictFileInteractability: false, timeouts: {implicit: 0, pageLoad: 300000, script: 30000}, unhandledPromptBehavior: dismiss and notify, webauthn:extension:credBlob: true, webauthn:extension:largeBlob: true, webauthn:virtualAuthenticators: true}
Session ID: c0199c97605303a958b424474bf5b4e5
	at jdk.internal.reflect.GeneratedConstructorAccessor19.newInstance(Unknown Source)
	at java.base/jdk.internal.reflect.DelegatingConstructorAccessorImpl.newInstance(DelegatingConstructorAccessorImpl.java:45)
	at java.base/java.lang.reflect.Constructor.newInstanceWithCaller(Constructor.java:500)
	at java.base/java.lang.reflect.Constructor.newInstance(Constructor.java:481)
	at org.openqa.selenium.remote.http.W3CHttpResponseCodec.createException(W3CHttpResponseCodec.java:187)
	at org.openqa.selenium.remote.http.W3CHttpResponseCodec.decode(W3CHttpResponseCodec.java:122)
	at org.openqa.selenium.remote.http.W3CHttpResponseCodec.decode(W3CHttpResponseCodec.java:49)
	at org.openqa.selenium.remote.HttpCommandExecutor.execute(HttpCommandExecutor.java:158)
	at org.openqa.selenium.remote.service.DriverCommandExecutor.execute(DriverCommandExecutor.java:83)
	at org.openqa.selenium.remote.RemoteWebDriver.execute(RemoteWebDriver.java:552)
	at org.openqa.selenium.remote.RemoteWebDriver.get(RemoteWebDriver.java:277)
	at stepdefinations.RegisterPage1Steps.user_is_on_dietician_website(RegisterPage1Steps.java:22)
	at ✽.User is on Dietician  website(file:///Users/shwethamohanpulle/Documents/Projects/CucumberBDDFramework/src/test/resources/AppFeatures/RegisterPage1.feature:18)
</textarea>
      
      </div>
              </div>
              <div class="step skip-bg" title="stepdefinations.RegisterPage1Steps.user_lands_on_register_page()">
                <span>When User lands on Register page</span>
      <div>Step skipped
      </div>
              </div>
              <div class="step skip-bg" title="stepdefinations.RegisterPage1Steps.user_should_see_a_form_with_heading(boolean)">
                <span>Then User should see a  Register form with heading "Sign Up form"</span>
      <div>Step skipped
      </div>
              </div>
              <div class="step pass-bg" title="AFTER">
                <span>Hooks.ApplicationHooks.tearDown(io.cucumber.java.Scenario)</span>
      <div>validating_the_Sign_up_form_Heading
          <div class="row mb-3"><div class="col-md-3">
    <img data-featherlight='../embedded23.png' src="../embedded23.png">
    
    </div></div>
</div>
      <div>
      </div>
              </div>
          </div>
        </div>
  </div>
  <div class="card">
    <div class="card-header" role="tab">
      <div class="card-title">
        <div class="node" id="207"><span class="badge log fail-bg mr-2">Fail</span>validating the Sign up processs with empty fields</div>
          <div class="status-avatar float-right mr-4">
            <i class="fa fa-paperclip"></i>
          </div>
      </div>
    </div>
        <div class="">
          <div class="card-body">
              <div class="step pass-bg" title="stepdefinations.HomePageSteps.user_is_on_the_browser()">
                <span>Given User is on the browser</span>
      <div>
      </div>
              </div>
              <div class="step fail-bg" title="stepdefinations.RegisterPage1Steps.user_is_on_register_page()">
                <span>Given User is on Register page</span>
      <div>
        <textarea disabled class="code-block">java.lang.NullPointerException
	at stepdefinations.RegisterPage1Steps.user_is_on_register_page(RegisterPage1Steps.java:51)
	at ✽.User is on Register page(file:///Users/shwethamohanpulle/Documents/Projects/CucumberBDDFramework/src/test/resources/AppFeatures/RegisterPage1.feature:23)
</textarea>
      
      </div>
              </div>
              <div class="step skip-bg" title="stepdefinations.RegisterPage1Steps.user_clicks_on_sign_up_button_with_all_fields_empty()">
                <span>When User clicks on sign up button with all fields empty</span>
      <div>Step skipped
      </div>
              </div>
              <div class="step skip-bg" title="stepdefinations.RegisterPage1Steps.user_should_see_a_message(java.lang.String)">
                <span>Then User should see a message "mandatory fields cannot be empty"</span>
      <div>Step skipped
      </div>
              </div>
              <div class="step pass-bg" title="AFTER">
                <span>Hooks.ApplicationHooks.tearDown(io.cucumber.java.Scenario)</span>
      <div>validating_the_Sign_up_processs_with_empty_fields
          <div class="row mb-3"><div class="col-md-3">
    <img data-featherlight='../embedded24.png' src="../embedded24.png">
    
    </div></div>
</div>
      <div>
      </div>
              </div>
          </div>
        </div>
  </div>
  <div class="card">
    <div class="card-header" role="tab">
      <div class="card-title">
        <div class="node" id="216"><span class="badge log fail-bg mr-2">Fail</span>validating the Sign up processs with invalid First Name</div>
          <div class="status-avatar float-right mr-4">
            <i class="fa fa-paperclip"></i>
          </div>
      </div>
    </div>
        <div class="">
          <div class="card-body">
              <div class="step pass-bg" title="stepdefinations.HomePageSteps.user_is_on_the_browser()">
                <span>Given User is on the browser</span>
      <div>
      </div>
              </div>
              <div class="step fail-bg" title="stepdefinations.RegisterPage1Steps.user_is_on_register_page()">
                <span>Given User is on Register page</span>
      <div>
        <textarea disabled class="code-block">java.lang.NullPointerException
	at stepdefinations.RegisterPage1Steps.user_is_on_register_page(RegisterPage1Steps.java:51)
	at ✽.User is on Register page(file:///Users/shwethamohanpulle/Documents/Projects/CucumberBDDFramework/src/test/resources/AppFeatures/RegisterPage1.feature:29)
</textarea>
      
      </div>
              </div>
              <div class="step skip-bg" title="stepdefinations.RegisterPage1Steps.user_enters_inavalid_first_name(io.cucumber.datatable.DataTable)">
                <span>When User enters inavalid first name</span>
      <div><table class='markup-table table '><tr><td>csfdefjh</td></tr></table>
      </div>
      <div>Step skipped
      </div>
              </div>
              <div class="step skip-bg" title="stepdefinations.RegisterPage1Steps.user_clicks_on_sign_up_button()">
                <span>Then User clicks on sign up button</span>
      <div>Step skipped
      </div>
              </div>
              <div class="step skip-bg" title="stepdefinations.RegisterPage1Steps.user_should_see_a_message(java.lang.String)">
                <span>Then User should see a message "inavlid data entered for First name"</span>
      <div>Step skipped
      </div>
              </div>
              <div class="step pass-bg" title="AFTER">
                <span>Hooks.ApplicationHooks.tearDown(io.cucumber.java.Scenario)</span>
      <div>validating_the_Sign_up_processs_with_invalid_First_Name
          <div class="row mb-3"><div class="col-md-3">
    <img data-featherlight='../embedded25.png' src="../embedded25.png">
    
    </div></div>
</div>
      <div>
      </div>
              </div>
          </div>
        </div>
  </div>
  <div class="card">
    <div class="card-header" role="tab">
      <div class="card-title">
        <div class="node" id="226"><span class="badge log fail-bg mr-2">Fail</span>validating the Sign up processs with invalid First Name</div>
          <div class="status-avatar float-right mr-4">
            <i class="fa fa-paperclip"></i>
          </div>
      </div>
    </div>
        <div class="">
          <div class="card-body">
              <div class="step pass-bg" title="stepdefinations.HomePageSteps.user_is_on_the_browser()">
                <span>Given User is on the browser</span>
      <div>
      </div>
              </div>
              <div class="step fail-bg" title="stepdefinations.RegisterPage1Steps.user_is_on_register_page()">
                <span>Given User is on Register page</span>
      <div>
        <textarea disabled class="code-block">java.lang.NullPointerException
	at stepdefinations.RegisterPage1Steps.user_is_on_register_page(RegisterPage1Steps.java:51)
	at ✽.User is on Register page(file:///Users/shwethamohanpulle/Documents/Projects/CucumberBDDFramework/src/test/resources/AppFeatures/RegisterPage1.feature:37)
</textarea>
      
      </div>
              </div>
              <div class="step skip-bg" title="stepdefinations.RegisterPage1Steps.user_clicks_on_sign_up_button_with_inavalid_first_name()">
                <span>When User clicks on sign up button with inavalid first name</span>
      <div>Step skipped
      </div>
              </div>
              <div class="step skip-bg" title="stepdefinations.RegisterPage1Steps.user_should_see_a_message(java.lang.String)">
                <span>Then User should see a message "inavlid data entered for First name"</span>
      <div>Step skipped
      </div>
              </div>
              <div class="step pass-bg" title="AFTER">
                <span>Hooks.ApplicationHooks.tearDown(io.cucumber.java.Scenario)</span>
      <div>validating_the_Sign_up_processs_with_invalid_First_Name
          <div class="row mb-3"><div class="col-md-3">
    <img data-featherlight='../embedded26.png' src="../embedded26.png">
    
    </div></div>
</div>
      <div>
      </div>
              </div>
          </div>
        </div>
  </div>
  <div class="card">
    <div class="card-header" role="tab">
      <div class="card-title">
        <div class="node" id="235"><span class="badge log fail-bg mr-2">Fail</span>validating the Sign up processs with invalid last name</div>
          <div class="status-avatar float-right mr-4">
            <i class="fa fa-paperclip"></i>
          </div>
      </div>
    </div>
        <div class="">
          <div class="card-body">
              <div class="step pass-bg" title="stepdefinations.HomePageSteps.user_is_on_the_browser()">
                <span>Given User is on the browser</span>
      <div>
      </div>
              </div>
              <div class="step fail-bg" title="stepdefinations.RegisterPage1Steps.user_is_on_register_page()">
                <span>Given User is on Register page</span>
      <div>
        <textarea disabled class="code-block">java.lang.NullPointerException
	at stepdefinations.RegisterPage1Steps.user_is_on_register_page(RegisterPage1Steps.java:51)
	at ✽.User is on Register page(file:///Users/shwethamohanpulle/Documents/Projects/CucumberBDDFramework/src/test/resources/AppFeatures/RegisterPage1.feature:43)
</textarea>
      
      </div>
              </div>
              <div class="step skip-bg" title="stepdefinations.RegisterPage1Steps.user_clicks_on_sign_up_button_with_inavalid_last_name()">
                <span>When User clicks on sign up button with inavalid last name</span>
      <div>Step skipped
      </div>
              </div>
              <div class="step skip-bg" title="stepdefinations.RegisterPage1Steps.user_should_see_a_message(java.lang.String)">
                <span>Then User should see a message "inavlid data entered for Last name"</span>
      <div>Step skipped
      </div>
              </div>
              <div class="step pass-bg" title="AFTER">
                <span>Hooks.ApplicationHooks.tearDown(io.cucumber.java.Scenario)</span>
      <div>validating_the_Sign_up_processs_with_invalid_last_name
          <div class="row mb-3"><div class="col-md-3">
    <img data-featherlight='../embedded27.png' src="../embedded27.png">
    
    </div></div>
</div>
      <div>
      </div>
              </div>
          </div>
        </div>
  </div>
  <div class="card">
    <div class="card-header" role="tab">
      <div class="card-title">
        <div class="node" id="244"><span class="badge log fail-bg mr-2">Fail</span>validating the Sign up processs with invalid Moblie Number</div>
          <div class="status-avatar float-right mr-4">
            <i class="fa fa-paperclip"></i>
          </div>
      </div>
    </div>
        <div class="">
          <div class="card-body">
              <div class="step pass-bg" title="stepdefinations.HomePageSteps.user_is_on_the_browser()">
                <span>Given User is on the browser</span>
      <div>
      </div>
              </div>
              <div class="step fail-bg" title="stepdefinations.RegisterPage1Steps.user_is_on_register_page()">
                <span>Given User is on Register page</span>
      <div>
        <textarea disabled class="code-block">java.lang.NullPointerException
	at stepdefinations.RegisterPage1Steps.user_is_on_register_page(RegisterPage1Steps.java:51)
	at ✽.User is on Register page(file:///Users/shwethamohanpulle/Documents/Projects/CucumberBDDFramework/src/test/resources/AppFeatures/RegisterPage1.feature:49)
</textarea>
      
      </div>
              </div>
              <div class="step skip-bg" >
                <span>When User clicks on sign up button with incorrect moblie number</span>
      <div>Step skipped
      </div>
              </div>
              <div class="step skip-bg" title="stepdefinations.RegisterPage1Steps.user_should_see_a_message(java.lang.String)">
                <span>Then User should see a message "inavlid data entered for Mobile Number"</span>
      <div>Step skipped
      </div>
              </div>
              <div class="step pass-bg" title="AFTER">
                <span>Hooks.ApplicationHooks.tearDown(io.cucumber.java.Scenario)</span>
      <div>validating_the_Sign_up_processs_with_invalid_Moblie_Number
          <div class="row mb-3"><div class="col-md-3">
    <img data-featherlight='../embedded28.png' src="../embedded28.png">
    
    </div></div>
</div>
      <div>
      </div>
              </div>
          </div>
        </div>
  </div>
  <div class="card">
    <div class="card-header" role="tab">
      <div class="card-title">
        <div class="node" id="253"><span class="badge log fail-bg mr-2">Fail</span>validating the Sign up processs with invalid Any other field</div>
          <div class="status-avatar float-right mr-4">
            <i class="fa fa-paperclip"></i>
          </div>
      </div>
    </div>
        <div class="">
          <div class="card-body">
              <div class="step pass-bg" title="stepdefinations.HomePageSteps.user_is_on_the_browser()">
                <span>Given User is on the browser</span>
      <div>
      </div>
              </div>
              <div class="step fail-bg" title="stepdefinations.RegisterPage1Steps.user_is_on_register_page()">
                <span>Given User is on Register page</span>
      <div>
        <textarea disabled class="code-block">java.lang.NullPointerException
	at stepdefinations.RegisterPage1Steps.user_is_on_register_page(RegisterPage1Steps.java:51)
	at ✽.User is on Register page(file:///Users/shwethamohanpulle/Documents/Projects/CucumberBDDFramework/src/test/resources/AppFeatures/RegisterPage1.feature:55)
</textarea>
      
      </div>
              </div>
              <div class="step skip-bg" >
                <span>When User clicks on sign up button with invalid any other field</span>
      <div>Step skipped
      </div>
              </div>
              <div class="step skip-bg" title="stepdefinations.RegisterPage1Steps.user_should_see_a_message(java.lang.String)">
                <span>Then User should see a message "inavlid data entered for Any other field"</span>
      <div>Step skipped
      </div>
              </div>
              <div class="step pass-bg" title="AFTER">
                <span>Hooks.ApplicationHooks.tearDown(io.cucumber.java.Scenario)</span>
      <div>validating_the_Sign_up_processs_with_invalid_Any_other_field
          <div class="row mb-3"><div class="col-md-3">
    <img data-featherlight='../embedded29.png' src="../embedded29.png">
    
    </div></div>
</div>
      <div>
      </div>
              </div>
          </div>
        </div>
  </div>
  <div class="card">
    <div class="card-header" role="tab">
      <div class="card-title">
        <div class="node" id="262"><span class="badge log fail-bg mr-2">Fail</span>validating the Sign up processs with invalid Email</div>
          <div class="status-avatar float-right mr-4">
            <i class="fa fa-paperclip"></i>
          </div>
      </div>
    </div>
        <div class="">
          <div class="card-body">
              <div class="step pass-bg" title="stepdefinations.HomePageSteps.user_is_on_the_browser()">
                <span>Given User is on the browser</span>
      <div>
      </div>
              </div>
              <div class="step fail-bg" title="stepdefinations.RegisterPage1Steps.user_is_on_register_page()">
                <span>Given User is on Register page</span>
      <div>
        <textarea disabled class="code-block">java.lang.NullPointerException
	at stepdefinations.RegisterPage1Steps.user_is_on_register_page(RegisterPage1Steps.java:51)
	at ✽.User is on Register page(file:///Users/shwethamohanpulle/Documents/Projects/CucumberBDDFramework/src/test/resources/AppFeatures/RegisterPage1.feature:61)
</textarea>
      
      </div>
              </div>
              <div class="step skip-bg" title="stepdefinations.RegisterPage1Steps.user_clicks_on_sign_up_button_with_invalid_email()">
                <span>When User clicks on sign up button with invalid Email</span>
      <div>Step skipped
      </div>
              </div>
              <div class="step skip-bg" title="stepdefinations.RegisterPage1Steps.user_should_see_a_message(java.lang.String)">
                <span>Then User should see a message "inavlid data entered for Email"</span>
      <div>Step skipped
      </div>
              </div>
              <div class="step pass-bg" title="AFTER">
                <span>Hooks.ApplicationHooks.tearDown(io.cucumber.java.Scenario)</span>
      <div>validating_the_Sign_up_processs_with_invalid_Email
          <div class="row mb-3"><div class="col-md-3">
    <img data-featherlight='../embedded30.png' src="../embedded30.png">
    
    </div></div>
</div>
      <div>
      </div>
              </div>
          </div>
        </div>
  </div>
  <div class="card">
    <div class="card-header" role="tab">
      <div class="card-title">
        <div class="node" id="271"><span class="badge log fail-bg mr-2">Fail</span>validating the Sign up processs with invalid Password</div>
          <div class="status-avatar float-right mr-4">
            <i class="fa fa-paperclip"></i>
          </div>
      </div>
    </div>
        <div class="">
          <div class="card-body">
              <div class="step pass-bg" title="stepdefinations.HomePageSteps.user_is_on_the_browser()">
                <span>Given User is on the browser</span>
      <div>
      </div>
              </div>
              <div class="step fail-bg" title="stepdefinations.RegisterPage1Steps.user_is_on_register_page()">
                <span>Given User is on Register page</span>
      <div>
        <textarea disabled class="code-block">java.lang.NullPointerException
	at stepdefinations.RegisterPage1Steps.user_is_on_register_page(RegisterPage1Steps.java:51)
	at ✽.User is on Register page(file:///Users/shwethamohanpulle/Documents/Projects/CucumberBDDFramework/src/test/resources/AppFeatures/RegisterPage1.feature:67)
</textarea>
      
      </div>
              </div>
              <div class="step skip-bg" title="stepdefinations.RegisterPage1Steps.user_clicks_on_sign_up_button_with_invalid_password()">
                <span>When User clicks on sign up button with invalid Password</span>
      <div>Step skipped
      </div>
              </div>
              <div class="step skip-bg" title="stepdefinations.RegisterPage1Steps.user_should_see_a_message(java.lang.String)">
                <span>Then User should see a message "inavlid data entered for Password"</span>
      <div>Step skipped
      </div>
              </div>
              <div class="step pass-bg" title="AFTER">
                <span>Hooks.ApplicationHooks.tearDown(io.cucumber.java.Scenario)</span>
      <div>validating_the_Sign_up_processs_with_invalid_Password
          <div class="row mb-3"><div class="col-md-3">
    <img data-featherlight='../embedded31.png' src="../embedded31.png">
    
    </div></div>
</div>
      <div>
      </div>
              </div>
          </div>
        </div>
  </div>
  <div class="card">
    <div class="card-header" role="tab">
      <div class="card-title">
        <div class="node" id="280"><span class="badge log fail-bg mr-2">Fail</span>validating the Sign up processs with valid credentials</div>
          <div class="status-avatar float-right mr-4">
            <i class="fa fa-paperclip"></i>
          </div>
      </div>
    </div>
        <div class="">
          <div class="card-body">
              <div class="step pass-bg" title="stepdefinations.HomePageSteps.user_is_on_the_browser()">
                <span>Given User is on the browser</span>
      <div>
      </div>
              </div>
              <div class="step fail-bg" title="stepdefinations.RegisterPage1Steps.user_is_on_register_page()">
                <span>Given User is on Register page</span>
      <div>
        <textarea disabled class="code-block">java.lang.NullPointerException
	at stepdefinations.RegisterPage1Steps.user_is_on_register_page(RegisterPage1Steps.java:51)
	at ✽.User is on Register page(file:///Users/shwethamohanpulle/Documents/Projects/CucumberBDDFramework/src/test/resources/AppFeatures/RegisterPage1.feature:73)
</textarea>
      
      </div>
              </div>
              <div class="step skip-bg" title="stepdefinations.RegisterPage1Steps.user_clicks_on_sign_up_button_with_valid_credentials()">
                <span>When User clicks on sign up button with valid credentials</span>
      <div>Step skipped
      </div>
              </div>
              <div class="step skip-bg" title="stepdefinations.RegisterPage1Steps.user_is_re_directed_to_sign_in_page()">
                <span>Then User is re-directed to sign in page</span>
      <div>Step skipped
      </div>
              </div>
              <div class="step pass-bg" title="AFTER">
                <span>Hooks.ApplicationHooks.tearDown(io.cucumber.java.Scenario)</span>
      <div>validating_the_Sign_up_processs_with_valid_credentials
          <div class="row mb-3"><div class="col-md-3">
    <img data-featherlight='../embedded32.png' src="../embedded32.png">
    
    </div></div>
</div>
      <div>
      </div>
              </div>
          </div>
        </div>
  </div>
</div>
          </div>
        </li>
        <li class="test-item"  status="fail" test-id="289"
          author=""
          tag=""
          device="">
          <div class="test-detail">
            <p class="name">Register form2 of the Application</p>
            <p class="text-sm">
              <span>17:37:40 PM</span> / <span>00:00:19:635</span>
              <span class="badge fail-bg log float-right">Fail</span>
            </p>
          </div>
          <div class="test-contents d-none">
<div class="detail-head">
<div class="p-v-10">
<div class="info">
<h5 class="test-status text-fail">Register form2 of the Application</h5>
<span class='badge badge-success'>06.15.2022 17:37:40</span>
<span class='badge badge-danger'>06.15.2022 17:38:00</span>
<span class='badge badge-default'>00:00:19:635</span>
&middot; <span class='uri-anchor badge badge-default'>#test-id=289</span>
</div>
<div class="m-t-10 m-l-5"></div>
</div>
</div>
<div class="accordion mt-4">
  <div class="card">
    <div class="card-header" role="tab">
      <div class="card-title">
        <div class="node" id="290"><span class="badge log fail-bg mr-2">Fail</span>validating the Sign up form Heading</div>
          <div class="status-avatar float-right mr-4">
            <i class="fa fa-paperclip"></i>
          </div>
      </div>
    </div>
        <div class="">
          <div class="card-body">
              <div class="step fail-bg" title="stepdefinations.RegisterPage1Steps.user_is_on_dietician_website()">
                <span>Given User is on Dietician  website</span>
      <div>
        <textarea disabled class="code-block">org.openqa.selenium.InvalidArgumentException: invalid argument
  (Session info: chrome=102.0.5005.115)
Build info: version: '3.141.59', revision: 'e82be7d358', time: '2018-11-14T08:17:03'
System info: host: 'Shwethas-MacBook-Pro.local', ip: '2601:647:4100:cc20:5969:f579:cca0:9fb7%en0', os.name: 'Mac OS X', os.arch: 'x86_64', os.version: '10.15.7', java.version: '12.0.2'
Driver info: org.openqa.selenium.chrome.ChromeDriver
Capabilities {acceptInsecureCerts: false, browserName: chrome, browserVersion: 102.0.5005.115, chrome: {chromedriverVersion: 102.0.5005.61 (0e59bcc00cc4..., userDataDir: /var/folders/8y/rcqlwqj12nd...}, goog:chromeOptions: {debuggerAddress: localhost:62223}, javascriptEnabled: true, networkConnectionEnabled: false, pageLoadStrategy: normal, platform: MAC, platformName: MAC, proxy: Proxy(), setWindowRect: true, strictFileInteractability: false, timeouts: {implicit: 0, pageLoad: 300000, script: 30000}, unhandledPromptBehavior: dismiss and notify, webauthn:extension:credBlob: true, webauthn:extension:largeBlob: true, webauthn:virtualAuthenticators: true}
Session ID: f96b4f13862c6bd104c7c6544a99ed07
	at jdk.internal.reflect.GeneratedConstructorAccessor19.newInstance(Unknown Source)
	at java.base/jdk.internal.reflect.DelegatingConstructorAccessorImpl.newInstance(DelegatingConstructorAccessorImpl.java:45)
	at java.base/java.lang.reflect.Constructor.newInstanceWithCaller(Constructor.java:500)
	at java.base/java.lang.reflect.Constructor.newInstance(Constructor.java:481)
	at org.openqa.selenium.remote.http.W3CHttpResponseCodec.createException(W3CHttpResponseCodec.java:187)
	at org.openqa.selenium.remote.http.W3CHttpResponseCodec.decode(W3CHttpResponseCodec.java:122)
	at org.openqa.selenium.remote.http.W3CHttpResponseCodec.decode(W3CHttpResponseCodec.java:49)
	at org.openqa.selenium.remote.HttpCommandExecutor.execute(HttpCommandExecutor.java:158)
	at org.openqa.selenium.remote.service.DriverCommandExecutor.execute(DriverCommandExecutor.java:83)
	at org.openqa.selenium.remote.RemoteWebDriver.execute(RemoteWebDriver.java:552)
	at org.openqa.selenium.remote.RemoteWebDriver.get(RemoteWebDriver.java:277)
	at stepdefinations.RegisterPage1Steps.user_is_on_dietician_website(RegisterPage1Steps.java:22)
	at ✽.User is on Dietician  website(file:///Users/shwethamohanpulle/Documents/Projects/CucumberBDDFramework/src/test/resources/AppFeatures/RegisterPage2.feature:4)
</textarea>
      
      </div>
              </div>
              <div class="step skip-bg" title="stepdefinations.RegisterPage1Steps.user_lands_on_register_page()">
                <span>When User lands on Register page</span>
      <div>Step skipped
      </div>
              </div>
              <div class="step skip-bg" title="stepdefinations.RegisterPage2Steps.user_should_see_a_form_with_heading(boolean)">
                <span>Then User should see a form with heading "Sign Up with your email"</span>
      <div>Step skipped
      </div>
              </div>
              <div class="step pass-bg" title="AFTER">
                <span>Hooks.ApplicationHooks.tearDown(io.cucumber.java.Scenario)</span>
      <div>validating_the_Sign_up_form_Heading
          <div class="row mb-3"><div class="col-md-3">
    <img data-featherlight='../embedded33.png' src="../embedded33.png">
    
    </div></div>
</div>
      <div>
      </div>
              </div>
          </div>
        </div>
  </div>
  <div class="card">
    <div class="card-header" role="tab">
      <div class="card-title">
        <div class="node" id="298"><span class="badge log fail-bg mr-2">Fail</span>validating the Sign up button</div>
          <div class="status-avatar float-right mr-4">
            <i class="fa fa-paperclip"></i>
          </div>
      </div>
    </div>
        <div class="">
          <div class="card-body">
              <div class="step fail-bg" title="stepdefinations.RegisterPage1Steps.user_is_on_dietician_website()">
                <span>Given User is on Dietician  website</span>
      <div>
        <textarea disabled class="code-block">org.openqa.selenium.InvalidArgumentException: invalid argument
  (Session info: chrome=102.0.5005.115)
Build info: version: '3.141.59', revision: 'e82be7d358', time: '2018-11-14T08:17:03'
System info: host: 'Shwethas-MacBook-Pro.local', ip: '2601:647:4100:cc20:5969:f579:cca0:9fb7%en0', os.name: 'Mac OS X', os.arch: 'x86_64', os.version: '10.15.7', java.version: '12.0.2'
Driver info: org.openqa.selenium.chrome.ChromeDriver
Capabilities {acceptInsecureCerts: false, browserName: chrome, browserVersion: 102.0.5005.115, chrome: {chromedriverVersion: 102.0.5005.61 (0e59bcc00cc4..., userDataDir: /var/folders/8y/rcqlwqj12nd...}, goog:chromeOptions: {debuggerAddress: localhost:62235}, javascriptEnabled: true, networkConnectionEnabled: false, pageLoadStrategy: normal, platform: MAC, platformName: MAC, proxy: Proxy(), setWindowRect: true, strictFileInteractability: false, timeouts: {implicit: 0, pageLoad: 300000, script: 30000}, unhandledPromptBehavior: dismiss and notify, webauthn:extension:credBlob: true, webauthn:extension:largeBlob: true, webauthn:virtualAuthenticators: true}
Session ID: 10ae054bc0863f5eea9d15528d49a3e6
	at jdk.internal.reflect.GeneratedConstructorAccessor19.newInstance(Unknown Source)
	at java.base/jdk.internal.reflect.DelegatingConstructorAccessorImpl.newInstance(DelegatingConstructorAccessorImpl.java:45)
	at java.base/java.lang.reflect.Constructor.newInstanceWithCaller(Constructor.java:500)
	at java.base/java.lang.reflect.Constructor.newInstance(Constructor.java:481)
	at org.openqa.selenium.remote.http.W3CHttpResponseCodec.createException(W3CHttpResponseCodec.java:187)
	at org.openqa.selenium.remote.http.W3CHttpResponseCodec.decode(W3CHttpResponseCodec.java:122)
	at org.openqa.selenium.remote.http.W3CHttpResponseCodec.decode(W3CHttpResponseCodec.java:49)
	at org.openqa.selenium.remote.HttpCommandExecutor.execute(HttpCommandExecutor.java:158)
	at org.openqa.selenium.remote.service.DriverCommandExecutor.execute(DriverCommandExecutor.java:83)
	at org.openqa.selenium.remote.RemoteWebDriver.execute(RemoteWebDriver.java:552)
	at org.openqa.selenium.remote.RemoteWebDriver.get(RemoteWebDriver.java:277)
	at stepdefinations.RegisterPage1Steps.user_is_on_dietician_website(RegisterPage1Steps.java:22)
	at ✽.User is on Dietician  website(file:///Users/shwethamohanpulle/Documents/Projects/CucumberBDDFramework/src/test/resources/AppFeatures/RegisterPage2.feature:9)
</textarea>
      
      </div>
              </div>
              <div class="step skip-bg" title="stepdefinations.RegisterPage1Steps.user_lands_on_register_page()">
                <span>When User lands on Register page</span>
      <div>Step skipped
      </div>
              </div>
              <div class="step skip-bg" title="stepdefinations.RegisterPage2Steps.user_should_see_a_button_with_text(java.lang.String)">
                <span>Then User should see a button with text "sign up"</span>
      <div>Step skipped
      </div>
              </div>
              <div class="step pass-bg" title="AFTER">
                <span>Hooks.ApplicationHooks.tearDown(io.cucumber.java.Scenario)</span>
      <div>validating_the_Sign_up_button
          <div class="row mb-3"><div class="col-md-3">
    <img data-featherlight='../embedded34.png' src="../embedded34.png">
    
    </div></div>
</div>
      <div>
      </div>
              </div>
          </div>
        </div>
  </div>
  <div class="card">
    <div class="card-header" role="tab">
      <div class="card-title">
        <div class="node" id="306"><span class="badge log fail-bg mr-2">Fail</span>validating the Sign up processs with empty fields</div>
          <div class="status-avatar float-right mr-4">
            <i class="fa fa-paperclip"></i>
          </div>
      </div>
    </div>
        <div class="">
          <div class="card-body">
              <div class="step fail-bg" title="stepdefinations.RegisterPage1Steps.user_is_on_register_page()">
                <span>Given User is on Register page</span>
      <div>
        <textarea disabled class="code-block">java.lang.NullPointerException
	at stepdefinations.RegisterPage1Steps.user_is_on_register_page(RegisterPage1Steps.java:51)
	at ✽.User is on Register page(file:///Users/shwethamohanpulle/Documents/Projects/CucumberBDDFramework/src/test/resources/AppFeatures/RegisterPage2.feature:14)
</textarea>
      
      </div>
              </div>
              <div class="step skip-bg" title="stepdefinations.RegisterPage1Steps.user_clicks_on_sign_up_button_with_all_fields_empty()">
                <span>When User clicks on sign up button with all fields empty</span>
      <div>Step skipped
      </div>
              </div>
              <div class="step skip-bg" title="stepdefinations.RegisterPage1Steps.user_should_see_a_message(java.lang.String)">
                <span>Then User should see a message "mandatory fields cannot be empty"</span>
      <div>Step skipped
      </div>
              </div>
              <div class="step pass-bg" title="AFTER">
                <span>Hooks.ApplicationHooks.tearDown(io.cucumber.java.Scenario)</span>
      <div>validating_the_Sign_up_processs_with_empty_fields
          <div class="row mb-3"><div class="col-md-3">
    <img data-featherlight='../embedded35.png' src="../embedded35.png">
    
    </div></div>
</div>
      <div>
      </div>
              </div>
          </div>
        </div>
  </div>
  <div class="card">
    <div class="card-header" role="tab">
      <div class="card-title">
        <div class="node" id="314"><span class="badge log fail-bg mr-2">Fail</span>validating the Sign up processs with invalid First Name</div>
          <div class="status-avatar float-right mr-4">
            <i class="fa fa-paperclip"></i>
          </div>
      </div>
    </div>
        <div class="">
          <div class="card-body">
              <div class="step fail-bg" title="stepdefinations.RegisterPage1Steps.user_is_on_register_page()">
                <span>Given User is on Register page</span>
      <div>
        <textarea disabled class="code-block">java.lang.NullPointerException
	at stepdefinations.RegisterPage1Steps.user_is_on_register_page(RegisterPage1Steps.java:51)
	at ✽.User is on Register page(file:///Users/shwethamohanpulle/Documents/Projects/CucumberBDDFramework/src/test/resources/AppFeatures/RegisterPage2.feature:20)
</textarea>
      
      </div>
              </div>
              <div class="step skip-bg" title="stepdefinations.RegisterPage1Steps.user_clicks_on_sign_up_button_with_inavalid_first_name()">
                <span>When User clicks on sign up button with inavalid first name</span>
      <div>Step skipped
      </div>
              </div>
              <div class="step skip-bg" title="stepdefinations.RegisterPage1Steps.user_should_see_a_message(java.lang.String)">
                <span>Then User should see a message "inavlid data entered for First name"</span>
      <div>Step skipped
      </div>
              </div>
              <div class="step pass-bg" title="AFTER">
                <span>Hooks.ApplicationHooks.tearDown(io.cucumber.java.Scenario)</span>
      <div>validating_the_Sign_up_processs_with_invalid_First_Name
          <div class="row mb-3"><div class="col-md-3">
    <img data-featherlight='../embedded36.png' src="../embedded36.png">
    
    </div></div>
</div>
      <div>
      </div>
              </div>
          </div>
        </div>
  </div>
  <div class="card">
    <div class="card-header" role="tab">
      <div class="card-title">
        <div class="node" id="322"><span class="badge log fail-bg mr-2">Fail</span>validating the Sign up processs with invalid Last name</div>
          <div class="status-avatar float-right mr-4">
            <i class="fa fa-paperclip"></i>
          </div>
      </div>
    </div>
        <div class="">
          <div class="card-body">
              <div class="step fail-bg" title="stepdefinations.RegisterPage1Steps.user_is_on_register_page()">
                <span>Given User is on Register page</span>
      <div>
        <textarea disabled class="code-block">java.lang.NullPointerException
	at stepdefinations.RegisterPage1Steps.user_is_on_register_page(RegisterPage1Steps.java:51)
	at ✽.User is on Register page(file:///Users/shwethamohanpulle/Documents/Projects/CucumberBDDFramework/src/test/resources/AppFeatures/RegisterPage2.feature:26)
</textarea>
      
      </div>
              </div>
              <div class="step skip-bg" title="stepdefinations.RegisterPage1Steps.user_clicks_on_sign_up_button_with_inavalid_last_name()">
                <span>When User clicks on sign up button with inavalid last name</span>
      <div>Step skipped
      </div>
              </div>
              <div class="step skip-bg" title="stepdefinations.RegisterPage1Steps.user_should_see_a_message(java.lang.String)">
                <span>Then User should see a message "inavlid data entered for Last name"</span>
      <div>Step skipped
      </div>
              </div>
              <div class="step pass-bg" title="AFTER">
                <span>Hooks.ApplicationHooks.tearDown(io.cucumber.java.Scenario)</span>
      <div>validating_the_Sign_up_processs_with_invalid_Last_name
          <div class="row mb-3"><div class="col-md-3">
    <img data-featherlight='../embedded37.png' src="../embedded37.png">
    
    </div></div>
</div>
      <div>
      </div>
              </div>
          </div>
        </div>
  </div>
  <div class="card">
    <div class="card-header" role="tab">
      <div class="card-title">
        <div class="node" id="330"><span class="badge log fail-bg mr-2">Fail</span>validating the Sign up processs with invalid Username</div>
          <div class="status-avatar float-right mr-4">
            <i class="fa fa-paperclip"></i>
          </div>
      </div>
    </div>
        <div class="">
          <div class="card-body">
              <div class="step fail-bg" title="stepdefinations.RegisterPage1Steps.user_is_on_register_page()">
                <span>Given User is on Register page</span>
      <div>
        <textarea disabled class="code-block">java.lang.NullPointerException
	at stepdefinations.RegisterPage1Steps.user_is_on_register_page(RegisterPage1Steps.java:51)
	at ✽.User is on Register page(file:///Users/shwethamohanpulle/Documents/Projects/CucumberBDDFramework/src/test/resources/AppFeatures/RegisterPage2.feature:32)
</textarea>
      
      </div>
              </div>
              <div class="step skip-bg" title="stepdefinations.RegisterPage2Steps.user_clicks_on_sign_up_button_with_inavalid_username()">
                <span>When User clicks on sign up button with inavalid Username</span>
      <div>Step skipped
      </div>
              </div>
              <div class="step skip-bg" title="stepdefinations.RegisterPage1Steps.user_should_see_a_message(java.lang.String)">
                <span>Then User should see a message "inavlid data entered for Username"</span>
      <div>Step skipped
      </div>
              </div>
              <div class="step pass-bg" title="AFTER">
                <span>Hooks.ApplicationHooks.tearDown(io.cucumber.java.Scenario)</span>
      <div>validating_the_Sign_up_processs_with_invalid_Username
          <div class="row mb-3"><div class="col-md-3">
    <img data-featherlight='../embedded38.png' src="../embedded38.png">
    
    </div></div>
</div>
      <div>
      </div>
              </div>
          </div>
        </div>
  </div>
  <div class="card">
    <div class="card-header" role="tab">
      <div class="card-title">
        <div class="node" id="338"><span class="badge log fail-bg mr-2">Fail</span>validating the Sign up processs with invalid Email Address</div>
          <div class="status-avatar float-right mr-4">
            <i class="fa fa-paperclip"></i>
          </div>
      </div>
    </div>
        <div class="">
          <div class="card-body">
              <div class="step fail-bg" title="stepdefinations.RegisterPage1Steps.user_is_on_register_page()">
                <span>Given User is on Register page</span>
      <div>
        <textarea disabled class="code-block">java.lang.NullPointerException
	at stepdefinations.RegisterPage1Steps.user_is_on_register_page(RegisterPage1Steps.java:51)
	at ✽.User is on Register page(file:///Users/shwethamohanpulle/Documents/Projects/CucumberBDDFramework/src/test/resources/AppFeatures/RegisterPage2.feature:38)
</textarea>
      
      </div>
              </div>
              <div class="step skip-bg" title="stepdefinations.RegisterPage2Steps.user_clicks_on_sign_up_button_with_invalid_email_address()">
                <span>When User clicks on sign up button with invalid Email Address</span>
      <div>Step skipped
      </div>
              </div>
              <div class="step skip-bg" title="stepdefinations.RegisterPage1Steps.user_should_see_a_message(java.lang.String)">
                <span>Then User should see a message "inavlid data entered for Email Address"</span>
      <div>Step skipped
      </div>
              </div>
              <div class="step pass-bg" title="AFTER">
                <span>Hooks.ApplicationHooks.tearDown(io.cucumber.java.Scenario)</span>
      <div>validating_the_Sign_up_processs_with_invalid_Email_Address
          <div class="row mb-3"><div class="col-md-3">
    <img data-featherlight='../embedded39.png' src="../embedded39.png">
    
    </div></div>
</div>
      <div>
      </div>
              </div>
          </div>
        </div>
  </div>
  <div class="card">
    <div class="card-header" role="tab">
      <div class="card-title">
        <div class="node" id="346"><span class="badge log fail-bg mr-2">Fail</span>validating the Sign up processs with invalid Password</div>
          <div class="status-avatar float-right mr-4">
            <i class="fa fa-paperclip"></i>
          </div>
      </div>
    </div>
        <div class="">
          <div class="card-body">
              <div class="step fail-bg" title="stepdefinations.RegisterPage1Steps.user_is_on_register_page()">
                <span>Given User is on Register page</span>
      <div>
        <textarea disabled class="code-block">java.lang.NullPointerException
	at stepdefinations.RegisterPage1Steps.user_is_on_register_page(RegisterPage1Steps.java:51)
	at ✽.User is on Register page(file:///Users/shwethamohanpulle/Documents/Projects/CucumberBDDFramework/src/test/resources/AppFeatures/RegisterPage2.feature:44)
</textarea>
      
      </div>
              </div>
              <div class="step skip-bg" title="stepdefinations.RegisterPage1Steps.user_clicks_on_sign_up_button_with_invalid_password()">
                <span>When User clicks on sign up button with invalid Password</span>
      <div>Step skipped
      </div>
              </div>
              <div class="step skip-bg" title="stepdefinations.RegisterPage1Steps.user_should_see_a_message(java.lang.String)">
                <span>Then User should see a message "inavlid data entered for Password"</span>
      <div>Step skipped
      </div>
              </div>
              <div class="step pass-bg" title="AFTER">
                <span>Hooks.ApplicationHooks.tearDown(io.cucumber.java.Scenario)</span>
      <div>validating_the_Sign_up_processs_with_invalid_Password
          <div class="row mb-3"><div class="col-md-3">
    <img data-featherlight='../embedded40.png' src="../embedded40.png">
    
    </div></div>
</div>
      <div>
      </div>
              </div>
          </div>
        </div>
  </div>
  <div class="card">
    <div class="card-header" role="tab">
      <div class="card-title">
        <div class="node" id="354"><span class="badge log fail-bg mr-2">Fail</span>validating the Sign up processs with invalid Confirm Password</div>
          <div class="status-avatar float-right mr-4">
            <i class="fa fa-paperclip"></i>
          </div>
      </div>
    </div>
        <div class="">
          <div class="card-body">
              <div class="step fail-bg" title="stepdefinations.RegisterPage1Steps.user_is_on_register_page()">
                <span>Given User is on Register page</span>
      <div>
        <textarea disabled class="code-block">java.lang.NullPointerException
	at stepdefinations.RegisterPage1Steps.user_is_on_register_page(RegisterPage1Steps.java:51)
	at ✽.User is on Register page(file:///Users/shwethamohanpulle/Documents/Projects/CucumberBDDFramework/src/test/resources/AppFeatures/RegisterPage2.feature:50)
</textarea>
      
      </div>
              </div>
              <div class="step skip-bg" title="stepdefinations.RegisterPage2Steps.user_clicks_on_sign_up_button_with_invalid_confirm_password()">
                <span>When User clicks on sign up button with invalid  Confirm Password</span>
      <div>Step skipped
      </div>
              </div>
              <div class="step skip-bg" title="stepdefinations.RegisterPage1Steps.user_should_see_a_message(java.lang.String)">
                <span>Then User should see a message "Confirm password should be same as password"</span>
      <div>Step skipped
      </div>
              </div>
              <div class="step pass-bg" title="AFTER">
                <span>Hooks.ApplicationHooks.tearDown(io.cucumber.java.Scenario)</span>
      <div>validating_the_Sign_up_processs_with_invalid_Confirm_Password
          <div class="row mb-3"><div class="col-md-3">
    <img data-featherlight='../embedded41.png' src="../embedded41.png">
    
    </div></div>
</div>
      <div>
      </div>
              </div>
          </div>
        </div>
  </div>
  <div class="card">
    <div class="card-header" role="tab">
      <div class="card-title">
        <div class="node" id="362"><span class="badge log fail-bg mr-2">Fail</span>validating the Sign up processs with valid credentials</div>
          <div class="status-avatar float-right mr-4">
            <i class="fa fa-paperclip"></i>
          </div>
      </div>
    </div>
        <div class="">
          <div class="card-body">
              <div class="step fail-bg" title="stepdefinations.RegisterPage1Steps.user_is_on_register_page()">
                <span>Given User is on Register page</span>
      <div>
        <textarea disabled class="code-block">java.lang.NullPointerException
	at stepdefinations.RegisterPage1Steps.user_is_on_register_page(RegisterPage1Steps.java:51)
	at ✽.User is on Register page(file:///Users/shwethamohanpulle/Documents/Projects/CucumberBDDFramework/src/test/resources/AppFeatures/RegisterPage2.feature:56)
</textarea>
      
      </div>
              </div>
              <div class="step skip-bg" title="stepdefinations.RegisterPage1Steps.user_clicks_on_sign_up_button_with_valid_credentials()">
                <span>When User clicks on sign up button with valid credentials</span>
      <div>Step skipped
      </div>
              </div>
              <div class="step skip-bg" title="stepdefinations.RegisterPage1Steps.user_is_re_directed_to_sign_in_page()">
                <span>Then User is re-directed to sign in page</span>
      <div>Step skipped
      </div>
              </div>
              <div class="step pass-bg" title="AFTER">
                <span>Hooks.ApplicationHooks.tearDown(io.cucumber.java.Scenario)</span>
      <div>validating_the_Sign_up_processs_with_valid_credentials
          <div class="row mb-3"><div class="col-md-3">
    <img data-featherlight='../embedded42.png' src="../embedded42.png">
    
    </div></div>
</div>
      <div>
      </div>
              </div>
          </div>
        </div>
  </div>
  <div class="card">
    <div class="card-header" role="tab">
      <div class="card-title">
        <div class="node" id="370"><span class="badge log fail-bg mr-2">Fail</span>validating the Sign up processs with Facebook</div>
          <div class="status-avatar float-right mr-4">
            <i class="fa fa-paperclip"></i>
          </div>
      </div>
    </div>
        <div class="scenario_outline ">
            <div class="card-body l1">
              <div class="card-header">
                <div class="card-title outline-child">
                  <div class="node" id="371"><span class="badge log fail-bg mr-2">Fail</span>validating the Sign up processs with Facebook</div>
                    <div class="status-avatar float-right">
                      <i class="fa fa-paperclip"></i>
                    </div>
                </div>
              </div>
              <div class="card-body mt-3 ">
                  <div class="step fail-bg">
                    <span>Given User is on Register page</span>
      <div>
        <textarea disabled class="code-block">java.lang.NullPointerException
	at stepdefinations.RegisterPage1Steps.user_is_on_register_page(RegisterPage1Steps.java:51)
	at ✽.User is on Register page(file:///Users/shwethamohanpulle/Documents/Projects/CucumberBDDFramework/src/test/resources/AppFeatures/RegisterPage2.feature:62)
</textarea>
      
      </div>
                  </div>
                  <div class="step skip-bg">
                    <span>When User clicks on facebook button for sign in</span>
      <div>Step skipped
      </div>
                  </div>
                  <div class="step skip-bg">
                    <span>When User enters "cfgdhgjhj" and "<Password>"</span>
      <div>Step skipped
      </div>
                  </div>
                  <div class="step skip-bg">
                    <span>Then User successfully login with facebook account</span>
      <div>Step skipped
      </div>
                  </div>
                  <div class="step pass-bg">
                    <span>Hooks.ApplicationHooks.tearDown(io.cucumber.java.Scenario)</span>
      <div>validating_the_Sign_up_processs_with_Facebook
          <div class="row mb-3"><div class="col-md-3">
    <img data-featherlight='../embedded43.png' src="../embedded43.png">
    
    </div></div>
</div>
      <div>
      </div>
                  </div>
              </div>
            </div>
            <div class="card-body l1">
              <div class="card-header">
                <div class="card-title outline-child">
                  <div class="node" id="380"><span class="badge log fail-bg mr-2">Fail</span>validating the Sign up processs with Facebook</div>
                    <div class="status-avatar float-right">
                      <i class="fa fa-paperclip"></i>
                    </div>
                </div>
              </div>
              <div class="card-body mt-3 ">
                  <div class="step fail-bg">
                    <span>Given User is on Register page</span>
      <div>
        <textarea disabled class="code-block">java.lang.NullPointerException
	at stepdefinations.RegisterPage1Steps.user_is_on_register_page(RegisterPage1Steps.java:51)
	at ✽.User is on Register page(file:///Users/shwethamohanpulle/Documents/Projects/CucumberBDDFramework/src/test/resources/AppFeatures/RegisterPage2.feature:62)
</textarea>
      
      </div>
                  </div>
                  <div class="step skip-bg">
                    <span>When User clicks on facebook button for sign in</span>
      <div>Step skipped
      </div>
                  </div>
                  <div class="step skip-bg">
                    <span>When User enters "23wesdxcv" and "<Password>"</span>
      <div>Step skipped
      </div>
                  </div>
                  <div class="step skip-bg">
                    <span>Then User successfully login with facebook account</span>
      <div>Step skipped
      </div>
                  </div>
                  <div class="step pass-bg">
                    <span>Hooks.ApplicationHooks.tearDown(io.cucumber.java.Scenario)</span>
      <div>validating_the_Sign_up_processs_with_Facebook
          <div class="row mb-3"><div class="col-md-3">
    <img data-featherlight='../embedded44.png' src="../embedded44.png">
    
    </div></div>
</div>
      <div>
      </div>
                  </div>
              </div>
            </div>
        </div>
  </div>
  <div class="card">
    <div class="card-header" role="tab">
      <div class="card-title">
        <div class="node" id="389"><span class="badge log fail-bg mr-2">Fail</span>validating the Sign up processs with Google</div>
          <div class="status-avatar float-right mr-4">
            <i class="fa fa-paperclip"></i>
          </div>
      </div>
    </div>
        <div class="scenario_outline ">
            <div class="card-body l1">
              <div class="card-header">
                <div class="card-title outline-child">
                  <div class="node" id="390"><span class="badge log fail-bg mr-2">Fail</span>validating the Sign up processs with Google</div>
                    <div class="status-avatar float-right">
                      <i class="fa fa-paperclip"></i>
                    </div>
                </div>
              </div>
              <div class="card-body mt-3 ">
                  <div class="step fail-bg">
                    <span>Given User is on Register page</span>
      <div>
        <textarea disabled class="code-block">java.lang.NullPointerException
	at stepdefinations.RegisterPage1Steps.user_is_on_register_page(RegisterPage1Steps.java:51)
	at ✽.User is on Register page(file:///Users/shwethamohanpulle/Documents/Projects/CucumberBDDFramework/src/test/resources/AppFeatures/RegisterPage2.feature:72)
</textarea>
      
      </div>
                  </div>
                  <div class="step skip-bg">
                    <span>When User clicks on google button</span>
      <div>Step skipped
      </div>
                  </div>
                  <div class="step skip-bg">
                    <span>Then User successfully login with Google account</span>
      <div>Step skipped
      </div>
                  </div>
                  <div class="step pass-bg">
                    <span>Hooks.ApplicationHooks.tearDown(io.cucumber.java.Scenario)</span>
      <div>validating_the_Sign_up_processs_with_Google
          <div class="row mb-3"><div class="col-md-3">
    <img data-featherlight='../embedded45.png' src="../embedded45.png">
    
    </div></div>
</div>
      <div>
      </div>
                  </div>
              </div>
            </div>
        </div>
  </div>
  <div class="card">
    <div class="card-header" role="tab">
      <div class="card-title">
        <div class="node" id="398"><span class="badge log fail-bg mr-2">Fail</span>validating Log in Here link</div>
          <div class="status-avatar float-right mr-4">
            <i class="fa fa-paperclip"></i>
          </div>
      </div>
    </div>
        <div class="">
          <div class="card-body">
              <div class="step fail-bg" title="stepdefinations.RegisterPage1Steps.user_is_on_register_page()">
                <span>Given User is on Register page</span>
      <div>
        <textarea disabled class="code-block">java.lang.NullPointerException
	at stepdefinations.RegisterPage1Steps.user_is_on_register_page(RegisterPage1Steps.java:51)
	at ✽.User is on Register page(file:///Users/shwethamohanpulle/Documents/Projects/CucumberBDDFramework/src/test/resources/AppFeatures/RegisterPage2.feature:80)
</textarea>
      
      </div>
              </div>
              <div class="step skip-bg" title="stepdefinations.RegisterPage2Steps.user_clicks_log_in_here_link()">
                <span>When User clicks Log in here link</span>
      <div>Step skipped
      </div>
              </div>
              <div class="step skip-bg" title="stepdefinations.RegisterPage1Steps.user_is_re_directed_to_sign_in_page()">
                <span>Then User is re-directed to sign in page</span>
      <div>Step skipped
      </div>
              </div>
              <div class="step pass-bg" title="AFTER">
                <span>Hooks.ApplicationHooks.tearDown(io.cucumber.java.Scenario)</span>
      <div>validating_Log_in_Here_link
          <div class="row mb-3"><div class="col-md-3">
    <img data-featherlight='../embedded46.png' src="../embedded46.png">
    
    </div></div>
</div>
      <div>
      </div>
              </div>
          </div>
        </div>
  </div>
</div>
          </div>
        </li>
        <li class="test-item"  status="fail" test-id="406"
          author=""
          tag=""
          device="">
          <div class="test-detail">
            <p class="name">Sign in form1 Of the Application</p>
            <p class="text-sm">
              <span>17:38:00 PM</span> / <span>00:00:11:654</span>
              <span class="badge fail-bg log float-right">Fail</span>
            </p>
          </div>
          <div class="test-contents d-none">
<div class="detail-head">
<div class="p-v-10">
<div class="info">
<h5 class="test-status text-fail">Sign in form1 Of the Application</h5>
<span class='badge badge-success'>06.15.2022 17:38:00</span>
<span class='badge badge-danger'>06.15.2022 17:38:12</span>
<span class='badge badge-default'>00:00:11:654</span>
&middot; <span class='uri-anchor badge badge-default'>#test-id=406</span>
</div>
<div class="m-t-10 m-l-5"></div>
</div>
</div>
<div class="accordion mt-4">
  <div class="card">
    <div class="card-header" role="tab">
      <div class="card-title">
        <div class="node" id="407"><span class="badge log fail-bg mr-2">Fail</span>Validating the title of Sign in page</div>
          <div class="status-avatar float-right mr-4">
            <i class="fa fa-paperclip"></i>
          </div>
      </div>
    </div>
        <div class="">
          <div class="card-body">
              <div class="step pass-bg" title="stepdefinations.SignInPage1Steps.user_has_alreday_sign_up()">
                <span>Given User has alreday sign up</span>
      <div>
      </div>
              </div>
              <div class="step fail-bg" title="stepdefinations.RegisterPage1Steps.user_is_on_dietician_website()">
                <span>Given User is on Dietician  website</span>
      <div>
        <textarea disabled class="code-block">org.openqa.selenium.InvalidArgumentException: invalid argument
  (Session info: chrome=102.0.5005.115)
Build info: version: '3.141.59', revision: 'e82be7d358', time: '2018-11-14T08:17:03'
System info: host: 'Shwethas-MacBook-Pro.local', ip: '2601:647:4100:cc20:5969:f579:cca0:9fb7%en0', os.name: 'Mac OS X', os.arch: 'x86_64', os.version: '10.15.7', java.version: '12.0.2'
Driver info: org.openqa.selenium.chrome.ChromeDriver
Capabilities {acceptInsecureCerts: false, browserName: chrome, browserVersion: 102.0.5005.115, chrome: {chromedriverVersion: 102.0.5005.61 (0e59bcc00cc4..., userDataDir: /var/folders/8y/rcqlwqj12nd...}, goog:chromeOptions: {debuggerAddress: localhost:62396}, javascriptEnabled: true, networkConnectionEnabled: false, pageLoadStrategy: normal, platform: MAC, platformName: MAC, proxy: Proxy(), setWindowRect: true, strictFileInteractability: false, timeouts: {implicit: 0, pageLoad: 300000, script: 30000}, unhandledPromptBehavior: dismiss and notify, webauthn:extension:credBlob: true, webauthn:extension:largeBlob: true, webauthn:virtualAuthenticators: true}
Session ID: d20132a13fb2872920f85d19dd932bba
	at jdk.internal.reflect.GeneratedConstructorAccessor19.newInstance(Unknown Source)
	at java.base/jdk.internal.reflect.DelegatingConstructorAccessorImpl.newInstance(DelegatingConstructorAccessorImpl.java:45)
	at java.base/java.lang.reflect.Constructor.newInstanceWithCaller(Constructor.java:500)
	at java.base/java.lang.reflect.Constructor.newInstance(Constructor.java:481)
	at org.openqa.selenium.remote.http.W3CHttpResponseCodec.createException(W3CHttpResponseCodec.java:187)
	at org.openqa.selenium.remote.http.W3CHttpResponseCodec.decode(W3CHttpResponseCodec.java:122)
	at org.openqa.selenium.remote.http.W3CHttpResponseCodec.decode(W3CHttpResponseCodec.java:49)
	at org.openqa.selenium.remote.HttpCommandExecutor.execute(HttpCommandExecutor.java:158)
	at org.openqa.selenium.remote.service.DriverCommandExecutor.execute(DriverCommandExecutor.java:83)
	at org.openqa.selenium.remote.RemoteWebDriver.execute(RemoteWebDriver.java:552)
	at org.openqa.selenium.remote.RemoteWebDriver.get(RemoteWebDriver.java:277)
	at stepdefinations.RegisterPage1Steps.user_is_on_dietician_website(RegisterPage1Steps.java:22)
	at ✽.User is on Dietician  website(file:///Users/shwethamohanpulle/Documents/Projects/CucumberBDDFramework/src/test/resources/AppFeatures/SignInPage1.feature:8)
</textarea>
      
      </div>
              </div>
              <div class="step skip-bg" title="stepdefinations.SignInPage1Steps.user_clicks_on_sign_in()">
                <span>When user clicks on sign in</span>
      <div>Step skipped
      </div>
              </div>
              <div class="step skip-bg" title="stepdefinations.RegisterPage1Steps.user_should_see_the_title_of_the_page_as(java.lang.String)">
                <span>Then User should see the title of the page as "sign in"</span>
      <div>Step skipped
      </div>
              </div>
              <div class="step pass-bg" title="AFTER">
                <span>Hooks.ApplicationHooks.tearDown(io.cucumber.java.Scenario)</span>
      <div>Validating_the_title_of_Sign_in_page
          <div class="row mb-3"><div class="col-md-3">
    <img data-featherlight='../embedded47.png' src="../embedded47.png">
    
    </div></div>
</div>
      <div>
      </div>
              </div>
          </div>
        </div>
  </div>
  <div class="card">
    <div class="card-header" role="tab">
      <div class="card-title">
        <div class="node" id="416"><span class="badge log fail-bg mr-2">Fail</span>Validating the Sign in page mandatory fields</div>
          <div class="status-avatar float-right mr-4">
            <i class="fa fa-paperclip"></i>
          </div>
      </div>
    </div>
        <div class="">
          <div class="card-body">
              <div class="step pass-bg" title="stepdefinations.SignInPage1Steps.user_has_alreday_sign_up()">
                <span>Given User has alreday sign up</span>
      <div>
      </div>
              </div>
              <div class="step fail-bg" title="stepdefinations.RegisterPage1Steps.user_is_on_dietician_website()">
                <span>Given User is on Dietician  website</span>
      <div>
        <textarea disabled class="code-block">org.openqa.selenium.InvalidArgumentException: invalid argument
  (Session info: chrome=102.0.5005.115)
Build info: version: '3.141.59', revision: 'e82be7d358', time: '2018-11-14T08:17:03'
System info: host: 'Shwethas-MacBook-Pro.local', ip: '2601:647:4100:cc20:5969:f579:cca0:9fb7%en0', os.name: 'Mac OS X', os.arch: 'x86_64', os.version: '10.15.7', java.version: '12.0.2'
Driver info: org.openqa.selenium.chrome.ChromeDriver
Capabilities {acceptInsecureCerts: false, browserName: chrome, browserVersion: 102.0.5005.115, chrome: {chromedriverVersion: 102.0.5005.61 (0e59bcc00cc4..., userDataDir: /var/folders/8y/rcqlwqj12nd...}, goog:chromeOptions: {debuggerAddress: localhost:62408}, javascriptEnabled: true, networkConnectionEnabled: false, pageLoadStrategy: normal, platform: MAC, platformName: MAC, proxy: Proxy(), setWindowRect: true, strictFileInteractability: false, timeouts: {implicit: 0, pageLoad: 300000, script: 30000}, unhandledPromptBehavior: dismiss and notify, webauthn:extension:credBlob: true, webauthn:extension:largeBlob: true, webauthn:virtualAuthenticators: true}
Session ID: 9c5b40b81dbd297e514b8ebedcfcb58e
	at jdk.internal.reflect.GeneratedConstructorAccessor19.newInstance(Unknown Source)
	at java.base/jdk.internal.reflect.DelegatingConstructorAccessorImpl.newInstance(DelegatingConstructorAccessorImpl.java:45)
	at java.base/java.lang.reflect.Constructor.newInstanceWithCaller(Constructor.java:500)
	at java.base/java.lang.reflect.Constructor.newInstance(Constructor.java:481)
	at org.openqa.selenium.remote.http.W3CHttpResponseCodec.createException(W3CHttpResponseCodec.java:187)
	at org.openqa.selenium.remote.http.W3CHttpResponseCodec.decode(W3CHttpResponseCodec.java:122)
	at org.openqa.selenium.remote.http.W3CHttpResponseCodec.decode(W3CHttpResponseCodec.java:49)
	at org.openqa.selenium.remote.HttpCommandExecutor.execute(HttpCommandExecutor.java:158)
	at org.openqa.selenium.remote.service.DriverCommandExecutor.execute(DriverCommandExecutor.java:83)
	at org.openqa.selenium.remote.RemoteWebDriver.execute(RemoteWebDriver.java:552)
	at org.openqa.selenium.remote.RemoteWebDriver.get(RemoteWebDriver.java:277)
	at stepdefinations.RegisterPage1Steps.user_is_on_dietician_website(RegisterPage1Steps.java:22)
	at ✽.User is on Dietician  website(file:///Users/shwethamohanpulle/Documents/Projects/CucumberBDDFramework/src/test/resources/AppFeatures/SignInPage1.feature:13)
</textarea>
      
      </div>
              </div>
              <div class="step skip-bg" title="stepdefinations.SignInPage1Steps.user_is_on_sign_in_page()">
                <span>When user is on sign in page</span>
      <div>Step skipped
      </div>
              </div>
              <div class="step skip-bg" title="stepdefinations.SignInPage1Steps.user_should_see_all_mandatory_fields()">
                <span>Then User should see all mandatory fields</span>
      <div>Step skipped
      </div>
              </div>
              <div class="step pass-bg" title="AFTER">
                <span>Hooks.ApplicationHooks.tearDown(io.cucumber.java.Scenario)</span>
      <div>Validating_the_Sign_in_page_mandatory_fields
          <div class="row mb-3"><div class="col-md-3">
    <img data-featherlight='../embedded48.png' src="../embedded48.png">
    
    </div></div>
</div>
      <div>
      </div>
              </div>
          </div>
        </div>
  </div>
  <div class="card">
    <div class="card-header" role="tab">
      <div class="card-title">
        <div class="node" id="425"><span class="badge log fail-bg mr-2">Fail</span>Validating the Sign in form heading</div>
          <div class="status-avatar float-right mr-4">
            <i class="fa fa-paperclip"></i>
          </div>
      </div>
    </div>
        <div class="">
          <div class="card-body">
              <div class="step pass-bg" title="stepdefinations.SignInPage1Steps.user_has_alreday_sign_up()">
                <span>Given User has alreday sign up</span>
      <div>
      </div>
              </div>
              <div class="step fail-bg" title="stepdefinations.RegisterPage1Steps.user_is_on_dietician_website()">
                <span>Given User is on Dietician  website</span>
      <div>
        <textarea disabled class="code-block">org.openqa.selenium.InvalidArgumentException: invalid argument
  (Session info: chrome=102.0.5005.115)
Build info: version: '3.141.59', revision: 'e82be7d358', time: '2018-11-14T08:17:03'
System info: host: 'Shwethas-MacBook-Pro.local', ip: '2601:647:4100:cc20:5969:f579:cca0:9fb7%en0', os.name: 'Mac OS X', os.arch: 'x86_64', os.version: '10.15.7', java.version: '12.0.2'
Driver info: org.openqa.selenium.chrome.ChromeDriver
Capabilities {acceptInsecureCerts: false, browserName: chrome, browserVersion: 102.0.5005.115, chrome: {chromedriverVersion: 102.0.5005.61 (0e59bcc00cc4..., userDataDir: /var/folders/8y/rcqlwqj12nd...}, goog:chromeOptions: {debuggerAddress: localhost:62421}, javascriptEnabled: true, networkConnectionEnabled: false, pageLoadStrategy: normal, platform: MAC, platformName: MAC, proxy: Proxy(), setWindowRect: true, strictFileInteractability: false, timeouts: {implicit: 0, pageLoad: 300000, script: 30000}, unhandledPromptBehavior: dismiss and notify, webauthn:extension:credBlob: true, webauthn:extension:largeBlob: true, webauthn:virtualAuthenticators: true}
Session ID: ec57d89f87d394baad42a4bfa84b793d
	at jdk.internal.reflect.GeneratedConstructorAccessor19.newInstance(Unknown Source)
	at java.base/jdk.internal.reflect.DelegatingConstructorAccessorImpl.newInstance(DelegatingConstructorAccessorImpl.java:45)
	at java.base/java.lang.reflect.Constructor.newInstanceWithCaller(Constructor.java:500)
	at java.base/java.lang.reflect.Constructor.newInstance(Constructor.java:481)
	at org.openqa.selenium.remote.http.W3CHttpResponseCodec.createException(W3CHttpResponseCodec.java:187)
	at org.openqa.selenium.remote.http.W3CHttpResponseCodec.decode(W3CHttpResponseCodec.java:122)
	at org.openqa.selenium.remote.http.W3CHttpResponseCodec.decode(W3CHttpResponseCodec.java:49)
	at org.openqa.selenium.remote.HttpCommandExecutor.execute(HttpCommandExecutor.java:158)
	at org.openqa.selenium.remote.service.DriverCommandExecutor.execute(DriverCommandExecutor.java:83)
	at org.openqa.selenium.remote.RemoteWebDriver.execute(RemoteWebDriver.java:552)
	at org.openqa.selenium.remote.RemoteWebDriver.get(RemoteWebDriver.java:277)
	at stepdefinations.RegisterPage1Steps.user_is_on_dietician_website(RegisterPage1Steps.java:22)
	at ✽.User is on Dietician  website(file:///Users/shwethamohanpulle/Documents/Projects/CucumberBDDFramework/src/test/resources/AppFeatures/SignInPage1.feature:18)
</textarea>
      
      </div>
              </div>
              <div class="step skip-bg" title="stepdefinations.SignInPage1Steps.user_is_on_sign_in_page()">
                <span>When user is on sign in page</span>
      <div>Step skipped
      </div>
              </div>
              <div class="step skip-bg" title="stepdefinations.RegisterPage2Steps.user_should_see_a_form_with_heading(boolean)">
                <span>Then User should see a form with heading "Sign in form"</span>
      <div>Step skipped
      </div>
              </div>
              <div class="step pass-bg" title="AFTER">
                <span>Hooks.ApplicationHooks.tearDown(io.cucumber.java.Scenario)</span>
      <div>Validating_the_Sign_in_form_heading
          <div class="row mb-3"><div class="col-md-3">
    <img data-featherlight='../embedded49.png' src="../embedded49.png">
    
    </div></div>
</div>
      <div>
      </div>
              </div>
          </div>
        </div>
  </div>
  <div class="card">
    <div class="card-header" role="tab">
      <div class="card-title">
        <div class="node" id="434"><span class="badge log fail-bg mr-2">Fail</span>Validating the Sign in button</div>
          <div class="status-avatar float-right mr-4">
            <i class="fa fa-paperclip"></i>
          </div>
      </div>
    </div>
        <div class="">
          <div class="card-body">
              <div class="step pass-bg" title="stepdefinations.SignInPage1Steps.user_has_alreday_sign_up()">
                <span>Given User has alreday sign up</span>
      <div>
      </div>
              </div>
              <div class="step fail-bg" title="stepdefinations.RegisterPage1Steps.user_is_on_dietician_website()">
                <span>Given User is on Dietician  website</span>
      <div>
        <textarea disabled class="code-block">org.openqa.selenium.InvalidArgumentException: invalid argument
  (Session info: chrome=102.0.5005.115)
Build info: version: '3.141.59', revision: 'e82be7d358', time: '2018-11-14T08:17:03'
System info: host: 'Shwethas-MacBook-Pro.local', ip: '2601:647:4100:cc20:5969:f579:cca0:9fb7%en0', os.name: 'Mac OS X', os.arch: 'x86_64', os.version: '10.15.7', java.version: '12.0.2'
Driver info: org.openqa.selenium.chrome.ChromeDriver
Capabilities {acceptInsecureCerts: false, browserName: chrome, browserVersion: 102.0.5005.115, chrome: {chromedriverVersion: 102.0.5005.61 (0e59bcc00cc4..., userDataDir: /var/folders/8y/rcqlwqj12nd...}, goog:chromeOptions: {debuggerAddress: localhost:62433}, javascriptEnabled: true, networkConnectionEnabled: false, pageLoadStrategy: normal, platform: MAC, platformName: MAC, proxy: Proxy(), setWindowRect: true, strictFileInteractability: false, timeouts: {implicit: 0, pageLoad: 300000, script: 30000}, unhandledPromptBehavior: dismiss and notify, webauthn:extension:credBlob: true, webauthn:extension:largeBlob: true, webauthn:virtualAuthenticators: true}
Session ID: 76a338573d7a1f08d355e9bb05d71e59
	at jdk.internal.reflect.GeneratedConstructorAccessor19.newInstance(Unknown Source)
	at java.base/jdk.internal.reflect.DelegatingConstructorAccessorImpl.newInstance(DelegatingConstructorAccessorImpl.java:45)
	at java.base/java.lang.reflect.Constructor.newInstanceWithCaller(Constructor.java:500)
	at java.base/java.lang.reflect.Constructor.newInstance(Constructor.java:481)
	at org.openqa.selenium.remote.http.W3CHttpResponseCodec.createException(W3CHttpResponseCodec.java:187)
	at org.openqa.selenium.remote.http.W3CHttpResponseCodec.decode(W3CHttpResponseCodec.java:122)
	at org.openqa.selenium.remote.http.W3CHttpResponseCodec.decode(W3CHttpResponseCodec.java:49)
	at org.openqa.selenium.remote.HttpCommandExecutor.execute(HttpCommandExecutor.java:158)
	at org.openqa.selenium.remote.service.DriverCommandExecutor.execute(DriverCommandExecutor.java:83)
	at org.openqa.selenium.remote.RemoteWebDriver.execute(RemoteWebDriver.java:552)
	at org.openqa.selenium.remote.RemoteWebDriver.get(RemoteWebDriver.java:277)
	at stepdefinations.RegisterPage1Steps.user_is_on_dietician_website(RegisterPage1Steps.java:22)
	at ✽.User is on Dietician  website(file:///Users/shwethamohanpulle/Documents/Projects/CucumberBDDFramework/src/test/resources/AppFeatures/SignInPage1.feature:23)
</textarea>
      
      </div>
              </div>
              <div class="step skip-bg" title="stepdefinations.SignInPage1Steps.user_is_on_sign_in_page()">
                <span>When user is on sign in page</span>
      <div>Step skipped
      </div>
              </div>
              <div class="step skip-bg" title="stepdefinations.RegisterPage2Steps.user_should_see_a_button_with_text(java.lang.String)">
                <span>Then User should see a button with text "sign in"</span>
      <div>Step skipped
      </div>
              </div>
              <div class="step pass-bg" title="AFTER">
                <span>Hooks.ApplicationHooks.tearDown(io.cucumber.java.Scenario)</span>
      <div>Validating_the_Sign_in_button
          <div class="row mb-3"><div class="col-md-3">
    <img data-featherlight='../embedded50.png' src="../embedded50.png">
    
    </div></div>
</div>
      <div>
      </div>
              </div>
          </div>
        </div>
  </div>
  <div class="card">
    <div class="card-header" role="tab">
      <div class="card-title">
        <div class="node" id="443"><span class="badge log fail-bg mr-2">Fail</span>validating the Sign in  with empty fields</div>
      </div>
    </div>
        <div class="">
          <div class="card-body">
              <div class="step pass-bg" title="stepdefinations.SignInPage1Steps.user_has_alreday_sign_up()">
                <span>Given User has alreday sign up</span>
      <div>
      </div>
              </div>
              <div class="step fail-bg" >
                <span>Given User is on Sign in  page</span>
      <div>Step undefined
      </div>
              </div>
              <div class="step skip-bg" title="stepdefinations.SignInPage1Steps.user_clicks_on_sign_in_button_with_all_fields_empty()">
                <span>When User clicks on sign in button with all fields empty</span>
      <div>Step skipped
      </div>
              </div>
              <div class="step skip-bg" title="stepdefinations.SignInPage1Steps.user_should_get_message(java.lang.String)">
                <span>Then User should get message "please fill out the fields"</span>
      <div>Step skipped
      </div>
              </div>
          </div>
        </div>
  </div>
  <div class="card">
    <div class="card-header" role="tab">
      <div class="card-title">
        <div class="node" id="452"><span class="badge log fail-bg mr-2">Fail</span>validating the Sign in  with invalid Password</div>
      </div>
    </div>
        <div class="">
          <div class="card-body">
              <div class="step pass-bg" title="stepdefinations.SignInPage1Steps.user_has_alreday_sign_up()">
                <span>Given User has alreday sign up</span>
      <div>
      </div>
              </div>
              <div class="step fail-bg" >
                <span>Given User is on sign in  page</span>
      <div>Step undefined
      </div>
              </div>
              <div class="step skip-bg" title="stepdefinations.SignInPage1Steps.user_clicks_on_sign_in_button_with_invalid_password()">
                <span>When User clicks on sign in button with invalid Password</span>
      <div>Step skipped
      </div>
              </div>
              <div class="step skip-bg" >
                <span>Then User should get a message "inavlid entry for password field"</span>
      <div>Step skipped
      </div>
              </div>
          </div>
        </div>
  </div>
  <div class="card">
    <div class="card-header" role="tab">
      <div class="card-title">
        <div class="node" id="461"><span class="badge log fail-bg mr-2">Fail</span>validating the Sign in  with both invalid username and Password</div>
      </div>
    </div>
        <div class="">
          <div class="card-body">
              <div class="step pass-bg" title="stepdefinations.SignInPage1Steps.user_has_alreday_sign_up()">
                <span>Given User has alreday sign up</span>
      <div>
      </div>
              </div>
              <div class="step fail-bg" >
                <span>Given User is on sign in  page</span>
      <div>Step undefined
      </div>
              </div>
              <div class="step skip-bg" title="stepdefinations.SignInPage1Steps.user_clicks_on_sign_in_button_with_invalid_username_and_password()">
                <span>When User clicks on sign in button with invalid  username and password</span>
      <div>Step skipped
      </div>
              </div>
              <div class="step skip-bg" >
                <span>Then User should get  a message "inavlid login credentials"</span>
      <div>Step skipped
      </div>
              </div>
          </div>
        </div>
  </div>
  <div class="card">
    <div class="card-header" role="tab">
      <div class="card-title">
        <div class="node" id="470"><span class="badge log fail-bg mr-2">Fail</span>validating the Sign in with forgot password link</div>
      </div>
    </div>
        <div class="">
          <div class="card-body">
              <div class="step pass-bg" title="stepdefinations.SignInPage1Steps.user_has_alreday_sign_up()">
                <span>Given User has alreday sign up</span>
      <div>
      </div>
              </div>
              <div class="step fail-bg" >
                <span>Given User is on sign in  page</span>
      <div>Step undefined
      </div>
              </div>
              <div class="step skip-bg" title="stepdefinations.SignInPage1Steps.user_clicks_on_forgot_password_button()">
                <span>When User clicks on forgot password button</span>
      <div>Step skipped
      </div>
              </div>
              <div class="step skip-bg" title="stepdefinations.SignInPage1Steps.user_should_be_directed_to_reset_password_link()">
                <span>Then User should be directed to reset password link</span>
      <div>Step skipped
      </div>
              </div>
          </div>
        </div>
  </div>
  <div class="card">
    <div class="card-header" role="tab">
      <div class="card-title">
        <div class="node" id="479"><span class="badge log fail-bg mr-2">Fail</span>validating the Sign in with Not member yet button</div>
      </div>
    </div>
        <div class="">
          <div class="card-body">
              <div class="step pass-bg" title="stepdefinations.SignInPage1Steps.user_has_alreday_sign_up()">
                <span>Given User has alreday sign up</span>
      <div>
      </div>
              </div>
              <div class="step fail-bg" >
                <span>Given User is on sign in  page</span>
      <div>Step undefined
      </div>
              </div>
              <div class="step skip-bg" title="stepdefinations.SignInPage1Steps.user_clicks_on_not_member_yet_button()">
                <span>When User clicks on not member yet button</span>
      <div>Step skipped
      </div>
              </div>
              <div class="step skip-bg" title="stepdefinations.SignInPage1Steps.user_will_land_on_register_page()">
                <span>Then User will land on Register page</span>
      <div>Step skipped
      </div>
              </div>
          </div>
        </div>
  </div>
  <div class="card">
    <div class="card-header" role="tab">
      <div class="card-title">
        <div class="node" id="488"><span class="badge log fail-bg mr-2">Fail</span>validating the Sign in with all fields valid entry</div>
      </div>
    </div>
        <div class="">
          <div class="card-body">
              <div class="step pass-bg" title="stepdefinations.SignInPage1Steps.user_has_alreday_sign_up()">
                <span>Given User has alreday sign up</span>
      <div>
      </div>
              </div>
              <div class="step fail-bg" >
                <span>Given User is on sign in  page</span>
      <div>Step undefined
      </div>
              </div>
              <div class="step skip-bg" title="stepdefinations.SignInPage1Steps.user_clicks_sign_in_with_all_fields_entered()">
                <span>When User clicks sign in with all fields entered</span>
      <div>Step skipped
      </div>
              </div>
              <div class="step skip-bg" title="stepdefinations.SignInPage1Steps.user_logged_in_successfully()">
                <span>Then User logged in successfully</span>
      <div>Step skipped
      </div>
              </div>
          </div>
        </div>
  </div>
</div>
          </div>
        </li>
        <li class="test-item"  status="fail" test-id="497"
          author=""
          tag=""
          device="">
          <div class="test-detail">
            <p class="name">sign in form Option2</p>
            <p class="text-sm">
              <span>17:38:12 PM</span> / <span>00:00:14:222</span>
              <span class="badge fail-bg log float-right">Fail</span>
            </p>
          </div>
          <div class="test-contents d-none">
<div class="detail-head">
<div class="p-v-10">
<div class="info">
<h5 class="test-status text-fail">sign in form Option2</h5>
<span class='badge badge-success'>06.15.2022 17:38:12</span>
<span class='badge badge-danger'>06.15.2022 17:38:26</span>
<span class='badge badge-default'>00:00:14:222</span>
&middot; <span class='uri-anchor badge badge-default'>#test-id=497</span>
</div>
<div class="m-t-10 m-l-5"></div>
</div>
</div>
<div class="accordion mt-4">
  <div class="card">
    <div class="card-header" role="tab">
      <div class="card-title">
        <div class="node" id="498"><span class="badge log fail-bg mr-2">Fail</span>validating the heading on Sign in form</div>
          <div class="status-avatar float-right mr-4">
            <i class="fa fa-paperclip"></i>
          </div>
      </div>
    </div>
        <div class="">
          <div class="card-body">
              <div class="step pass-bg" title="stepdefinations.SignInPage1Steps.user_has_alreday_sign_up()">
                <span>Given User has alreday sign up</span>
      <div>
      </div>
              </div>
              <div class="step fail-bg" title="stepdefinations.SignInPage2Steps.user_is_on_dietician_website()">
                <span>Given User is on Dietician website</span>
      <div>
        <textarea disabled class="code-block">org.openqa.selenium.InvalidArgumentException: invalid argument
  (Session info: chrome=102.0.5005.115)
Build info: version: '3.141.59', revision: 'e82be7d358', time: '2018-11-14T08:17:03'
System info: host: 'Shwethas-MacBook-Pro.local', ip: '2601:647:4100:cc20:5969:f579:cca0:9fb7%en0', os.name: 'Mac OS X', os.arch: 'x86_64', os.version: '10.15.7', java.version: '12.0.2'
Driver info: org.openqa.selenium.chrome.ChromeDriver
Capabilities {acceptInsecureCerts: false, browserName: chrome, browserVersion: 102.0.5005.115, chrome: {chromedriverVersion: 102.0.5005.61 (0e59bcc00cc4..., userDataDir: /var/folders/8y/rcqlwqj12nd...}, goog:chromeOptions: {debuggerAddress: localhost:62519}, javascriptEnabled: true, networkConnectionEnabled: false, pageLoadStrategy: normal, platform: MAC, platformName: MAC, proxy: Proxy(), setWindowRect: true, strictFileInteractability: false, timeouts: {implicit: 0, pageLoad: 300000, script: 30000}, unhandledPromptBehavior: dismiss and notify, webauthn:extension:credBlob: true, webauthn:extension:largeBlob: true, webauthn:virtualAuthenticators: true}
Session ID: 8675826c51bc1f968bcf9bd95b036c76
	at jdk.internal.reflect.GeneratedConstructorAccessor19.newInstance(Unknown Source)
	at java.base/jdk.internal.reflect.DelegatingConstructorAccessorImpl.newInstance(DelegatingConstructorAccessorImpl.java:45)
	at java.base/java.lang.reflect.Constructor.newInstanceWithCaller(Constructor.java:500)
	at java.base/java.lang.reflect.Constructor.newInstance(Constructor.java:481)
	at org.openqa.selenium.remote.http.W3CHttpResponseCodec.createException(W3CHttpResponseCodec.java:187)
	at org.openqa.selenium.remote.http.W3CHttpResponseCodec.decode(W3CHttpResponseCodec.java:122)
	at org.openqa.selenium.remote.http.W3CHttpResponseCodec.decode(W3CHttpResponseCodec.java:49)
	at org.openqa.selenium.remote.HttpCommandExecutor.execute(HttpCommandExecutor.java:158)
	at org.openqa.selenium.remote.service.DriverCommandExecutor.execute(DriverCommandExecutor.java:83)
	at org.openqa.selenium.remote.RemoteWebDriver.execute(RemoteWebDriver.java:552)
	at org.openqa.selenium.remote.RemoteWebDriver.get(RemoteWebDriver.java:277)
	at stepdefinations.SignInPage2Steps.user_is_on_dietician_website(SignInPage2Steps.java:20)
	at ✽.User is on Dietician website(file:///Users/shwethamohanpulle/Documents/Projects/CucumberBDDFramework/src/test/resources/AppFeatures/SignInPage2.feature:7)
</textarea>
      
      </div>
              </div>
              <div class="step skip-bg" title="stepdefinations.SignInPage2Steps.user_lands_on_sign_in_page()">
                <span>When User lands on Sign in page</span>
      <div>Step skipped
      </div>
              </div>
              <div class="step skip-bg" title="stepdefinations.SignInPage2Steps.User_lands_on_sign_in_page(boolean)">
                <span>Then User should see a Sign in form with heading "Log in with your email"</span>
      <div>Step skipped
      </div>
              </div>
              <div class="step pass-bg" title="AFTER">
                <span>Hooks.ApplicationHooks.tearDown(io.cucumber.java.Scenario)</span>
      <div>validating_the_heading_on_Sign_in_form
          <div class="row mb-3"><div class="col-md-3">
    <img data-featherlight='../embedded51.png' src="../embedded51.png">
    
    </div></div>
</div>
      <div>
      </div>
              </div>
          </div>
        </div>
  </div>
  <div class="card">
    <div class="card-header" role="tab">
      <div class="card-title">
        <div class="node" id="507"><span class="badge log fail-bg mr-2">Fail</span>validating log in button</div>
          <div class="status-avatar float-right mr-4">
            <i class="fa fa-paperclip"></i>
          </div>
      </div>
    </div>
        <div class="">
          <div class="card-body">
              <div class="step pass-bg" title="stepdefinations.SignInPage1Steps.user_has_alreday_sign_up()">
                <span>Given User has alreday sign up</span>
      <div>
      </div>
              </div>
              <div class="step fail-bg" title="stepdefinations.SignInPage2Steps.user_is_on_dietician_website()">
                <span>Given User is on Dietician website</span>
      <div>
        <textarea disabled class="code-block">org.openqa.selenium.InvalidArgumentException: invalid argument
  (Session info: chrome=102.0.5005.115)
Build info: version: '3.141.59', revision: 'e82be7d358', time: '2018-11-14T08:17:03'
System info: host: 'Shwethas-MacBook-Pro.local', ip: '2601:647:4100:cc20:5969:f579:cca0:9fb7%en0', os.name: 'Mac OS X', os.arch: 'x86_64', os.version: '10.15.7', java.version: '12.0.2'
Driver info: org.openqa.selenium.chrome.ChromeDriver
Capabilities {acceptInsecureCerts: false, browserName: chrome, browserVersion: 102.0.5005.115, chrome: {chromedriverVersion: 102.0.5005.61 (0e59bcc00cc4..., userDataDir: /var/folders/8y/rcqlwqj12nd...}, goog:chromeOptions: {debuggerAddress: localhost:62531}, javascriptEnabled: true, networkConnectionEnabled: false, pageLoadStrategy: normal, platform: MAC, platformName: MAC, proxy: Proxy(), setWindowRect: true, strictFileInteractability: false, timeouts: {implicit: 0, pageLoad: 300000, script: 30000}, unhandledPromptBehavior: dismiss and notify, webauthn:extension:credBlob: true, webauthn:extension:largeBlob: true, webauthn:virtualAuthenticators: true}
Session ID: 1555c263db764c1a3f8c64dac11f993d
	at jdk.internal.reflect.GeneratedConstructorAccessor19.newInstance(Unknown Source)
	at java.base/jdk.internal.reflect.DelegatingConstructorAccessorImpl.newInstance(DelegatingConstructorAccessorImpl.java:45)
	at java.base/java.lang.reflect.Constructor.newInstanceWithCaller(Constructor.java:500)
	at java.base/java.lang.reflect.Constructor.newInstance(Constructor.java:481)
	at org.openqa.selenium.remote.http.W3CHttpResponseCodec.createException(W3CHttpResponseCodec.java:187)
	at org.openqa.selenium.remote.http.W3CHttpResponseCodec.decode(W3CHttpResponseCodec.java:122)
	at org.openqa.selenium.remote.http.W3CHttpResponseCodec.decode(W3CHttpResponseCodec.java:49)
	at org.openqa.selenium.remote.HttpCommandExecutor.execute(HttpCommandExecutor.java:158)
	at org.openqa.selenium.remote.service.DriverCommandExecutor.execute(DriverCommandExecutor.java:83)
	at org.openqa.selenium.remote.RemoteWebDriver.execute(RemoteWebDriver.java:552)
	at org.openqa.selenium.remote.RemoteWebDriver.get(RemoteWebDriver.java:277)
	at stepdefinations.SignInPage2Steps.user_is_on_dietician_website(SignInPage2Steps.java:20)
	at ✽.User is on Dietician website(file:///Users/shwethamohanpulle/Documents/Projects/CucumberBDDFramework/src/test/resources/AppFeatures/SignInPage2.feature:12)
</textarea>
      
      </div>
              </div>
              <div class="step skip-bg" title="stepdefinations.SignInPage2Steps.user_lands_on_sign_in_page()">
                <span>When User lands on Sign in page</span>
      <div>Step skipped
      </div>
              </div>
              <div class="step skip-bg" title="stepdefinations.RegisterPage2Steps.user_should_see_a_button_with_text(java.lang.String)">
                <span>Then User should see a button with text "Log in"</span>
      <div>Step skipped
      </div>
              </div>
              <div class="step pass-bg" title="AFTER">
                <span>Hooks.ApplicationHooks.tearDown(io.cucumber.java.Scenario)</span>
      <div>validating_log_in_button
          <div class="row mb-3"><div class="col-md-3">
    <img data-featherlight='../embedded52.png' src="../embedded52.png">
    
    </div></div>
</div>
      <div>
      </div>
              </div>
          </div>
        </div>
  </div>
  <div class="card">
    <div class="card-header" role="tab">
      <div class="card-title">
        <div class="node" id="516"><span class="badge log fail-bg mr-2">Fail</span>Validating Sign in with email and password empty</div>
          <div class="status-avatar float-right mr-4">
            <i class="fa fa-paperclip"></i>
          </div>
      </div>
    </div>
        <div class="">
          <div class="card-body">
              <div class="step pass-bg" title="stepdefinations.SignInPage1Steps.user_has_alreday_sign_up()">
                <span>Given User has alreday sign up</span>
      <div>
      </div>
              </div>
              <div class="step pass-bg" title="stepdefinations.SignInPage2Steps.user_is_on_sign_in_page()">
                <span>Given User is on Sign in page</span>
      <div>
      </div>
              </div>
              <div class="step fail-bg" title="stepdefinations.SignInPage2Steps.user_clicks_on_login_button()">
                <span>When User clicks on login button</span>
      <div>
        <textarea disabled class="code-block">java.lang.NullPointerException
	at stepdefinations.SignInPage2Steps.user_clicks_on_login_button(SignInPage2Steps.java:44)
	at ✽.User clicks on login button(file:///Users/shwethamohanpulle/Documents/Projects/CucumberBDDFramework/src/test/resources/AppFeatures/SignInPage2.feature:18)
</textarea>
      
      </div>
              </div>
              <div class="step skip-bg" title="stepdefinations.SignInPage2Steps.user_gets_a_message(java.lang.String)">
                <span>Then User gets a message "Pleasse fill out fields"</span>
      <div>Step skipped
      </div>
              </div>
              <div class="step pass-bg" title="AFTER">
                <span>Hooks.ApplicationHooks.tearDown(io.cucumber.java.Scenario)</span>
      <div>Validating_Sign_in_with_email_and_password_empty
          <div class="row mb-3"><div class="col-md-3">
    <img data-featherlight='../embedded53.png' src="../embedded53.png">
    
    </div></div>
</div>
      <div>
      </div>
              </div>
          </div>
        </div>
  </div>
  <div class="card">
    <div class="card-header" role="tab">
      <div class="card-title">
        <div class="node" id="525"><span class="badge log fail-bg mr-2">Fail</span>Validating sign in with invalid email and valid password</div>
          <div class="status-avatar float-right mr-4">
            <i class="fa fa-paperclip"></i>
          </div>
      </div>
    </div>
        <div class="">
          <div class="card-body">
              <div class="step pass-bg" title="stepdefinations.SignInPage1Steps.user_has_alreday_sign_up()">
                <span>Given User has alreday sign up</span>
      <div>
      </div>
              </div>
              <div class="step pass-bg" title="stepdefinations.SignInPage2Steps.user_is_on_sign_in_page()">
                <span>Given User is on Sign in page</span>
      <div>
      </div>
              </div>
              <div class="step fail-bg" title="stepdefinations.SignInPage2Steps.user_clicks_on_login_button_with_invalid_email_and_valid_password()">
                <span>When User clicks on login button with invalid email and valid password</span>
      <div>
        <textarea disabled class="code-block">java.lang.NullPointerException
	at stepdefinations.SignInPage2Steps.user_clicks_on_login_button_with_invalid_email_and_valid_password(SignInPage2Steps.java:51)
	at ✽.User clicks on login button with invalid email and valid password(file:///Users/shwethamohanpulle/Documents/Projects/CucumberBDDFramework/src/test/resources/AppFeatures/SignInPage2.feature:24)
</textarea>
      
      </div>
              </div>
              <div class="step skip-bg" title="stepdefinations.SignInPage2Steps.user_gets_a_message(java.lang.String)">
                <span>Then User gets a message "invalid password.please try again"</span>
      <div>Step skipped
      </div>
              </div>
              <div class="step pass-bg" title="AFTER">
                <span>Hooks.ApplicationHooks.tearDown(io.cucumber.java.Scenario)</span>
      <div>Validating_sign_in_with_invalid_email_and_valid_password
          <div class="row mb-3"><div class="col-md-3">
    <img data-featherlight='../embedded54.png' src="../embedded54.png">
    
    </div></div>
</div>
      <div>
      </div>
              </div>
          </div>
        </div>
  </div>
  <div class="card">
    <div class="card-header" role="tab">
      <div class="card-title">
        <div class="node" id="534"><span class="badge log fail-bg mr-2">Fail</span>validating sign in with valid email and invalid password</div>
          <div class="status-avatar float-right mr-4">
            <i class="fa fa-paperclip"></i>
          </div>
      </div>
    </div>
        <div class="">
          <div class="card-body">
              <div class="step pass-bg" title="stepdefinations.SignInPage1Steps.user_has_alreday_sign_up()">
                <span>Given User has alreday sign up</span>
      <div>
      </div>
              </div>
              <div class="step pass-bg" title="stepdefinations.SignInPage2Steps.user_is_on_sign_in_page()">
                <span>Given User is on Sign in page</span>
      <div>
      </div>
              </div>
              <div class="step fail-bg" title="stepdefinations.SignInPage2Steps.user_clicks_on_login_button_with_valid_email_and_invalid_password()">
                <span>When User clicks on login button with valid email and invalid password</span>
      <div>
        <textarea disabled class="code-block">java.lang.NullPointerException
	at stepdefinations.SignInPage2Steps.user_clicks_on_login_button_with_valid_email_and_invalid_password(SignInPage2Steps.java:62)
	at ✽.User clicks on login button with valid email and invalid password(file:///Users/shwethamohanpulle/Documents/Projects/CucumberBDDFramework/src/test/resources/AppFeatures/SignInPage2.feature:30)
</textarea>
      
      </div>
              </div>
              <div class="step skip-bg" title="stepdefinations.SignInPage2Steps.user_gets_a_message(java.lang.String)">
                <span>Then User gets a message "please fill the password"</span>
      <div>Step skipped
      </div>
              </div>
              <div class="step pass-bg" title="AFTER">
                <span>Hooks.ApplicationHooks.tearDown(io.cucumber.java.Scenario)</span>
      <div>validating_sign_in_with_valid_email_and_invalid_password
          <div class="row mb-3"><div class="col-md-3">
    <img data-featherlight='../embedded55.png' src="../embedded55.png">
    
    </div></div>
</div>
      <div>
      </div>
              </div>
          </div>
        </div>
  </div>
  <div class="card">
    <div class="card-header" role="tab">
      <div class="card-title">
        <div class="node" id="543"><span class="badge log fail-bg mr-2">Fail</span>Validating sign in with invalid credentials</div>
          <div class="status-avatar float-right mr-4">
            <i class="fa fa-paperclip"></i>
          </div>
      </div>
    </div>
        <div class="">
          <div class="card-body">
              <div class="step pass-bg" title="stepdefinations.SignInPage1Steps.user_has_alreday_sign_up()">
                <span>Given User has alreday sign up</span>
      <div>
      </div>
              </div>
              <div class="step pass-bg" title="stepdefinations.SignInPage2Steps.user_is_on_sign_in_page()">
                <span>Given User is on Sign in page</span>
      <div>
      </div>
              </div>
              <div class="step fail-bg" title="stepdefinations.SignInPage2Steps.user_clicks_on_login_button_with_invalid_email_and_invalid_password()">
                <span>When User clicks on login button with invalid email and invalid password</span>
      <div>
        <textarea disabled class="code-block">java.lang.NullPointerException
	at stepdefinations.SignInPage2Steps.user_clicks_on_login_button_with_invalid_email_and_invalid_password(SignInPage2Steps.java:67)
	at ✽.User clicks on login button with invalid email and invalid password(file:///Users/shwethamohanpulle/Documents/Projects/CucumberBDDFramework/src/test/resources/AppFeatures/SignInPage2.feature:36)
</textarea>
      
      </div>
              </div>
              <div class="step skip-bg" title="stepdefinations.SignInPage2Steps.user_gets_a_message(java.lang.String)">
                <span>Then User gets a message "Invalid log in credentials"</span>
      <div>Step skipped
      </div>
              </div>
              <div class="step pass-bg" title="AFTER">
                <span>Hooks.ApplicationHooks.tearDown(io.cucumber.java.Scenario)</span>
      <div>Validating_sign_in_with_invalid_credentials
          <div class="row mb-3"><div class="col-md-3">
    <img data-featherlight='../embedded56.png' src="../embedded56.png">
    
    </div></div>
</div>
      <div>
      </div>
              </div>
          </div>
        </div>
  </div>
  <div class="card">
    <div class="card-header" role="tab">
      <div class="card-title">
        <div class="node" id="552"><span class="badge log fail-bg mr-2">Fail</span>validating sign in with valid  credentials</div>
          <div class="status-avatar float-right mr-4">
            <i class="fa fa-paperclip"></i>
          </div>
      </div>
    </div>
        <div class="">
          <div class="card-body">
              <div class="step pass-bg" title="stepdefinations.SignInPage1Steps.user_has_alreday_sign_up()">
                <span>Given User has alreday sign up</span>
      <div>
      </div>
              </div>
              <div class="step pass-bg" title="stepdefinations.SignInPage2Steps.user_is_on_sign_in_page()">
                <span>Given User is on Sign in page</span>
      <div>
      </div>
              </div>
              <div class="step fail-bg" title="stepdefinations.SignInPage2Steps.user_clicks_on_login_button_with_valid_email_and_valid_password()">
                <span>When User clicks on login button with valid email and valid password</span>
      <div>
        <textarea disabled class="code-block">java.lang.NullPointerException
	at stepdefinations.SignInPage2Steps.user_clicks_on_login_button_with_valid_email_and_valid_password(SignInPage2Steps.java:72)
	at ✽.User clicks on login button with valid email and valid password(file:///Users/shwethamohanpulle/Documents/Projects/CucumberBDDFramework/src/test/resources/AppFeatures/SignInPage2.feature:42)
</textarea>
      
      </div>
              </div>
              <div class="step skip-bg" title="stepdefinations.SignInPage2Steps.user_gets_a_message(java.lang.String)">
                <span>Then User gets a message "logged in successfully"</span>
      <div>Step skipped
      </div>
              </div>
              <div class="step pass-bg" title="AFTER">
                <span>Hooks.ApplicationHooks.tearDown(io.cucumber.java.Scenario)</span>
      <div>validating_sign_in_with_valid__credentials
          <div class="row mb-3"><div class="col-md-3">
    <img data-featherlight='../embedded57.png' src="../embedded57.png">
    
    </div></div>
</div>
      <div>
      </div>
              </div>
          </div>
        </div>
  </div>
  <div class="card">
    <div class="card-header" role="tab">
      <div class="card-title">
        <div class="node" id="561"><span class="badge log fail-bg mr-2">Fail</span>Validating sign in with Facebook button</div>
          <div class="status-avatar float-right mr-4">
            <i class="fa fa-paperclip"></i>
          </div>
      </div>
    </div>
        <div class="">
          <div class="card-body">
              <div class="step pass-bg" title="stepdefinations.SignInPage1Steps.user_has_alreday_sign_up()">
                <span>Given User has alreday sign up</span>
      <div>
      </div>
              </div>
              <div class="step pass-bg" title="stepdefinations.SignInPage2Steps.user_is_on_sign_in_page()">
                <span>Given User is on Sign in page</span>
      <div>
      </div>
              </div>
              <div class="step fail-bg" title="stepdefinations.SignInPage2Steps.user_clicks_on_facebook_button()">
                <span>When User clicks on facebook button</span>
      <div>
        <textarea disabled class="code-block">java.lang.NullPointerException
	at stepdefinations.SignInPage2Steps.user_clicks_on_facebook_button(SignInPage2Steps.java:78)
	at ✽.User clicks on facebook button(file:///Users/shwethamohanpulle/Documents/Projects/CucumberBDDFramework/src/test/resources/AppFeatures/SignInPage2.feature:48)
</textarea>
      
      </div>
              </div>
              <div class="step skip-bg" title="stepdefinations.SignInPage2Steps.user_is_redirected_to_facebook_login_page()">
                <span>Then User is redirected to Facebook login page</span>
      <div>Step skipped
      </div>
              </div>
              <div class="step pass-bg" title="AFTER">
                <span>Hooks.ApplicationHooks.tearDown(io.cucumber.java.Scenario)</span>
      <div>Validating_sign_in_with_Facebook_button
          <div class="row mb-3"><div class="col-md-3">
    <img data-featherlight='../embedded58.png' src="../embedded58.png">
    
    </div></div>
</div>
      <div>
      </div>
              </div>
          </div>
        </div>
  </div>
  <div class="card">
    <div class="card-header" role="tab">
      <div class="card-title">
        <div class="node" id="570"><span class="badge log fail-bg mr-2">Fail</span>Validating sign in with Google  button</div>
          <div class="status-avatar float-right mr-4">
            <i class="fa fa-paperclip"></i>
          </div>
      </div>
    </div>
        <div class="">
          <div class="card-body">
              <div class="step pass-bg" title="stepdefinations.SignInPage1Steps.user_has_alreday_sign_up()">
                <span>Given User has alreday sign up</span>
      <div>
      </div>
              </div>
              <div class="step pass-bg" title="stepdefinations.SignInPage2Steps.user_is_on_sign_in_page()">
                <span>Given User is on Sign in page</span>
      <div>
      </div>
              </div>
              <div class="step fail-bg" title="stepdefinations.SignInPage2Steps.user_clicks_on_google_button()">
                <span>When User clicks on Google  button</span>
      <div>
        <textarea disabled class="code-block">java.lang.NullPointerException
	at stepdefinations.SignInPage2Steps.user_clicks_on_google_button(SignInPage2Steps.java:87)
	at ✽.User clicks on Google  button(file:///Users/shwethamohanpulle/Documents/Projects/CucumberBDDFramework/src/test/resources/AppFeatures/SignInPage2.feature:54)
</textarea>
      
      </div>
              </div>
              <div class="step skip-bg" title="stepdefinations.SignInPage2Steps.user_is_redirected_to_google_login_page()">
                <span>Then User is redirected to Google login page</span>
      <div>Step skipped
      </div>
              </div>
              <div class="step pass-bg" title="AFTER">
                <span>Hooks.ApplicationHooks.tearDown(io.cucumber.java.Scenario)</span>
      <div>Validating_sign_in_with_Google__button
          <div class="row mb-3"><div class="col-md-3">
    <img data-featherlight='../embedded59.png' src="../embedded59.png">
    
    </div></div>
</div>
      <div>
      </div>
              </div>
          </div>
        </div>
  </div>
  <div class="card">
    <div class="card-header" role="tab">
      <div class="card-title">
        <div class="node" id="579"><span class="badge log fail-bg mr-2">Fail</span>Validating sign in with SignUp  button</div>
          <div class="status-avatar float-right mr-4">
            <i class="fa fa-paperclip"></i>
          </div>
      </div>
    </div>
        <div class="">
          <div class="card-body">
              <div class="step pass-bg" title="stepdefinations.SignInPage1Steps.user_has_alreday_sign_up()">
                <span>Given User has alreday sign up</span>
      <div>
      </div>
              </div>
              <div class="step pass-bg" title="stepdefinations.SignInPage2Steps.user_is_on_sign_in_page()">
                <span>Given User is on Sign in page</span>
      <div>
      </div>
              </div>
              <div class="step fail-bg" title="stepdefinations.SignInPage2Steps.user_clicks_on_sign_up_link()">
                <span>When User clicks on Sign up link</span>
      <div>
        <textarea disabled class="code-block">java.lang.NullPointerException
	at stepdefinations.SignInPage2Steps.user_clicks_on_sign_up_link(SignInPage2Steps.java:97)
	at ✽.User clicks on Sign up link(file:///Users/shwethamohanpulle/Documents/Projects/CucumberBDDFramework/src/test/resources/AppFeatures/SignInPage2.feature:60)
</textarea>
      
      </div>
              </div>
              <div class="step skip-bg" title="stepdefinations.SignInPage2Steps.user_is_redirected_to_register_page()">
                <span>Then User is redirected to Register page</span>
      <div>Step skipped
      </div>
              </div>
              <div class="step pass-bg" title="AFTER">
                <span>Hooks.ApplicationHooks.tearDown(io.cucumber.java.Scenario)</span>
      <div>Validating_sign_in_with_SignUp__button
          <div class="row mb-3"><div class="col-md-3">
    <img data-featherlight='../embedded60.png' src="../embedded60.png">
    
    </div></div>
</div>
      <div>
      </div>
              </div>
          </div>
        </div>
  </div>
</div>
          </div>
        </li>
      </ul>
    </div>
  </div>
<div class="test-content scrollable">
<div class="test-content-tools">
<ul><li><a class="back-to-test" href="#"><i class="fa fa-arrow-left"></i></a></li></ul>
</div>
<div class="test-content-detail"><div class="detail-body"></div></div>
</div></div>
<div class="test-wrapper row view exception-view attributes-view">
<div class="test-list">
<div class="test-list-tools">
<ul class="tools pull-left"><li><a href=""><span class="font-size-14">Exception</span></a></li></ul>
<ul class="tools text-right"><li><a href="#"><span class="badge badge-primary">2</span></a></li></ul>
</div>
<div class="test-list-wrapper scrollable">
<ul class="test-list-item">
<li class="test-item">
<div class="test-detail">
<span class="meta">
<span class='badge log badge-danger'>1</span>
</span>
<p class="name">org.openqa.selenium.InvalidArgumentException</p>
<p class="duration text-sm">1 tests</p>
</div>
<div class="test-contents d-none">
<div class="info">
<h4>org.openqa.selenium.InvalidArgumentException</h4>
<span status="fail" class='badge log badge-danger'>1 failed</span>
</div>
<table class='table table-sm mt-4'>
<thead>
<tr>
<th class="status-col">Status</th>
<th class="timestamp-col">Timestamp</th>
<th>TestName</th>
</tr>
</thead>
<tbody>
<tr class="tag-test-status" status="fail">
<td><span class="badge log fail-bg">Fail</span></td>
<td>17:36:55 PM</td>
<td>
<a href="#" class="linked" test-id='1' id='6'>When User open the Dietician Website</a>
<div class="">
<span class="badge badge-default">Home page of the Application.Validating the title of the Home page.When User open the Dietician Website</span>
</div>
</td>
</tr>
<tr class="tag-test-status" status="fail">
<td><span class="badge log fail-bg">Fail</span></td>
<td>17:36:57 PM</td>
<td>
<a href="#" class="linked" test-id='1' id='14'>When User open the Dietician Website</a>
<div class="">
<span class="badge badge-default">Home page of the Application.Validating the Logo on the Home page.When User open the Dietician Website</span>
</div>
</td>
</tr>
<tr class="tag-test-status" status="fail">
<td><span class="badge log fail-bg">Fail</span></td>
<td>17:36:58 PM</td>
<td>
<a href="#" class="linked" test-id='1' id='22'>When User open the Dietician Website</a>
<div class="">
<span class="badge badge-default">Home page of the Application.Validating the tab PRODUCT visibility.When User open the Dietician Website</span>
</div>
</td>
</tr>
<tr class="tag-test-status" status="fail">
<td><span class="badge log fail-bg">Fail</span></td>
<td>17:37:00 PM</td>
<td>
<a href="#" class="linked" test-id='1' id='30'>When User open the Dietician Website</a>
<div class="">
<span class="badge badge-default">Home page of the Application.Validating the tab CLIENTS visibility.When User open the Dietician Website</span>
</div>
</td>
</tr>
<tr class="tag-test-status" status="fail">
<td><span class="badge log fail-bg">Fail</span></td>
<td>17:37:01 PM</td>
<td>
<a href="#" class="linked" test-id='1' id='38'>When User open the Dietician Website</a>
<div class="">
<span class="badge badge-default">Home page of the Application.Validating the tab TEAM visibility.When User open the Dietician Website</span>
</div>
</td>
</tr>
<tr class="tag-test-status" status="fail">
<td><span class="badge log fail-bg">Fail</span></td>
<td>17:37:03 PM</td>
<td>
<a href="#" class="linked" test-id='1' id='46'>When User open the Dietician Website</a>
<div class="">
<span class="badge badge-default">Home page of the Application.Validating the tab REGISTER visibility.When User open the Dietician Website</span>
</div>
</td>
</tr>
<tr class="tag-test-status" status="fail">
<td><span class="badge log fail-bg">Fail</span></td>
<td>17:37:04 PM</td>
<td>
<a href="#" class="linked" test-id='1' id='54'>When User open the Dietician Website</a>
<div class="">
<span class="badge badge-default">Home page of the Application.Validating the tab About visibility.When User open the Dietician Website</span>
</div>
</td>
</tr>
<tr class="tag-test-status" status="fail">
<td><span class="badge log fail-bg">Fail</span></td>
<td>17:37:06 PM</td>
<td>
<a href="#" class="linked" test-id='1' id='62'>When User open the Dietician Website</a>
<div class="">
<span class="badge badge-default">Home page of the Application.Validating the tab Featured visibility.When User open the Dietician Website</span>
</div>
</td>
</tr>
<tr class="tag-test-status" status="fail">
<td><span class="badge log fail-bg">Fail</span></td>
<td>17:37:07 PM</td>
<td>
<a href="#" class="linked" test-id='1' id='70'>When User open the Dietician Website</a>
<div class="">
<span class="badge badge-default">Home page of the Application.Validating the tab Blog visibility.When User open the Dietician Website</span>
</div>
</td>
</tr>
<tr class="tag-test-status" status="fail">
<td><span class="badge log fail-bg">Fail</span></td>
<td>17:37:08 PM</td>
<td>
<a href="#" class="linked" test-id='1' id='78'>When User open the Dietician Website</a>
<div class="">
<span class="badge badge-default">Home page of the Application.Validating the tab Contact us visibility.When User open the Dietician Website</span>
</div>
</td>
</tr>
<tr class="tag-test-status" status="fail">
<td><span class="badge log fail-bg">Fail</span></td>
<td>17:37:10 PM</td>
<td>
<a href="#" class="linked" test-id='1' id='86'>When User open the Dietician Website</a>
<div class="">
<span class="badge badge-default">Home page of the Application.Validating the visibility of Search option.When User open the Dietician Website</span>
</div>
</td>
</tr>
<tr class="tag-test-status" status="fail">
<td><span class="badge log fail-bg">Fail</span></td>
<td>17:37:11 PM</td>
<td>
<a href="#" class="linked" test-id='1' id='94'>When User open the Dietician Website</a>
<div class="">
<span class="badge badge-default">Home page of the Application.Validating the visibility of Signin option.When User open the Dietician Website</span>
</div>
</td>
</tr>
<tr class="tag-test-status" status="fail">
<td><span class="badge log fail-bg">Fail</span></td>
<td>17:37:13 PM</td>
<td>
<a href="#" class="linked" test-id='98' id='103'>When User open the Dietician Website</a>
<div class="">
<span class="badge badge-default">Links of the Home page.validating the product link on home page.When User open the Dietician Website</span>
</div>
</td>
</tr>
<tr class="tag-test-status" status="fail">
<td><span class="badge log fail-bg">Fail</span></td>
<td>17:37:14 PM</td>
<td>
<a href="#" class="linked" test-id='98' id='113'>When User open the Dietician Website</a>
<div class="">
<span class="badge badge-default">Links of the Home page.validating the Client link on home page.When User open the Dietician Website</span>
</div>
</td>
</tr>
<tr class="tag-test-status" status="fail">
<td><span class="badge log fail-bg">Fail</span></td>
<td>17:37:16 PM</td>
<td>
<a href="#" class="linked" test-id='98' id='123'>When User open the Dietician Website</a>
<div class="">
<span class="badge badge-default">Links of the Home page.validating the Team link on home page.When User open the Dietician Website</span>
</div>
</td>
</tr>
<tr class="tag-test-status" status="fail">
<td><span class="badge log fail-bg">Fail</span></td>
<td>17:37:17 PM</td>
<td>
<a href="#" class="linked" test-id='98' id='133'>When User open the Dietician Website</a>
<div class="">
<span class="badge badge-default">Links of the Home page.validating the Register link on home page.When User open the Dietician Website</span>
</div>
</td>
</tr>
<tr class="tag-test-status" status="fail">
<td><span class="badge log fail-bg">Fail</span></td>
<td>17:37:19 PM</td>
<td>
<a href="#" class="linked" test-id='98' id='143'>When User open the Dietician Website</a>
<div class="">
<span class="badge badge-default">Links of the Home page.validating the About link on home page.When User open the Dietician Website</span>
</div>
</td>
</tr>
<tr class="tag-test-status" status="fail">
<td><span class="badge log fail-bg">Fail</span></td>
<td>17:37:20 PM</td>
<td>
<a href="#" class="linked" test-id='98' id='153'>When User open the Dietician Website</a>
<div class="">
<span class="badge badge-default">Links of the Home page.validating the Feature link on home page.When User open the Dietician Website</span>
</div>
</td>
</tr>
<tr class="tag-test-status" status="fail">
<td><span class="badge log fail-bg">Fail</span></td>
<td>17:37:22 PM</td>
<td>
<a href="#" class="linked" test-id='98' id='163'>When User open the Dietician Website</a>
<div class="">
<span class="badge badge-default">Links of the Home page.validating the Blogs link on home page.When User open the Dietician Website</span>
</div>
</td>
</tr>
<tr class="tag-test-status" status="fail">
<td><span class="badge log fail-bg">Fail</span></td>
<td>17:37:23 PM</td>
<td>
<a href="#" class="linked" test-id='98' id='173'>When User open the Dietician Website</a>
<div class="">
<span class="badge badge-default">Links of the Home page.validating the Contact uslink on home page.When User open the Dietician Website</span>
</div>
</td>
</tr>
<tr class="tag-test-status" status="fail">
<td><span class="badge log fail-bg">Fail</span></td>
<td>17:37:24 PM</td>
<td>
<a href="#" class="linked" test-id='179' id='184'>Given User is on Dietician website</a>
<div class="">
<span class="badge badge-default">Register page of the application.Validating the Title of Register page.Given User is on Dietician website</span>
</div>
</td>
</tr>
<tr class="tag-test-status" status="fail">
<td><span class="badge log fail-bg">Fail</span></td>
<td>17:37:26 PM</td>
<td>
<a href="#" class="linked" test-id='179' id='193'>Given User is on Dietician website</a>
<div class="">
<span class="badge badge-default">Register page of the application.Validating the Register page mandatory fields.Given User is on Dietician website</span>
</div>
</td>
</tr>
<tr class="tag-test-status" status="fail">
<td><span class="badge log fail-bg">Fail</span></td>
<td>17:37:27 PM</td>
<td>
<a href="#" class="linked" test-id='179' id='202'>Given User is on Dietician website</a>
<div class="">
<span class="badge badge-default">Register page of the application.validating the Sign up form Heading.Given User is on Dietician website</span>
</div>
</td>
</tr>
<tr class="tag-test-status" status="fail">
<td><span class="badge log fail-bg">Fail</span></td>
<td>17:37:41 PM</td>
<td>
<a href="#" class="linked" test-id='289' id='293'>Given User is on Dietician website</a>
<div class="">
<span class="badge badge-default">Register form2 of the Application.validating the Sign up form Heading.Given User is on Dietician website</span>
</div>
</td>
</tr>
<tr class="tag-test-status" status="fail">
<td><span class="badge log fail-bg">Fail</span></td>
<td>17:37:43 PM</td>
<td>
<a href="#" class="linked" test-id='289' id='301'>Given User is on Dietician website</a>
<div class="">
<span class="badge badge-default">Register form2 of the Application.validating the Sign up button.Given User is on Dietician website</span>
</div>
</td>
</tr>
<tr class="tag-test-status" status="fail">
<td><span class="badge log fail-bg">Fail</span></td>
<td>17:38:01 PM</td>
<td>
<a href="#" class="linked" test-id='406' id='411'>Given User is on Dietician website</a>
<div class="">
<span class="badge badge-default">Sign in form1 Of the Application.Validating the title of Sign in page.Given User is on Dietician website</span>
</div>
</td>
</tr>
<tr class="tag-test-status" status="fail">
<td><span class="badge log fail-bg">Fail</span></td>
<td>17:38:02 PM</td>
<td>
<a href="#" class="linked" test-id='406' id='420'>Given User is on Dietician website</a>
<div class="">
<span class="badge badge-default">Sign in form1 Of the Application.Validating the Sign in page mandatory fields.Given User is on Dietician website</span>
</div>
</td>
</tr>
<tr class="tag-test-status" status="fail">
<td><span class="badge log fail-bg">Fail</span></td>
<td>17:38:04 PM</td>
<td>
<a href="#" class="linked" test-id='406' id='429'>Given User is on Dietician website</a>
<div class="">
<span class="badge badge-default">Sign in form1 Of the Application.Validating the Sign in form heading.Given User is on Dietician website</span>
</div>
</td>
</tr>
<tr class="tag-test-status" status="fail">
<td><span class="badge log fail-bg">Fail</span></td>
<td>17:38:05 PM</td>
<td>
<a href="#" class="linked" test-id='406' id='438'>Given User is on Dietician website</a>
<div class="">
<span class="badge badge-default">Sign in form1 Of the Application.Validating the Sign in button.Given User is on Dietician website</span>
</div>
</td>
</tr>
<tr class="tag-test-status" status="fail">
<td><span class="badge log fail-bg">Fail</span></td>
<td>17:38:13 PM</td>
<td>
<a href="#" class="linked" test-id='497' id='502'>Given User is on Dietician website</a>
<div class="">
<span class="badge badge-default">sign in form Option2.validating the heading on Sign in form.Given User is on Dietician website</span>
</div>
</td>
</tr>
<tr class="tag-test-status" status="fail">
<td><span class="badge log fail-bg">Fail</span></td>
<td>17:38:14 PM</td>
<td>
<a href="#" class="linked" test-id='497' id='511'>Given User is on Dietician website</a>
<div class="">
<span class="badge badge-default">sign in form Option2.validating log in button.Given User is on Dietician website</span>
</div>
</td>
</tr>
</tbody>
</table>
</div>
</li>
<li class="test-item">
<div class="test-detail">
<span class="meta">
<span class='badge log badge-danger'>1</span>
</span>
<p class="name">java.lang.NullPointerException</p>
<p class="duration text-sm">1 tests</p>
</div>
<div class="test-contents d-none">
<div class="info">
<h4>java.lang.NullPointerException</h4>
<span status="fail" class='badge log badge-danger'>1 failed</span>
</div>
<table class='table table-sm mt-4'>
<thead>
<tr>
<th class="status-col">Status</th>
<th class="timestamp-col">Timestamp</th>
<th>TestName</th>
</tr>
</thead>
<tbody>
<tr class="tag-test-status" status="fail">
<td><span class="badge log fail-bg">Fail</span></td>
<td>17:37:29 PM</td>
<td>
<a href="#" class="linked" test-id='179' id='211'>Given User is on Register page</a>
<div class="">
<span class="badge badge-default">Register page of the application.validating the Sign up processs with empty fields.Given User is on Register page</span>
</div>
</td>
</tr>
<tr class="tag-test-status" status="fail">
<td><span class="badge log fail-bg">Fail</span></td>
<td>17:37:30 PM</td>
<td>
<a href="#" class="linked" test-id='179' id='220'>Given User is on Register page</a>
<div class="">
<span class="badge badge-default">Register page of the application.validating the Sign up processs with invalid First Name.Given User is on Register page</span>
</div>
</td>
</tr>
<tr class="tag-test-status" status="fail">
<td><span class="badge log fail-bg">Fail</span></td>
<td>17:37:32 PM</td>
<td>
<a href="#" class="linked" test-id='179' id='230'>Given User is on Register page</a>
<div class="">
<span class="badge badge-default">Register page of the application.validating the Sign up processs with invalid First Name.Given User is on Register page</span>
</div>
</td>
</tr>
<tr class="tag-test-status" status="fail">
<td><span class="badge log fail-bg">Fail</span></td>
<td>17:37:33 PM</td>
<td>
<a href="#" class="linked" test-id='179' id='239'>Given User is on Register page</a>
<div class="">
<span class="badge badge-default">Register page of the application.validating the Sign up processs with invalid last name.Given User is on Register page</span>
</div>
</td>
</tr>
<tr class="tag-test-status" status="fail">
<td><span class="badge log fail-bg">Fail</span></td>
<td>17:37:34 PM</td>
<td>
<a href="#" class="linked" test-id='179' id='248'>Given User is on Register page</a>
<div class="">
<span class="badge badge-default">Register page of the application.validating the Sign up processs with invalid Moblie Number.Given User is on Register page</span>
</div>
</td>
</tr>
<tr class="tag-test-status" status="fail">
<td><span class="badge log fail-bg">Fail</span></td>
<td>17:37:36 PM</td>
<td>
<a href="#" class="linked" test-id='179' id='257'>Given User is on Register page</a>
<div class="">
<span class="badge badge-default">Register page of the application.validating the Sign up processs with invalid Any other field.Given User is on Register page</span>
</div>
</td>
</tr>
<tr class="tag-test-status" status="fail">
<td><span class="badge log fail-bg">Fail</span></td>
<td>17:37:37 PM</td>
<td>
<a href="#" class="linked" test-id='179' id='266'>Given User is on Register page</a>
<div class="">
<span class="badge badge-default">Register page of the application.validating the Sign up processs with invalid Email.Given User is on Register page</span>
</div>
</td>
</tr>
<tr class="tag-test-status" status="fail">
<td><span class="badge log fail-bg">Fail</span></td>
<td>17:37:39 PM</td>
<td>
<a href="#" class="linked" test-id='179' id='275'>Given User is on Register page</a>
<div class="">
<span class="badge badge-default">Register page of the application.validating the Sign up processs with invalid Password.Given User is on Register page</span>
</div>
</td>
</tr>
<tr class="tag-test-status" status="fail">
<td><span class="badge log fail-bg">Fail</span></td>
<td>17:37:40 PM</td>
<td>
<a href="#" class="linked" test-id='179' id='284'>Given User is on Register page</a>
<div class="">
<span class="badge badge-default">Register page of the application.validating the Sign up processs with valid credentials.Given User is on Register page</span>
</div>
</td>
</tr>
<tr class="tag-test-status" status="fail">
<td><span class="badge log fail-bg">Fail</span></td>
<td>17:37:44 PM</td>
<td>
<a href="#" class="linked" test-id='289' id='309'>Given User is on Register page</a>
<div class="">
<span class="badge badge-default">Register form2 of the Application.validating the Sign up processs with empty fields.Given User is on Register page</span>
</div>
</td>
</tr>
<tr class="tag-test-status" status="fail">
<td><span class="badge log fail-bg">Fail</span></td>
<td>17:37:46 PM</td>
<td>
<a href="#" class="linked" test-id='289' id='317'>Given User is on Register page</a>
<div class="">
<span class="badge badge-default">Register form2 of the Application.validating the Sign up processs with invalid First Name.Given User is on Register page</span>
</div>
</td>
</tr>
<tr class="tag-test-status" status="fail">
<td><span class="badge log fail-bg">Fail</span></td>
<td>17:37:47 PM</td>
<td>
<a href="#" class="linked" test-id='289' id='325'>Given User is on Register page</a>
<div class="">
<span class="badge badge-default">Register form2 of the Application.validating the Sign up processs with invalid Last name.Given User is on Register page</span>
</div>
</td>
</tr>
<tr class="tag-test-status" status="fail">
<td><span class="badge log fail-bg">Fail</span></td>
<td>17:37:48 PM</td>
<td>
<a href="#" class="linked" test-id='289' id='333'>Given User is on Register page</a>
<div class="">
<span class="badge badge-default">Register form2 of the Application.validating the Sign up processs with invalid Username.Given User is on Register page</span>
</div>
</td>
</tr>
<tr class="tag-test-status" status="fail">
<td><span class="badge log fail-bg">Fail</span></td>
<td>17:37:50 PM</td>
<td>
<a href="#" class="linked" test-id='289' id='341'>Given User is on Register page</a>
<div class="">
<span class="badge badge-default">Register form2 of the Application.validating the Sign up processs with invalid Email Address.Given User is on Register page</span>
</div>
</td>
</tr>
<tr class="tag-test-status" status="fail">
<td><span class="badge log fail-bg">Fail</span></td>
<td>17:37:51 PM</td>
<td>
<a href="#" class="linked" test-id='289' id='349'>Given User is on Register page</a>
<div class="">
<span class="badge badge-default">Register form2 of the Application.validating the Sign up processs with invalid Password.Given User is on Register page</span>
</div>
</td>
</tr>
<tr class="tag-test-status" status="fail">
<td><span class="badge log fail-bg">Fail</span></td>
<td>17:37:53 PM</td>
<td>
<a href="#" class="linked" test-id='289' id='357'>Given User is on Register page</a>
<div class="">
<span class="badge badge-default">Register form2 of the Application.validating the Sign up processs with invalid Confirm Password.Given User is on Register page</span>
</div>
</td>
</tr>
<tr class="tag-test-status" status="fail">
<td><span class="badge log fail-bg">Fail</span></td>
<td>17:37:54 PM</td>
<td>
<a href="#" class="linked" test-id='289' id='365'>Given User is on Register page</a>
<div class="">
<span class="badge badge-default">Register form2 of the Application.validating the Sign up processs with valid credentials.Given User is on Register page</span>
</div>
</td>
</tr>
<tr class="tag-test-status" status="fail">
<td><span class="badge log fail-bg">Fail</span></td>
<td>17:37:55 PM</td>
<td>
<a href="#" class="linked" test-id='289' id='374'>Given User is on Register page</a>
<div class="">
<span class="badge badge-default">Register form2 of the Application.validating the Sign up processs with Facebook.Given User is on Register page</span>
</div>
</td>
</tr>
<tr class="tag-test-status" status="fail">
<td><span class="badge log fail-bg">Fail</span></td>
<td>17:37:57 PM</td>
<td>
<a href="#" class="linked" test-id='289' id='383'>Given User is on Register page</a>
<div class="">
<span class="badge badge-default">Register form2 of the Application.validating the Sign up processs with Facebook.Given User is on Register page</span>
</div>
</td>
</tr>
<tr class="tag-test-status" status="fail">
<td><span class="badge log fail-bg">Fail</span></td>
<td>17:37:58 PM</td>
<td>
<a href="#" class="linked" test-id='289' id='393'>Given User is on Register page</a>
<div class="">
<span class="badge badge-default">Register form2 of the Application.validating the Sign up processs with Google.Given User is on Register page</span>
</div>
</td>
</tr>
<tr class="tag-test-status" status="fail">
<td><span class="badge log fail-bg">Fail</span></td>
<td>17:38:00 PM</td>
<td>
<a href="#" class="linked" test-id='289' id='401'>Given User is on Register page</a>
<div class="">
<span class="badge badge-default">Register form2 of the Application.validating Log in Here link.Given User is on Register page</span>
</div>
</td>
</tr>
<tr class="tag-test-status" status="fail">
<td><span class="badge log fail-bg">Fail</span></td>
<td>17:38:16 PM</td>
<td>
<a href="#" class="linked" test-id='497' id='521'>When User clicks on login button</a>
<div class="">
<span class="badge badge-default">sign in form Option2.Validating Sign in with email and password empty.When User clicks on login button</span>
</div>
</td>
</tr>
<tr class="tag-test-status" status="fail">
<td><span class="badge log fail-bg">Fail</span></td>
<td>17:38:17 PM</td>
<td>
<a href="#" class="linked" test-id='497' id='530'>When User clicks on login button with invalid email and valid password</a>
<div class="">
<span class="badge badge-default">sign in form Option2.Validating sign in with invalid email and valid password.When User clicks on login button with invalid email and valid password</span>
</div>
</td>
</tr>
<tr class="tag-test-status" status="fail">
<td><span class="badge log fail-bg">Fail</span></td>
<td>17:38:18 PM</td>
<td>
<a href="#" class="linked" test-id='497' id='539'>When User clicks on login button with valid email and invalid password</a>
<div class="">
<span class="badge badge-default">sign in form Option2.validating sign in with valid email and invalid password.When User clicks on login button with valid email and invalid password</span>
</div>
</td>
</tr>
<tr class="tag-test-status" status="fail">
<td><span class="badge log fail-bg">Fail</span></td>
<td>17:38:20 PM</td>
<td>
<a href="#" class="linked" test-id='497' id='548'>When User clicks on login button with invalid email and invalid password</a>
<div class="">
<span class="badge badge-default">sign in form Option2.Validating sign in with invalid credentials.When User clicks on login button with invalid email and invalid password</span>
</div>
</td>
</tr>
<tr class="tag-test-status" status="fail">
<td><span class="badge log fail-bg">Fail</span></td>
<td>17:38:21 PM</td>
<td>
<a href="#" class="linked" test-id='497' id='557'>When User clicks on login button with valid email and valid password</a>
<div class="">
<span class="badge badge-default">sign in form Option2.validating sign in with valid credentials.When User clicks on login button with valid email and valid password</span>
</div>
</td>
</tr>
<tr class="tag-test-status" status="fail">
<td><span class="badge log fail-bg">Fail</span></td>
<td>17:38:23 PM</td>
<td>
<a href="#" class="linked" test-id='497' id='566'>When User clicks on facebook button</a>
<div class="">
<span class="badge badge-default">sign in form Option2.Validating sign in with Facebook button.When User clicks on facebook button</span>
</div>
</td>
</tr>
<tr class="tag-test-status" status="fail">
<td><span class="badge log fail-bg">Fail</span></td>
<td>17:38:24 PM</td>
<td>
<a href="#" class="linked" test-id='497' id='575'>When User clicks on Google button</a>
<div class="">
<span class="badge badge-default">sign in form Option2.Validating sign in with Google button.When User clicks on Google button</span>
</div>
</td>
</tr>
<tr class="tag-test-status" status="fail">
<td><span class="badge log fail-bg">Fail</span></td>
<td>17:38:26 PM</td>
<td>
<a href="#" class="linked" test-id='497' id='584'>When User clicks on Sign up link</a>
<div class="">
<span class="badge badge-default">sign in form Option2.Validating sign in with SignUp button.When User clicks on Sign up link</span>
</div>
</td>
</tr>
</tbody>
</table>
</div>
</li>
</ul>
</div>
</div>
<div class="test-content scrollable">
<div class="test-content-detail">
<div class="detail-body"></div>
</div>
</div>
</div>        </div>
      </div>
    </div>
  </div>
<script src="https://cdn.jsdelivr.net/gh/extent-framework/extent-github-cdn@14e9bb345ef7e2ed3a102f271d84e9f0267c88e7/spark/js/spark-script.js"></script>
<script type="text/javascript"></script></body>
</html>