<!DOCTYPE html>

<html>
  <head>
  <meta charset='utf-8'>
  <title>TestNG reports</title>

    <link type="text/css" href="testng-reports.css" rel="stylesheet" />
    <script type="text/javascript" src="jquery-1.7.1.min.js"></script>
    <script type="text/javascript" src="testng-reports.js"></script>
    <script type="text/javascript" src="https://www.google.com/jsapi"></script>
    <script type='text/javascript'>
      google.load('visualization', '1', {packages:['table']});
      google.setOnLoadCallback(drawTable);
      var suiteTableInitFunctions = new Array();
      var suiteTableData = new Array();
    </script>
    <!--
      <script type="text/javascript" src="jquery-ui/js/jquery-ui-1.8.16.custom.min.js"></script>
     -->
  </head>

  <body>
    <div class="top-banner-root">
      <span class="top-banner-title-font">Test results</span>
      <br/>
      <span class="top-banner-font-1">1 suite, 66 failed tests</span>
    </div> <!-- top-banner-root -->
    <div class="navigator-root">
      <div class="navigator-suite-header">
        <span>All suites</span>
        <a href="#" title="Collapse/expand all the suites" class="collapse-all-link">
          <img src="collapseall.gif" class="collapse-all-icon">
          </img> <!-- collapse-all-icon -->
        </a> <!-- collapse-all-link -->
      </div> <!-- navigator-suite-header -->
      <div class="suite">
        <div class="rounded-window">
          <div class="suite-header light-rounded-window-top">
            <a href="#" panel-name="suite-Default_suite" class="navigator-link">
              <span class="suite-name border-failed">Default suite</span>
            </a> <!-- navigator-link -->
          </div> <!-- suite-header light-rounded-window-top -->
          <div class="navigator-suite-content">
            <div class="suite-section-title">
              <span>Info</span>
            </div> <!-- suite-section-title -->
            <div class="suite-section-content">
              <ul>
                <li>
                  <a href="#" panel-name="test-xml-Default_suite" class="navigator-link ">
                    <span>testng-customsuite.xml</span>
                  </a> <!-- navigator-link  -->
                </li>
                <li>
                  <a href="#" panel-name="testlist-Default_suite" class="navigator-link ">
                    <span class="test-stats">1 test</span>
                  </a> <!-- navigator-link  -->
                </li>
                <li>
                  <a href="#" panel-name="group-Default_suite" class="navigator-link ">
                    <span>1 group</span>
                  </a> <!-- navigator-link  -->
                </li>
                <li>
                  <a href="#" panel-name="times-Default_suite" class="navigator-link ">
                    <span>Times</span>
                  </a> <!-- navigator-link  -->
                </li>
                <li>
                  <a href="#" panel-name="reporter-Default_suite" class="navigator-link ">
                    <span>Reporter output</span>
                  </a> <!-- navigator-link  -->
                </li>
                <li>
                  <a href="#" panel-name="ignored-methods-Default_suite" class="navigator-link ">
                    <span>Ignored methods</span>
                  </a> <!-- navigator-link  -->
                </li>
                <li>
                  <a href="#" panel-name="chronological-Default_suite" class="navigator-link ">
                    <span>Chronological view</span>
                  </a> <!-- navigator-link  -->
                </li>
              </ul>
            </div> <!-- suite-section-content -->
            <div class="result-section">
              <div class="suite-section-title">
                <span>Results</span>
              </div> <!-- suite-section-title -->
              <div class="suite-section-content">
                <ul>
                  <li>
                    <span class="method-stats">66 methods, 66 failed,   </span>
                  </li>
                  <li>
                    <span class="method-list-title failed">Failed methods</span>
                    <span class="show-or-hide-methods failed">
                      <a href="#" panel-name="suite-Default_suite" class="hide-methods failed suite-Default_suite"> (hide)</a> <!-- hide-methods failed suite-Default_suite -->
                      <a href="#" panel-name="suite-Default_suite" class="show-methods failed suite-Default_suite"> (show)</a> <!-- show-methods failed suite-Default_suite -->
                    </span>
                    <div class="method-list-content failed suite-Default_suite">
                      <span>
                        <img src="failed.png" width="3%"/>
                        <a href="#" panel-name="suite-Default_suite" title="Parallel.ParallelRun" class="method navigator-link" hash-for-method="runScenario(&quot;Validating the Logo on the Home page&quot;, &quot;Optional[Home page of the Application]&quot;)">runScenario("Validating the Logo on the Home page", "Optional[Home page of the Application]")</a> <!-- method navigator-link -->
                      </span>
                      <br/>
                      <span>
                        <img src="failed.png" width="3%"/>
                        <a href="#" panel-name="suite-Default_suite" title="Parallel.ParallelRun" class="method navigator-link" hash-for-method="runScenario(&quot;validating the Blogs link on home page&quot;, &quot;Optional[Links of the Home page]&quot;)">runScenario("validating the Blogs link on home page", "Optional[Links of the Home page]")</a> <!-- method navigator-link -->
                      </span>
                      <br/>
                      <span>
                        <img src="failed.png" width="3%"/>
                        <a href="#" panel-name="suite-Default_suite" title="Parallel.ParallelRun" class="method navigator-link" hash-for-method="runScenario(&quot;Validating the tab PRODUCT visibility&quot;, &quot;Optional[Home page of the Application]&quot;)">runScenario("Validating the tab PRODUCT visibility", "Optional[Home page of the Application]")</a> <!-- method navigator-link -->
                      </span>
                      <br/>
                      <span>
                        <img src="failed.png" width="3%"/>
                        <a href="#" panel-name="suite-Default_suite" title="Parallel.ParallelRun" class="method navigator-link" hash-for-method="runScenario(&quot;validating the Sign up processs with invalid last name&quot;, &quot;Optional[Register page of the application...)">runScenario("validating the Sign up processs with invalid last name", "Optional[Register page of the application...)</a> <!-- method navigator-link -->
                      </span>
                      <br/>
                      <span>
                        <img src="failed.png" width="3%"/>
                        <a href="#" panel-name="suite-Default_suite" title="Parallel.ParallelRun" class="method navigator-link" hash-for-method="runScenario(&quot;validating the Sign up processs with invalid Username&quot;, &quot;Optional[Register form2 of the Application...)">runScenario("validating the Sign up processs with invalid Username", "Optional[Register form2 of the Application...)</a> <!-- method navigator-link -->
                      </span>
                      <br/>
                      <span>
                        <img src="failed.png" width="3%"/>
                        <a href="#" panel-name="suite-Default_suite" title="Parallel.ParallelRun" class="method navigator-link" hash-for-method="runScenario(&quot;Validating sign in with SignUp  button&quot;, &quot;Optional[sign in form Option2]&quot;)">runScenario("Validating sign in with SignUp  button", "Optional[sign in form Option2]")</a> <!-- method navigator-link -->
                      </span>
                      <br/>
                      <span>
                        <img src="failed.png" width="3%"/>
                        <a href="#" panel-name="suite-Default_suite" title="Parallel.ParallelRun" class="method navigator-link" hash-for-method="runScenario(&quot;Validating sign in with invalid credentials&quot;, &quot;Optional[sign in form Option2]&quot;)">runScenario("Validating sign in with invalid credentials", "Optional[sign in form Option2]")</a> <!-- method navigator-link -->
                      </span>
                      <br/>
                      <span>
                        <img src="failed.png" width="3%"/>
                        <a href="#" panel-name="suite-Default_suite" title="Parallel.ParallelRun" class="method navigator-link" hash-for-method="runScenario(&quot;Validating the title of Sign in page&quot;, &quot;Optional[Sign in form1 Of the Application]&quot;)">runScenario("Validating the title of Sign in page", "Optional[Sign in form1 Of the Application]")</a> <!-- method navigator-link -->
                      </span>
                      <br/>
                      <span>
                        <img src="failed.png" width="3%"/>
                        <a href="#" panel-name="suite-Default_suite" title="Parallel.ParallelRun" class="method navigator-link" hash-for-method="runScenario(&quot;Validating the Title of Register page&quot;, &quot;Optional[Register page of the application]&quot;)">runScenario("Validating the Title of Register page", "Optional[Register page of the application]")</a> <!-- method navigator-link -->
                      </span>
                      <br/>
                      <span>
                        <img src="failed.png" width="3%"/>
                        <a href="#" panel-name="suite-Default_suite" title="Parallel.ParallelRun" class="method navigator-link" hash-for-method="runScenario(&quot;validating Log in Here link&quot;, &quot;Optional[Register form2 of the Application]&quot;)">runScenario("validating Log in Here link", "Optional[Register form2 of the Application]")</a> <!-- method navigator-link -->
                      </span>
                      <br/>
                      <span>
                        <img src="failed.png" width="3%"/>
                        <a href="#" panel-name="suite-Default_suite" title="Parallel.ParallelRun" class="method navigator-link" hash-for-method="runScenario(&quot;validating the Sign up processs with empty fields&quot;, &quot;Optional[Register form2 of the Application]&quot;)">runScenario("validating the Sign up processs with empty fields", "Optional[Register form2 of the Application]")</a> <!-- method navigator-link -->
                      </span>
                      <br/>
                      <span>
                        <img src="failed.png" width="3%"/>
                        <a href="#" panel-name="suite-Default_suite" title="Parallel.ParallelRun" class="method navigator-link" hash-for-method="runScenario(&quot;validating the Sign up processs with invalid Last name&quot;, &quot;Optional[Register form2 of the Applicatio...)">runScenario("validating the Sign up processs with invalid Last name", "Optional[Register form2 of the Applicatio...)</a> <!-- method navigator-link -->
                      </span>
                      <br/>
                      <span>
                        <img src="failed.png" width="3%"/>
                        <a href="#" panel-name="suite-Default_suite" title="Parallel.ParallelRun" class="method navigator-link" hash-for-method="runScenario(&quot;validating the Sign in with Not member yet button&quot;, &quot;Optional[Sign in form1 Of the Application]&quot;)">runScenario("validating the Sign in with Not member yet button", "Optional[Sign in form1 Of the Application]")</a> <!-- method navigator-link -->
                      </span>
                      <br/>
                      <span>
                        <img src="failed.png" width="3%"/>
                        <a href="#" panel-name="suite-Default_suite" title="Parallel.ParallelRun" class="method navigator-link" hash-for-method="runScenario(&quot;Validating the Register page mandatory fields&quot;, &quot;Optional[Register page of the application]&quot;)">runScenario("Validating the Register page mandatory fields", "Optional[Register page of the application]")</a> <!-- method navigator-link -->
                      </span>
                      <br/>
                      <span>
                        <img src="failed.png" width="3%"/>
                        <a href="#" panel-name="suite-Default_suite" title="Parallel.ParallelRun" class="method navigator-link" hash-for-method="runScenario(&quot;validating the About link on home page&quot;, &quot;Optional[Links of the Home page]&quot;)">runScenario("validating the About link on home page", "Optional[Links of the Home page]")</a> <!-- method navigator-link -->
                      </span>
                      <br/>
                      <span>
                        <img src="failed.png" width="3%"/>
                        <a href="#" panel-name="suite-Default_suite" title="Parallel.ParallelRun" class="method navigator-link" hash-for-method="runScenario(&quot;validating the Sign in  with invalid Password&quot;, &quot;Optional[Sign in form1 Of the Application]&quot;)">runScenario("validating the Sign in  with invalid Password", "Optional[Sign in form1 Of the Application]")</a> <!-- method navigator-link -->
                      </span>
                      <br/>
                      <span>
                        <img src="failed.png" width="3%"/>
                        <a href="#" panel-name="suite-Default_suite" title="Parallel.ParallelRun" class="method navigator-link" hash-for-method="runScenario(&quot;validating the Feature link on home page&quot;, &quot;Optional[Links of the Home page]&quot;)">runScenario("validating the Feature link on home page", "Optional[Links of the Home page]")</a> <!-- method navigator-link -->
                      </span>
                      <br/>
                      <span>
                        <img src="failed.png" width="3%"/>
                        <a href="#" panel-name="suite-Default_suite" title="Parallel.ParallelRun" class="method navigator-link" hash-for-method="runScenario(&quot;validating sign in with valid  credentials&quot;, &quot;Optional[sign in form Option2]&quot;)">runScenario("validating sign in with valid  credentials", "Optional[sign in form Option2]")</a> <!-- method navigator-link -->
                      </span>
                      <br/>
                      <span>
                        <img src="failed.png" width="3%"/>
                        <a href="#" panel-name="suite-Default_suite" title="Parallel.ParallelRun" class="method navigator-link" hash-for-method="runScenario(&quot;validating sign in with valid email and invalid password&quot;, &quot;Optional[sign in form Option2]&quot;)">runScenario("validating sign in with valid email and invalid password", "Optional[sign in form Option2]")</a> <!-- method navigator-link -->
                      </span>
                      <br/>
                      <span>
                        <img src="failed.png" width="3%"/>
                        <a href="#" panel-name="suite-Default_suite" title="Parallel.ParallelRun" class="method navigator-link" hash-for-method="runScenario(&quot;validating the Sign up processs with empty fields&quot;, &quot;Optional[Register page of the application]&quot;)">runScenario("validating the Sign up processs with empty fields", "Optional[Register page of the application]")</a> <!-- method navigator-link -->
                      </span>
                      <br/>
                      <span>
                        <img src="failed.png" width="3%"/>
                        <a href="#" panel-name="suite-Default_suite" title="Parallel.ParallelRun" class="method navigator-link" hash-for-method="runScenario(&quot;validating the Team link on home page&quot;, &quot;Optional[Links of the Home page]&quot;)">runScenario("validating the Team link on home page", "Optional[Links of the Home page]")</a> <!-- method navigator-link -->
                      </span>
                      <br/>
                      <span>
                        <img src="failed.png" width="3%"/>
                        <a href="#" panel-name="suite-Default_suite" title="Parallel.ParallelRun" class="method navigator-link" hash-for-method="runScenario(&quot;Validating the visibility of Signin option&quot;, &quot;Optional[Home page of the Application]&quot;)">runScenario("Validating the visibility of Signin option", "Optional[Home page of the Application]")</a> <!-- method navigator-link -->
                      </span>
                      <br/>
                      <span>
                        <img src="failed.png" width="3%"/>
                        <a href="#" panel-name="suite-Default_suite" title="Parallel.ParallelRun" class="method navigator-link" hash-for-method="runScenario(&quot;validating the Sign up processs with Facebook&quot;, &quot;Optional[Register form2 of the Application]&quot;)">runScenario("validating the Sign up processs with Facebook", "Optional[Register form2 of the Application]")</a> <!-- method navigator-link -->
                      </span>
                      <br/>
                      <span>
                        <img src="failed.png" width="3%"/>
                        <a href="#" panel-name="suite-Default_suite" title="Parallel.ParallelRun" class="method navigator-link" hash-for-method="runScenario(&quot;validating the Sign up processs with invalid Email&quot;, &quot;Optional[Register page of the application]&quot;)">runScenario("validating the Sign up processs with invalid Email", "Optional[Register page of the application]")</a> <!-- method navigator-link -->
                      </span>
                      <br/>
                      <span>
                        <img src="failed.png" width="3%"/>
                        <a href="#" panel-name="suite-Default_suite" title="Parallel.ParallelRun" class="method navigator-link" hash-for-method="runScenario(&quot;validating the Sign in with all fields valid entry&quot;, &quot;Optional[Sign in form1 Of the Application]&quot;)">runScenario("validating the Sign in with all fields valid entry", "Optional[Sign in form1 Of the Application]")</a> <!-- method navigator-link -->
                      </span>
                      <br/>
                      <span>
                        <img src="failed.png" width="3%"/>
                        <a href="#" panel-name="suite-Default_suite" title="Parallel.ParallelRun" class="method navigator-link" hash-for-method="runScenario(&quot;validating the Sign up processs with invalid Password&quot;, &quot;Optional[Register form2 of the Application...)">runScenario("validating the Sign up processs with invalid Password", "Optional[Register form2 of the Application...)</a> <!-- method navigator-link -->
                      </span>
                      <br/>
                      <span>
                        <img src="failed.png" width="3%"/>
                        <a href="#" panel-name="suite-Default_suite" title="Parallel.ParallelRun" class="method navigator-link" hash-for-method="runScenario(&quot;Validating sign in with Google  button&quot;, &quot;Optional[sign in form Option2]&quot;)">runScenario("Validating sign in with Google  button", "Optional[sign in form Option2]")</a> <!-- method navigator-link -->
                      </span>
                      <br/>
                      <span>
                        <img src="failed.png" width="3%"/>
                        <a href="#" panel-name="suite-Default_suite" title="Parallel.ParallelRun" class="method navigator-link" hash-for-method="runScenario(&quot;Validating sign in with invalid email and valid password&quot;, &quot;Optional[sign in form Option2]&quot;)">runScenario("Validating sign in with invalid email and valid password", "Optional[sign in form Option2]")</a> <!-- method navigator-link -->
                      </span>
                      <br/>
                      <span>
                        <img src="failed.png" width="3%"/>
                        <a href="#" panel-name="suite-Default_suite" title="Parallel.ParallelRun" class="method navigator-link" hash-for-method="runScenario(&quot;validating the Sign up processs with valid credentials&quot;, &quot;Optional[Register form2 of the Applicatio...)">runScenario("validating the Sign up processs with valid credentials", "Optional[Register form2 of the Applicatio...)</a> <!-- method navigator-link -->
                      </span>
                      <br/>
                      <span>
                        <img src="failed.png" width="3%"/>
                        <a href="#" panel-name="suite-Default_suite" title="Parallel.ParallelRun" class="method navigator-link" hash-for-method="runScenario(&quot;Validating the title of the Home page&quot;, &quot;Optional[Home page of the Application]&quot;)">runScenario("Validating the title of the Home page", "Optional[Home page of the Application]")</a> <!-- method navigator-link -->
                      </span>
                      <br/>
                      <span>
                        <img src="failed.png" width="3%"/>
                        <a href="#" panel-name="suite-Default_suite" title="Parallel.ParallelRun" class="method navigator-link" hash-for-method="runScenario(&quot;Validating the tab About visibility&quot;, &quot;Optional[Home page of the Application]&quot;)">runScenario("Validating the tab About visibility", "Optional[Home page of the Application]")</a> <!-- method navigator-link -->
                      </span>
                      <br/>
                      <span>
                        <img src="failed.png" width="3%"/>
                        <a href="#" panel-name="suite-Default_suite" title="Parallel.ParallelRun" class="method navigator-link" hash-for-method="runScenario(&quot;validating the Client link on home page&quot;, &quot;Optional[Links of the Home page]&quot;)">runScenario("validating the Client link on home page", "Optional[Links of the Home page]")</a> <!-- method navigator-link -->
                      </span>
                      <br/>
                      <span>
                        <img src="failed.png" width="3%"/>
                        <a href="#" panel-name="suite-Default_suite" title="Parallel.ParallelRun" class="method navigator-link" hash-for-method="runScenario(&quot;validating the Sign up button&quot;, &quot;Optional[Register form2 of the Application]&quot;)">runScenario("validating the Sign up button", "Optional[Register form2 of the Application]")</a> <!-- method navigator-link -->
                      </span>
                      <br/>
                      <span>
                        <img src="failed.png" width="3%"/>
                        <a href="#" panel-name="suite-Default_suite" title="Parallel.ParallelRun" class="method navigator-link" hash-for-method="runScenario(&quot;validating the Sign up processs with Facebook&quot;, &quot;Optional[Register form2 of the Application]&quot;)">runScenario("validating the Sign up processs with Facebook", "Optional[Register form2 of the Application]")</a> <!-- method navigator-link -->
                      </span>
                      <br/>
                      <span>
                        <img src="failed.png" width="3%"/>
                        <a href="#" panel-name="suite-Default_suite" title="Parallel.ParallelRun" class="method navigator-link" hash-for-method="runScenario(&quot;validating the Sign up processs with invalid First Name&quot;, &quot;Optional[Register page of the applicatio...)">runScenario("validating the Sign up processs with invalid First Name", "Optional[Register page of the applicatio...)</a> <!-- method navigator-link -->
                      </span>
                      <br/>
                      <span>
                        <img src="failed.png" width="3%"/>
                        <a href="#" panel-name="suite-Default_suite" title="Parallel.ParallelRun" class="method navigator-link" hash-for-method="runScenario(&quot;validating the Sign up processs with invalid Email Address&quot;, &quot;Optional[Register form2 of the Applic...)">runScenario("validating the Sign up processs with invalid Email Address", "Optional[Register form2 of the Applic...)</a> <!-- method navigator-link -->
                      </span>
                      <br/>
                      <span>
                        <img src="failed.png" width="3%"/>
                        <a href="#" panel-name="suite-Default_suite" title="Parallel.ParallelRun" class="method navigator-link" hash-for-method="runScenario(&quot;validating the Sign up processs with valid credentials&quot;, &quot;Optional[Register page of the application...)">runScenario("validating the Sign up processs with valid credentials", "Optional[Register page of the application...)</a> <!-- method navigator-link -->
                      </span>
                      <br/>
                      <span>
                        <img src="failed.png" width="3%"/>
                        <a href="#" panel-name="suite-Default_suite" title="Parallel.ParallelRun" class="method navigator-link" hash-for-method="runScenario(&quot;validating the heading on Sign in form&quot;, &quot;Optional[sign in form Option2]&quot;)">runScenario("validating the heading on Sign in form", "Optional[sign in form Option2]")</a> <!-- method navigator-link -->
                      </span>
                      <br/>
                      <span>
                        <img src="failed.png" width="3%"/>
                        <a href="#" panel-name="suite-Default_suite" title="Parallel.ParallelRun" class="method navigator-link" hash-for-method="runScenario(&quot;validating the Sign up processs with invalid Confirm Password&quot;, &quot;Optional[Register form2 of the App...)">runScenario("validating the Sign up processs with invalid Confirm Password", "Optional[Register form2 of the App...)</a> <!-- method navigator-link -->
                      </span>
                      <br/>
                      <span>
                        <img src="failed.png" width="3%"/>
                        <a href="#" panel-name="suite-Default_suite" title="Parallel.ParallelRun" class="method navigator-link" hash-for-method="runScenario(&quot;Validating Sign in with email and password empty&quot;, &quot;Optional[sign in form Option2]&quot;)">runScenario("Validating Sign in with email and password empty", "Optional[sign in form Option2]")</a> <!-- method navigator-link -->
                      </span>
                      <br/>
                      <span>
                        <img src="failed.png" width="3%"/>
                        <a href="#" panel-name="suite-Default_suite" title="Parallel.ParallelRun" class="method navigator-link" hash-for-method="runScenario(&quot;Validating sign in with Facebook button&quot;, &quot;Optional[sign in form Option2]&quot;)">runScenario("Validating sign in with Facebook button", "Optional[sign in form Option2]")</a> <!-- method navigator-link -->
                      </span>
                      <br/>
                      <span>
                        <img src="failed.png" width="3%"/>
                        <a href="#" panel-name="suite-Default_suite" title="Parallel.ParallelRun" class="method navigator-link" hash-for-method="runScenario(&quot;Validating the tab Featured visibility&quot;, &quot;Optional[Home page of the Application]&quot;)">runScenario("Validating the tab Featured visibility", "Optional[Home page of the Application]")</a> <!-- method navigator-link -->
                      </span>
                      <br/>
                      <span>
                        <img src="failed.png" width="3%"/>
                        <a href="#" panel-name="suite-Default_suite" title="Parallel.ParallelRun" class="method navigator-link" hash-for-method="runScenario(&quot;validating log in button&quot;, &quot;Optional[sign in form Option2]&quot;)">runScenario("validating log in button", "Optional[sign in form Option2]")</a> <!-- method navigator-link -->
                      </span>
                      <br/>
                      <span>
                        <img src="failed.png" width="3%"/>
                        <a href="#" panel-name="suite-Default_suite" title="Parallel.ParallelRun" class="method navigator-link" hash-for-method="runScenario(&quot;Validating the tab Blog visibility&quot;, &quot;Optional[Home page of the Application]&quot;)">runScenario("Validating the tab Blog visibility", "Optional[Home page of the Application]")</a> <!-- method navigator-link -->
                      </span>
                      <br/>
                      <span>
                        <img src="failed.png" width="3%"/>
                        <a href="#" panel-name="suite-Default_suite" title="Parallel.ParallelRun" class="method navigator-link" hash-for-method="runScenario(&quot;validating the Sign up processs with invalid Moblie Number&quot;, &quot;Optional[Register page of the applica...)">runScenario("validating the Sign up processs with invalid Moblie Number", "Optional[Register page of the applica...)</a> <!-- method navigator-link -->
                      </span>
                      <br/>
                      <span>
                        <img src="failed.png" width="3%"/>
                        <a href="#" panel-name="suite-Default_suite" title="Parallel.ParallelRun" class="method navigator-link" hash-for-method="runScenario(&quot;validating the Register link on home page&quot;, &quot;Optional[Links of the Home page]&quot;)">runScenario("validating the Register link on home page", "Optional[Links of the Home page]")</a> <!-- method navigator-link -->
                      </span>
                      <br/>
                      <span>
                        <img src="failed.png" width="3%"/>
                        <a href="#" panel-name="suite-Default_suite" title="Parallel.ParallelRun" class="method navigator-link" hash-for-method="runScenario(&quot;validating the Sign in  with empty fields&quot;, &quot;Optional[Sign in form1 Of the Application]&quot;)">runScenario("validating the Sign in  with empty fields", "Optional[Sign in form1 Of the Application]")</a> <!-- method navigator-link -->
                      </span>
                      <br/>
                      <span>
                        <img src="failed.png" width="3%"/>
                        <a href="#" panel-name="suite-Default_suite" title="Parallel.ParallelRun" class="method navigator-link" hash-for-method="runScenario(&quot;validating the Sign up processs with Google&quot;, &quot;Optional[Register form2 of the Application]&quot;)">runScenario("validating the Sign up processs with Google", "Optional[Register form2 of the Application]")</a> <!-- method navigator-link -->
                      </span>
                      <br/>
                      <span>
                        <img src="failed.png" width="3%"/>
                        <a href="#" panel-name="suite-Default_suite" title="Parallel.ParallelRun" class="method navigator-link" hash-for-method="runScenario(&quot;validating the Sign up processs with invalid First Name&quot;, &quot;Optional[Register form2 of the Applicati...)">runScenario("validating the Sign up processs with invalid First Name", "Optional[Register form2 of the Applicati...)</a> <!-- method navigator-link -->
                      </span>
                      <br/>
                      <span>
                        <img src="failed.png" width="3%"/>
                        <a href="#" panel-name="suite-Default_suite" title="Parallel.ParallelRun" class="method navigator-link" hash-for-method="runScenario(&quot;Validating the tab CLIENTS visibility&quot;, &quot;Optional[Home page of the Application]&quot;)">runScenario("Validating the tab CLIENTS visibility", "Optional[Home page of the Application]")</a> <!-- method navigator-link -->
                      </span>
                      <br/>
                      <span>
                        <img src="failed.png" width="3%"/>
                        <a href="#" panel-name="suite-Default_suite" title="Parallel.ParallelRun" class="method navigator-link" hash-for-method="runScenario(&quot;Validating the visibility of Search option&quot;, &quot;Optional[Home page of the Application]&quot;)">runScenario("Validating the visibility of Search option", "Optional[Home page of the Application]")</a> <!-- method navigator-link -->
                      </span>
                      <br/>
                      <span>
                        <img src="failed.png" width="3%"/>
                        <a href="#" panel-name="suite-Default_suite" title="Parallel.ParallelRun" class="method navigator-link" hash-for-method="runScenario(&quot;validating the Sign up processs with invalid First Name&quot;, &quot;Optional[Register page of the applicatio...)">runScenario("validating the Sign up processs with invalid First Name", "Optional[Register page of the applicatio...)</a> <!-- method navigator-link -->
                      </span>
                      <br/>
                      <span>
                        <img src="failed.png" width="3%"/>
                        <a href="#" panel-name="suite-Default_suite" title="Parallel.ParallelRun" class="method navigator-link" hash-for-method="runScenario(&quot;validating the Sign up processs with invalid Password&quot;, &quot;Optional[Register page of the application]...)">runScenario("validating the Sign up processs with invalid Password", "Optional[Register page of the application]...)</a> <!-- method navigator-link -->
                      </span>
                      <br/>
                      <span>
                        <img src="failed.png" width="3%"/>
                        <a href="#" panel-name="suite-Default_suite" title="Parallel.ParallelRun" class="method navigator-link" hash-for-method="runScenario(&quot;validating the Sign up form Heading&quot;, &quot;Optional[Register page of the application]&quot;)">runScenario("validating the Sign up form Heading", "Optional[Register page of the application]")</a> <!-- method navigator-link -->
                      </span>
                      <br/>
                      <span>
                        <img src="failed.png" width="3%"/>
                        <a href="#" panel-name="suite-Default_suite" title="Parallel.ParallelRun" class="method navigator-link" hash-for-method="runScenario(&quot;Validating the Sign in page mandatory fields&quot;, &quot;Optional[Sign in form1 Of the Application]&quot;)">runScenario("Validating the Sign in page mandatory fields", "Optional[Sign in form1 Of the Application]")</a> <!-- method navigator-link -->
                      </span>
                      <br/>
                      <span>
                        <img src="failed.png" width="3%"/>
                        <a href="#" panel-name="suite-Default_suite" title="Parallel.ParallelRun" class="method navigator-link" hash-for-method="runScenario(&quot;Validating the Sign in button&quot;, &quot;Optional[Sign in form1 Of the Application]&quot;)">runScenario("Validating the Sign in button", "Optional[Sign in form1 Of the Application]")</a> <!-- method navigator-link -->
                      </span>
                      <br/>
                      <span>
                        <img src="failed.png" width="3%"/>
                        <a href="#" panel-name="suite-Default_suite" title="Parallel.ParallelRun" class="method navigator-link" hash-for-method="runScenario(&quot;Validating the Sign in form heading&quot;, &quot;Optional[Sign in form1 Of the Application]&quot;)">runScenario("Validating the Sign in form heading", "Optional[Sign in form1 Of the Application]")</a> <!-- method navigator-link -->
                      </span>
                      <br/>
                      <span>
                        <img src="failed.png" width="3%"/>
                        <a href="#" panel-name="suite-Default_suite" title="Parallel.ParallelRun" class="method navigator-link" hash-for-method="runScenario(&quot;validating the Sign up processs with invalid Any other field&quot;, &quot;Optional[Register page of the appli...)">runScenario("validating the Sign up processs with invalid Any other field", "Optional[Register page of the appli...)</a> <!-- method navigator-link -->
                      </span>
                      <br/>
                      <span>
                        <img src="failed.png" width="3%"/>
                        <a href="#" panel-name="suite-Default_suite" title="Parallel.ParallelRun" class="method navigator-link" hash-for-method="runScenario(&quot;Validating the tab Contact us visibility&quot;, &quot;Optional[Home page of the Application]&quot;)">runScenario("Validating the tab Contact us visibility", "Optional[Home page of the Application]")</a> <!-- method navigator-link -->
                      </span>
                      <br/>
                      <span>
                        <img src="failed.png" width="3%"/>
                        <a href="#" panel-name="suite-Default_suite" title="Parallel.ParallelRun" class="method navigator-link" hash-for-method="runScenario(&quot;validating the product link on home page&quot;, &quot;Optional[Links of the Home page]&quot;)">runScenario("validating the product link on home page", "Optional[Links of the Home page]")</a> <!-- method navigator-link -->
                      </span>
                      <br/>
                      <span>
                        <img src="failed.png" width="3%"/>
                        <a href="#" panel-name="suite-Default_suite" title="Parallel.ParallelRun" class="method navigator-link" hash-for-method="runScenario(&quot;validating the Sign in with forgot password link&quot;, &quot;Optional[Sign in form1 Of the Application]&quot;)">runScenario("validating the Sign in with forgot password link", "Optional[Sign in form1 Of the Application]")</a> <!-- method navigator-link -->
                      </span>
                      <br/>
                      <span>
                        <img src="failed.png" width="3%"/>
                        <a href="#" panel-name="suite-Default_suite" title="Parallel.ParallelRun" class="method navigator-link" hash-for-method="runScenario(&quot;validating the Contact uslink on home page&quot;, &quot;Optional[Links of the Home page]&quot;)">runScenario("validating the Contact uslink on home page", "Optional[Links of the Home page]")</a> <!-- method navigator-link -->
                      </span>
                      <br/>
                      <span>
                        <img src="failed.png" width="3%"/>
                        <a href="#" panel-name="suite-Default_suite" title="Parallel.ParallelRun" class="method navigator-link" hash-for-method="runScenario(&quot;Validating the tab REGISTER visibility&quot;, &quot;Optional[Home page of the Application]&quot;)">runScenario("Validating the tab REGISTER visibility", "Optional[Home page of the Application]")</a> <!-- method navigator-link -->
                      </span>
                      <br/>
                      <span>
                        <img src="failed.png" width="3%"/>
                        <a href="#" panel-name="suite-Default_suite" title="Parallel.ParallelRun" class="method navigator-link" hash-for-method="runScenario(&quot;Validating the tab TEAM visibility&quot;, &quot;Optional[Home page of the Application]&quot;)">runScenario("Validating the tab TEAM visibility", "Optional[Home page of the Application]")</a> <!-- method navigator-link -->
                      </span>
                      <br/>
                      <span>
                        <img src="failed.png" width="3%"/>
                        <a href="#" panel-name="suite-Default_suite" title="Parallel.ParallelRun" class="method navigator-link" hash-for-method="runScenario(&quot;validating the Sign up form Heading&quot;, &quot;Optional[Register form2 of the Application]&quot;)">runScenario("validating the Sign up form Heading", "Optional[Register form2 of the Application]")</a> <!-- method navigator-link -->
                      </span>
                      <br/>
                      <span>
                        <img src="failed.png" width="3%"/>
                        <a href="#" panel-name="suite-Default_suite" title="Parallel.ParallelRun" class="method navigator-link" hash-for-method="runScenario(&quot;validating the Sign in  with both invalid username and Password&quot;, &quot;Optional[Sign in form1 Of the Ap...)">runScenario("validating the Sign in  with both invalid username and Password", "Optional[Sign in form1 Of the Ap...)</a> <!-- method navigator-link -->
                      </span>
                      <br/>
                    </div> <!-- method-list-content failed suite-Default_suite -->
                  </li>
                </ul>
              </div> <!-- suite-section-content -->
            </div> <!-- result-section -->
          </div> <!-- navigator-suite-content -->
        </div> <!-- rounded-window -->
      </div> <!-- suite -->
    </div> <!-- navigator-root -->
    <div class="wrapper">
      <div class="main-panel-root">
        <div panel-name="suite-Default_suite" class="panel Default_suite">
          <div class="suite-Default_suite-class-failed">
            <div class="main-panel-header rounded-window-top">
              <img src="failed.png"/>
              <span class="class-name">Parallel.ParallelRun</span>
            </div> <!-- main-panel-header rounded-window-top -->
            <div class="main-panel-content rounded-window-bottom">
              <div class="method">
                <div class="method-content">
                  <a name="runScenario(&quot;Validating the Logo on the Home page&quot;, &quot;Optional[Home page of the Application]&quot;)">
                  </a> <!-- runScenario("Validating the Logo on the Home page", "Optional[Home page of the Application]") -->
                  <span class="method-name">runScenario</span>
                  <span class="parameters">("Validating the Logo on the Home page", "Optional[Home page of the Application]")</span>
                  <div class="stack-trace">org.openqa.selenium.InvalidArgumentException: invalid argument
  (Session info: chrome=102.0.5005.115)
Build info: version: &apos;3.141.59&apos;, revision: &apos;e82be7d358&apos;, time: &apos;2018-11-14T08:17:03&apos;
System info: host: &apos;Shwethas-MacBook-Pro.local&apos;, ip: &apos;2601:647:4100:cc20:5969:f579:cca0:9fb7%en0&apos;, os.name: &apos;Mac OS X&apos;, os.arch: &apos;x86_64&apos;, os.version: &apos;10.15.7&apos;, java.version: &apos;12.0.2&apos;
Driver info: org.openqa.selenium.chrome.ChromeDriver
Capabilities {acceptInsecureCerts: false, browserName: chrome, browserVersion: 102.0.5005.115, chrome: {chromedriverVersion: 102.0.5005.61 (0e59bcc00cc4..., userDataDir: /var/folders/8y/rcqlwqj12nd...}, goog:chromeOptions: {debuggerAddress: localhost:60584}, javascriptEnabled: true, networkConnectionEnabled: false, pageLoadStrategy: normal, platform: MAC, platformName: MAC, proxy: Proxy(), setWindowRect: true, strictFileInteractability: false, timeouts: {implicit: 0, pageLoad: 300000, script: 30000}, unhandledPromptBehavior: dismiss and notify, webauthn:extension:credBlob: true, webauthn:extension:largeBlob: true, webauthn:virtualAuthenticators: true}
Session ID: 23d9b876545e39aadd1f72135bf0e4b9
	at java.base/jdk.internal.reflect.NativeConstructorAccessorImpl.newInstance0(Native Method)
	at java.base/jdk.internal.reflect.NativeConstructorAccessorImpl.newInstance(NativeConstructorAccessorImpl.java:62)
	at java.base/jdk.internal.reflect.DelegatingConstructorAccessorImpl.newInstance(DelegatingConstructorAccessorImpl.java:45)
	at java.base/java.lang.reflect.Constructor.newInstanceWithCaller(Constructor.java:500)
	at java.base/java.lang.reflect.Constructor.newInstance(Constructor.java:481)
	at org.openqa.selenium.remote.http.W3CHttpResponseCodec.createException(W3CHttpResponseCodec.java:187)
	at org.openqa.selenium.remote.http.W3CHttpResponseCodec.decode(W3CHttpResponseCodec.java:122)
	at org.openqa.selenium.remote.http.W3CHttpResponseCodec.decode(W3CHttpResponseCodec.java:49)
	at org.openqa.selenium.remote.HttpCommandExecutor.execute(HttpCommandExecutor.java:158)
	at org.openqa.selenium.remote.service.DriverCommandExecutor.execute(DriverCommandExecutor.java:83)
	at org.openqa.selenium.remote.RemoteWebDriver.execute(RemoteWebDriver.java:552)
	at org.openqa.selenium.remote.RemoteWebDriver.get(RemoteWebDriver.java:277)
	at Parallel.HomePageSteps.user_open_the_dietician_website(HomePageSteps.java:29)
	at ✽.User open the Dietician Website(classpath:Parallel/HomePage.feature:5)

</div> <!-- stack-trace -->
                  <em>
(Runs Cucumber Scenarios)                  </em>
                </div> <!-- method-content -->
              </div> <!-- method -->
              <div class="method">
                <div class="method-content">
                  <a name="runScenario(&quot;validating the Blogs link on home page&quot;, &quot;Optional[Links of the Home page]&quot;)">
                  </a> <!-- runScenario("validating the Blogs link on home page", "Optional[Links of the Home page]") -->
                  <span class="method-name">runScenario</span>
                  <span class="parameters">("validating the Blogs link on home page", "Optional[Links of the Home page]")</span>
                  <div class="stack-trace">org.openqa.selenium.InvalidArgumentException: invalid argument
  (Session info: chrome=102.0.5005.115)
Build info: version: &apos;3.141.59&apos;, revision: &apos;e82be7d358&apos;, time: &apos;2018-11-14T08:17:03&apos;
System info: host: &apos;Shwethas-MacBook-Pro.local&apos;, ip: &apos;2601:647:4100:cc20:5969:f579:cca0:9fb7%en0&apos;, os.name: &apos;Mac OS X&apos;, os.arch: &apos;x86_64&apos;, os.version: &apos;10.15.7&apos;, java.version: &apos;12.0.2&apos;
Driver info: org.openqa.selenium.chrome.ChromeDriver
Capabilities {acceptInsecureCerts: false, browserName: chrome, browserVersion: 102.0.5005.115, chrome: {chromedriverVersion: 102.0.5005.61 (0e59bcc00cc4..., userDataDir: /var/folders/8y/rcqlwqj12nd...}, goog:chromeOptions: {debuggerAddress: localhost:60753}, javascriptEnabled: true, networkConnectionEnabled: false, pageLoadStrategy: normal, platform: MAC, platformName: MAC, proxy: Proxy(), setWindowRect: true, strictFileInteractability: false, timeouts: {implicit: 0, pageLoad: 300000, script: 30000}, unhandledPromptBehavior: dismiss and notify, webauthn:extension:credBlob: true, webauthn:extension:largeBlob: true, webauthn:virtualAuthenticators: true}
Session ID: 240733ec6afffed9ce4f2300207f0fa7
	at java.base/jdk.internal.reflect.NativeConstructorAccessorImpl.newInstance0(Native Method)
	at java.base/jdk.internal.reflect.NativeConstructorAccessorImpl.newInstance(NativeConstructorAccessorImpl.java:62)
	at java.base/jdk.internal.reflect.DelegatingConstructorAccessorImpl.newInstance(DelegatingConstructorAccessorImpl.java:45)
	at java.base/java.lang.reflect.Constructor.newInstanceWithCaller(Constructor.java:500)
	at java.base/java.lang.reflect.Constructor.newInstance(Constructor.java:481)
	at org.openqa.selenium.remote.http.W3CHttpResponseCodec.createException(W3CHttpResponseCodec.java:187)
	at org.openqa.selenium.remote.http.W3CHttpResponseCodec.decode(W3CHttpResponseCodec.java:122)
	at org.openqa.selenium.remote.http.W3CHttpResponseCodec.decode(W3CHttpResponseCodec.java:49)
	at org.openqa.selenium.remote.HttpCommandExecutor.execute(HttpCommandExecutor.java:158)
	at org.openqa.selenium.remote.service.DriverCommandExecutor.execute(DriverCommandExecutor.java:83)
	at org.openqa.selenium.remote.RemoteWebDriver.execute(RemoteWebDriver.java:552)
	at org.openqa.selenium.remote.RemoteWebDriver.get(RemoteWebDriver.java:277)
	at Parallel.HomePageSteps.user_open_the_dietician_website(HomePageSteps.java:29)
	at ✽.User open the Dietician Website(classpath:Parallel/LinksOfHomePage.feature:5)

</div> <!-- stack-trace -->
                  <em>
(Runs Cucumber Scenarios)                  </em>
                </div> <!-- method-content -->
              </div> <!-- method -->
              <div class="method">
                <div class="method-content">
                  <a name="runScenario(&quot;Validating the tab PRODUCT visibility&quot;, &quot;Optional[Home page of the Application]&quot;)">
                  </a> <!-- runScenario("Validating the tab PRODUCT visibility", "Optional[Home page of the Application]") -->
                  <span class="method-name">runScenario</span>
                  <span class="parameters">("Validating the tab PRODUCT visibility", "Optional[Home page of the Application]")</span>
                  <div class="stack-trace">org.openqa.selenium.InvalidArgumentException: invalid argument
  (Session info: chrome=102.0.5005.115)
Build info: version: &apos;3.141.59&apos;, revision: &apos;e82be7d358&apos;, time: &apos;2018-11-14T08:17:03&apos;
System info: host: &apos;Shwethas-MacBook-Pro.local&apos;, ip: &apos;2601:647:4100:cc20:5969:f579:cca0:9fb7%en0&apos;, os.name: &apos;Mac OS X&apos;, os.arch: &apos;x86_64&apos;, os.version: &apos;10.15.7&apos;, java.version: &apos;12.0.2&apos;
Driver info: org.openqa.selenium.chrome.ChromeDriver
Capabilities {acceptInsecureCerts: false, browserName: chrome, browserVersion: 102.0.5005.115, chrome: {chromedriverVersion: 102.0.5005.61 (0e59bcc00cc4..., userDataDir: /var/folders/8y/rcqlwqj12nd...}, goog:chromeOptions: {debuggerAddress: localhost:60562}, javascriptEnabled: true, networkConnectionEnabled: false, pageLoadStrategy: normal, platform: MAC, platformName: MAC, proxy: Proxy(), setWindowRect: true, strictFileInteractability: false, timeouts: {implicit: 0, pageLoad: 300000, script: 30000}, unhandledPromptBehavior: dismiss and notify, webauthn:extension:credBlob: true, webauthn:extension:largeBlob: true, webauthn:virtualAuthenticators: true}
Session ID: 038ea0b0e3fe4866cce59293c4c2b373
	at java.base/jdk.internal.reflect.NativeConstructorAccessorImpl.newInstance0(Native Method)
	at java.base/jdk.internal.reflect.NativeConstructorAccessorImpl.newInstance(NativeConstructorAccessorImpl.java:62)
	at java.base/jdk.internal.reflect.DelegatingConstructorAccessorImpl.newInstance(DelegatingConstructorAccessorImpl.java:45)
	at java.base/java.lang.reflect.Constructor.newInstanceWithCaller(Constructor.java:500)
	at java.base/java.lang.reflect.Constructor.newInstance(Constructor.java:481)
	at org.openqa.selenium.remote.http.W3CHttpResponseCodec.createException(W3CHttpResponseCodec.java:187)
	at org.openqa.selenium.remote.http.W3CHttpResponseCodec.decode(W3CHttpResponseCodec.java:122)
	at org.openqa.selenium.remote.http.W3CHttpResponseCodec.decode(W3CHttpResponseCodec.java:49)
	at org.openqa.selenium.remote.HttpCommandExecutor.execute(HttpCommandExecutor.java:158)
	at org.openqa.selenium.remote.service.DriverCommandExecutor.execute(DriverCommandExecutor.java:83)
	at org.openqa.selenium.remote.RemoteWebDriver.execute(RemoteWebDriver.java:552)
	at org.openqa.selenium.remote.RemoteWebDriver.get(RemoteWebDriver.java:277)
	at Parallel.HomePageSteps.user_open_the_dietician_website(HomePageSteps.java:29)
	at ✽.User open the Dietician Website(classpath:Parallel/HomePage.feature:5)

</div> <!-- stack-trace -->
                  <em>
(Runs Cucumber Scenarios)                  </em>
                </div> <!-- method-content -->
              </div> <!-- method -->
              <div class="method">
                <div class="method-content">
                  <a name="runScenario(&quot;validating the Sign up processs with invalid last name&quot;, &quot;Optional[Register page of the application...)">
                  </a> <!-- runScenario("validating the Sign up processs with invalid last name", "Optional[Register page of the application...) -->
                  <span class="method-name">runScenario</span>
                  <span class="parameters">("validating the Sign up processs with invalid last name", "Optional[Register page of the application]")</span>
                  <div class="stack-trace">java.lang.NullPointerException
	at Parallel.RegisterPage1Steps.user_is_on_register_page(RegisterPage1Steps.java:51)
	at ✽.User is on Register page(classpath:Parallel/RegisterPage1.feature:43)

</div> <!-- stack-trace -->
                  <em>
(Runs Cucumber Scenarios)                  </em>
                </div> <!-- method-content -->
              </div> <!-- method -->
              <div class="method">
                <div class="method-content">
                  <a name="runScenario(&quot;validating the Sign up processs with invalid Username&quot;, &quot;Optional[Register form2 of the Application...)">
                  </a> <!-- runScenario("validating the Sign up processs with invalid Username", "Optional[Register form2 of the Application...) -->
                  <span class="method-name">runScenario</span>
                  <span class="parameters">("validating the Sign up processs with invalid Username", "Optional[Register form2 of the Application]")</span>
                  <div class="stack-trace">java.lang.NullPointerException
	at Parallel.RegisterPage1Steps.user_is_on_register_page(RegisterPage1Steps.java:51)
	at ✽.User is on Register page(classpath:Parallel/RegisterPage2.feature:32)

</div> <!-- stack-trace -->
                  <em>
(Runs Cucumber Scenarios)                  </em>
                </div> <!-- method-content -->
              </div> <!-- method -->
              <div class="method">
                <div class="method-content">
                  <a name="runScenario(&quot;Validating sign in with SignUp  button&quot;, &quot;Optional[sign in form Option2]&quot;)">
                  </a> <!-- runScenario("Validating sign in with SignUp  button", "Optional[sign in form Option2]") -->
                  <span class="method-name">runScenario</span>
                  <span class="parameters">("Validating sign in with SignUp  button", "Optional[sign in form Option2]")</span>
                  <div class="stack-trace">java.lang.NullPointerException
	at Parallel.SignInPage2Steps.user_clicks_on_sign_up_link(SignInPage2Steps.java:97)
	at ✽.User clicks on Sign up link(classpath:Parallel/SignInPage2.feature:60)

</div> <!-- stack-trace -->
                  <em>
(Runs Cucumber Scenarios)                  </em>
                </div> <!-- method-content -->
              </div> <!-- method -->
              <div class="method">
                <div class="method-content">
                  <a name="runScenario(&quot;Validating sign in with invalid credentials&quot;, &quot;Optional[sign in form Option2]&quot;)">
                  </a> <!-- runScenario("Validating sign in with invalid credentials", "Optional[sign in form Option2]") -->
                  <span class="method-name">runScenario</span>
                  <span class="parameters">("Validating sign in with invalid credentials", "Optional[sign in form Option2]")</span>
                  <div class="stack-trace">java.lang.NullPointerException
	at Parallel.SignInPage2Steps.user_clicks_on_login_button_with_invalid_email_and_invalid_password(SignInPage2Steps.java:67)
	at ✽.User clicks on login button with invalid email and invalid password(classpath:Parallel/SignInPage2.feature:36)

</div> <!-- stack-trace -->
                  <em>
(Runs Cucumber Scenarios)                  </em>
                </div> <!-- method-content -->
              </div> <!-- method -->
              <div class="method">
                <div class="method-content">
                  <a name="runScenario(&quot;Validating the title of Sign in page&quot;, &quot;Optional[Sign in form1 Of the Application]&quot;)">
                  </a> <!-- runScenario("Validating the title of Sign in page", "Optional[Sign in form1 Of the Application]") -->
                  <span class="method-name">runScenario</span>
                  <span class="parameters">("Validating the title of Sign in page", "Optional[Sign in form1 Of the Application]")</span>
                  <div class="stack-trace">org.openqa.selenium.InvalidArgumentException: invalid argument
  (Session info: chrome=102.0.5005.115)
Build info: version: &apos;3.141.59&apos;, revision: &apos;e82be7d358&apos;, time: &apos;2018-11-14T08:17:03&apos;
System info: host: &apos;Shwethas-MacBook-Pro.local&apos;, ip: &apos;2601:647:4100:cc20:5969:f579:cca0:9fb7%en0&apos;, os.name: &apos;Mac OS X&apos;, os.arch: &apos;x86_64&apos;, os.version: &apos;10.15.7&apos;, java.version: &apos;12.0.2&apos;
Driver info: org.openqa.selenium.chrome.ChromeDriver
Capabilities {acceptInsecureCerts: false, browserName: chrome, browserVersion: 102.0.5005.115, chrome: {chromedriverVersion: 102.0.5005.61 (0e59bcc00cc4..., userDataDir: /var/folders/8y/rcqlwqj12nd...}, goog:chromeOptions: {debuggerAddress: localhost:61182}, javascriptEnabled: true, networkConnectionEnabled: false, pageLoadStrategy: normal, platform: MAC, platformName: MAC, proxy: Proxy(), setWindowRect: true, strictFileInteractability: false, timeouts: {implicit: 0, pageLoad: 300000, script: 30000}, unhandledPromptBehavior: dismiss and notify, webauthn:extension:credBlob: true, webauthn:extension:largeBlob: true, webauthn:virtualAuthenticators: true}
Session ID: 4f741399da932355dbd025fe266c5f8f
	at jdk.internal.reflect.GeneratedConstructorAccessor79.newInstance(Unknown Source)
	at java.base/jdk.internal.reflect.DelegatingConstructorAccessorImpl.newInstance(DelegatingConstructorAccessorImpl.java:45)
	at java.base/java.lang.reflect.Constructor.newInstanceWithCaller(Constructor.java:500)
	at java.base/java.lang.reflect.Constructor.newInstance(Constructor.java:481)
	at org.openqa.selenium.remote.http.W3CHttpResponseCodec.createException(W3CHttpResponseCodec.java:187)
	at org.openqa.selenium.remote.http.W3CHttpResponseCodec.decode(W3CHttpResponseCodec.java:122)
	at org.openqa.selenium.remote.http.W3CHttpResponseCodec.decode(W3CHttpResponseCodec.java:49)
	at org.openqa.selenium.remote.HttpCommandExecutor.execute(HttpCommandExecutor.java:158)
	at org.openqa.selenium.remote.service.DriverCommandExecutor.execute(DriverCommandExecutor.java:83)
	at org.openqa.selenium.remote.RemoteWebDriver.execute(RemoteWebDriver.java:552)
	at org.openqa.selenium.remote.RemoteWebDriver.get(RemoteWebDriver.java:277)
	at Parallel.RegisterPage1Steps.user_is_on_dietician_website(RegisterPage1Steps.java:22)
	at ✽.User is on Dietician  website(classpath:Parallel/SignInPage1.feature:8)

</div> <!-- stack-trace -->
                  <em>
(Runs Cucumber Scenarios)                  </em>
                </div> <!-- method-content -->
              </div> <!-- method -->
              <div class="method">
                <div class="method-content">
                  <a name="runScenario(&quot;Validating the Title of Register page&quot;, &quot;Optional[Register page of the application]&quot;)">
                  </a> <!-- runScenario("Validating the Title of Register page", "Optional[Register page of the application]") -->
                  <span class="method-name">runScenario</span>
                  <span class="parameters">("Validating the Title of Register page", "Optional[Register page of the application]")</span>
                  <div class="stack-trace">org.openqa.selenium.InvalidArgumentException: invalid argument
  (Session info: chrome=102.0.5005.115)
Build info: version: &apos;3.141.59&apos;, revision: &apos;e82be7d358&apos;, time: &apos;2018-11-14T08:17:03&apos;
System info: host: &apos;Shwethas-MacBook-Pro.local&apos;, ip: &apos;2601:647:4100:cc20:5969:f579:cca0:9fb7%en0&apos;, os.name: &apos;Mac OS X&apos;, os.arch: &apos;x86_64&apos;, os.version: &apos;10.15.7&apos;, java.version: &apos;12.0.2&apos;
Driver info: org.openqa.selenium.chrome.ChromeDriver
Capabilities {acceptInsecureCerts: false, browserName: chrome, browserVersion: 102.0.5005.115, chrome: {chromedriverVersion: 102.0.5005.61 (0e59bcc00cc4..., userDataDir: /var/folders/8y/rcqlwqj12nd...}, goog:chromeOptions: {debuggerAddress: localhost:60812}, javascriptEnabled: true, networkConnectionEnabled: false, pageLoadStrategy: normal, platform: MAC, platformName: MAC, proxy: Proxy(), setWindowRect: true, strictFileInteractability: false, timeouts: {implicit: 0, pageLoad: 300000, script: 30000}, unhandledPromptBehavior: dismiss and notify, webauthn:extension:credBlob: true, webauthn:extension:largeBlob: true, webauthn:virtualAuthenticators: true}
Session ID: a1a23f57fdc126264c74939cf98c34de
	at jdk.internal.reflect.GeneratedConstructorAccessor79.newInstance(Unknown Source)
	at java.base/jdk.internal.reflect.DelegatingConstructorAccessorImpl.newInstance(DelegatingConstructorAccessorImpl.java:45)
	at java.base/java.lang.reflect.Constructor.newInstanceWithCaller(Constructor.java:500)
	at java.base/java.lang.reflect.Constructor.newInstance(Constructor.java:481)
	at org.openqa.selenium.remote.http.W3CHttpResponseCodec.createException(W3CHttpResponseCodec.java:187)
	at org.openqa.selenium.remote.http.W3CHttpResponseCodec.decode(W3CHttpResponseCodec.java:122)
	at org.openqa.selenium.remote.http.W3CHttpResponseCodec.decode(W3CHttpResponseCodec.java:49)
	at org.openqa.selenium.remote.HttpCommandExecutor.execute(HttpCommandExecutor.java:158)
	at org.openqa.selenium.remote.service.DriverCommandExecutor.execute(DriverCommandExecutor.java:83)
	at org.openqa.selenium.remote.RemoteWebDriver.execute(RemoteWebDriver.java:552)
	at org.openqa.selenium.remote.RemoteWebDriver.get(RemoteWebDriver.java:277)
	at Parallel.RegisterPage1Steps.user_is_on_dietician_website(RegisterPage1Steps.java:22)
	at ✽.User is on Dietician  website(classpath:Parallel/RegisterPage1.feature:8)

</div> <!-- stack-trace -->
                  <em>
(Runs Cucumber Scenarios)                  </em>
                </div> <!-- method-content -->
              </div> <!-- method -->
              <div class="method">
                <div class="method-content">
                  <a name="runScenario(&quot;validating Log in Here link&quot;, &quot;Optional[Register form2 of the Application]&quot;)">
                  </a> <!-- runScenario("validating Log in Here link", "Optional[Register form2 of the Application]") -->
                  <span class="method-name">runScenario</span>
                  <span class="parameters">("validating Log in Here link", "Optional[Register form2 of the Application]")</span>
                  <div class="stack-trace">java.lang.NullPointerException
	at Parallel.RegisterPage1Steps.user_is_on_register_page(RegisterPage1Steps.java:51)
	at ✽.User is on Register page(classpath:Parallel/RegisterPage2.feature:80)

</div> <!-- stack-trace -->
                  <em>
(Runs Cucumber Scenarios)                  </em>
                </div> <!-- method-content -->
              </div> <!-- method -->
              <div class="method">
                <div class="method-content">
                  <a name="runScenario(&quot;validating the Sign up processs with empty fields&quot;, &quot;Optional[Register form2 of the Application]&quot;)">
                  </a> <!-- runScenario("validating the Sign up processs with empty fields", "Optional[Register form2 of the Application]") -->
                  <span class="method-name">runScenario</span>
                  <span class="parameters">("validating the Sign up processs with empty fields", "Optional[Register form2 of the Application]")</span>
                  <div class="stack-trace">java.lang.NullPointerException
	at Parallel.RegisterPage1Steps.user_is_on_register_page(RegisterPage1Steps.java:51)
	at ✽.User is on Register page(classpath:Parallel/RegisterPage2.feature:14)

</div> <!-- stack-trace -->
                  <em>
(Runs Cucumber Scenarios)                  </em>
                </div> <!-- method-content -->
              </div> <!-- method -->
              <div class="method">
                <div class="method-content">
                  <a name="runScenario(&quot;validating the Sign up processs with invalid Last name&quot;, &quot;Optional[Register form2 of the Applicatio...)">
                  </a> <!-- runScenario("validating the Sign up processs with invalid Last name", "Optional[Register form2 of the Applicatio...) -->
                  <span class="method-name">runScenario</span>
                  <span class="parameters">("validating the Sign up processs with invalid Last name", "Optional[Register form2 of the Application]")</span>
                  <div class="stack-trace">java.lang.NullPointerException
	at Parallel.RegisterPage1Steps.user_is_on_register_page(RegisterPage1Steps.java:51)
	at ✽.User is on Register page(classpath:Parallel/RegisterPage2.feature:26)

</div> <!-- stack-trace -->
                  <em>
(Runs Cucumber Scenarios)                  </em>
                </div> <!-- method-content -->
              </div> <!-- method -->
              <div class="method">
                <div class="method-content">
                  <a name="runScenario(&quot;validating the Sign in with Not member yet button&quot;, &quot;Optional[Sign in form1 Of the Application]&quot;)">
                  </a> <!-- runScenario("validating the Sign in with Not member yet button", "Optional[Sign in form1 Of the Application]") -->
                  <span class="method-name">runScenario</span>
                  <span class="parameters">("validating the Sign in with Not member yet button", "Optional[Sign in form1 Of the Application]")</span>
                  <div class="stack-trace">io.cucumber.testng.UndefinedStepException: The step &quot;User is on sign in  page&quot; is undefined. You can implement it using the snippet(s) below:

@Given(&quot;User is on sign in  page&quot;)
public void user_is_on_sign_in_page() {
    // Write code here that turns the phrase above into concrete actions
    throw new io.cucumber.java.PendingException();
}

	at io.cucumber.core.runtime.TestCaseResultObserver.assertTestCasePassed(TestCaseResultObserver.java:102)
	at io.cucumber.testng.TestCaseResultObserver.assertTestCasePassed(TestCaseResultObserver.java:23)
	at io.cucumber.testng.TestNGCucumberRunner.lambda$runScenario$0(TestNGCucumberRunner.java:117)
	at io.cucumber.core.runtime.CucumberExecutionContext.runTestCase(CucumberExecutionContext.java:117)
	at io.cucumber.testng.TestNGCucumberRunner.runScenario(TestNGCucumberRunner.java:113)
	at io.cucumber.testng.AbstractTestNGCucumberTests.runScenario(AbstractTestNGCucumberTests.java:31)
	at jdk.internal.reflect.GeneratedMethodAccessor23.invoke(Unknown Source)
	at java.base/jdk.internal.reflect.DelegatingMethodAccessorImpl.invoke(DelegatingMethodAccessorImpl.java:43)
	at java.base/java.lang.reflect.Method.invoke(Method.java:567)
	at org.testng.internal.MethodInvocationHelper.invokeMethod(MethodInvocationHelper.java:124)
	at org.testng.internal.Invoker.invokeMethod(Invoker.java:583)
	at org.testng.internal.Invoker.invokeTestMethod(Invoker.java:719)
	at org.testng.internal.TestMethodWithDataProviderMethodWorker.call(TestMethodWithDataProviderMethodWorker.java:71)
	at org.testng.internal.TestMethodWithDataProviderMethodWorker.call(TestMethodWithDataProviderMethodWorker.java:14)
	at java.base/java.util.concurrent.FutureTask.run(FutureTask.java:264)
	at java.base/java.util.concurrent.Executors$RunnableAdapter.call(Executors.java:515)
	at java.base/java.util.concurrent.FutureTask.run(FutureTask.java:264)
	at java.base/java.util.concurrent.ThreadPoolExecutor.runWorker(ThreadPoolExecutor.java:1128)
	at java.base/java.util.concurrent.ThreadPoolExecutor$Worker.run(ThreadPoolExecutor.java:628)
	at java.base/java.lang.Thread.run(Thread.java:835)

</div> <!-- stack-trace -->
                  <em>
(Runs Cucumber Scenarios)                  </em>
                </div> <!-- method-content -->
              </div> <!-- method -->
              <div class="method">
                <div class="method-content">
                  <a name="runScenario(&quot;Validating the Register page mandatory fields&quot;, &quot;Optional[Register page of the application]&quot;)">
                  </a> <!-- runScenario("Validating the Register page mandatory fields", "Optional[Register page of the application]") -->
                  <span class="method-name">runScenario</span>
                  <span class="parameters">("Validating the Register page mandatory fields", "Optional[Register page of the application]")</span>
                  <div class="stack-trace">org.openqa.selenium.InvalidArgumentException: invalid argument
  (Session info: chrome=102.0.5005.115)
Build info: version: &apos;3.141.59&apos;, revision: &apos;e82be7d358&apos;, time: &apos;2018-11-14T08:17:03&apos;
System info: host: &apos;Shwethas-MacBook-Pro.local&apos;, ip: &apos;2601:647:4100:cc20:5969:f579:cca0:9fb7%en0&apos;, os.name: &apos;Mac OS X&apos;, os.arch: &apos;x86_64&apos;, os.version: &apos;10.15.7&apos;, java.version: &apos;12.0.2&apos;
Driver info: org.openqa.selenium.chrome.ChromeDriver
Capabilities {acceptInsecureCerts: false, browserName: chrome, browserVersion: 102.0.5005.115, chrome: {chromedriverVersion: 102.0.5005.61 (0e59bcc00cc4..., userDataDir: /var/folders/8y/rcqlwqj12nd...}, goog:chromeOptions: {debuggerAddress: localhost:60880}, javascriptEnabled: true, networkConnectionEnabled: false, pageLoadStrategy: normal, platform: MAC, platformName: MAC, proxy: Proxy(), setWindowRect: true, strictFileInteractability: false, timeouts: {implicit: 0, pageLoad: 300000, script: 30000}, unhandledPromptBehavior: dismiss and notify, webauthn:extension:credBlob: true, webauthn:extension:largeBlob: true, webauthn:virtualAuthenticators: true}
Session ID: 5ef777dca756e1af3a2d6b16fd63e3e5
	at jdk.internal.reflect.GeneratedConstructorAccessor79.newInstance(Unknown Source)
	at java.base/jdk.internal.reflect.DelegatingConstructorAccessorImpl.newInstance(DelegatingConstructorAccessorImpl.java:45)
	at java.base/java.lang.reflect.Constructor.newInstanceWithCaller(Constructor.java:500)
	at java.base/java.lang.reflect.Constructor.newInstance(Constructor.java:481)
	at org.openqa.selenium.remote.http.W3CHttpResponseCodec.createException(W3CHttpResponseCodec.java:187)
	at org.openqa.selenium.remote.http.W3CHttpResponseCodec.decode(W3CHttpResponseCodec.java:122)
	at org.openqa.selenium.remote.http.W3CHttpResponseCodec.decode(W3CHttpResponseCodec.java:49)
	at org.openqa.selenium.remote.HttpCommandExecutor.execute(HttpCommandExecutor.java:158)
	at org.openqa.selenium.remote.service.DriverCommandExecutor.execute(DriverCommandExecutor.java:83)
	at org.openqa.selenium.remote.RemoteWebDriver.execute(RemoteWebDriver.java:552)
	at org.openqa.selenium.remote.RemoteWebDriver.get(RemoteWebDriver.java:277)
	at Parallel.RegisterPage1Steps.user_is_on_dietician_website(RegisterPage1Steps.java:22)
	at ✽.User is on Dietician  website(classpath:Parallel/RegisterPage1.feature:13)

</div> <!-- stack-trace -->
                  <em>
(Runs Cucumber Scenarios)                  </em>
                </div> <!-- method-content -->
              </div> <!-- method -->
              <div class="method">
                <div class="method-content">
                  <a name="runScenario(&quot;validating the About link on home page&quot;, &quot;Optional[Links of the Home page]&quot;)">
                  </a> <!-- runScenario("validating the About link on home page", "Optional[Links of the Home page]") -->
                  <span class="method-name">runScenario</span>
                  <span class="parameters">("validating the About link on home page", "Optional[Links of the Home page]")</span>
                  <div class="stack-trace">org.openqa.selenium.InvalidArgumentException: invalid argument
  (Session info: chrome=102.0.5005.115)
Build info: version: &apos;3.141.59&apos;, revision: &apos;e82be7d358&apos;, time: &apos;2018-11-14T08:17:03&apos;
System info: host: &apos;Shwethas-MacBook-Pro.local&apos;, ip: &apos;2601:647:4100:cc20:5969:f579:cca0:9fb7%en0&apos;, os.name: &apos;Mac OS X&apos;, os.arch: &apos;x86_64&apos;, os.version: &apos;10.15.7&apos;, java.version: &apos;12.0.2&apos;
Driver info: org.openqa.selenium.chrome.ChromeDriver
Capabilities {acceptInsecureCerts: false, browserName: chrome, browserVersion: 102.0.5005.115, chrome: {chromedriverVersion: 102.0.5005.61 (0e59bcc00cc4..., userDataDir: /var/folders/8y/rcqlwqj12nd...}, goog:chromeOptions: {debuggerAddress: localhost:60741}, javascriptEnabled: true, networkConnectionEnabled: false, pageLoadStrategy: normal, platform: MAC, platformName: MAC, proxy: Proxy(), setWindowRect: true, strictFileInteractability: false, timeouts: {implicit: 0, pageLoad: 300000, script: 30000}, unhandledPromptBehavior: dismiss and notify, webauthn:extension:credBlob: true, webauthn:extension:largeBlob: true, webauthn:virtualAuthenticators: true}
Session ID: 8e1a0bbe6a4a6ba6afaba20f776e5ee1
	at java.base/jdk.internal.reflect.NativeConstructorAccessorImpl.newInstance0(Native Method)
	at java.base/jdk.internal.reflect.NativeConstructorAccessorImpl.newInstance(NativeConstructorAccessorImpl.java:62)
	at java.base/jdk.internal.reflect.DelegatingConstructorAccessorImpl.newInstance(DelegatingConstructorAccessorImpl.java:45)
	at java.base/java.lang.reflect.Constructor.newInstanceWithCaller(Constructor.java:500)
	at java.base/java.lang.reflect.Constructor.newInstance(Constructor.java:481)
	at org.openqa.selenium.remote.http.W3CHttpResponseCodec.createException(W3CHttpResponseCodec.java:187)
	at org.openqa.selenium.remote.http.W3CHttpResponseCodec.decode(W3CHttpResponseCodec.java:122)
	at org.openqa.selenium.remote.http.W3CHttpResponseCodec.decode(W3CHttpResponseCodec.java:49)
	at org.openqa.selenium.remote.HttpCommandExecutor.execute(HttpCommandExecutor.java:158)
	at org.openqa.selenium.remote.service.DriverCommandExecutor.execute(DriverCommandExecutor.java:83)
	at org.openqa.selenium.remote.RemoteWebDriver.execute(RemoteWebDriver.java:552)
	at org.openqa.selenium.remote.RemoteWebDriver.get(RemoteWebDriver.java:277)
	at Parallel.HomePageSteps.user_open_the_dietician_website(HomePageSteps.java:29)
	at ✽.User open the Dietician Website(classpath:Parallel/LinksOfHomePage.feature:5)

</div> <!-- stack-trace -->
                  <em>
(Runs Cucumber Scenarios)                  </em>
                </div> <!-- method-content -->
              </div> <!-- method -->
              <div class="method">
                <div class="method-content">
                  <a name="runScenario(&quot;validating the Sign in  with invalid Password&quot;, &quot;Optional[Sign in form1 Of the Application]&quot;)">
                  </a> <!-- runScenario("validating the Sign in  with invalid Password", "Optional[Sign in form1 Of the Application]") -->
                  <span class="method-name">runScenario</span>
                  <span class="parameters">("validating the Sign in  with invalid Password", "Optional[Sign in form1 Of the Application]")</span>
                  <div class="stack-trace">io.cucumber.testng.UndefinedStepException: The step &quot;User is on sign in  page&quot; is undefined. You can implement it using the snippet(s) below:

@Given(&quot;User is on sign in  page&quot;)
public void user_is_on_sign_in_page() {
    // Write code here that turns the phrase above into concrete actions
    throw new io.cucumber.java.PendingException();
}

	at io.cucumber.core.runtime.TestCaseResultObserver.assertTestCasePassed(TestCaseResultObserver.java:102)
	at io.cucumber.testng.TestCaseResultObserver.assertTestCasePassed(TestCaseResultObserver.java:23)
	at io.cucumber.testng.TestNGCucumberRunner.lambda$runScenario$0(TestNGCucumberRunner.java:117)
	at io.cucumber.core.runtime.CucumberExecutionContext.runTestCase(CucumberExecutionContext.java:117)
	at io.cucumber.testng.TestNGCucumberRunner.runScenario(TestNGCucumberRunner.java:113)
	at io.cucumber.testng.AbstractTestNGCucumberTests.runScenario(AbstractTestNGCucumberTests.java:31)
	at jdk.internal.reflect.GeneratedMethodAccessor23.invoke(Unknown Source)
	at java.base/jdk.internal.reflect.DelegatingMethodAccessorImpl.invoke(DelegatingMethodAccessorImpl.java:43)
	at java.base/java.lang.reflect.Method.invoke(Method.java:567)
	at org.testng.internal.MethodInvocationHelper.invokeMethod(MethodInvocationHelper.java:124)
	at org.testng.internal.Invoker.invokeMethod(Invoker.java:583)
	at org.testng.internal.Invoker.invokeTestMethod(Invoker.java:719)
	at org.testng.internal.TestMethodWithDataProviderMethodWorker.call(TestMethodWithDataProviderMethodWorker.java:71)
	at org.testng.internal.TestMethodWithDataProviderMethodWorker.call(TestMethodWithDataProviderMethodWorker.java:14)
	at java.base/java.util.concurrent.FutureTask.run(FutureTask.java:264)
	at java.base/java.util.concurrent.Executors$RunnableAdapter.call(Executors.java:515)
	at java.base/java.util.concurrent.FutureTask.run(FutureTask.java:264)
	at java.base/java.util.concurrent.ThreadPoolExecutor.runWorker(ThreadPoolExecutor.java:1128)
	at java.base/java.util.concurrent.ThreadPoolExecutor$Worker.run(ThreadPoolExecutor.java:628)
	at java.base/java.lang.Thread.run(Thread.java:835)

</div> <!-- stack-trace -->
                  <em>
(Runs Cucumber Scenarios)                  </em>
                </div> <!-- method-content -->
              </div> <!-- method -->
              <div class="method">
                <div class="method-content">
                  <a name="runScenario(&quot;validating the Feature link on home page&quot;, &quot;Optional[Links of the Home page]&quot;)">
                  </a> <!-- runScenario("validating the Feature link on home page", "Optional[Links of the Home page]") -->
                  <span class="method-name">runScenario</span>
                  <span class="parameters">("validating the Feature link on home page", "Optional[Links of the Home page]")</span>
                  <div class="stack-trace">org.openqa.selenium.InvalidArgumentException: invalid argument
  (Session info: chrome=102.0.5005.115)
Build info: version: &apos;3.141.59&apos;, revision: &apos;e82be7d358&apos;, time: &apos;2018-11-14T08:17:03&apos;
System info: host: &apos;Shwethas-MacBook-Pro.local&apos;, ip: &apos;2601:647:4100:cc20:5969:f579:cca0:9fb7%en0&apos;, os.name: &apos;Mac OS X&apos;, os.arch: &apos;x86_64&apos;, os.version: &apos;10.15.7&apos;, java.version: &apos;12.0.2&apos;
Driver info: org.openqa.selenium.chrome.ChromeDriver
Capabilities {acceptInsecureCerts: false, browserName: chrome, browserVersion: 102.0.5005.115, chrome: {chromedriverVersion: 102.0.5005.61 (0e59bcc00cc4..., userDataDir: /var/folders/8y/rcqlwqj12nd...}, goog:chromeOptions: {debuggerAddress: localhost:60755}, javascriptEnabled: true, networkConnectionEnabled: false, pageLoadStrategy: normal, platform: MAC, platformName: MAC, proxy: Proxy(), setWindowRect: true, strictFileInteractability: false, timeouts: {implicit: 0, pageLoad: 300000, script: 30000}, unhandledPromptBehavior: dismiss and notify, webauthn:extension:credBlob: true, webauthn:extension:largeBlob: true, webauthn:virtualAuthenticators: true}
Session ID: 3f67b840acbe1d5c56c289bc898860e0
	at jdk.internal.reflect.GeneratedConstructorAccessor79.newInstance(Unknown Source)
	at java.base/jdk.internal.reflect.DelegatingConstructorAccessorImpl.newInstance(DelegatingConstructorAccessorImpl.java:45)
	at java.base/java.lang.reflect.Constructor.newInstanceWithCaller(Constructor.java:500)
	at java.base/java.lang.reflect.Constructor.newInstance(Constructor.java:481)
	at org.openqa.selenium.remote.http.W3CHttpResponseCodec.createException(W3CHttpResponseCodec.java:187)
	at org.openqa.selenium.remote.http.W3CHttpResponseCodec.decode(W3CHttpResponseCodec.java:122)
	at org.openqa.selenium.remote.http.W3CHttpResponseCodec.decode(W3CHttpResponseCodec.java:49)
	at org.openqa.selenium.remote.HttpCommandExecutor.execute(HttpCommandExecutor.java:158)
	at org.openqa.selenium.remote.service.DriverCommandExecutor.execute(DriverCommandExecutor.java:83)
	at org.openqa.selenium.remote.RemoteWebDriver.execute(RemoteWebDriver.java:552)
	at org.openqa.selenium.remote.RemoteWebDriver.get(RemoteWebDriver.java:277)
	at Parallel.HomePageSteps.user_open_the_dietician_website(HomePageSteps.java:29)
	at ✽.User open the Dietician Website(classpath:Parallel/LinksOfHomePage.feature:5)

</div> <!-- stack-trace -->
                  <em>
(Runs Cucumber Scenarios)                  </em>
                </div> <!-- method-content -->
              </div> <!-- method -->
              <div class="method">
                <div class="method-content">
                  <a name="runScenario(&quot;validating sign in with valid  credentials&quot;, &quot;Optional[sign in form Option2]&quot;)">
                  </a> <!-- runScenario("validating sign in with valid  credentials", "Optional[sign in form Option2]") -->
                  <span class="method-name">runScenario</span>
                  <span class="parameters">("validating sign in with valid  credentials", "Optional[sign in form Option2]")</span>
                  <div class="stack-trace">java.lang.NullPointerException
	at Parallel.SignInPage2Steps.user_clicks_on_login_button_with_valid_email_and_valid_password(SignInPage2Steps.java:72)
	at ✽.User clicks on login button with valid email and valid password(classpath:Parallel/SignInPage2.feature:42)

</div> <!-- stack-trace -->
                  <em>
(Runs Cucumber Scenarios)                  </em>
                </div> <!-- method-content -->
              </div> <!-- method -->
              <div class="method">
                <div class="method-content">
                  <a name="runScenario(&quot;validating sign in with valid email and invalid password&quot;, &quot;Optional[sign in form Option2]&quot;)">
                  </a> <!-- runScenario("validating sign in with valid email and invalid password", "Optional[sign in form Option2]") -->
                  <span class="method-name">runScenario</span>
                  <span class="parameters">("validating sign in with valid email and invalid password", "Optional[sign in form Option2]")</span>
                  <div class="stack-trace">java.lang.NullPointerException
	at Parallel.SignInPage2Steps.user_clicks_on_login_button_with_valid_email_and_invalid_password(SignInPage2Steps.java:62)
	at ✽.User clicks on login button with valid email and invalid password(classpath:Parallel/SignInPage2.feature:30)

</div> <!-- stack-trace -->
                  <em>
(Runs Cucumber Scenarios)                  </em>
                </div> <!-- method-content -->
              </div> <!-- method -->
              <div class="method">
                <div class="method-content">
                  <a name="runScenario(&quot;validating the Sign up processs with empty fields&quot;, &quot;Optional[Register page of the application]&quot;)">
                  </a> <!-- runScenario("validating the Sign up processs with empty fields", "Optional[Register page of the application]") -->
                  <span class="method-name">runScenario</span>
                  <span class="parameters">("validating the Sign up processs with empty fields", "Optional[Register page of the application]")</span>
                  <div class="stack-trace">java.lang.NullPointerException
	at Parallel.RegisterPage1Steps.user_is_on_register_page(RegisterPage1Steps.java:51)
	at ✽.User is on Register page(classpath:Parallel/RegisterPage1.feature:23)

</div> <!-- stack-trace -->
                  <em>
(Runs Cucumber Scenarios)                  </em>
                </div> <!-- method-content -->
              </div> <!-- method -->
              <div class="method">
                <div class="method-content">
                  <a name="runScenario(&quot;validating the Team link on home page&quot;, &quot;Optional[Links of the Home page]&quot;)">
                  </a> <!-- runScenario("validating the Team link on home page", "Optional[Links of the Home page]") -->
                  <span class="method-name">runScenario</span>
                  <span class="parameters">("validating the Team link on home page", "Optional[Links of the Home page]")</span>
                  <div class="stack-trace">org.openqa.selenium.InvalidArgumentException: invalid argument
  (Session info: chrome=102.0.5005.115)
Build info: version: &apos;3.141.59&apos;, revision: &apos;e82be7d358&apos;, time: &apos;2018-11-14T08:17:03&apos;
System info: host: &apos;Shwethas-MacBook-Pro.local&apos;, ip: &apos;2601:647:4100:cc20:5969:f579:cca0:9fb7%en0&apos;, os.name: &apos;Mac OS X&apos;, os.arch: &apos;x86_64&apos;, os.version: &apos;10.15.7&apos;, java.version: &apos;12.0.2&apos;
Driver info: org.openqa.selenium.chrome.ChromeDriver
Capabilities {acceptInsecureCerts: false, browserName: chrome, browserVersion: 102.0.5005.115, chrome: {chromedriverVersion: 102.0.5005.61 (0e59bcc00cc4..., userDataDir: /var/folders/8y/rcqlwqj12nd...}, goog:chromeOptions: {debuggerAddress: localhost:60738}, javascriptEnabled: true, networkConnectionEnabled: false, pageLoadStrategy: normal, platform: MAC, platformName: MAC, proxy: Proxy(), setWindowRect: true, strictFileInteractability: false, timeouts: {implicit: 0, pageLoad: 300000, script: 30000}, unhandledPromptBehavior: dismiss and notify, webauthn:extension:credBlob: true, webauthn:extension:largeBlob: true, webauthn:virtualAuthenticators: true}
Session ID: 0df07392f0ad58f89d602ebf076dd827
	at java.base/jdk.internal.reflect.NativeConstructorAccessorImpl.newInstance0(Native Method)
	at java.base/jdk.internal.reflect.NativeConstructorAccessorImpl.newInstance(NativeConstructorAccessorImpl.java:62)
	at java.base/jdk.internal.reflect.DelegatingConstructorAccessorImpl.newInstance(DelegatingConstructorAccessorImpl.java:45)
	at java.base/java.lang.reflect.Constructor.newInstanceWithCaller(Constructor.java:500)
	at java.base/java.lang.reflect.Constructor.newInstance(Constructor.java:481)
	at org.openqa.selenium.remote.http.W3CHttpResponseCodec.createException(W3CHttpResponseCodec.java:187)
	at org.openqa.selenium.remote.http.W3CHttpResponseCodec.decode(W3CHttpResponseCodec.java:122)
	at org.openqa.selenium.remote.http.W3CHttpResponseCodec.decode(W3CHttpResponseCodec.java:49)
	at org.openqa.selenium.remote.HttpCommandExecutor.execute(HttpCommandExecutor.java:158)
	at org.openqa.selenium.remote.service.DriverCommandExecutor.execute(DriverCommandExecutor.java:83)
	at org.openqa.selenium.remote.RemoteWebDriver.execute(RemoteWebDriver.java:552)
	at org.openqa.selenium.remote.RemoteWebDriver.get(RemoteWebDriver.java:277)
	at Parallel.HomePageSteps.user_open_the_dietician_website(HomePageSteps.java:29)
	at ✽.User open the Dietician Website(classpath:Parallel/LinksOfHomePage.feature:5)

</div> <!-- stack-trace -->
                  <em>
(Runs Cucumber Scenarios)                  </em>
                </div> <!-- method-content -->
              </div> <!-- method -->
              <div class="method">
                <div class="method-content">
                  <a name="runScenario(&quot;Validating the visibility of Signin option&quot;, &quot;Optional[Home page of the Application]&quot;)">
                  </a> <!-- runScenario("Validating the visibility of Signin option", "Optional[Home page of the Application]") -->
                  <span class="method-name">runScenario</span>
                  <span class="parameters">("Validating the visibility of Signin option", "Optional[Home page of the Application]")</span>
                  <div class="stack-trace">org.openqa.selenium.InvalidArgumentException: invalid argument
  (Session info: chrome=102.0.5005.115)
Build info: version: &apos;3.141.59&apos;, revision: &apos;e82be7d358&apos;, time: &apos;2018-11-14T08:17:03&apos;
System info: host: &apos;Shwethas-MacBook-Pro.local&apos;, ip: &apos;2601:647:4100:cc20:5969:f579:cca0:9fb7%en0&apos;, os.name: &apos;Mac OS X&apos;, os.arch: &apos;x86_64&apos;, os.version: &apos;10.15.7&apos;, java.version: &apos;12.0.2&apos;
Driver info: org.openqa.selenium.chrome.ChromeDriver
Capabilities {acceptInsecureCerts: false, browserName: chrome, browserVersion: 102.0.5005.115, chrome: {chromedriverVersion: 102.0.5005.61 (0e59bcc00cc4..., userDataDir: /var/folders/8y/rcqlwqj12nd...}, goog:chromeOptions: {debuggerAddress: localhost:60754}, javascriptEnabled: true, networkConnectionEnabled: false, pageLoadStrategy: normal, platform: MAC, platformName: MAC, proxy: Proxy(), setWindowRect: true, strictFileInteractability: false, timeouts: {implicit: 0, pageLoad: 300000, script: 30000}, unhandledPromptBehavior: dismiss and notify, webauthn:extension:credBlob: true, webauthn:extension:largeBlob: true, webauthn:virtualAuthenticators: true}
Session ID: 9f142c019d2d14a608476c8f81e9cd45
	at java.base/jdk.internal.reflect.NativeConstructorAccessorImpl.newInstance0(Native Method)
	at java.base/jdk.internal.reflect.NativeConstructorAccessorImpl.newInstance(NativeConstructorAccessorImpl.java:62)
	at java.base/jdk.internal.reflect.DelegatingConstructorAccessorImpl.newInstance(DelegatingConstructorAccessorImpl.java:45)
	at java.base/java.lang.reflect.Constructor.newInstanceWithCaller(Constructor.java:500)
	at java.base/java.lang.reflect.Constructor.newInstance(Constructor.java:481)
	at org.openqa.selenium.remote.http.W3CHttpResponseCodec.createException(W3CHttpResponseCodec.java:187)
	at org.openqa.selenium.remote.http.W3CHttpResponseCodec.decode(W3CHttpResponseCodec.java:122)
	at org.openqa.selenium.remote.http.W3CHttpResponseCodec.decode(W3CHttpResponseCodec.java:49)
	at org.openqa.selenium.remote.HttpCommandExecutor.execute(HttpCommandExecutor.java:158)
	at org.openqa.selenium.remote.service.DriverCommandExecutor.execute(DriverCommandExecutor.java:83)
	at org.openqa.selenium.remote.RemoteWebDriver.execute(RemoteWebDriver.java:552)
	at org.openqa.selenium.remote.RemoteWebDriver.get(RemoteWebDriver.java:277)
	at Parallel.HomePageSteps.user_open_the_dietician_website(HomePageSteps.java:29)
	at ✽.User open the Dietician Website(classpath:Parallel/HomePage.feature:5)

</div> <!-- stack-trace -->
                  <em>
(Runs Cucumber Scenarios)                  </em>
                </div> <!-- method-content -->
              </div> <!-- method -->
              <div class="method">
                <div class="method-content">
                  <a name="runScenario(&quot;validating the Sign up processs with Facebook&quot;, &quot;Optional[Register form2 of the Application]&quot;)">
                  </a> <!-- runScenario("validating the Sign up processs with Facebook", "Optional[Register form2 of the Application]") -->
                  <span class="method-name">runScenario</span>
                  <span class="parameters">("validating the Sign up processs with Facebook", "Optional[Register form2 of the Application]")</span>
                  <div class="stack-trace">java.lang.NullPointerException
	at Parallel.RegisterPage1Steps.user_is_on_register_page(RegisterPage1Steps.java:51)
	at ✽.User is on Register page(classpath:Parallel/RegisterPage2.feature:62)

</div> <!-- stack-trace -->
                  <em>
(Runs Cucumber Scenarios)                  </em>
                </div> <!-- method-content -->
              </div> <!-- method -->
              <div class="method">
                <div class="method-content">
                  <a name="runScenario(&quot;validating the Sign up processs with invalid Email&quot;, &quot;Optional[Register page of the application]&quot;)">
                  </a> <!-- runScenario("validating the Sign up processs with invalid Email", "Optional[Register page of the application]") -->
                  <span class="method-name">runScenario</span>
                  <span class="parameters">("validating the Sign up processs with invalid Email", "Optional[Register page of the application]")</span>
                  <div class="stack-trace">java.lang.NullPointerException
	at Parallel.RegisterPage1Steps.user_is_on_register_page(RegisterPage1Steps.java:51)
	at ✽.User is on Register page(classpath:Parallel/RegisterPage1.feature:61)

</div> <!-- stack-trace -->
                  <em>
(Runs Cucumber Scenarios)                  </em>
                </div> <!-- method-content -->
              </div> <!-- method -->
              <div class="method">
                <div class="method-content">
                  <a name="runScenario(&quot;validating the Sign in with all fields valid entry&quot;, &quot;Optional[Sign in form1 Of the Application]&quot;)">
                  </a> <!-- runScenario("validating the Sign in with all fields valid entry", "Optional[Sign in form1 Of the Application]") -->
                  <span class="method-name">runScenario</span>
                  <span class="parameters">("validating the Sign in with all fields valid entry", "Optional[Sign in form1 Of the Application]")</span>
                  <div class="stack-trace">io.cucumber.testng.UndefinedStepException: The step &quot;User is on sign in  page&quot; is undefined. You can implement it using the snippet(s) below:

@Given(&quot;User is on sign in  page&quot;)
public void user_is_on_sign_in_page() {
    // Write code here that turns the phrase above into concrete actions
    throw new io.cucumber.java.PendingException();
}

	at io.cucumber.core.runtime.TestCaseResultObserver.assertTestCasePassed(TestCaseResultObserver.java:102)
	at io.cucumber.testng.TestCaseResultObserver.assertTestCasePassed(TestCaseResultObserver.java:23)
	at io.cucumber.testng.TestNGCucumberRunner.lambda$runScenario$0(TestNGCucumberRunner.java:117)
	at io.cucumber.core.runtime.CucumberExecutionContext.runTestCase(CucumberExecutionContext.java:117)
	at io.cucumber.testng.TestNGCucumberRunner.runScenario(TestNGCucumberRunner.java:113)
	at io.cucumber.testng.AbstractTestNGCucumberTests.runScenario(AbstractTestNGCucumberTests.java:31)
	at jdk.internal.reflect.GeneratedMethodAccessor23.invoke(Unknown Source)
	at java.base/jdk.internal.reflect.DelegatingMethodAccessorImpl.invoke(DelegatingMethodAccessorImpl.java:43)
	at java.base/java.lang.reflect.Method.invoke(Method.java:567)
	at org.testng.internal.MethodInvocationHelper.invokeMethod(MethodInvocationHelper.java:124)
	at org.testng.internal.Invoker.invokeMethod(Invoker.java:583)
	at org.testng.internal.Invoker.invokeTestMethod(Invoker.java:719)
	at org.testng.internal.TestMethodWithDataProviderMethodWorker.call(TestMethodWithDataProviderMethodWorker.java:71)
	at org.testng.internal.TestMethodWithDataProviderMethodWorker.call(TestMethodWithDataProviderMethodWorker.java:14)
	at java.base/java.util.concurrent.FutureTask.run(FutureTask.java:264)
	at java.base/java.util.concurrent.Executors$RunnableAdapter.call(Executors.java:515)
	at java.base/java.util.concurrent.FutureTask.run(FutureTask.java:264)
	at java.base/java.util.concurrent.ThreadPoolExecutor.runWorker(ThreadPoolExecutor.java:1128)
	at java.base/java.util.concurrent.ThreadPoolExecutor$Worker.run(ThreadPoolExecutor.java:628)
	at java.base/java.lang.Thread.run(Thread.java:835)

</div> <!-- stack-trace -->
                  <em>
(Runs Cucumber Scenarios)                  </em>
                </div> <!-- method-content -->
              </div> <!-- method -->
              <div class="method">
                <div class="method-content">
                  <a name="runScenario(&quot;validating the Sign up processs with invalid Password&quot;, &quot;Optional[Register form2 of the Application...)">
                  </a> <!-- runScenario("validating the Sign up processs with invalid Password", "Optional[Register form2 of the Application...) -->
                  <span class="method-name">runScenario</span>
                  <span class="parameters">("validating the Sign up processs with invalid Password", "Optional[Register form2 of the Application]")</span>
                  <div class="stack-trace">java.lang.NullPointerException
	at Parallel.RegisterPage1Steps.user_is_on_register_page(RegisterPage1Steps.java:51)
	at ✽.User is on Register page(classpath:Parallel/RegisterPage2.feature:44)

</div> <!-- stack-trace -->
                  <em>
(Runs Cucumber Scenarios)                  </em>
                </div> <!-- method-content -->
              </div> <!-- method -->
              <div class="method">
                <div class="method-content">
                  <a name="runScenario(&quot;Validating sign in with Google  button&quot;, &quot;Optional[sign in form Option2]&quot;)">
                  </a> <!-- runScenario("Validating sign in with Google  button", "Optional[sign in form Option2]") -->
                  <span class="method-name">runScenario</span>
                  <span class="parameters">("Validating sign in with Google  button", "Optional[sign in form Option2]")</span>
                  <div class="stack-trace">java.lang.NullPointerException
	at Parallel.SignInPage2Steps.user_clicks_on_google_button(SignInPage2Steps.java:87)
	at ✽.User clicks on Google  button(classpath:Parallel/SignInPage2.feature:54)

</div> <!-- stack-trace -->
                  <em>
(Runs Cucumber Scenarios)                  </em>
                </div> <!-- method-content -->
              </div> <!-- method -->
              <div class="method">
                <div class="method-content">
                  <a name="runScenario(&quot;Validating sign in with invalid email and valid password&quot;, &quot;Optional[sign in form Option2]&quot;)">
                  </a> <!-- runScenario("Validating sign in with invalid email and valid password", "Optional[sign in form Option2]") -->
                  <span class="method-name">runScenario</span>
                  <span class="parameters">("Validating sign in with invalid email and valid password", "Optional[sign in form Option2]")</span>
                  <div class="stack-trace">java.lang.NullPointerException
	at Parallel.SignInPage2Steps.user_clicks_on_login_button_with_invalid_email_and_valid_password(SignInPage2Steps.java:51)
	at ✽.User clicks on login button with invalid email and valid password(classpath:Parallel/SignInPage2.feature:24)

</div> <!-- stack-trace -->
                  <em>
(Runs Cucumber Scenarios)                  </em>
                </div> <!-- method-content -->
              </div> <!-- method -->
              <div class="method">
                <div class="method-content">
                  <a name="runScenario(&quot;validating the Sign up processs with valid credentials&quot;, &quot;Optional[Register form2 of the Applicatio...)">
                  </a> <!-- runScenario("validating the Sign up processs with valid credentials", "Optional[Register form2 of the Applicatio...) -->
                  <span class="method-name">runScenario</span>
                  <span class="parameters">("validating the Sign up processs with valid credentials", "Optional[Register form2 of the Application]")</span>
                  <div class="stack-trace">java.lang.NullPointerException
	at Parallel.RegisterPage1Steps.user_is_on_register_page(RegisterPage1Steps.java:51)
	at ✽.User is on Register page(classpath:Parallel/RegisterPage2.feature:56)

</div> <!-- stack-trace -->
                  <em>
(Runs Cucumber Scenarios)                  </em>
                </div> <!-- method-content -->
              </div> <!-- method -->
              <div class="method">
                <div class="method-content">
                  <a name="runScenario(&quot;Validating the title of the Home page&quot;, &quot;Optional[Home page of the Application]&quot;)">
                  </a> <!-- runScenario("Validating the title of the Home page", "Optional[Home page of the Application]") -->
                  <span class="method-name">runScenario</span>
                  <span class="parameters">("Validating the title of the Home page", "Optional[Home page of the Application]")</span>
                  <div class="stack-trace">org.openqa.selenium.InvalidArgumentException: invalid argument
  (Session info: chrome=102.0.5005.115)
Build info: version: &apos;3.141.59&apos;, revision: &apos;e82be7d358&apos;, time: &apos;2018-11-14T08:17:03&apos;
System info: host: &apos;Shwethas-MacBook-Pro.local&apos;, ip: &apos;2601:647:4100:cc20:5969:f579:cca0:9fb7%en0&apos;, os.name: &apos;Mac OS X&apos;, os.arch: &apos;x86_64&apos;, os.version: &apos;10.15.7&apos;, java.version: &apos;12.0.2&apos;
Driver info: org.openqa.selenium.chrome.ChromeDriver
Capabilities {acceptInsecureCerts: false, browserName: chrome, browserVersion: 102.0.5005.115, chrome: {chromedriverVersion: 102.0.5005.61 (0e59bcc00cc4..., userDataDir: /var/folders/8y/rcqlwqj12nd...}, goog:chromeOptions: {debuggerAddress: localhost:60565}, javascriptEnabled: true, networkConnectionEnabled: false, pageLoadStrategy: normal, platform: MAC, platformName: MAC, proxy: Proxy(), setWindowRect: true, strictFileInteractability: false, timeouts: {implicit: 0, pageLoad: 300000, script: 30000}, unhandledPromptBehavior: dismiss and notify, webauthn:extension:credBlob: true, webauthn:extension:largeBlob: true, webauthn:virtualAuthenticators: true}
Session ID: ac1eb8ca68770675380cdf705138c750
	at java.base/jdk.internal.reflect.NativeConstructorAccessorImpl.newInstance0(Native Method)
	at java.base/jdk.internal.reflect.NativeConstructorAccessorImpl.newInstance(NativeConstructorAccessorImpl.java:62)
	at java.base/jdk.internal.reflect.DelegatingConstructorAccessorImpl.newInstance(DelegatingConstructorAccessorImpl.java:45)
	at java.base/java.lang.reflect.Constructor.newInstanceWithCaller(Constructor.java:500)
	at java.base/java.lang.reflect.Constructor.newInstance(Constructor.java:481)
	at org.openqa.selenium.remote.http.W3CHttpResponseCodec.createException(W3CHttpResponseCodec.java:187)
	at org.openqa.selenium.remote.http.W3CHttpResponseCodec.decode(W3CHttpResponseCodec.java:122)
	at org.openqa.selenium.remote.http.W3CHttpResponseCodec.decode(W3CHttpResponseCodec.java:49)
	at org.openqa.selenium.remote.HttpCommandExecutor.execute(HttpCommandExecutor.java:158)
	at org.openqa.selenium.remote.service.DriverCommandExecutor.execute(DriverCommandExecutor.java:83)
	at org.openqa.selenium.remote.RemoteWebDriver.execute(RemoteWebDriver.java:552)
	at org.openqa.selenium.remote.RemoteWebDriver.get(RemoteWebDriver.java:277)
	at Parallel.HomePageSteps.user_open_the_dietician_website(HomePageSteps.java:29)
	at ✽.User open the Dietician Website(classpath:Parallel/HomePage.feature:5)

</div> <!-- stack-trace -->
                  <em>
(Runs Cucumber Scenarios)                  </em>
                </div> <!-- method-content -->
              </div> <!-- method -->
              <div class="method">
                <div class="method-content">
                  <a name="runScenario(&quot;Validating the tab About visibility&quot;, &quot;Optional[Home page of the Application]&quot;)">
                  </a> <!-- runScenario("Validating the tab About visibility", "Optional[Home page of the Application]") -->
                  <span class="method-name">runScenario</span>
                  <span class="parameters">("Validating the tab About visibility", "Optional[Home page of the Application]")</span>
                  <div class="stack-trace">org.openqa.selenium.InvalidArgumentException: invalid argument
  (Session info: chrome=102.0.5005.115)
Build info: version: &apos;3.141.59&apos;, revision: &apos;e82be7d358&apos;, time: &apos;2018-11-14T08:17:03&apos;
System info: host: &apos;Shwethas-MacBook-Pro.local&apos;, ip: &apos;2601:647:4100:cc20:5969:f579:cca0:9fb7%en0&apos;, os.name: &apos;Mac OS X&apos;, os.arch: &apos;x86_64&apos;, os.version: &apos;10.15.7&apos;, java.version: &apos;12.0.2&apos;
Driver info: org.openqa.selenium.chrome.ChromeDriver
Capabilities {acceptInsecureCerts: false, browserName: chrome, browserVersion: 102.0.5005.115, chrome: {chromedriverVersion: 102.0.5005.61 (0e59bcc00cc4..., userDataDir: /var/folders/8y/rcqlwqj12nd...}, goog:chromeOptions: {debuggerAddress: localhost:60561}, javascriptEnabled: true, networkConnectionEnabled: false, pageLoadStrategy: normal, platform: MAC, platformName: MAC, proxy: Proxy(), setWindowRect: true, strictFileInteractability: false, timeouts: {implicit: 0, pageLoad: 300000, script: 30000}, unhandledPromptBehavior: dismiss and notify, webauthn:extension:credBlob: true, webauthn:extension:largeBlob: true, webauthn:virtualAuthenticators: true}
Session ID: 3730ec6075fcb1c62bc888a9a4463dd2
	at java.base/jdk.internal.reflect.NativeConstructorAccessorImpl.newInstance0(Native Method)
	at java.base/jdk.internal.reflect.NativeConstructorAccessorImpl.newInstance(NativeConstructorAccessorImpl.java:62)
	at java.base/jdk.internal.reflect.DelegatingConstructorAccessorImpl.newInstance(DelegatingConstructorAccessorImpl.java:45)
	at java.base/java.lang.reflect.Constructor.newInstanceWithCaller(Constructor.java:500)
	at java.base/java.lang.reflect.Constructor.newInstance(Constructor.java:481)
	at org.openqa.selenium.remote.http.W3CHttpResponseCodec.createException(W3CHttpResponseCodec.java:187)
	at org.openqa.selenium.remote.http.W3CHttpResponseCodec.decode(W3CHttpResponseCodec.java:122)
	at org.openqa.selenium.remote.http.W3CHttpResponseCodec.decode(W3CHttpResponseCodec.java:49)
	at org.openqa.selenium.remote.HttpCommandExecutor.execute(HttpCommandExecutor.java:158)
	at org.openqa.selenium.remote.service.DriverCommandExecutor.execute(DriverCommandExecutor.java:83)
	at org.openqa.selenium.remote.RemoteWebDriver.execute(RemoteWebDriver.java:552)
	at org.openqa.selenium.remote.RemoteWebDriver.get(RemoteWebDriver.java:277)
	at Parallel.HomePageSteps.user_open_the_dietician_website(HomePageSteps.java:29)
	at ✽.User open the Dietician Website(classpath:Parallel/HomePage.feature:5)

</div> <!-- stack-trace -->
                  <em>
(Runs Cucumber Scenarios)                  </em>
                </div> <!-- method-content -->
              </div> <!-- method -->
              <div class="method">
                <div class="method-content">
                  <a name="runScenario(&quot;validating the Client link on home page&quot;, &quot;Optional[Links of the Home page]&quot;)">
                  </a> <!-- runScenario("validating the Client link on home page", "Optional[Links of the Home page]") -->
                  <span class="method-name">runScenario</span>
                  <span class="parameters">("validating the Client link on home page", "Optional[Links of the Home page]")</span>
                  <div class="stack-trace">org.openqa.selenium.InvalidArgumentException: invalid argument
  (Session info: chrome=102.0.5005.115)
Build info: version: &apos;3.141.59&apos;, revision: &apos;e82be7d358&apos;, time: &apos;2018-11-14T08:17:03&apos;
System info: host: &apos;Shwethas-MacBook-Pro.local&apos;, ip: &apos;2601:647:4100:cc20:5969:f579:cca0:9fb7%en0&apos;, os.name: &apos;Mac OS X&apos;, os.arch: &apos;x86_64&apos;, os.version: &apos;10.15.7&apos;, java.version: &apos;12.0.2&apos;
Driver info: org.openqa.selenium.chrome.ChromeDriver
Capabilities {acceptInsecureCerts: false, browserName: chrome, browserVersion: 102.0.5005.115, chrome: {chromedriverVersion: 102.0.5005.61 (0e59bcc00cc4..., userDataDir: /var/folders/8y/rcqlwqj12nd...}, goog:chromeOptions: {debuggerAddress: localhost:60735}, javascriptEnabled: true, networkConnectionEnabled: false, pageLoadStrategy: normal, platform: MAC, platformName: MAC, proxy: Proxy(), setWindowRect: true, strictFileInteractability: false, timeouts: {implicit: 0, pageLoad: 300000, script: 30000}, unhandledPromptBehavior: dismiss and notify, webauthn:extension:credBlob: true, webauthn:extension:largeBlob: true, webauthn:virtualAuthenticators: true}
Session ID: c0486f253dbd19425beb2a99e435dcef
	at java.base/jdk.internal.reflect.NativeConstructorAccessorImpl.newInstance0(Native Method)
	at java.base/jdk.internal.reflect.NativeConstructorAccessorImpl.newInstance(NativeConstructorAccessorImpl.java:62)
	at java.base/jdk.internal.reflect.DelegatingConstructorAccessorImpl.newInstance(DelegatingConstructorAccessorImpl.java:45)
	at java.base/java.lang.reflect.Constructor.newInstanceWithCaller(Constructor.java:500)
	at java.base/java.lang.reflect.Constructor.newInstance(Constructor.java:481)
	at org.openqa.selenium.remote.http.W3CHttpResponseCodec.createException(W3CHttpResponseCodec.java:187)
	at org.openqa.selenium.remote.http.W3CHttpResponseCodec.decode(W3CHttpResponseCodec.java:122)
	at org.openqa.selenium.remote.http.W3CHttpResponseCodec.decode(W3CHttpResponseCodec.java:49)
	at org.openqa.selenium.remote.HttpCommandExecutor.execute(HttpCommandExecutor.java:158)
	at org.openqa.selenium.remote.service.DriverCommandExecutor.execute(DriverCommandExecutor.java:83)
	at org.openqa.selenium.remote.RemoteWebDriver.execute(RemoteWebDriver.java:552)
	at org.openqa.selenium.remote.RemoteWebDriver.get(RemoteWebDriver.java:277)
	at Parallel.HomePageSteps.user_open_the_dietician_website(HomePageSteps.java:29)
	at ✽.User open the Dietician Website(classpath:Parallel/LinksOfHomePage.feature:5)

</div> <!-- stack-trace -->
                  <em>
(Runs Cucumber Scenarios)                  </em>
                </div> <!-- method-content -->
              </div> <!-- method -->
              <div class="method">
                <div class="method-content">
                  <a name="runScenario(&quot;validating the Sign up button&quot;, &quot;Optional[Register form2 of the Application]&quot;)">
                  </a> <!-- runScenario("validating the Sign up button", "Optional[Register form2 of the Application]") -->
                  <span class="method-name">runScenario</span>
                  <span class="parameters">("validating the Sign up button", "Optional[Register form2 of the Application]")</span>
                  <div class="stack-trace">org.openqa.selenium.InvalidArgumentException: invalid argument
  (Session info: chrome=102.0.5005.115)
Build info: version: &apos;3.141.59&apos;, revision: &apos;e82be7d358&apos;, time: &apos;2018-11-14T08:17:03&apos;
System info: host: &apos;Shwethas-MacBook-Pro.local&apos;, ip: &apos;2601:647:4100:cc20:5969:f579:cca0:9fb7%en0&apos;, os.name: &apos;Mac OS X&apos;, os.arch: &apos;x86_64&apos;, os.version: &apos;10.15.7&apos;, java.version: &apos;12.0.2&apos;
Driver info: org.openqa.selenium.chrome.ChromeDriver
Capabilities {acceptInsecureCerts: false, browserName: chrome, browserVersion: 102.0.5005.115, chrome: {chromedriverVersion: 102.0.5005.61 (0e59bcc00cc4..., userDataDir: /var/folders/8y/rcqlwqj12nd...}, goog:chromeOptions: {debuggerAddress: localhost:60981}, javascriptEnabled: true, networkConnectionEnabled: false, pageLoadStrategy: normal, platform: MAC, platformName: MAC, proxy: Proxy(), setWindowRect: true, strictFileInteractability: false, timeouts: {implicit: 0, pageLoad: 300000, script: 30000}, unhandledPromptBehavior: dismiss and notify, webauthn:extension:credBlob: true, webauthn:extension:largeBlob: true, webauthn:virtualAuthenticators: true}
Session ID: c683247c000af1058bad0b2aab73a1ac
	at jdk.internal.reflect.GeneratedConstructorAccessor79.newInstance(Unknown Source)
	at java.base/jdk.internal.reflect.DelegatingConstructorAccessorImpl.newInstance(DelegatingConstructorAccessorImpl.java:45)
	at java.base/java.lang.reflect.Constructor.newInstanceWithCaller(Constructor.java:500)
	at java.base/java.lang.reflect.Constructor.newInstance(Constructor.java:481)
	at org.openqa.selenium.remote.http.W3CHttpResponseCodec.createException(W3CHttpResponseCodec.java:187)
	at org.openqa.selenium.remote.http.W3CHttpResponseCodec.decode(W3CHttpResponseCodec.java:122)
	at org.openqa.selenium.remote.http.W3CHttpResponseCodec.decode(W3CHttpResponseCodec.java:49)
	at org.openqa.selenium.remote.HttpCommandExecutor.execute(HttpCommandExecutor.java:158)
	at org.openqa.selenium.remote.service.DriverCommandExecutor.execute(DriverCommandExecutor.java:83)
	at org.openqa.selenium.remote.RemoteWebDriver.execute(RemoteWebDriver.java:552)
	at org.openqa.selenium.remote.RemoteWebDriver.get(RemoteWebDriver.java:277)
	at Parallel.RegisterPage1Steps.user_is_on_dietician_website(RegisterPage1Steps.java:22)
	at ✽.User is on Dietician  website(classpath:Parallel/RegisterPage2.feature:9)

</div> <!-- stack-trace -->
                  <em>
(Runs Cucumber Scenarios)                  </em>
                </div> <!-- method-content -->
              </div> <!-- method -->
              <div class="method">
                <div class="method-content">
                  <a name="runScenario(&quot;validating the Sign up processs with Facebook&quot;, &quot;Optional[Register form2 of the Application]&quot;)">
                  </a> <!-- runScenario("validating the Sign up processs with Facebook", "Optional[Register form2 of the Application]") -->
                  <span class="method-name">runScenario</span>
                  <span class="parameters">("validating the Sign up processs with Facebook", "Optional[Register form2 of the Application]")</span>
                  <div class="stack-trace">java.lang.NullPointerException
	at Parallel.RegisterPage1Steps.user_is_on_register_page(RegisterPage1Steps.java:51)
	at ✽.User is on Register page(classpath:Parallel/RegisterPage2.feature:62)

</div> <!-- stack-trace -->
                  <em>
(Runs Cucumber Scenarios)                  </em>
                </div> <!-- method-content -->
              </div> <!-- method -->
              <div class="method">
                <div class="method-content">
                  <a name="runScenario(&quot;validating the Sign up processs with invalid First Name&quot;, &quot;Optional[Register page of the applicatio...)">
                  </a> <!-- runScenario("validating the Sign up processs with invalid First Name", "Optional[Register page of the applicatio...) -->
                  <span class="method-name">runScenario</span>
                  <span class="parameters">("validating the Sign up processs with invalid First Name", "Optional[Register page of the application]")</span>
                  <div class="stack-trace">java.lang.NullPointerException
	at Parallel.RegisterPage1Steps.user_is_on_register_page(RegisterPage1Steps.java:51)
	at ✽.User is on Register page(classpath:Parallel/RegisterPage1.feature:37)

</div> <!-- stack-trace -->
                  <em>
(Runs Cucumber Scenarios)                  </em>
                </div> <!-- method-content -->
              </div> <!-- method -->
              <div class="method">
                <div class="method-content">
                  <a name="runScenario(&quot;validating the Sign up processs with invalid Email Address&quot;, &quot;Optional[Register form2 of the Applic...)">
                  </a> <!-- runScenario("validating the Sign up processs with invalid Email Address", "Optional[Register form2 of the Applic...) -->
                  <span class="method-name">runScenario</span>
                  <span class="parameters">("validating the Sign up processs with invalid Email Address", "Optional[Register form2 of the Application]")</span>
                  <div class="stack-trace">java.lang.NullPointerException
	at Parallel.RegisterPage1Steps.user_is_on_register_page(RegisterPage1Steps.java:51)
	at ✽.User is on Register page(classpath:Parallel/RegisterPage2.feature:38)

</div> <!-- stack-trace -->
                  <em>
(Runs Cucumber Scenarios)                  </em>
                </div> <!-- method-content -->
              </div> <!-- method -->
              <div class="method">
                <div class="method-content">
                  <a name="runScenario(&quot;validating the Sign up processs with valid credentials&quot;, &quot;Optional[Register page of the application...)">
                  </a> <!-- runScenario("validating the Sign up processs with valid credentials", "Optional[Register page of the application...) -->
                  <span class="method-name">runScenario</span>
                  <span class="parameters">("validating the Sign up processs with valid credentials", "Optional[Register page of the application]")</span>
                  <div class="stack-trace">java.lang.NullPointerException
	at Parallel.RegisterPage1Steps.user_is_on_register_page(RegisterPage1Steps.java:51)
	at ✽.User is on Register page(classpath:Parallel/RegisterPage1.feature:73)

</div> <!-- stack-trace -->
                  <em>
(Runs Cucumber Scenarios)                  </em>
                </div> <!-- method-content -->
              </div> <!-- method -->
              <div class="method">
                <div class="method-content">
                  <a name="runScenario(&quot;validating the heading on Sign in form&quot;, &quot;Optional[sign in form Option2]&quot;)">
                  </a> <!-- runScenario("validating the heading on Sign in form", "Optional[sign in form Option2]") -->
                  <span class="method-name">runScenario</span>
                  <span class="parameters">("validating the heading on Sign in form", "Optional[sign in form Option2]")</span>
                  <div class="stack-trace">org.openqa.selenium.InvalidArgumentException: invalid argument
  (Session info: chrome=102.0.5005.115)
Build info: version: &apos;3.141.59&apos;, revision: &apos;e82be7d358&apos;, time: &apos;2018-11-14T08:17:03&apos;
System info: host: &apos;Shwethas-MacBook-Pro.local&apos;, ip: &apos;2601:647:4100:cc20:5969:f579:cca0:9fb7%en0&apos;, os.name: &apos;Mac OS X&apos;, os.arch: &apos;x86_64&apos;, os.version: &apos;10.15.7&apos;, java.version: &apos;12.0.2&apos;
Driver info: org.openqa.selenium.chrome.ChromeDriver
Capabilities {acceptInsecureCerts: false, browserName: chrome, browserVersion: 102.0.5005.115, chrome: {chromedriverVersion: 102.0.5005.61 (0e59bcc00cc4..., userDataDir: /var/folders/8y/rcqlwqj12nd...}, goog:chromeOptions: {debuggerAddress: localhost:61334}, javascriptEnabled: true, networkConnectionEnabled: false, pageLoadStrategy: normal, platform: MAC, platformName: MAC, proxy: Proxy(), setWindowRect: true, strictFileInteractability: false, timeouts: {implicit: 0, pageLoad: 300000, script: 30000}, unhandledPromptBehavior: dismiss and notify, webauthn:extension:credBlob: true, webauthn:extension:largeBlob: true, webauthn:virtualAuthenticators: true}
Session ID: c6ee6c8dcc1759ab156847e559297612
	at jdk.internal.reflect.GeneratedConstructorAccessor79.newInstance(Unknown Source)
	at java.base/jdk.internal.reflect.DelegatingConstructorAccessorImpl.newInstance(DelegatingConstructorAccessorImpl.java:45)
	at java.base/java.lang.reflect.Constructor.newInstanceWithCaller(Constructor.java:500)
	at java.base/java.lang.reflect.Constructor.newInstance(Constructor.java:481)
	at org.openqa.selenium.remote.http.W3CHttpResponseCodec.createException(W3CHttpResponseCodec.java:187)
	at org.openqa.selenium.remote.http.W3CHttpResponseCodec.decode(W3CHttpResponseCodec.java:122)
	at org.openqa.selenium.remote.http.W3CHttpResponseCodec.decode(W3CHttpResponseCodec.java:49)
	at org.openqa.selenium.remote.HttpCommandExecutor.execute(HttpCommandExecutor.java:158)
	at org.openqa.selenium.remote.service.DriverCommandExecutor.execute(DriverCommandExecutor.java:83)
	at org.openqa.selenium.remote.RemoteWebDriver.execute(RemoteWebDriver.java:552)
	at org.openqa.selenium.remote.RemoteWebDriver.get(RemoteWebDriver.java:277)
	at Parallel.SignInPage2Steps.user_is_on_dietician_website(SignInPage2Steps.java:20)
	at ✽.User is on Dietician website(classpath:Parallel/SignInPage2.feature:7)

</div> <!-- stack-trace -->
                  <em>
(Runs Cucumber Scenarios)                  </em>
                </div> <!-- method-content -->
              </div> <!-- method -->
              <div class="method">
                <div class="method-content">
                  <a name="runScenario(&quot;validating the Sign up processs with invalid Confirm Password&quot;, &quot;Optional[Register form2 of the App...)">
                  </a> <!-- runScenario("validating the Sign up processs with invalid Confirm Password", "Optional[Register form2 of the App...) -->
                  <span class="method-name">runScenario</span>
                  <span class="parameters">("validating the Sign up processs with invalid Confirm Password", "Optional[Register form2 of the Application]")</span>
                  <div class="stack-trace">java.lang.NullPointerException
	at Parallel.RegisterPage1Steps.user_is_on_register_page(RegisterPage1Steps.java:51)
	at ✽.User is on Register page(classpath:Parallel/RegisterPage2.feature:50)

</div> <!-- stack-trace -->
                  <em>
(Runs Cucumber Scenarios)                  </em>
                </div> <!-- method-content -->
              </div> <!-- method -->
              <div class="method">
                <div class="method-content">
                  <a name="runScenario(&quot;Validating Sign in with email and password empty&quot;, &quot;Optional[sign in form Option2]&quot;)">
                  </a> <!-- runScenario("Validating Sign in with email and password empty", "Optional[sign in form Option2]") -->
                  <span class="method-name">runScenario</span>
                  <span class="parameters">("Validating Sign in with email and password empty", "Optional[sign in form Option2]")</span>
                  <div class="stack-trace">java.lang.NullPointerException
	at Parallel.SignInPage2Steps.user_clicks_on_login_button(SignInPage2Steps.java:44)
	at ✽.User clicks on login button(classpath:Parallel/SignInPage2.feature:18)

</div> <!-- stack-trace -->
                  <em>
(Runs Cucumber Scenarios)                  </em>
                </div> <!-- method-content -->
              </div> <!-- method -->
              <div class="method">
                <div class="method-content">
                  <a name="runScenario(&quot;Validating sign in with Facebook button&quot;, &quot;Optional[sign in form Option2]&quot;)">
                  </a> <!-- runScenario("Validating sign in with Facebook button", "Optional[sign in form Option2]") -->
                  <span class="method-name">runScenario</span>
                  <span class="parameters">("Validating sign in with Facebook button", "Optional[sign in form Option2]")</span>
                  <div class="stack-trace">java.lang.NullPointerException
	at Parallel.SignInPage2Steps.user_clicks_on_facebook_button(SignInPage2Steps.java:78)
	at ✽.User clicks on facebook button(classpath:Parallel/SignInPage2.feature:48)

</div> <!-- stack-trace -->
                  <em>
(Runs Cucumber Scenarios)                  </em>
                </div> <!-- method-content -->
              </div> <!-- method -->
              <div class="method">
                <div class="method-content">
                  <a name="runScenario(&quot;Validating the tab Featured visibility&quot;, &quot;Optional[Home page of the Application]&quot;)">
                  </a> <!-- runScenario("Validating the tab Featured visibility", "Optional[Home page of the Application]") -->
                  <span class="method-name">runScenario</span>
                  <span class="parameters">("Validating the tab Featured visibility", "Optional[Home page of the Application]")</span>
                  <div class="stack-trace">org.openqa.selenium.InvalidArgumentException: invalid argument
  (Session info: chrome=102.0.5005.115)
Build info: version: &apos;3.141.59&apos;, revision: &apos;e82be7d358&apos;, time: &apos;2018-11-14T08:17:03&apos;
System info: host: &apos;Shwethas-MacBook-Pro.local&apos;, ip: &apos;2601:647:4100:cc20:5969:f579:cca0:9fb7%en0&apos;, os.name: &apos;Mac OS X&apos;, os.arch: &apos;x86_64&apos;, os.version: &apos;10.15.7&apos;, java.version: &apos;12.0.2&apos;
Driver info: org.openqa.selenium.chrome.ChromeDriver
Capabilities {acceptInsecureCerts: false, browserName: chrome, browserVersion: 102.0.5005.115, chrome: {chromedriverVersion: 102.0.5005.61 (0e59bcc00cc4..., userDataDir: /var/folders/8y/rcqlwqj12nd...}, goog:chromeOptions: {debuggerAddress: localhost:60587}, javascriptEnabled: true, networkConnectionEnabled: false, pageLoadStrategy: normal, platform: MAC, platformName: MAC, proxy: Proxy(), setWindowRect: true, strictFileInteractability: false, timeouts: {implicit: 0, pageLoad: 300000, script: 30000}, unhandledPromptBehavior: dismiss and notify, webauthn:extension:credBlob: true, webauthn:extension:largeBlob: true, webauthn:virtualAuthenticators: true}
Session ID: ba309f65bc5b290a22589f7ba707c4a7
	at java.base/jdk.internal.reflect.NativeConstructorAccessorImpl.newInstance0(Native Method)
	at java.base/jdk.internal.reflect.NativeConstructorAccessorImpl.newInstance(NativeConstructorAccessorImpl.java:62)
	at java.base/jdk.internal.reflect.DelegatingConstructorAccessorImpl.newInstance(DelegatingConstructorAccessorImpl.java:45)
	at java.base/java.lang.reflect.Constructor.newInstanceWithCaller(Constructor.java:500)
	at java.base/java.lang.reflect.Constructor.newInstance(Constructor.java:481)
	at org.openqa.selenium.remote.http.W3CHttpResponseCodec.createException(W3CHttpResponseCodec.java:187)
	at org.openqa.selenium.remote.http.W3CHttpResponseCodec.decode(W3CHttpResponseCodec.java:122)
	at org.openqa.selenium.remote.http.W3CHttpResponseCodec.decode(W3CHttpResponseCodec.java:49)
	at org.openqa.selenium.remote.HttpCommandExecutor.execute(HttpCommandExecutor.java:158)
	at org.openqa.selenium.remote.service.DriverCommandExecutor.execute(DriverCommandExecutor.java:83)
	at org.openqa.selenium.remote.RemoteWebDriver.execute(RemoteWebDriver.java:552)
	at org.openqa.selenium.remote.RemoteWebDriver.get(RemoteWebDriver.java:277)
	at Parallel.HomePageSteps.user_open_the_dietician_website(HomePageSteps.java:29)
	at ✽.User open the Dietician Website(classpath:Parallel/HomePage.feature:5)

</div> <!-- stack-trace -->
                  <em>
(Runs Cucumber Scenarios)                  </em>
                </div> <!-- method-content -->
              </div> <!-- method -->
              <div class="method">
                <div class="method-content">
                  <a name="runScenario(&quot;validating log in button&quot;, &quot;Optional[sign in form Option2]&quot;)">
                  </a> <!-- runScenario("validating log in button", "Optional[sign in form Option2]") -->
                  <span class="method-name">runScenario</span>
                  <span class="parameters">("validating log in button", "Optional[sign in form Option2]")</span>
                  <div class="stack-trace">org.openqa.selenium.InvalidArgumentException: invalid argument
  (Session info: chrome=102.0.5005.115)
Build info: version: &apos;3.141.59&apos;, revision: &apos;e82be7d358&apos;, time: &apos;2018-11-14T08:17:03&apos;
System info: host: &apos;Shwethas-MacBook-Pro.local&apos;, ip: &apos;2601:647:4100:cc20:5969:f579:cca0:9fb7%en0&apos;, os.name: &apos;Mac OS X&apos;, os.arch: &apos;x86_64&apos;, os.version: &apos;10.15.7&apos;, java.version: &apos;12.0.2&apos;
Driver info: org.openqa.selenium.chrome.ChromeDriver
Capabilities {acceptInsecureCerts: false, browserName: chrome, browserVersion: 102.0.5005.115, chrome: {chromedriverVersion: 102.0.5005.61 (0e59bcc00cc4..., userDataDir: /var/folders/8y/rcqlwqj12nd...}, goog:chromeOptions: {debuggerAddress: localhost:61331}, javascriptEnabled: true, networkConnectionEnabled: false, pageLoadStrategy: normal, platform: MAC, platformName: MAC, proxy: Proxy(), setWindowRect: true, strictFileInteractability: false, timeouts: {implicit: 0, pageLoad: 300000, script: 30000}, unhandledPromptBehavior: dismiss and notify, webauthn:extension:credBlob: true, webauthn:extension:largeBlob: true, webauthn:virtualAuthenticators: true}
Session ID: f76fd95573e7fb23589694f0ec79cd8d
	at jdk.internal.reflect.GeneratedConstructorAccessor79.newInstance(Unknown Source)
	at java.base/jdk.internal.reflect.DelegatingConstructorAccessorImpl.newInstance(DelegatingConstructorAccessorImpl.java:45)
	at java.base/java.lang.reflect.Constructor.newInstanceWithCaller(Constructor.java:500)
	at java.base/java.lang.reflect.Constructor.newInstance(Constructor.java:481)
	at org.openqa.selenium.remote.http.W3CHttpResponseCodec.createException(W3CHttpResponseCodec.java:187)
	at org.openqa.selenium.remote.http.W3CHttpResponseCodec.decode(W3CHttpResponseCodec.java:122)
	at org.openqa.selenium.remote.http.W3CHttpResponseCodec.decode(W3CHttpResponseCodec.java:49)
	at org.openqa.selenium.remote.HttpCommandExecutor.execute(HttpCommandExecutor.java:158)
	at org.openqa.selenium.remote.service.DriverCommandExecutor.execute(DriverCommandExecutor.java:83)
	at org.openqa.selenium.remote.RemoteWebDriver.execute(RemoteWebDriver.java:552)
	at org.openqa.selenium.remote.RemoteWebDriver.get(RemoteWebDriver.java:277)
	at Parallel.SignInPage2Steps.user_is_on_dietician_website(SignInPage2Steps.java:20)
	at ✽.User is on Dietician website(classpath:Parallel/SignInPage2.feature:12)

</div> <!-- stack-trace -->
                  <em>
(Runs Cucumber Scenarios)                  </em>
                </div> <!-- method-content -->
              </div> <!-- method -->
              <div class="method">
                <div class="method-content">
                  <a name="runScenario(&quot;Validating the tab Blog visibility&quot;, &quot;Optional[Home page of the Application]&quot;)">
                  </a> <!-- runScenario("Validating the tab Blog visibility", "Optional[Home page of the Application]") -->
                  <span class="method-name">runScenario</span>
                  <span class="parameters">("Validating the tab Blog visibility", "Optional[Home page of the Application]")</span>
                  <div class="stack-trace">org.openqa.selenium.InvalidArgumentException: invalid argument
  (Session info: chrome=102.0.5005.115)
Build info: version: &apos;3.141.59&apos;, revision: &apos;e82be7d358&apos;, time: &apos;2018-11-14T08:17:03&apos;
System info: host: &apos;Shwethas-MacBook-Pro.local&apos;, ip: &apos;2601:647:4100:cc20:5969:f579:cca0:9fb7%en0&apos;, os.name: &apos;Mac OS X&apos;, os.arch: &apos;x86_64&apos;, os.version: &apos;10.15.7&apos;, java.version: &apos;12.0.2&apos;
Driver info: org.openqa.selenium.chrome.ChromeDriver
Capabilities {acceptInsecureCerts: false, browserName: chrome, browserVersion: 102.0.5005.115, chrome: {chromedriverVersion: 102.0.5005.61 (0e59bcc00cc4..., userDataDir: /var/folders/8y/rcqlwqj12nd...}, goog:chromeOptions: {debuggerAddress: localhost:60580}, javascriptEnabled: true, networkConnectionEnabled: false, pageLoadStrategy: normal, platform: MAC, platformName: MAC, proxy: Proxy(), setWindowRect: true, strictFileInteractability: false, timeouts: {implicit: 0, pageLoad: 300000, script: 30000}, unhandledPromptBehavior: dismiss and notify, webauthn:extension:credBlob: true, webauthn:extension:largeBlob: true, webauthn:virtualAuthenticators: true}
Session ID: a1e03651ec0c8ca65d8278d61666e19d
	at java.base/jdk.internal.reflect.NativeConstructorAccessorImpl.newInstance0(Native Method)
	at java.base/jdk.internal.reflect.NativeConstructorAccessorImpl.newInstance(NativeConstructorAccessorImpl.java:62)
	at java.base/jdk.internal.reflect.DelegatingConstructorAccessorImpl.newInstance(DelegatingConstructorAccessorImpl.java:45)
	at java.base/java.lang.reflect.Constructor.newInstanceWithCaller(Constructor.java:500)
	at java.base/java.lang.reflect.Constructor.newInstance(Constructor.java:481)
	at org.openqa.selenium.remote.http.W3CHttpResponseCodec.createException(W3CHttpResponseCodec.java:187)
	at org.openqa.selenium.remote.http.W3CHttpResponseCodec.decode(W3CHttpResponseCodec.java:122)
	at org.openqa.selenium.remote.http.W3CHttpResponseCodec.decode(W3CHttpResponseCodec.java:49)
	at org.openqa.selenium.remote.HttpCommandExecutor.execute(HttpCommandExecutor.java:158)
	at org.openqa.selenium.remote.service.DriverCommandExecutor.execute(DriverCommandExecutor.java:83)
	at org.openqa.selenium.remote.RemoteWebDriver.execute(RemoteWebDriver.java:552)
	at org.openqa.selenium.remote.RemoteWebDriver.get(RemoteWebDriver.java:277)
	at Parallel.HomePageSteps.user_open_the_dietician_website(HomePageSteps.java:29)
	at ✽.User open the Dietician Website(classpath:Parallel/HomePage.feature:5)

</div> <!-- stack-trace -->
                  <em>
(Runs Cucumber Scenarios)                  </em>
                </div> <!-- method-content -->
              </div> <!-- method -->
              <div class="method">
                <div class="method-content">
                  <a name="runScenario(&quot;validating the Sign up processs with invalid Moblie Number&quot;, &quot;Optional[Register page of the applica...)">
                  </a> <!-- runScenario("validating the Sign up processs with invalid Moblie Number", "Optional[Register page of the applica...) -->
                  <span class="method-name">runScenario</span>
                  <span class="parameters">("validating the Sign up processs with invalid Moblie Number", "Optional[Register page of the application]")</span>
                  <div class="stack-trace">java.lang.NullPointerException
	at Parallel.RegisterPage1Steps.user_is_on_register_page(RegisterPage1Steps.java:51)
	at ✽.User is on Register page(classpath:Parallel/RegisterPage1.feature:49)

</div> <!-- stack-trace -->
                  <em>
(Runs Cucumber Scenarios)                  </em>
                </div> <!-- method-content -->
              </div> <!-- method -->
              <div class="method">
                <div class="method-content">
                  <a name="runScenario(&quot;validating the Register link on home page&quot;, &quot;Optional[Links of the Home page]&quot;)">
                  </a> <!-- runScenario("validating the Register link on home page", "Optional[Links of the Home page]") -->
                  <span class="method-name">runScenario</span>
                  <span class="parameters">("validating the Register link on home page", "Optional[Links of the Home page]")</span>
                  <div class="stack-trace">org.openqa.selenium.InvalidArgumentException: invalid argument
  (Session info: chrome=102.0.5005.115)
Build info: version: &apos;3.141.59&apos;, revision: &apos;e82be7d358&apos;, time: &apos;2018-11-14T08:17:03&apos;
System info: host: &apos;Shwethas-MacBook-Pro.local&apos;, ip: &apos;2601:647:4100:cc20:5969:f579:cca0:9fb7%en0&apos;, os.name: &apos;Mac OS X&apos;, os.arch: &apos;x86_64&apos;, os.version: &apos;10.15.7&apos;, java.version: &apos;12.0.2&apos;
Driver info: org.openqa.selenium.chrome.ChromeDriver
Capabilities {acceptInsecureCerts: false, browserName: chrome, browserVersion: 102.0.5005.115, chrome: {chromedriverVersion: 102.0.5005.61 (0e59bcc00cc4..., userDataDir: /var/folders/8y/rcqlwqj12nd...}, goog:chromeOptions: {debuggerAddress: localhost:60740}, javascriptEnabled: true, networkConnectionEnabled: false, pageLoadStrategy: normal, platform: MAC, platformName: MAC, proxy: Proxy(), setWindowRect: true, strictFileInteractability: false, timeouts: {implicit: 0, pageLoad: 300000, script: 30000}, unhandledPromptBehavior: dismiss and notify, webauthn:extension:credBlob: true, webauthn:extension:largeBlob: true, webauthn:virtualAuthenticators: true}
Session ID: 59ab8d00ac0f1136cb3735aa403a7b30
	at java.base/jdk.internal.reflect.NativeConstructorAccessorImpl.newInstance0(Native Method)
	at java.base/jdk.internal.reflect.NativeConstructorAccessorImpl.newInstance(NativeConstructorAccessorImpl.java:62)
	at java.base/jdk.internal.reflect.DelegatingConstructorAccessorImpl.newInstance(DelegatingConstructorAccessorImpl.java:45)
	at java.base/java.lang.reflect.Constructor.newInstanceWithCaller(Constructor.java:500)
	at java.base/java.lang.reflect.Constructor.newInstance(Constructor.java:481)
	at org.openqa.selenium.remote.http.W3CHttpResponseCodec.createException(W3CHttpResponseCodec.java:187)
	at org.openqa.selenium.remote.http.W3CHttpResponseCodec.decode(W3CHttpResponseCodec.java:122)
	at org.openqa.selenium.remote.http.W3CHttpResponseCodec.decode(W3CHttpResponseCodec.java:49)
	at org.openqa.selenium.remote.HttpCommandExecutor.execute(HttpCommandExecutor.java:158)
	at org.openqa.selenium.remote.service.DriverCommandExecutor.execute(DriverCommandExecutor.java:83)
	at org.openqa.selenium.remote.RemoteWebDriver.execute(RemoteWebDriver.java:552)
	at org.openqa.selenium.remote.RemoteWebDriver.get(RemoteWebDriver.java:277)
	at Parallel.HomePageSteps.user_open_the_dietician_website(HomePageSteps.java:29)
	at ✽.User open the Dietician Website(classpath:Parallel/LinksOfHomePage.feature:5)

</div> <!-- stack-trace -->
                  <em>
(Runs Cucumber Scenarios)                  </em>
                </div> <!-- method-content -->
              </div> <!-- method -->
              <div class="method">
                <div class="method-content">
                  <a name="runScenario(&quot;validating the Sign in  with empty fields&quot;, &quot;Optional[Sign in form1 Of the Application]&quot;)">
                  </a> <!-- runScenario("validating the Sign in  with empty fields", "Optional[Sign in form1 Of the Application]") -->
                  <span class="method-name">runScenario</span>
                  <span class="parameters">("validating the Sign in  with empty fields", "Optional[Sign in form1 Of the Application]")</span>
                  <div class="stack-trace">io.cucumber.testng.UndefinedStepException: The step &quot;User is on Sign in  page&quot; is undefined. You can implement it using the snippet(s) below:

@Given(&quot;User is on Sign in  page&quot;)
public void user_is_on_sign_in_page() {
    // Write code here that turns the phrase above into concrete actions
    throw new io.cucumber.java.PendingException();
}

	at io.cucumber.core.runtime.TestCaseResultObserver.assertTestCasePassed(TestCaseResultObserver.java:102)
	at io.cucumber.testng.TestCaseResultObserver.assertTestCasePassed(TestCaseResultObserver.java:23)
	at io.cucumber.testng.TestNGCucumberRunner.lambda$runScenario$0(TestNGCucumberRunner.java:117)
	at io.cucumber.core.runtime.CucumberExecutionContext.runTestCase(CucumberExecutionContext.java:117)
	at io.cucumber.testng.TestNGCucumberRunner.runScenario(TestNGCucumberRunner.java:113)
	at io.cucumber.testng.AbstractTestNGCucumberTests.runScenario(AbstractTestNGCucumberTests.java:31)
	at jdk.internal.reflect.GeneratedMethodAccessor23.invoke(Unknown Source)
	at java.base/jdk.internal.reflect.DelegatingMethodAccessorImpl.invoke(DelegatingMethodAccessorImpl.java:43)
	at java.base/java.lang.reflect.Method.invoke(Method.java:567)
	at org.testng.internal.MethodInvocationHelper.invokeMethod(MethodInvocationHelper.java:124)
	at org.testng.internal.Invoker.invokeMethod(Invoker.java:583)
	at org.testng.internal.Invoker.invokeTestMethod(Invoker.java:719)
	at org.testng.internal.TestMethodWithDataProviderMethodWorker.call(TestMethodWithDataProviderMethodWorker.java:71)
	at org.testng.internal.TestMethodWithDataProviderMethodWorker.call(TestMethodWithDataProviderMethodWorker.java:14)
	at java.base/java.util.concurrent.FutureTask.run(FutureTask.java:264)
	at java.base/java.util.concurrent.Executors$RunnableAdapter.call(Executors.java:515)
	at java.base/java.util.concurrent.FutureTask.run(FutureTask.java:264)
	at java.base/java.util.concurrent.ThreadPoolExecutor.runWorker(ThreadPoolExecutor.java:1128)
	at java.base/java.util.concurrent.ThreadPoolExecutor$Worker.run(ThreadPoolExecutor.java:628)
	at java.base/java.lang.Thread.run(Thread.java:835)

</div> <!-- stack-trace -->
                  <em>
(Runs Cucumber Scenarios)                  </em>
                </div> <!-- method-content -->
              </div> <!-- method -->
              <div class="method">
                <div class="method-content">
                  <a name="runScenario(&quot;validating the Sign up processs with Google&quot;, &quot;Optional[Register form2 of the Application]&quot;)">
                  </a> <!-- runScenario("validating the Sign up processs with Google", "Optional[Register form2 of the Application]") -->
                  <span class="method-name">runScenario</span>
                  <span class="parameters">("validating the Sign up processs with Google", "Optional[Register form2 of the Application]")</span>
                  <div class="stack-trace">java.lang.NullPointerException
	at Parallel.RegisterPage1Steps.user_is_on_register_page(RegisterPage1Steps.java:51)
	at ✽.User is on Register page(classpath:Parallel/RegisterPage2.feature:72)

</div> <!-- stack-trace -->
                  <em>
(Runs Cucumber Scenarios)                  </em>
                </div> <!-- method-content -->
              </div> <!-- method -->
              <div class="method">
                <div class="method-content">
                  <a name="runScenario(&quot;validating the Sign up processs with invalid First Name&quot;, &quot;Optional[Register form2 of the Applicati...)">
                  </a> <!-- runScenario("validating the Sign up processs with invalid First Name", "Optional[Register form2 of the Applicati...) -->
                  <span class="method-name">runScenario</span>
                  <span class="parameters">("validating the Sign up processs with invalid First Name", "Optional[Register form2 of the Application]")</span>
                  <div class="stack-trace">java.lang.NullPointerException
	at Parallel.RegisterPage1Steps.user_is_on_register_page(RegisterPage1Steps.java:51)
	at ✽.User is on Register page(classpath:Parallel/RegisterPage2.feature:20)

</div> <!-- stack-trace -->
                  <em>
(Runs Cucumber Scenarios)                  </em>
                </div> <!-- method-content -->
              </div> <!-- method -->
              <div class="method">
                <div class="method-content">
                  <a name="runScenario(&quot;Validating the tab CLIENTS visibility&quot;, &quot;Optional[Home page of the Application]&quot;)">
                  </a> <!-- runScenario("Validating the tab CLIENTS visibility", "Optional[Home page of the Application]") -->
                  <span class="method-name">runScenario</span>
                  <span class="parameters">("Validating the tab CLIENTS visibility", "Optional[Home page of the Application]")</span>
                  <div class="stack-trace">org.openqa.selenium.InvalidArgumentException: invalid argument
  (Session info: chrome=102.0.5005.115)
Build info: version: &apos;3.141.59&apos;, revision: &apos;e82be7d358&apos;, time: &apos;2018-11-14T08:17:03&apos;
System info: host: &apos;Shwethas-MacBook-Pro.local&apos;, ip: &apos;2601:647:4100:cc20:5969:f579:cca0:9fb7%en0&apos;, os.name: &apos;Mac OS X&apos;, os.arch: &apos;x86_64&apos;, os.version: &apos;10.15.7&apos;, java.version: &apos;12.0.2&apos;
Driver info: org.openqa.selenium.chrome.ChromeDriver
Capabilities {acceptInsecureCerts: false, browserName: chrome, browserVersion: 102.0.5005.115, chrome: {chromedriverVersion: 102.0.5005.61 (0e59bcc00cc4..., userDataDir: /var/folders/8y/rcqlwqj12nd...}, goog:chromeOptions: {debuggerAddress: localhost:60583}, javascriptEnabled: true, networkConnectionEnabled: false, pageLoadStrategy: normal, platform: MAC, platformName: MAC, proxy: Proxy(), setWindowRect: true, strictFileInteractability: false, timeouts: {implicit: 0, pageLoad: 300000, script: 30000}, unhandledPromptBehavior: dismiss and notify, webauthn:extension:credBlob: true, webauthn:extension:largeBlob: true, webauthn:virtualAuthenticators: true}
Session ID: 12de68a332376d1b17e6fcf5af07adfd
	at java.base/jdk.internal.reflect.NativeConstructorAccessorImpl.newInstance0(Native Method)
	at java.base/jdk.internal.reflect.NativeConstructorAccessorImpl.newInstance(NativeConstructorAccessorImpl.java:62)
	at java.base/jdk.internal.reflect.DelegatingConstructorAccessorImpl.newInstance(DelegatingConstructorAccessorImpl.java:45)
	at java.base/java.lang.reflect.Constructor.newInstanceWithCaller(Constructor.java:500)
	at java.base/java.lang.reflect.Constructor.newInstance(Constructor.java:481)
	at org.openqa.selenium.remote.http.W3CHttpResponseCodec.createException(W3CHttpResponseCodec.java:187)
	at org.openqa.selenium.remote.http.W3CHttpResponseCodec.decode(W3CHttpResponseCodec.java:122)
	at org.openqa.selenium.remote.http.W3CHttpResponseCodec.decode(W3CHttpResponseCodec.java:49)
	at org.openqa.selenium.remote.HttpCommandExecutor.execute(HttpCommandExecutor.java:158)
	at org.openqa.selenium.remote.service.DriverCommandExecutor.execute(DriverCommandExecutor.java:83)
	at org.openqa.selenium.remote.RemoteWebDriver.execute(RemoteWebDriver.java:552)
	at org.openqa.selenium.remote.RemoteWebDriver.get(RemoteWebDriver.java:277)
	at Parallel.HomePageSteps.user_open_the_dietician_website(HomePageSteps.java:29)
	at ✽.User open the Dietician Website(classpath:Parallel/HomePage.feature:5)

</div> <!-- stack-trace -->
                  <em>
(Runs Cucumber Scenarios)                  </em>
                </div> <!-- method-content -->
              </div> <!-- method -->
              <div class="method">
                <div class="method-content">
                  <a name="runScenario(&quot;Validating the visibility of Search option&quot;, &quot;Optional[Home page of the Application]&quot;)">
                  </a> <!-- runScenario("Validating the visibility of Search option", "Optional[Home page of the Application]") -->
                  <span class="method-name">runScenario</span>
                  <span class="parameters">("Validating the visibility of Search option", "Optional[Home page of the Application]")</span>
                  <div class="stack-trace">org.openqa.selenium.InvalidArgumentException: invalid argument
  (Session info: chrome=102.0.5005.115)
Build info: version: &apos;3.141.59&apos;, revision: &apos;e82be7d358&apos;, time: &apos;2018-11-14T08:17:03&apos;
System info: host: &apos;Shwethas-MacBook-Pro.local&apos;, ip: &apos;2601:647:4100:cc20:5969:f579:cca0:9fb7%en0&apos;, os.name: &apos;Mac OS X&apos;, os.arch: &apos;x86_64&apos;, os.version: &apos;10.15.7&apos;, java.version: &apos;12.0.2&apos;
Driver info: org.openqa.selenium.chrome.ChromeDriver
Capabilities {acceptInsecureCerts: false, browserName: chrome, browserVersion: 102.0.5005.115, chrome: {chromedriverVersion: 102.0.5005.61 (0e59bcc00cc4..., userDataDir: /var/folders/8y/rcqlwqj12nd...}, goog:chromeOptions: {debuggerAddress: localhost:60742}, javascriptEnabled: true, networkConnectionEnabled: false, pageLoadStrategy: normal, platform: MAC, platformName: MAC, proxy: Proxy(), setWindowRect: true, strictFileInteractability: false, timeouts: {implicit: 0, pageLoad: 300000, script: 30000}, unhandledPromptBehavior: dismiss and notify, webauthn:extension:credBlob: true, webauthn:extension:largeBlob: true, webauthn:virtualAuthenticators: true}
Session ID: 04d29fb7765ded318de605ba9742bfdc
	at java.base/jdk.internal.reflect.NativeConstructorAccessorImpl.newInstance0(Native Method)
	at java.base/jdk.internal.reflect.NativeConstructorAccessorImpl.newInstance(NativeConstructorAccessorImpl.java:62)
	at java.base/jdk.internal.reflect.DelegatingConstructorAccessorImpl.newInstance(DelegatingConstructorAccessorImpl.java:45)
	at java.base/java.lang.reflect.Constructor.newInstanceWithCaller(Constructor.java:500)
	at java.base/java.lang.reflect.Constructor.newInstance(Constructor.java:481)
	at org.openqa.selenium.remote.http.W3CHttpResponseCodec.createException(W3CHttpResponseCodec.java:187)
	at org.openqa.selenium.remote.http.W3CHttpResponseCodec.decode(W3CHttpResponseCodec.java:122)
	at org.openqa.selenium.remote.http.W3CHttpResponseCodec.decode(W3CHttpResponseCodec.java:49)
	at org.openqa.selenium.remote.HttpCommandExecutor.execute(HttpCommandExecutor.java:158)
	at org.openqa.selenium.remote.service.DriverCommandExecutor.execute(DriverCommandExecutor.java:83)
	at org.openqa.selenium.remote.RemoteWebDriver.execute(RemoteWebDriver.java:552)
	at org.openqa.selenium.remote.RemoteWebDriver.get(RemoteWebDriver.java:277)
	at Parallel.HomePageSteps.user_open_the_dietician_website(HomePageSteps.java:29)
	at ✽.User open the Dietician Website(classpath:Parallel/HomePage.feature:5)

</div> <!-- stack-trace -->
                  <em>
(Runs Cucumber Scenarios)                  </em>
                </div> <!-- method-content -->
              </div> <!-- method -->
              <div class="method">
                <div class="method-content">
                  <a name="runScenario(&quot;validating the Sign up processs with invalid First Name&quot;, &quot;Optional[Register page of the applicatio...)">
                  </a> <!-- runScenario("validating the Sign up processs with invalid First Name", "Optional[Register page of the applicatio...) -->
                  <span class="method-name">runScenario</span>
                  <span class="parameters">("validating the Sign up processs with invalid First Name", "Optional[Register page of the application]")</span>
                  <div class="stack-trace">java.lang.NullPointerException
	at Parallel.RegisterPage1Steps.user_is_on_register_page(RegisterPage1Steps.java:51)
	at ✽.User is on Register page(classpath:Parallel/RegisterPage1.feature:29)

</div> <!-- stack-trace -->
                  <em>
(Runs Cucumber Scenarios)                  </em>
                </div> <!-- method-content -->
              </div> <!-- method -->
              <div class="method">
                <div class="method-content">
                  <a name="runScenario(&quot;validating the Sign up processs with invalid Password&quot;, &quot;Optional[Register page of the application]...)">
                  </a> <!-- runScenario("validating the Sign up processs with invalid Password", "Optional[Register page of the application]...) -->
                  <span class="method-name">runScenario</span>
                  <span class="parameters">("validating the Sign up processs with invalid Password", "Optional[Register page of the application]")</span>
                  <div class="stack-trace">java.lang.NullPointerException
	at Parallel.RegisterPage1Steps.user_is_on_register_page(RegisterPage1Steps.java:51)
	at ✽.User is on Register page(classpath:Parallel/RegisterPage1.feature:67)

</div> <!-- stack-trace -->
                  <em>
(Runs Cucumber Scenarios)                  </em>
                </div> <!-- method-content -->
              </div> <!-- method -->
              <div class="method">
                <div class="method-content">
                  <a name="runScenario(&quot;validating the Sign up form Heading&quot;, &quot;Optional[Register page of the application]&quot;)">
                  </a> <!-- runScenario("validating the Sign up form Heading", "Optional[Register page of the application]") -->
                  <span class="method-name">runScenario</span>
                  <span class="parameters">("validating the Sign up form Heading", "Optional[Register page of the application]")</span>
                  <div class="stack-trace">org.openqa.selenium.InvalidArgumentException: invalid argument
  (Session info: chrome=102.0.5005.115)
Build info: version: &apos;3.141.59&apos;, revision: &apos;e82be7d358&apos;, time: &apos;2018-11-14T08:17:03&apos;
System info: host: &apos;Shwethas-MacBook-Pro.local&apos;, ip: &apos;2601:647:4100:cc20:5969:f579:cca0:9fb7%en0&apos;, os.name: &apos;Mac OS X&apos;, os.arch: &apos;x86_64&apos;, os.version: &apos;10.15.7&apos;, java.version: &apos;12.0.2&apos;
Driver info: org.openqa.selenium.chrome.ChromeDriver
Capabilities {acceptInsecureCerts: false, browserName: chrome, browserVersion: 102.0.5005.115, chrome: {chromedriverVersion: 102.0.5005.61 (0e59bcc00cc4..., userDataDir: /var/folders/8y/rcqlwqj12nd...}, goog:chromeOptions: {debuggerAddress: localhost:60877}, javascriptEnabled: true, networkConnectionEnabled: false, pageLoadStrategy: normal, platform: MAC, platformName: MAC, proxy: Proxy(), setWindowRect: true, strictFileInteractability: false, timeouts: {implicit: 0, pageLoad: 300000, script: 30000}, unhandledPromptBehavior: dismiss and notify, webauthn:extension:credBlob: true, webauthn:extension:largeBlob: true, webauthn:virtualAuthenticators: true}
Session ID: a390f9a4f269e49a7a1131571b7903f9
	at jdk.internal.reflect.GeneratedConstructorAccessor79.newInstance(Unknown Source)
	at java.base/jdk.internal.reflect.DelegatingConstructorAccessorImpl.newInstance(DelegatingConstructorAccessorImpl.java:45)
	at java.base/java.lang.reflect.Constructor.newInstanceWithCaller(Constructor.java:500)
	at java.base/java.lang.reflect.Constructor.newInstance(Constructor.java:481)
	at org.openqa.selenium.remote.http.W3CHttpResponseCodec.createException(W3CHttpResponseCodec.java:187)
	at org.openqa.selenium.remote.http.W3CHttpResponseCodec.decode(W3CHttpResponseCodec.java:122)
	at org.openqa.selenium.remote.http.W3CHttpResponseCodec.decode(W3CHttpResponseCodec.java:49)
	at org.openqa.selenium.remote.HttpCommandExecutor.execute(HttpCommandExecutor.java:158)
	at org.openqa.selenium.remote.service.DriverCommandExecutor.execute(DriverCommandExecutor.java:83)
	at org.openqa.selenium.remote.RemoteWebDriver.execute(RemoteWebDriver.java:552)
	at org.openqa.selenium.remote.RemoteWebDriver.get(RemoteWebDriver.java:277)
	at Parallel.RegisterPage1Steps.user_is_on_dietician_website(RegisterPage1Steps.java:22)
	at ✽.User is on Dietician  website(classpath:Parallel/RegisterPage1.feature:18)

</div> <!-- stack-trace -->
                  <em>
(Runs Cucumber Scenarios)                  </em>
                </div> <!-- method-content -->
              </div> <!-- method -->
              <div class="method">
                <div class="method-content">
                  <a name="runScenario(&quot;Validating the Sign in page mandatory fields&quot;, &quot;Optional[Sign in form1 Of the Application]&quot;)">
                  </a> <!-- runScenario("Validating the Sign in page mandatory fields", "Optional[Sign in form1 Of the Application]") -->
                  <span class="method-name">runScenario</span>
                  <span class="parameters">("Validating the Sign in page mandatory fields", "Optional[Sign in form1 Of the Application]")</span>
                  <div class="stack-trace">org.openqa.selenium.InvalidArgumentException: invalid argument
  (Session info: chrome=102.0.5005.115)
Build info: version: &apos;3.141.59&apos;, revision: &apos;e82be7d358&apos;, time: &apos;2018-11-14T08:17:03&apos;
System info: host: &apos;Shwethas-MacBook-Pro.local&apos;, ip: &apos;2601:647:4100:cc20:5969:f579:cca0:9fb7%en0&apos;, os.name: &apos;Mac OS X&apos;, os.arch: &apos;x86_64&apos;, os.version: &apos;10.15.7&apos;, java.version: &apos;12.0.2&apos;
Driver info: org.openqa.selenium.chrome.ChromeDriver
Capabilities {acceptInsecureCerts: false, browserName: chrome, browserVersion: 102.0.5005.115, chrome: {chromedriverVersion: 102.0.5005.61 (0e59bcc00cc4..., userDataDir: /var/folders/8y/rcqlwqj12nd...}, goog:chromeOptions: {debuggerAddress: localhost:61185}, javascriptEnabled: true, networkConnectionEnabled: false, pageLoadStrategy: normal, platform: MAC, platformName: MAC, proxy: Proxy(), setWindowRect: true, strictFileInteractability: false, timeouts: {implicit: 0, pageLoad: 300000, script: 30000}, unhandledPromptBehavior: dismiss and notify, webauthn:extension:credBlob: true, webauthn:extension:largeBlob: true, webauthn:virtualAuthenticators: true}
Session ID: 4ec57c558ac7884715c8fb6b84b10c0e
	at jdk.internal.reflect.GeneratedConstructorAccessor79.newInstance(Unknown Source)
	at java.base/jdk.internal.reflect.DelegatingConstructorAccessorImpl.newInstance(DelegatingConstructorAccessorImpl.java:45)
	at java.base/java.lang.reflect.Constructor.newInstanceWithCaller(Constructor.java:500)
	at java.base/java.lang.reflect.Constructor.newInstance(Constructor.java:481)
	at org.openqa.selenium.remote.http.W3CHttpResponseCodec.createException(W3CHttpResponseCodec.java:187)
	at org.openqa.selenium.remote.http.W3CHttpResponseCodec.decode(W3CHttpResponseCodec.java:122)
	at org.openqa.selenium.remote.http.W3CHttpResponseCodec.decode(W3CHttpResponseCodec.java:49)
	at org.openqa.selenium.remote.HttpCommandExecutor.execute(HttpCommandExecutor.java:158)
	at org.openqa.selenium.remote.service.DriverCommandExecutor.execute(DriverCommandExecutor.java:83)
	at org.openqa.selenium.remote.RemoteWebDriver.execute(RemoteWebDriver.java:552)
	at org.openqa.selenium.remote.RemoteWebDriver.get(RemoteWebDriver.java:277)
	at Parallel.RegisterPage1Steps.user_is_on_dietician_website(RegisterPage1Steps.java:22)
	at ✽.User is on Dietician  website(classpath:Parallel/SignInPage1.feature:13)

</div> <!-- stack-trace -->
                  <em>
(Runs Cucumber Scenarios)                  </em>
                </div> <!-- method-content -->
              </div> <!-- method -->
              <div class="method">
                <div class="method-content">
                  <a name="runScenario(&quot;Validating the Sign in button&quot;, &quot;Optional[Sign in form1 Of the Application]&quot;)">
                  </a> <!-- runScenario("Validating the Sign in button", "Optional[Sign in form1 Of the Application]") -->
                  <span class="method-name">runScenario</span>
                  <span class="parameters">("Validating the Sign in button", "Optional[Sign in form1 Of the Application]")</span>
                  <div class="stack-trace">org.openqa.selenium.InvalidArgumentException: invalid argument
  (Session info: chrome=102.0.5005.115)
Build info: version: &apos;3.141.59&apos;, revision: &apos;e82be7d358&apos;, time: &apos;2018-11-14T08:17:03&apos;
System info: host: &apos;Shwethas-MacBook-Pro.local&apos;, ip: &apos;2601:647:4100:cc20:5969:f579:cca0:9fb7%en0&apos;, os.name: &apos;Mac OS X&apos;, os.arch: &apos;x86_64&apos;, os.version: &apos;10.15.7&apos;, java.version: &apos;12.0.2&apos;
Driver info: org.openqa.selenium.chrome.ChromeDriver
Capabilities {acceptInsecureCerts: false, browserName: chrome, browserVersion: 102.0.5005.115, chrome: {chromedriverVersion: 102.0.5005.61 (0e59bcc00cc4..., userDataDir: /var/folders/8y/rcqlwqj12nd...}, goog:chromeOptions: {debuggerAddress: localhost:61193}, javascriptEnabled: true, networkConnectionEnabled: false, pageLoadStrategy: normal, platform: MAC, platformName: MAC, proxy: Proxy(), setWindowRect: true, strictFileInteractability: false, timeouts: {implicit: 0, pageLoad: 300000, script: 30000}, unhandledPromptBehavior: dismiss and notify, webauthn:extension:credBlob: true, webauthn:extension:largeBlob: true, webauthn:virtualAuthenticators: true}
Session ID: dc710b171bd98686961124f8a6c5b0a7
	at jdk.internal.reflect.GeneratedConstructorAccessor79.newInstance(Unknown Source)
	at java.base/jdk.internal.reflect.DelegatingConstructorAccessorImpl.newInstance(DelegatingConstructorAccessorImpl.java:45)
	at java.base/java.lang.reflect.Constructor.newInstanceWithCaller(Constructor.java:500)
	at java.base/java.lang.reflect.Constructor.newInstance(Constructor.java:481)
	at org.openqa.selenium.remote.http.W3CHttpResponseCodec.createException(W3CHttpResponseCodec.java:187)
	at org.openqa.selenium.remote.http.W3CHttpResponseCodec.decode(W3CHttpResponseCodec.java:122)
	at org.openqa.selenium.remote.http.W3CHttpResponseCodec.decode(W3CHttpResponseCodec.java:49)
	at org.openqa.selenium.remote.HttpCommandExecutor.execute(HttpCommandExecutor.java:158)
	at org.openqa.selenium.remote.service.DriverCommandExecutor.execute(DriverCommandExecutor.java:83)
	at org.openqa.selenium.remote.RemoteWebDriver.execute(RemoteWebDriver.java:552)
	at org.openqa.selenium.remote.RemoteWebDriver.get(RemoteWebDriver.java:277)
	at Parallel.RegisterPage1Steps.user_is_on_dietician_website(RegisterPage1Steps.java:22)
	at ✽.User is on Dietician  website(classpath:Parallel/SignInPage1.feature:23)

</div> <!-- stack-trace -->
                  <em>
(Runs Cucumber Scenarios)                  </em>
                </div> <!-- method-content -->
              </div> <!-- method -->
              <div class="method">
                <div class="method-content">
                  <a name="runScenario(&quot;Validating the Sign in form heading&quot;, &quot;Optional[Sign in form1 Of the Application]&quot;)">
                  </a> <!-- runScenario("Validating the Sign in form heading", "Optional[Sign in form1 Of the Application]") -->
                  <span class="method-name">runScenario</span>
                  <span class="parameters">("Validating the Sign in form heading", "Optional[Sign in form1 Of the Application]")</span>
                  <div class="stack-trace">org.openqa.selenium.InvalidArgumentException: invalid argument
  (Session info: chrome=102.0.5005.115)
Build info: version: &apos;3.141.59&apos;, revision: &apos;e82be7d358&apos;, time: &apos;2018-11-14T08:17:03&apos;
System info: host: &apos;Shwethas-MacBook-Pro.local&apos;, ip: &apos;2601:647:4100:cc20:5969:f579:cca0:9fb7%en0&apos;, os.name: &apos;Mac OS X&apos;, os.arch: &apos;x86_64&apos;, os.version: &apos;10.15.7&apos;, java.version: &apos;12.0.2&apos;
Driver info: org.openqa.selenium.chrome.ChromeDriver
Capabilities {acceptInsecureCerts: false, browserName: chrome, browserVersion: 102.0.5005.115, chrome: {chromedriverVersion: 102.0.5005.61 (0e59bcc00cc4..., userDataDir: /var/folders/8y/rcqlwqj12nd...}, goog:chromeOptions: {debuggerAddress: localhost:61190}, javascriptEnabled: true, networkConnectionEnabled: false, pageLoadStrategy: normal, platform: MAC, platformName: MAC, proxy: Proxy(), setWindowRect: true, strictFileInteractability: false, timeouts: {implicit: 0, pageLoad: 300000, script: 30000}, unhandledPromptBehavior: dismiss and notify, webauthn:extension:credBlob: true, webauthn:extension:largeBlob: true, webauthn:virtualAuthenticators: true}
Session ID: b32942dc219e57decd7c67c18a9166c2
	at jdk.internal.reflect.GeneratedConstructorAccessor79.newInstance(Unknown Source)
	at java.base/jdk.internal.reflect.DelegatingConstructorAccessorImpl.newInstance(DelegatingConstructorAccessorImpl.java:45)
	at java.base/java.lang.reflect.Constructor.newInstanceWithCaller(Constructor.java:500)
	at java.base/java.lang.reflect.Constructor.newInstance(Constructor.java:481)
	at org.openqa.selenium.remote.http.W3CHttpResponseCodec.createException(W3CHttpResponseCodec.java:187)
	at org.openqa.selenium.remote.http.W3CHttpResponseCodec.decode(W3CHttpResponseCodec.java:122)
	at org.openqa.selenium.remote.http.W3CHttpResponseCodec.decode(W3CHttpResponseCodec.java:49)
	at org.openqa.selenium.remote.HttpCommandExecutor.execute(HttpCommandExecutor.java:158)
	at org.openqa.selenium.remote.service.DriverCommandExecutor.execute(DriverCommandExecutor.java:83)
	at org.openqa.selenium.remote.RemoteWebDriver.execute(RemoteWebDriver.java:552)
	at org.openqa.selenium.remote.RemoteWebDriver.get(RemoteWebDriver.java:277)
	at Parallel.RegisterPage1Steps.user_is_on_dietician_website(RegisterPage1Steps.java:22)
	at ✽.User is on Dietician  website(classpath:Parallel/SignInPage1.feature:18)

</div> <!-- stack-trace -->
                  <em>
(Runs Cucumber Scenarios)                  </em>
                </div> <!-- method-content -->
              </div> <!-- method -->
              <div class="method">
                <div class="method-content">
                  <a name="runScenario(&quot;validating the Sign up processs with invalid Any other field&quot;, &quot;Optional[Register page of the appli...)">
                  </a> <!-- runScenario("validating the Sign up processs with invalid Any other field", "Optional[Register page of the appli...) -->
                  <span class="method-name">runScenario</span>
                  <span class="parameters">("validating the Sign up processs with invalid Any other field", "Optional[Register page of the application]")</span>
                  <div class="stack-trace">java.lang.NullPointerException
	at Parallel.RegisterPage1Steps.user_is_on_register_page(RegisterPage1Steps.java:51)
	at ✽.User is on Register page(classpath:Parallel/RegisterPage1.feature:55)

</div> <!-- stack-trace -->
                  <em>
(Runs Cucumber Scenarios)                  </em>
                </div> <!-- method-content -->
              </div> <!-- method -->
              <div class="method">
                <div class="method-content">
                  <a name="runScenario(&quot;Validating the tab Contact us visibility&quot;, &quot;Optional[Home page of the Application]&quot;)">
                  </a> <!-- runScenario("Validating the tab Contact us visibility", "Optional[Home page of the Application]") -->
                  <span class="method-name">runScenario</span>
                  <span class="parameters">("Validating the tab Contact us visibility", "Optional[Home page of the Application]")</span>
                  <div class="stack-trace">org.openqa.selenium.InvalidArgumentException: invalid argument
  (Session info: chrome=102.0.5005.115)
Build info: version: &apos;3.141.59&apos;, revision: &apos;e82be7d358&apos;, time: &apos;2018-11-14T08:17:03&apos;
System info: host: &apos;Shwethas-MacBook-Pro.local&apos;, ip: &apos;2601:647:4100:cc20:5969:f579:cca0:9fb7%en0&apos;, os.name: &apos;Mac OS X&apos;, os.arch: &apos;x86_64&apos;, os.version: &apos;10.15.7&apos;, java.version: &apos;12.0.2&apos;
Driver info: org.openqa.selenium.chrome.ChromeDriver
Capabilities {acceptInsecureCerts: false, browserName: chrome, browserVersion: 102.0.5005.115, chrome: {chromedriverVersion: 102.0.5005.61 (0e59bcc00cc4..., userDataDir: /var/folders/8y/rcqlwqj12nd...}, goog:chromeOptions: {debuggerAddress: localhost:60564}, javascriptEnabled: true, networkConnectionEnabled: false, pageLoadStrategy: normal, platform: MAC, platformName: MAC, proxy: Proxy(), setWindowRect: true, strictFileInteractability: false, timeouts: {implicit: 0, pageLoad: 300000, script: 30000}, unhandledPromptBehavior: dismiss and notify, webauthn:extension:credBlob: true, webauthn:extension:largeBlob: true, webauthn:virtualAuthenticators: true}
Session ID: 79c267f902624990e125aebdb2ee8f11
	at java.base/jdk.internal.reflect.NativeConstructorAccessorImpl.newInstance0(Native Method)
	at java.base/jdk.internal.reflect.NativeConstructorAccessorImpl.newInstance(NativeConstructorAccessorImpl.java:62)
	at java.base/jdk.internal.reflect.DelegatingConstructorAccessorImpl.newInstance(DelegatingConstructorAccessorImpl.java:45)
	at java.base/java.lang.reflect.Constructor.newInstanceWithCaller(Constructor.java:500)
	at java.base/java.lang.reflect.Constructor.newInstance(Constructor.java:481)
	at org.openqa.selenium.remote.http.W3CHttpResponseCodec.createException(W3CHttpResponseCodec.java:187)
	at org.openqa.selenium.remote.http.W3CHttpResponseCodec.decode(W3CHttpResponseCodec.java:122)
	at org.openqa.selenium.remote.http.W3CHttpResponseCodec.decode(W3CHttpResponseCodec.java:49)
	at org.openqa.selenium.remote.HttpCommandExecutor.execute(HttpCommandExecutor.java:158)
	at org.openqa.selenium.remote.service.DriverCommandExecutor.execute(DriverCommandExecutor.java:83)
	at org.openqa.selenium.remote.RemoteWebDriver.execute(RemoteWebDriver.java:552)
	at org.openqa.selenium.remote.RemoteWebDriver.get(RemoteWebDriver.java:277)
	at Parallel.HomePageSteps.user_open_the_dietician_website(HomePageSteps.java:29)
	at ✽.User open the Dietician Website(classpath:Parallel/HomePage.feature:5)

</div> <!-- stack-trace -->
                  <em>
(Runs Cucumber Scenarios)                  </em>
                </div> <!-- method-content -->
              </div> <!-- method -->
              <div class="method">
                <div class="method-content">
                  <a name="runScenario(&quot;validating the product link on home page&quot;, &quot;Optional[Links of the Home page]&quot;)">
                  </a> <!-- runScenario("validating the product link on home page", "Optional[Links of the Home page]") -->
                  <span class="method-name">runScenario</span>
                  <span class="parameters">("validating the product link on home page", "Optional[Links of the Home page]")</span>
                  <div class="stack-trace">org.openqa.selenium.InvalidArgumentException: invalid argument
  (Session info: chrome=102.0.5005.115)
Build info: version: &apos;3.141.59&apos;, revision: &apos;e82be7d358&apos;, time: &apos;2018-11-14T08:17:03&apos;
System info: host: &apos;Shwethas-MacBook-Pro.local&apos;, ip: &apos;2601:647:4100:cc20:5969:f579:cca0:9fb7%en0&apos;, os.name: &apos;Mac OS X&apos;, os.arch: &apos;x86_64&apos;, os.version: &apos;10.15.7&apos;, java.version: &apos;12.0.2&apos;
Driver info: org.openqa.selenium.chrome.ChromeDriver
Capabilities {acceptInsecureCerts: false, browserName: chrome, browserVersion: 102.0.5005.115, chrome: {chromedriverVersion: 102.0.5005.61 (0e59bcc00cc4..., userDataDir: /var/folders/8y/rcqlwqj12nd...}, goog:chromeOptions: {debuggerAddress: localhost:60739}, javascriptEnabled: true, networkConnectionEnabled: false, pageLoadStrategy: normal, platform: MAC, platformName: MAC, proxy: Proxy(), setWindowRect: true, strictFileInteractability: false, timeouts: {implicit: 0, pageLoad: 300000, script: 30000}, unhandledPromptBehavior: dismiss and notify, webauthn:extension:credBlob: true, webauthn:extension:largeBlob: true, webauthn:virtualAuthenticators: true}
Session ID: a5d010e4263772f26b15c91a76b17d62
	at java.base/jdk.internal.reflect.NativeConstructorAccessorImpl.newInstance0(Native Method)
	at java.base/jdk.internal.reflect.NativeConstructorAccessorImpl.newInstance(NativeConstructorAccessorImpl.java:62)
	at java.base/jdk.internal.reflect.DelegatingConstructorAccessorImpl.newInstance(DelegatingConstructorAccessorImpl.java:45)
	at java.base/java.lang.reflect.Constructor.newInstanceWithCaller(Constructor.java:500)
	at java.base/java.lang.reflect.Constructor.newInstance(Constructor.java:481)
	at org.openqa.selenium.remote.http.W3CHttpResponseCodec.createException(W3CHttpResponseCodec.java:187)
	at org.openqa.selenium.remote.http.W3CHttpResponseCodec.decode(W3CHttpResponseCodec.java:122)
	at org.openqa.selenium.remote.http.W3CHttpResponseCodec.decode(W3CHttpResponseCodec.java:49)
	at org.openqa.selenium.remote.HttpCommandExecutor.execute(HttpCommandExecutor.java:158)
	at org.openqa.selenium.remote.service.DriverCommandExecutor.execute(DriverCommandExecutor.java:83)
	at org.openqa.selenium.remote.RemoteWebDriver.execute(RemoteWebDriver.java:552)
	at org.openqa.selenium.remote.RemoteWebDriver.get(RemoteWebDriver.java:277)
	at Parallel.HomePageSteps.user_open_the_dietician_website(HomePageSteps.java:29)
	at ✽.User open the Dietician Website(classpath:Parallel/LinksOfHomePage.feature:5)

</div> <!-- stack-trace -->
                  <em>
(Runs Cucumber Scenarios)                  </em>
                </div> <!-- method-content -->
              </div> <!-- method -->
              <div class="method">
                <div class="method-content">
                  <a name="runScenario(&quot;validating the Sign in with forgot password link&quot;, &quot;Optional[Sign in form1 Of the Application]&quot;)">
                  </a> <!-- runScenario("validating the Sign in with forgot password link", "Optional[Sign in form1 Of the Application]") -->
                  <span class="method-name">runScenario</span>
                  <span class="parameters">("validating the Sign in with forgot password link", "Optional[Sign in form1 Of the Application]")</span>
                  <div class="stack-trace">io.cucumber.testng.UndefinedStepException: The step &quot;User is on sign in  page&quot; is undefined. You can implement it using the snippet(s) below:

@Given(&quot;User is on sign in  page&quot;)
public void user_is_on_sign_in_page() {
    // Write code here that turns the phrase above into concrete actions
    throw new io.cucumber.java.PendingException();
}

	at io.cucumber.core.runtime.TestCaseResultObserver.assertTestCasePassed(TestCaseResultObserver.java:102)
	at io.cucumber.testng.TestCaseResultObserver.assertTestCasePassed(TestCaseResultObserver.java:23)
	at io.cucumber.testng.TestNGCucumberRunner.lambda$runScenario$0(TestNGCucumberRunner.java:117)
	at io.cucumber.core.runtime.CucumberExecutionContext.runTestCase(CucumberExecutionContext.java:117)
	at io.cucumber.testng.TestNGCucumberRunner.runScenario(TestNGCucumberRunner.java:113)
	at io.cucumber.testng.AbstractTestNGCucumberTests.runScenario(AbstractTestNGCucumberTests.java:31)
	at jdk.internal.reflect.GeneratedMethodAccessor23.invoke(Unknown Source)
	at java.base/jdk.internal.reflect.DelegatingMethodAccessorImpl.invoke(DelegatingMethodAccessorImpl.java:43)
	at java.base/java.lang.reflect.Method.invoke(Method.java:567)
	at org.testng.internal.MethodInvocationHelper.invokeMethod(MethodInvocationHelper.java:124)
	at org.testng.internal.Invoker.invokeMethod(Invoker.java:583)
	at org.testng.internal.Invoker.invokeTestMethod(Invoker.java:719)
	at org.testng.internal.TestMethodWithDataProviderMethodWorker.call(TestMethodWithDataProviderMethodWorker.java:71)
	at org.testng.internal.TestMethodWithDataProviderMethodWorker.call(TestMethodWithDataProviderMethodWorker.java:14)
	at java.base/java.util.concurrent.FutureTask.run(FutureTask.java:264)
	at java.base/java.util.concurrent.Executors$RunnableAdapter.call(Executors.java:515)
	at java.base/java.util.concurrent.FutureTask.run(FutureTask.java:264)
	at java.base/java.util.concurrent.ThreadPoolExecutor.runWorker(ThreadPoolExecutor.java:1128)
	at java.base/java.util.concurrent.ThreadPoolExecutor$Worker.run(ThreadPoolExecutor.java:628)
	at java.base/java.lang.Thread.run(Thread.java:835)

</div> <!-- stack-trace -->
                  <em>
(Runs Cucumber Scenarios)                  </em>
                </div> <!-- method-content -->
              </div> <!-- method -->
              <div class="method">
                <div class="method-content">
                  <a name="runScenario(&quot;validating the Contact uslink on home page&quot;, &quot;Optional[Links of the Home page]&quot;)">
                  </a> <!-- runScenario("validating the Contact uslink on home page", "Optional[Links of the Home page]") -->
                  <span class="method-name">runScenario</span>
                  <span class="parameters">("validating the Contact uslink on home page", "Optional[Links of the Home page]")</span>
                  <div class="stack-trace">org.openqa.selenium.InvalidArgumentException: invalid argument
  (Session info: chrome=102.0.5005.115)
Build info: version: &apos;3.141.59&apos;, revision: &apos;e82be7d358&apos;, time: &apos;2018-11-14T08:17:03&apos;
System info: host: &apos;Shwethas-MacBook-Pro.local&apos;, ip: &apos;2601:647:4100:cc20:5969:f579:cca0:9fb7%en0&apos;, os.name: &apos;Mac OS X&apos;, os.arch: &apos;x86_64&apos;, os.version: &apos;10.15.7&apos;, java.version: &apos;12.0.2&apos;
Driver info: org.openqa.selenium.chrome.ChromeDriver
Capabilities {acceptInsecureCerts: false, browserName: chrome, browserVersion: 102.0.5005.115, chrome: {chromedriverVersion: 102.0.5005.61 (0e59bcc00cc4..., userDataDir: /var/folders/8y/rcqlwqj12nd...}, goog:chromeOptions: {debuggerAddress: localhost:60762}, javascriptEnabled: true, networkConnectionEnabled: false, pageLoadStrategy: normal, platform: MAC, platformName: MAC, proxy: Proxy(), setWindowRect: true, strictFileInteractability: false, timeouts: {implicit: 0, pageLoad: 300000, script: 30000}, unhandledPromptBehavior: dismiss and notify, webauthn:extension:credBlob: true, webauthn:extension:largeBlob: true, webauthn:virtualAuthenticators: true}
Session ID: 80675ed7170aae94aa4717b53d5c147c
	at java.base/jdk.internal.reflect.NativeConstructorAccessorImpl.newInstance0(Native Method)
	at java.base/jdk.internal.reflect.NativeConstructorAccessorImpl.newInstance(NativeConstructorAccessorImpl.java:62)
	at java.base/jdk.internal.reflect.DelegatingConstructorAccessorImpl.newInstance(DelegatingConstructorAccessorImpl.java:45)
	at java.base/java.lang.reflect.Constructor.newInstanceWithCaller(Constructor.java:500)
	at java.base/java.lang.reflect.Constructor.newInstance(Constructor.java:481)
	at org.openqa.selenium.remote.http.W3CHttpResponseCodec.createException(W3CHttpResponseCodec.java:187)
	at org.openqa.selenium.remote.http.W3CHttpResponseCodec.decode(W3CHttpResponseCodec.java:122)
	at org.openqa.selenium.remote.http.W3CHttpResponseCodec.decode(W3CHttpResponseCodec.java:49)
	at org.openqa.selenium.remote.HttpCommandExecutor.execute(HttpCommandExecutor.java:158)
	at org.openqa.selenium.remote.service.DriverCommandExecutor.execute(DriverCommandExecutor.java:83)
	at org.openqa.selenium.remote.RemoteWebDriver.execute(RemoteWebDriver.java:552)
	at org.openqa.selenium.remote.RemoteWebDriver.get(RemoteWebDriver.java:277)
	at Parallel.HomePageSteps.user_open_the_dietician_website(HomePageSteps.java:29)
	at ✽.User open the Dietician Website(classpath:Parallel/LinksOfHomePage.feature:5)

</div> <!-- stack-trace -->
                  <em>
(Runs Cucumber Scenarios)                  </em>
                </div> <!-- method-content -->
              </div> <!-- method -->
              <div class="method">
                <div class="method-content">
                  <a name="runScenario(&quot;Validating the tab REGISTER visibility&quot;, &quot;Optional[Home page of the Application]&quot;)">
                  </a> <!-- runScenario("Validating the tab REGISTER visibility", "Optional[Home page of the Application]") -->
                  <span class="method-name">runScenario</span>
                  <span class="parameters">("Validating the tab REGISTER visibility", "Optional[Home page of the Application]")</span>
                  <div class="stack-trace">org.openqa.selenium.InvalidArgumentException: invalid argument
  (Session info: chrome=102.0.5005.115)
Build info: version: &apos;3.141.59&apos;, revision: &apos;e82be7d358&apos;, time: &apos;2018-11-14T08:17:03&apos;
System info: host: &apos;Shwethas-MacBook-Pro.local&apos;, ip: &apos;2601:647:4100:cc20:5969:f579:cca0:9fb7%en0&apos;, os.name: &apos;Mac OS X&apos;, os.arch: &apos;x86_64&apos;, os.version: &apos;10.15.7&apos;, java.version: &apos;12.0.2&apos;
Driver info: org.openqa.selenium.chrome.ChromeDriver
Capabilities {acceptInsecureCerts: false, browserName: chrome, browserVersion: 102.0.5005.115, chrome: {chromedriverVersion: 102.0.5005.61 (0e59bcc00cc4..., userDataDir: /var/folders/8y/rcqlwqj12nd...}, goog:chromeOptions: {debuggerAddress: localhost:60566}, javascriptEnabled: true, networkConnectionEnabled: false, pageLoadStrategy: normal, platform: MAC, platformName: MAC, proxy: Proxy(), setWindowRect: true, strictFileInteractability: false, timeouts: {implicit: 0, pageLoad: 300000, script: 30000}, unhandledPromptBehavior: dismiss and notify, webauthn:extension:credBlob: true, webauthn:extension:largeBlob: true, webauthn:virtualAuthenticators: true}
Session ID: 68171216d775285a19b9144e46af0ca0
	at java.base/jdk.internal.reflect.NativeConstructorAccessorImpl.newInstance0(Native Method)
	at java.base/jdk.internal.reflect.NativeConstructorAccessorImpl.newInstance(NativeConstructorAccessorImpl.java:62)
	at java.base/jdk.internal.reflect.DelegatingConstructorAccessorImpl.newInstance(DelegatingConstructorAccessorImpl.java:45)
	at java.base/java.lang.reflect.Constructor.newInstanceWithCaller(Constructor.java:500)
	at java.base/java.lang.reflect.Constructor.newInstance(Constructor.java:481)
	at org.openqa.selenium.remote.http.W3CHttpResponseCodec.createException(W3CHttpResponseCodec.java:187)
	at org.openqa.selenium.remote.http.W3CHttpResponseCodec.decode(W3CHttpResponseCodec.java:122)
	at org.openqa.selenium.remote.http.W3CHttpResponseCodec.decode(W3CHttpResponseCodec.java:49)
	at org.openqa.selenium.remote.HttpCommandExecutor.execute(HttpCommandExecutor.java:158)
	at org.openqa.selenium.remote.service.DriverCommandExecutor.execute(DriverCommandExecutor.java:83)
	at org.openqa.selenium.remote.RemoteWebDriver.execute(RemoteWebDriver.java:552)
	at org.openqa.selenium.remote.RemoteWebDriver.get(RemoteWebDriver.java:277)
	at Parallel.HomePageSteps.user_open_the_dietician_website(HomePageSteps.java:29)
	at ✽.User open the Dietician Website(classpath:Parallel/HomePage.feature:5)

</div> <!-- stack-trace -->
                  <em>
(Runs Cucumber Scenarios)                  </em>
                </div> <!-- method-content -->
              </div> <!-- method -->
              <div class="method">
                <div class="method-content">
                  <a name="runScenario(&quot;Validating the tab TEAM visibility&quot;, &quot;Optional[Home page of the Application]&quot;)">
                  </a> <!-- runScenario("Validating the tab TEAM visibility", "Optional[Home page of the Application]") -->
                  <span class="method-name">runScenario</span>
                  <span class="parameters">("Validating the tab TEAM visibility", "Optional[Home page of the Application]")</span>
                  <div class="stack-trace">org.openqa.selenium.InvalidArgumentException: invalid argument
  (Session info: chrome=102.0.5005.115)
Build info: version: &apos;3.141.59&apos;, revision: &apos;e82be7d358&apos;, time: &apos;2018-11-14T08:17:03&apos;
System info: host: &apos;Shwethas-MacBook-Pro.local&apos;, ip: &apos;2601:647:4100:cc20:5969:f579:cca0:9fb7%en0&apos;, os.name: &apos;Mac OS X&apos;, os.arch: &apos;x86_64&apos;, os.version: &apos;10.15.7&apos;, java.version: &apos;12.0.2&apos;
Driver info: org.openqa.selenium.chrome.ChromeDriver
Capabilities {acceptInsecureCerts: false, browserName: chrome, browserVersion: 102.0.5005.115, chrome: {chromedriverVersion: 102.0.5005.61 (0e59bcc00cc4..., userDataDir: /var/folders/8y/rcqlwqj12nd...}, goog:chromeOptions: {debuggerAddress: localhost:60563}, javascriptEnabled: true, networkConnectionEnabled: false, pageLoadStrategy: normal, platform: MAC, platformName: MAC, proxy: Proxy(), setWindowRect: true, strictFileInteractability: false, timeouts: {implicit: 0, pageLoad: 300000, script: 30000}, unhandledPromptBehavior: dismiss and notify, webauthn:extension:credBlob: true, webauthn:extension:largeBlob: true, webauthn:virtualAuthenticators: true}
Session ID: 96fd9c40067b1b412fa03e9e7ab22830
	at java.base/jdk.internal.reflect.NativeConstructorAccessorImpl.newInstance0(Native Method)
	at java.base/jdk.internal.reflect.NativeConstructorAccessorImpl.newInstance(NativeConstructorAccessorImpl.java:62)
	at java.base/jdk.internal.reflect.DelegatingConstructorAccessorImpl.newInstance(DelegatingConstructorAccessorImpl.java:45)
	at java.base/java.lang.reflect.Constructor.newInstanceWithCaller(Constructor.java:500)
	at java.base/java.lang.reflect.Constructor.newInstance(Constructor.java:481)
	at org.openqa.selenium.remote.http.W3CHttpResponseCodec.createException(W3CHttpResponseCodec.java:187)
	at org.openqa.selenium.remote.http.W3CHttpResponseCodec.decode(W3CHttpResponseCodec.java:122)
	at org.openqa.selenium.remote.http.W3CHttpResponseCodec.decode(W3CHttpResponseCodec.java:49)
	at org.openqa.selenium.remote.HttpCommandExecutor.execute(HttpCommandExecutor.java:158)
	at org.openqa.selenium.remote.service.DriverCommandExecutor.execute(DriverCommandExecutor.java:83)
	at org.openqa.selenium.remote.RemoteWebDriver.execute(RemoteWebDriver.java:552)
	at org.openqa.selenium.remote.RemoteWebDriver.get(RemoteWebDriver.java:277)
	at Parallel.HomePageSteps.user_open_the_dietician_website(HomePageSteps.java:29)
	at ✽.User open the Dietician Website(classpath:Parallel/HomePage.feature:5)

</div> <!-- stack-trace -->
                  <em>
(Runs Cucumber Scenarios)                  </em>
                </div> <!-- method-content -->
              </div> <!-- method -->
              <div class="method">
                <div class="method-content">
                  <a name="runScenario(&quot;validating the Sign up form Heading&quot;, &quot;Optional[Register form2 of the Application]&quot;)">
                  </a> <!-- runScenario("validating the Sign up form Heading", "Optional[Register form2 of the Application]") -->
                  <span class="method-name">runScenario</span>
                  <span class="parameters">("validating the Sign up form Heading", "Optional[Register form2 of the Application]")</span>
                  <div class="stack-trace">org.openqa.selenium.InvalidArgumentException: invalid argument
  (Session info: chrome=102.0.5005.115)
Build info: version: &apos;3.141.59&apos;, revision: &apos;e82be7d358&apos;, time: &apos;2018-11-14T08:17:03&apos;
System info: host: &apos;Shwethas-MacBook-Pro.local&apos;, ip: &apos;2601:647:4100:cc20:5969:f579:cca0:9fb7%en0&apos;, os.name: &apos;Mac OS X&apos;, os.arch: &apos;x86_64&apos;, os.version: &apos;10.15.7&apos;, java.version: &apos;12.0.2&apos;
Driver info: org.openqa.selenium.chrome.ChromeDriver
Capabilities {acceptInsecureCerts: false, browserName: chrome, browserVersion: 102.0.5005.115, chrome: {chromedriverVersion: 102.0.5005.61 (0e59bcc00cc4..., userDataDir: /var/folders/8y/rcqlwqj12nd...}, goog:chromeOptions: {debuggerAddress: localhost:60978}, javascriptEnabled: true, networkConnectionEnabled: false, pageLoadStrategy: normal, platform: MAC, platformName: MAC, proxy: Proxy(), setWindowRect: true, strictFileInteractability: false, timeouts: {implicit: 0, pageLoad: 300000, script: 30000}, unhandledPromptBehavior: dismiss and notify, webauthn:extension:credBlob: true, webauthn:extension:largeBlob: true, webauthn:virtualAuthenticators: true}
Session ID: ea50c6b2afaabcf57e9af9275b968ded
	at jdk.internal.reflect.GeneratedConstructorAccessor79.newInstance(Unknown Source)
	at java.base/jdk.internal.reflect.DelegatingConstructorAccessorImpl.newInstance(DelegatingConstructorAccessorImpl.java:45)
	at java.base/java.lang.reflect.Constructor.newInstanceWithCaller(Constructor.java:500)
	at java.base/java.lang.reflect.Constructor.newInstance(Constructor.java:481)
	at org.openqa.selenium.remote.http.W3CHttpResponseCodec.createException(W3CHttpResponseCodec.java:187)
	at org.openqa.selenium.remote.http.W3CHttpResponseCodec.decode(W3CHttpResponseCodec.java:122)
	at org.openqa.selenium.remote.http.W3CHttpResponseCodec.decode(W3CHttpResponseCodec.java:49)
	at org.openqa.selenium.remote.HttpCommandExecutor.execute(HttpCommandExecutor.java:158)
	at org.openqa.selenium.remote.service.DriverCommandExecutor.execute(DriverCommandExecutor.java:83)
	at org.openqa.selenium.remote.RemoteWebDriver.execute(RemoteWebDriver.java:552)
	at org.openqa.selenium.remote.RemoteWebDriver.get(RemoteWebDriver.java:277)
	at Parallel.RegisterPage1Steps.user_is_on_dietician_website(RegisterPage1Steps.java:22)
	at ✽.User is on Dietician  website(classpath:Parallel/RegisterPage2.feature:4)

</div> <!-- stack-trace -->
                  <em>
(Runs Cucumber Scenarios)                  </em>
                </div> <!-- method-content -->
              </div> <!-- method -->
              <div class="method">
                <div class="method-content">
                  <a name="runScenario(&quot;validating the Sign in  with both invalid username and Password&quot;, &quot;Optional[Sign in form1 Of the Ap...)">
                  </a> <!-- runScenario("validating the Sign in  with both invalid username and Password", "Optional[Sign in form1 Of the Ap...) -->
                  <span class="method-name">runScenario</span>
                  <span class="parameters">("validating the Sign in  with both invalid username and Password", "Optional[Sign in form1 Of the Application]")</span>
                  <div class="stack-trace">io.cucumber.testng.UndefinedStepException: The step &quot;User is on sign in  page&quot; is undefined. You can implement it using the snippet(s) below:

@Given(&quot;User is on sign in  page&quot;)
public void user_is_on_sign_in_page() {
    // Write code here that turns the phrase above into concrete actions
    throw new io.cucumber.java.PendingException();
}

	at io.cucumber.core.runtime.TestCaseResultObserver.assertTestCasePassed(TestCaseResultObserver.java:102)
	at io.cucumber.testng.TestCaseResultObserver.assertTestCasePassed(TestCaseResultObserver.java:23)
	at io.cucumber.testng.TestNGCucumberRunner.lambda$runScenario$0(TestNGCucumberRunner.java:117)
	at io.cucumber.core.runtime.CucumberExecutionContext.runTestCase(CucumberExecutionContext.java:117)
	at io.cucumber.testng.TestNGCucumberRunner.runScenario(TestNGCucumberRunner.java:113)
	at io.cucumber.testng.AbstractTestNGCucumberTests.runScenario(AbstractTestNGCucumberTests.java:31)
	at jdk.internal.reflect.GeneratedMethodAccessor23.invoke(Unknown Source)
	at java.base/jdk.internal.reflect.DelegatingMethodAccessorImpl.invoke(DelegatingMethodAccessorImpl.java:43)
	at java.base/java.lang.reflect.Method.invoke(Method.java:567)
	at org.testng.internal.MethodInvocationHelper.invokeMethod(MethodInvocationHelper.java:124)
	at org.testng.internal.Invoker.invokeMethod(Invoker.java:583)
	at org.testng.internal.Invoker.invokeTestMethod(Invoker.java:719)
	at org.testng.internal.TestMethodWithDataProviderMethodWorker.call(TestMethodWithDataProviderMethodWorker.java:71)
	at org.testng.internal.TestMethodWithDataProviderMethodWorker.call(TestMethodWithDataProviderMethodWorker.java:14)
	at java.base/java.util.concurrent.FutureTask.run(FutureTask.java:264)
	at java.base/java.util.concurrent.Executors$RunnableAdapter.call(Executors.java:515)
	at java.base/java.util.concurrent.FutureTask.run(FutureTask.java:264)
	at java.base/java.util.concurrent.ThreadPoolExecutor.runWorker(ThreadPoolExecutor.java:1128)
	at java.base/java.util.concurrent.ThreadPoolExecutor$Worker.run(ThreadPoolExecutor.java:628)
	at java.base/java.lang.Thread.run(Thread.java:835)

</div> <!-- stack-trace -->
                  <em>
(Runs Cucumber Scenarios)                  </em>
                </div> <!-- method-content -->
              </div> <!-- method -->
            </div> <!-- main-panel-content rounded-window-bottom -->
          </div> <!-- suite-Default_suite-class-failed -->
        </div> <!-- panel Default_suite -->
        <div panel-name="test-xml-Default_suite" class="panel">
          <div class="main-panel-header rounded-window-top">
            <span class="header-content">/private/var/folders/8y/rcqlwqj12nd4k3yl__xxnt9m0000gn/T/testng-eclipse--498468542/testng-customsuite.xml</span>
          </div> <!-- main-panel-header rounded-window-top -->
          <div class="main-panel-content rounded-window-bottom">
            <pre>
&lt;?xml version=&quot;1.0&quot; encoding=&quot;UTF-8&quot;?&gt;
&lt;!DOCTYPE suite SYSTEM &quot;http://testng.org/testng-1.0.dtd&quot;&gt;
&lt;suite name=&quot;Default suite&quot; guice-stage=&quot;DEVELOPMENT&quot;&gt;
  &lt;test thread-count=&quot;5&quot; name=&quot;Default test&quot; verbose=&quot;2&quot;&gt;
    &lt;classes&gt;
      &lt;class name=&quot;Parallel.ParallelRun&quot;/&gt;
    &lt;/classes&gt;
  &lt;/test&gt; &lt;!-- Default test --&gt;
&lt;/suite&gt; &lt;!-- Default suite --&gt;
            </pre>
          </div> <!-- main-panel-content rounded-window-bottom -->
        </div> <!-- panel -->
        <div panel-name="testlist-Default_suite" class="panel">
          <div class="main-panel-header rounded-window-top">
            <span class="header-content">Tests for Default suite</span>
          </div> <!-- main-panel-header rounded-window-top -->
          <div class="main-panel-content rounded-window-bottom">
            <ul>
              <li>
                <span class="test-name">Default test (1 class)</span>
              </li>
            </ul>
          </div> <!-- main-panel-content rounded-window-bottom -->
        </div> <!-- panel -->
        <div panel-name="group-Default_suite" class="panel">
          <div class="main-panel-header rounded-window-top">
            <span class="header-content">Groups for Default suite</span>
          </div> <!-- main-panel-header rounded-window-top -->
          <div class="main-panel-content rounded-window-bottom">
            <div class="test-group">
              <span class="test-group-name">cucumber</span>
              <br/>
              <div class="method-in-group">
                <span class="method-in-group-name">runScenario</span>
                <br/>
              </div> <!-- method-in-group -->
            </div> <!-- test-group -->
          </div> <!-- main-panel-content rounded-window-bottom -->
        </div> <!-- panel -->
        <div panel-name="times-Default_suite" class="panel">
          <div class="main-panel-header rounded-window-top">
            <span class="header-content">Times for Default suite</span>
          </div> <!-- main-panel-header rounded-window-top -->
          <div class="main-panel-content rounded-window-bottom">
            <div class="times-div">
              <script type="text/javascript">
suiteTableInitFunctions.push('tableData_Default_suite');
function tableData_Default_suite() {
var data = new google.visualization.DataTable();
data.addColumn('number', 'Number');
data.addColumn('string', 'Method');
data.addColumn('string', 'Class');
data.addColumn('number', 'Time (ms)');
data.addRows(66);
data.setCell(0, 0, 0)
data.setCell(0, 1, 'runScenario')
data.setCell(0, 2, 'Parallel.ParallelRun')
data.setCell(0, 3, 12794);
data.setCell(1, 0, 1)
data.setCell(1, 1, 'runScenario')
data.setCell(1, 2, 'Parallel.ParallelRun')
data.setCell(1, 3, 12793);
data.setCell(2, 0, 2)
data.setCell(2, 1, 'runScenario')
data.setCell(2, 2, 'Parallel.ParallelRun')
data.setCell(2, 3, 12775);
data.setCell(3, 0, 3)
data.setCell(3, 1, 'runScenario')
data.setCell(3, 2, 'Parallel.ParallelRun')
data.setCell(3, 3, 12582);
data.setCell(4, 0, 4)
data.setCell(4, 1, 'runScenario')
data.setCell(4, 2, 'Parallel.ParallelRun')
data.setCell(4, 3, 12424);
data.setCell(5, 0, 5)
data.setCell(5, 1, 'runScenario')
data.setCell(5, 2, 'Parallel.ParallelRun')
data.setCell(5, 3, 12373);
data.setCell(6, 0, 6)
data.setCell(6, 1, 'runScenario')
data.setCell(6, 2, 'Parallel.ParallelRun')
data.setCell(6, 3, 12226);
data.setCell(7, 0, 7)
data.setCell(7, 1, 'runScenario')
data.setCell(7, 2, 'Parallel.ParallelRun')
data.setCell(7, 3, 12226);
data.setCell(8, 0, 8)
data.setCell(8, 1, 'runScenario')
data.setCell(8, 2, 'Parallel.ParallelRun')
data.setCell(8, 3, 12218);
data.setCell(9, 0, 9)
data.setCell(9, 1, 'runScenario')
data.setCell(9, 2, 'Parallel.ParallelRun')
data.setCell(9, 3, 12218);
data.setCell(10, 0, 10)
data.setCell(10, 1, 'runScenario')
data.setCell(10, 2, 'Parallel.ParallelRun')
data.setCell(10, 3, 6186);
data.setCell(11, 0, 11)
data.setCell(11, 1, 'runScenario')
data.setCell(11, 2, 'Parallel.ParallelRun')
data.setCell(11, 3, 6173);
data.setCell(12, 0, 12)
data.setCell(12, 1, 'runScenario')
data.setCell(12, 2, 'Parallel.ParallelRun')
data.setCell(12, 3, 6166);
data.setCell(13, 0, 13)
data.setCell(13, 1, 'runScenario')
data.setCell(13, 2, 'Parallel.ParallelRun')
data.setCell(13, 3, 6129);
data.setCell(14, 0, 14)
data.setCell(14, 1, 'runScenario')
data.setCell(14, 2, 'Parallel.ParallelRun')
data.setCell(14, 3, 6115);
data.setCell(15, 0, 15)
data.setCell(15, 1, 'runScenario')
data.setCell(15, 2, 'Parallel.ParallelRun')
data.setCell(15, 3, 6109);
data.setCell(16, 0, 16)
data.setCell(16, 1, 'runScenario')
data.setCell(16, 2, 'Parallel.ParallelRun')
data.setCell(16, 3, 6109);
data.setCell(17, 0, 17)
data.setCell(17, 1, 'runScenario')
data.setCell(17, 2, 'Parallel.ParallelRun')
data.setCell(17, 3, 6105);
data.setCell(18, 0, 18)
data.setCell(18, 1, 'runScenario')
data.setCell(18, 2, 'Parallel.ParallelRun')
data.setCell(18, 3, 6080);
data.setCell(19, 0, 19)
data.setCell(19, 1, 'runScenario')
data.setCell(19, 2, 'Parallel.ParallelRun')
data.setCell(19, 3, 6069);
data.setCell(20, 0, 20)
data.setCell(20, 1, 'runScenario')
data.setCell(20, 2, 'Parallel.ParallelRun')
data.setCell(20, 3, 5997);
data.setCell(21, 0, 21)
data.setCell(21, 1, 'runScenario')
data.setCell(21, 2, 'Parallel.ParallelRun')
data.setCell(21, 3, 5938);
data.setCell(22, 0, 22)
data.setCell(22, 1, 'runScenario')
data.setCell(22, 2, 'Parallel.ParallelRun')
data.setCell(22, 3, 5888);
data.setCell(23, 0, 23)
data.setCell(23, 1, 'runScenario')
data.setCell(23, 2, 'Parallel.ParallelRun')
data.setCell(23, 3, 5886);
data.setCell(24, 0, 24)
data.setCell(24, 1, 'runScenario')
data.setCell(24, 2, 'Parallel.ParallelRun')
data.setCell(24, 3, 5879);
data.setCell(25, 0, 25)
data.setCell(25, 1, 'runScenario')
data.setCell(25, 2, 'Parallel.ParallelRun')
data.setCell(25, 3, 5839);
data.setCell(26, 0, 26)
data.setCell(26, 1, 'runScenario')
data.setCell(26, 2, 'Parallel.ParallelRun')
data.setCell(26, 3, 5828);
data.setCell(27, 0, 27)
data.setCell(27, 1, 'runScenario')
data.setCell(27, 2, 'Parallel.ParallelRun')
data.setCell(27, 3, 5802);
data.setCell(28, 0, 28)
data.setCell(28, 1, 'runScenario')
data.setCell(28, 2, 'Parallel.ParallelRun')
data.setCell(28, 3, 5797);
data.setCell(29, 0, 29)
data.setCell(29, 1, 'runScenario')
data.setCell(29, 2, 'Parallel.ParallelRun')
data.setCell(29, 3, 5756);
data.setCell(30, 0, 30)
data.setCell(30, 1, 'runScenario')
data.setCell(30, 2, 'Parallel.ParallelRun')
data.setCell(30, 3, 5728);
data.setCell(31, 0, 31)
data.setCell(31, 1, 'runScenario')
data.setCell(31, 2, 'Parallel.ParallelRun')
data.setCell(31, 3, 5701);
data.setCell(32, 0, 32)
data.setCell(32, 1, 'runScenario')
data.setCell(32, 2, 'Parallel.ParallelRun')
data.setCell(32, 3, 5676);
data.setCell(33, 0, 33)
data.setCell(33, 1, 'runScenario')
data.setCell(33, 2, 'Parallel.ParallelRun')
data.setCell(33, 3, 5585);
data.setCell(34, 0, 34)
data.setCell(34, 1, 'runScenario')
data.setCell(34, 2, 'Parallel.ParallelRun')
data.setCell(34, 3, 5585);
data.setCell(35, 0, 35)
data.setCell(35, 1, 'runScenario')
data.setCell(35, 2, 'Parallel.ParallelRun')
data.setCell(35, 3, 5462);
data.setCell(36, 0, 36)
data.setCell(36, 1, 'runScenario')
data.setCell(36, 2, 'Parallel.ParallelRun')
data.setCell(36, 3, 5458);
data.setCell(37, 0, 37)
data.setCell(37, 1, 'runScenario')
data.setCell(37, 2, 'Parallel.ParallelRun')
data.setCell(37, 3, 5438);
data.setCell(38, 0, 38)
data.setCell(38, 1, 'runScenario')
data.setCell(38, 2, 'Parallel.ParallelRun')
data.setCell(38, 3, 5437);
data.setCell(39, 0, 39)
data.setCell(39, 1, 'runScenario')
data.setCell(39, 2, 'Parallel.ParallelRun')
data.setCell(39, 3, 5421);
data.setCell(40, 0, 40)
data.setCell(40, 1, 'runScenario')
data.setCell(40, 2, 'Parallel.ParallelRun')
data.setCell(40, 3, 5374);
data.setCell(41, 0, 41)
data.setCell(41, 1, 'runScenario')
data.setCell(41, 2, 'Parallel.ParallelRun')
data.setCell(41, 3, 5327);
data.setCell(42, 0, 42)
data.setCell(42, 1, 'runScenario')
data.setCell(42, 2, 'Parallel.ParallelRun')
data.setCell(42, 3, 5326);
data.setCell(43, 0, 43)
data.setCell(43, 1, 'runScenario')
data.setCell(43, 2, 'Parallel.ParallelRun')
data.setCell(43, 3, 5184);
data.setCell(44, 0, 44)
data.setCell(44, 1, 'runScenario')
data.setCell(44, 2, 'Parallel.ParallelRun')
data.setCell(44, 3, 5122);
data.setCell(45, 0, 45)
data.setCell(45, 1, 'runScenario')
data.setCell(45, 2, 'Parallel.ParallelRun')
data.setCell(45, 3, 5103);
data.setCell(46, 0, 46)
data.setCell(46, 1, 'runScenario')
data.setCell(46, 2, 'Parallel.ParallelRun')
data.setCell(46, 3, 5053);
data.setCell(47, 0, 47)
data.setCell(47, 1, 'runScenario')
data.setCell(47, 2, 'Parallel.ParallelRun')
data.setCell(47, 3, 4986);
data.setCell(48, 0, 48)
data.setCell(48, 1, 'runScenario')
data.setCell(48, 2, 'Parallel.ParallelRun')
data.setCell(48, 3, 4977);
data.setCell(49, 0, 49)
data.setCell(49, 1, 'runScenario')
data.setCell(49, 2, 'Parallel.ParallelRun')
data.setCell(49, 3, 4898);
data.setCell(50, 0, 50)
data.setCell(50, 1, 'runScenario')
data.setCell(50, 2, 'Parallel.ParallelRun')
data.setCell(50, 3, 4853);
data.setCell(51, 0, 51)
data.setCell(51, 1, 'runScenario')
data.setCell(51, 2, 'Parallel.ParallelRun')
data.setCell(51, 3, 4799);
data.setCell(52, 0, 52)
data.setCell(52, 1, 'runScenario')
data.setCell(52, 2, 'Parallel.ParallelRun')
data.setCell(52, 3, 4667);
data.setCell(53, 0, 53)
data.setCell(53, 1, 'runScenario')
data.setCell(53, 2, 'Parallel.ParallelRun')
data.setCell(53, 3, 4619);
data.setCell(54, 0, 54)
data.setCell(54, 1, 'runScenario')
data.setCell(54, 2, 'Parallel.ParallelRun')
data.setCell(54, 3, 4296);
data.setCell(55, 0, 55)
data.setCell(55, 1, 'runScenario')
data.setCell(55, 2, 'Parallel.ParallelRun')
data.setCell(55, 3, 4239);
data.setCell(56, 0, 56)
data.setCell(56, 1, 'runScenario')
data.setCell(56, 2, 'Parallel.ParallelRun')
data.setCell(56, 3, 4190);
data.setCell(57, 0, 57)
data.setCell(57, 1, 'runScenario')
data.setCell(57, 2, 'Parallel.ParallelRun')
data.setCell(57, 3, 4143);
data.setCell(58, 0, 58)
data.setCell(58, 1, 'runScenario')
data.setCell(58, 2, 'Parallel.ParallelRun')
data.setCell(58, 3, 4123);
data.setCell(59, 0, 59)
data.setCell(59, 1, 'runScenario')
data.setCell(59, 2, 'Parallel.ParallelRun')
data.setCell(59, 3, 4011);
data.setCell(60, 0, 60)
data.setCell(60, 1, 'runScenario')
data.setCell(60, 2, 'Parallel.ParallelRun')
data.setCell(60, 3, 4009);
data.setCell(61, 0, 61)
data.setCell(61, 1, 'runScenario')
data.setCell(61, 2, 'Parallel.ParallelRun')
data.setCell(61, 3, 3974);
data.setCell(62, 0, 62)
data.setCell(62, 1, 'runScenario')
data.setCell(62, 2, 'Parallel.ParallelRun')
data.setCell(62, 3, 3969);
data.setCell(63, 0, 63)
data.setCell(63, 1, 'runScenario')
data.setCell(63, 2, 'Parallel.ParallelRun')
data.setCell(63, 3, 3958);
data.setCell(64, 0, 64)
data.setCell(64, 1, 'runScenario')
data.setCell(64, 2, 'Parallel.ParallelRun')
data.setCell(64, 3, 3734);
data.setCell(65, 0, 65)
data.setCell(65, 1, 'runScenario')
data.setCell(65, 2, 'Parallel.ParallelRun')
data.setCell(65, 3, 3186);
window.suiteTableData['Default_suite']= { tableData: data, tableDiv: 'times-div-Default_suite'}
return data;
}
              </script>
              <span class="suite-total-time">Total running time: 6 minutes</span>
              <div id="times-div-Default_suite">
              </div> <!-- times-div-Default_suite -->
            </div> <!-- times-div -->
          </div> <!-- main-panel-content rounded-window-bottom -->
        </div> <!-- panel -->
        <div panel-name="reporter-Default_suite" class="panel">
          <div class="main-panel-header rounded-window-top">
            <span class="header-content">Reporter output for Default suite</span>
          </div> <!-- main-panel-header rounded-window-top -->
          <div class="main-panel-content rounded-window-bottom">
          </div> <!-- main-panel-content rounded-window-bottom -->
        </div> <!-- panel -->
        <div panel-name="ignored-methods-Default_suite" class="panel">
          <div class="main-panel-header rounded-window-top">
            <span class="header-content">0 ignored methods</span>
          </div> <!-- main-panel-header rounded-window-top -->
          <div class="main-panel-content rounded-window-bottom">
          </div> <!-- main-panel-content rounded-window-bottom -->
        </div> <!-- panel -->
        <div panel-name="chronological-Default_suite" class="panel">
          <div class="main-panel-header rounded-window-top">
            <span class="header-content">Methods in chronological order</span>
          </div> <!-- main-panel-header rounded-window-top -->
          <div class="main-panel-content rounded-window-bottom">
            <div class="chronological-class">
              <div class="chronological-class-name">Parallel.ParallelRun</div> <!-- chronological-class-name -->
              <div class="configuration-class before">
                <span class="method-name">setUpClass</span>
                <span class="method-start">0 ms</span>
              </div> <!-- configuration-class before -->
              <div class="test-method">
                <img src="failed.png">
                </img>
                <span class="method-name">runScenario("Validating the title of the Home page", "Optional[Home page of the Application]")</span>
                <span class="method-start">326 ms</span>
              </div> <!-- test-method -->
              <div class="test-method">
                <img src="failed.png">
                </img>
                <span class="method-name">runScenario("Validating the Logo on the Home page", "Optional[Home page of the Application]")</span>
                <span class="method-start">326 ms</span>
              </div> <!-- test-method -->
              <div class="test-method">
                <img src="failed.png">
                </img>
                <span class="method-name">runScenario("Validating the tab TEAM visibility", "Optional[Home page of the Application]")</span>
                <span class="method-start">326 ms</span>
              </div> <!-- test-method -->
              <div class="test-method">
                <img src="failed.png">
                </img>
                <span class="method-name">runScenario("Validating the tab CLIENTS visibility", "Optional[Home page of the Application]")</span>
                <span class="method-start">326 ms</span>
              </div> <!-- test-method -->
              <div class="test-method">
                <img src="failed.png">
                </img>
                <span class="method-name">runScenario("Validating the tab PRODUCT visibility", "Optional[Home page of the Application]")</span>
                <span class="method-start">326 ms</span>
              </div> <!-- test-method -->
              <div class="test-method">
                <img src="failed.png">
                </img>
                <span class="method-name">runScenario("Validating the tab REGISTER visibility", "Optional[Home page of the Application]")</span>
                <span class="method-start">326 ms</span>
              </div> <!-- test-method -->
              <div class="test-method">
                <img src="failed.png">
                </img>
                <span class="method-name">runScenario("Validating the tab Contact us visibility", "Optional[Home page of the Application]")</span>
                <span class="method-start">327 ms</span>
              </div> <!-- test-method -->
              <div class="test-method">
                <img src="failed.png">
                </img>
                <span class="method-name">runScenario("Validating the tab Featured visibility", "Optional[Home page of the Application]")</span>
                <span class="method-start">327 ms</span>
              </div> <!-- test-method -->
              <div class="test-method">
                <img src="failed.png">
                </img>
                <span class="method-name">runScenario("Validating the tab Blog visibility", "Optional[Home page of the Application]")</span>
                <span class="method-start">327 ms</span>
              </div> <!-- test-method -->
              <div class="test-method">
                <img src="failed.png">
                </img>
                <span class="method-name">runScenario("Validating the tab About visibility", "Optional[Home page of the Application]")</span>
                <span class="method-start">327 ms</span>
              </div> <!-- test-method -->
              <div class="test-method">
                <img src="failed.png">
                </img>
                <span class="method-name">runScenario("Validating the visibility of Search option", "Optional[Home page of the Application]")</span>
                <span class="method-start">12550 ms</span>
              </div> <!-- test-method -->
              <div class="test-method">
                <img src="failed.png">
                </img>
                <span class="method-name">runScenario("Validating the visibility of Signin option", "Optional[Home page of the Application]")</span>
                <span class="method-start">12551 ms</span>
              </div> <!-- test-method -->
              <div class="test-method">
                <img src="failed.png">
                </img>
                <span class="method-name">runScenario("validating the product link on home page", "Optional[Links of the Home page]")</span>
                <span class="method-start">12555 ms</span>
              </div> <!-- test-method -->
              <div class="test-method">
                <img src="failed.png">
                </img>
                <span class="method-name">runScenario("validating the Client link on home page", "Optional[Links of the Home page]")</span>
                <span class="method-start">12556 ms</span>
              </div> <!-- test-method -->
              <div class="test-method">
                <img src="failed.png">
                </img>
                <span class="method-name">runScenario("validating the Team link on home page", "Optional[Links of the Home page]")</span>
                <span class="method-start">12701 ms</span>
              </div> <!-- test-method -->
              <div class="test-method">
                <img src="failed.png">
                </img>
                <span class="method-name">runScenario("validating the Register link on home page", "Optional[Links of the Home page]")</span>
                <span class="method-start">12752 ms</span>
              </div> <!-- test-method -->
              <div class="test-method">
                <img src="failed.png">
                </img>
                <span class="method-name">runScenario("validating the About link on home page", "Optional[Links of the Home page]")</span>
                <span class="method-start">12910 ms</span>
              </div> <!-- test-method -->
              <div class="test-method">
                <img src="failed.png">
                </img>
                <span class="method-name">runScenario("validating the Feature link on home page", "Optional[Links of the Home page]")</span>
                <span class="method-start">13102 ms</span>
              </div> <!-- test-method -->
              <div class="test-method">
                <img src="failed.png">
                </img>
                <span class="method-name">runScenario("validating the Blogs link on home page", "Optional[Links of the Home page]")</span>
                <span class="method-start">13121 ms</span>
              </div> <!-- test-method -->
              <div class="test-method">
                <img src="failed.png">
                </img>
                <span class="method-name">runScenario("validating the Contact uslink on home page", "Optional[Links of the Home page]")</span>
                <span class="method-start">13123 ms</span>
              </div> <!-- test-method -->
              <div class="test-method">
                <img src="failed.png">
                </img>
                <span class="method-name">runScenario("Validating the Title of Register page", "Optional[Register page of the application]")</span>
                <span class="method-start">17177 ms</span>
              </div> <!-- test-method -->
              <div class="test-method">
                <img src="failed.png">
                </img>
                <span class="method-name">runScenario("Validating the Register page mandatory fields", "Optional[Register page of the application]")</span>
                <span class="method-start">18481 ms</span>
              </div> <!-- test-method -->
              <div class="test-method">
                <img src="failed.png">
                </img>
                <span class="method-name">runScenario("validating the Sign up form Heading", "Optional[Register page of the application]")</span>
                <span class="method-start">18587 ms</span>
              </div> <!-- test-method -->
              <div class="test-method">
                <img src="failed.png">
                </img>
                <span class="method-name">runScenario("validating the Sign up processs with empty fields", "Optional[Register page of the application]")</span>
                <span class="method-start">18661 ms</span>
              </div> <!-- test-method -->
              <div class="test-method">
                <img src="failed.png">
                </img>
                <span class="method-name">runScenario("validating the Sign up processs with invalid First Name", "Optional[Register page of the applicatio...)</span>
                <span class="method-start">18722 ms</span>
              </div> <!-- test-method -->
              <div class="test-method">
                <img src="failed.png">
                </img>
                <span class="method-name">runScenario("validating the Sign up processs with invalid First Name", "Optional[Register page of the applicatio...)</span>
                <span class="method-start">18724 ms</span>
              </div> <!-- test-method -->
              <div class="test-method">
                <img src="failed.png">
                </img>
                <span class="method-name">runScenario("validating the Sign up processs with invalid last name", "Optional[Register page of the application...)</span>
                <span class="method-start">18812 ms</span>
              </div> <!-- test-method -->
              <div class="test-method">
                <img src="failed.png">
                </img>
                <span class="method-name">runScenario("validating the Sign up processs with invalid Moblie Number", "Optional[Register page of the applica...)</span>
                <span class="method-start">19011 ms</span>
              </div> <!-- test-method -->
              <div class="test-method">
                <img src="failed.png">
                </img>
                <span class="method-name">runScenario("validating the Sign up processs with invalid Any other field", "Optional[Register page of the appli...)</span>
                <span class="method-start">19011 ms</span>
              </div> <!-- test-method -->
              <div class="test-method">
                <img src="failed.png">
                </img>
                <span class="method-name">runScenario("validating the Sign up processs with invalid Email", "Optional[Register page of the application]")</span>
                <span class="method-start">19100 ms</span>
              </div> <!-- test-method -->
              <div class="test-method">
                <img src="failed.png">
                </img>
                <span class="method-name">runScenario("validating the Sign up processs with invalid Password", "Optional[Register page of the application]...)</span>
                <span class="method-start">23007 ms</span>
              </div> <!-- test-method -->
              <div class="test-method">
                <img src="failed.png">
                </img>
                <span class="method-name">runScenario("validating the Sign up processs with valid credentials", "Optional[Register page of the application...)</span>
                <span class="method-start">23256 ms</span>
              </div> <!-- test-method -->
              <div class="test-method">
                <img src="failed.png">
                </img>
                <span class="method-name">runScenario("validating the Sign up form Heading", "Optional[Register form2 of the Application]")</span>
                <span class="method-start">23605 ms</span>
              </div> <!-- test-method -->
              <div class="test-method">
                <img src="failed.png">
                </img>
                <span class="method-name">runScenario("validating the Sign up button", "Optional[Register form2 of the Application]")</span>
                <span class="method-start">23765 ms</span>
              </div> <!-- test-method -->
              <div class="test-method">
                <img src="failed.png">
                </img>
                <span class="method-name">runScenario("validating the Sign up processs with empty fields", "Optional[Register form2 of the Application]")</span>
                <span class="method-start">24693 ms</span>
              </div> <!-- test-method -->
              <div class="test-method">
                <img src="failed.png">
                </img>
                <span class="method-name">runScenario("validating the Sign up processs with invalid First Name", "Optional[Register form2 of the Applicati...)</span>
                <span class="method-start">24792 ms</span>
              </div> <!-- test-method -->
              <div class="test-method">
                <img src="failed.png">
                </img>
                <span class="method-name">runScenario("validating the Sign up processs with invalid Last name", "Optional[Register form2 of the Applicatio...)</span>
                <span class="method-start">24805 ms</span>
              </div> <!-- test-method -->
              <div class="test-method">
                <img src="failed.png">
                </img>
                <span class="method-name">runScenario("validating the Sign up processs with invalid Username", "Optional[Register form2 of the Application...)</span>
                <span class="method-start">24903 ms</span>
              </div> <!-- test-method -->
              <div class="test-method">
                <img src="failed.png">
                </img>
                <span class="method-name">runScenario("validating the Sign up processs with invalid Email Address", "Optional[Register form2 of the Applic...)</span>
                <span class="method-start">25127 ms</span>
              </div> <!-- test-method -->
              <div class="test-method">
                <img src="failed.png">
                </img>
                <span class="method-name">runScenario("validating the Sign up processs with invalid Password", "Optional[Register form2 of the Application...)</span>
                <span class="method-start">25142 ms</span>
              </div> <!-- test-method -->
              <div class="test-method">
                <img src="failed.png">
                </img>
                <span class="method-name">runScenario("validating the Sign up processs with invalid Confirm Password", "Optional[Register form2 of the App...)</span>
                <span class="method-start">29191 ms</span>
              </div> <!-- test-method -->
              <div class="test-method">
                <img src="failed.png">
                </img>
                <span class="method-name">runScenario("validating the Sign up processs with valid credentials", "Optional[Register form2 of the Applicatio...)</span>
                <span class="method-start">29194 ms</span>
              </div> <!-- test-method -->
              <div class="test-method">
                <img src="failed.png">
                </img>
                <span class="method-name">runScenario("validating the Sign up processs with Facebook", "Optional[Register form2 of the Application]")</span>
                <span class="method-start">29195 ms</span>
              </div> <!-- test-method -->
              <div class="test-method">
                <img src="failed.png">
                </img>
                <span class="method-name">runScenario("validating the Sign up processs with Facebook", "Optional[Register form2 of the Application]")</span>
                <span class="method-start">29203 ms</span>
              </div> <!-- test-method -->
              <div class="test-method">
                <img src="failed.png">
                </img>
                <span class="method-name">runScenario("validating the Sign up processs with Google", "Optional[Register form2 of the Application]")</span>
                <span class="method-start">29493 ms</span>
              </div> <!-- test-method -->
              <div class="test-method">
                <img src="failed.png">
                </img>
                <span class="method-name">runScenario("validating Log in Here link", "Optional[Register form2 of the Application]")</span>
                <span class="method-start">30489 ms</span>
              </div> <!-- test-method -->
              <div class="test-method">
                <img src="failed.png">
                </img>
                <span class="method-name">runScenario("Validating the title of Sign in page", "Optional[Sign in form1 Of the Application]")</span>
                <span class="method-start">30645 ms</span>
              </div> <!-- test-method -->
              <div class="test-method">
                <img src="failed.png">
                </img>
                <span class="method-name">runScenario("Validating the Sign in page mandatory fields", "Optional[Sign in form1 Of the Application]")</span>
                <span class="method-start">30844 ms</span>
              </div> <!-- test-method -->
              <div class="test-method">
                <img src="failed.png">
                </img>
                <span class="method-name">runScenario("Validating the Sign in form heading", "Optional[Sign in form1 Of the Application]")</span>
                <span class="method-start">30898 ms</span>
              </div> <!-- test-method -->
              <div class="test-method">
                <img src="failed.png">
                </img>
                <span class="method-name">runScenario("Validating the Sign in button", "Optional[Sign in form1 Of the Application]")</span>
                <span class="method-start">30963 ms</span>
              </div> <!-- test-method -->
              <div class="test-method">
                <img src="failed.png">
                </img>
                <span class="method-name">runScenario("validating the Sign in  with empty fields", "Optional[Sign in form1 Of the Application]")</span>
                <span class="method-start">34049 ms</span>
              </div> <!-- test-method -->
              <div class="test-method">
                <img src="failed.png">
                </img>
                <span class="method-name">runScenario("validating the Sign in  with invalid Password", "Optional[Sign in form1 Of the Application]")</span>
                <span class="method-start">34090 ms</span>
              </div> <!-- test-method -->
              <div class="test-method">
                <img src="failed.png">
                </img>
                <span class="method-name">runScenario("validating the Sign in  with both invalid username and Password", "Optional[Sign in form1 Of the Ap...)</span>
                <span class="method-start">34190 ms</span>
              </div> <!-- test-method -->
              <div class="test-method">
                <img src="failed.png">
                </img>
                <span class="method-name">runScenario("validating the Sign in with forgot password link", "Optional[Sign in form1 Of the Application]")</span>
                <span class="method-start">34380 ms</span>
              </div> <!-- test-method -->
              <div class="test-method">
                <img src="failed.png">
                </img>
                <span class="method-name">runScenario("validating the Sign in with Not member yet button", "Optional[Sign in form1 Of the Application]")</span>
                <span class="method-start">34547 ms</span>
              </div> <!-- test-method -->
              <div class="test-method">
                <img src="failed.png">
                </img>
                <span class="method-name">runScenario("validating the Sign in with all fields valid entry", "Optional[Sign in form1 Of the Application]")</span>
                <span class="method-start">35467 ms</span>
              </div> <!-- test-method -->
              <div class="test-method">
                <img src="failed.png">
                </img>
                <span class="method-name">runScenario("validating the heading on Sign in form", "Optional[sign in form Option2]")</span>
                <span class="method-start">36308 ms</span>
              </div> <!-- test-method -->
              <div class="test-method">
                <img src="failed.png">
                </img>
                <span class="method-name">runScenario("validating log in button", "Optional[sign in form Option2]")</span>
                <span class="method-start">36357 ms</span>
              </div> <!-- test-method -->
              <div class="test-method">
                <img src="failed.png">
                </img>
                <span class="method-name">runScenario("Validating Sign in with email and password empty", "Optional[sign in form Option2]")</span>
                <span class="method-start">36402 ms</span>
              </div> <!-- test-method -->
              <div class="test-method">
                <img src="failed.png">
                </img>
                <span class="method-name">runScenario("Validating sign in with invalid email and valid password", "Optional[sign in form Option2]")</span>
                <span class="method-start">36403 ms</span>
              </div> <!-- test-method -->
              <div class="test-method">
                <img src="failed.png">
                </img>
                <span class="method-name">runScenario("validating sign in with valid email and invalid password", "Optional[sign in form Option2]")</span>
                <span class="method-start">38060 ms</span>
              </div> <!-- test-method -->
              <div class="test-method">
                <img src="failed.png">
                </img>
                <span class="method-name">runScenario("Validating sign in with invalid credentials", "Optional[sign in form Option2]")</span>
                <span class="method-start">38062 ms</span>
              </div> <!-- test-method -->
              <div class="test-method">
                <img src="failed.png">
                </img>
                <span class="method-name">runScenario("validating sign in with valid  credentials", "Optional[sign in form Option2]")</span>
                <span class="method-start">38282 ms</span>
              </div> <!-- test-method -->
              <div class="test-method">
                <img src="failed.png">
                </img>
                <span class="method-name">runScenario("Validating sign in with Facebook button", "Optional[sign in form Option2]")</span>
                <span class="method-start">38340 ms</span>
              </div> <!-- test-method -->
              <div class="test-method">
                <img src="failed.png">
                </img>
                <span class="method-name">runScenario("Validating sign in with Google  button", "Optional[sign in form Option2]")</span>
                <span class="method-start">38430 ms</span>
              </div> <!-- test-method -->
              <div class="test-method">
                <img src="failed.png">
                </img>
                <span class="method-name">runScenario("Validating sign in with SignUp  button", "Optional[sign in form Option2]")</span>
                <span class="method-start">38655 ms</span>
              </div> <!-- test-method -->
              <div class="configuration-class after">
                <span class="method-name">tearDownClass</span>
                <span class="method-start">42630 ms</span>
              </div> <!-- configuration-class after -->
          </div> <!-- main-panel-content rounded-window-bottom -->
        </div> <!-- panel -->
      </div> <!-- main-panel-root -->
    </div> <!-- wrapper -->
  </body>
</html>
